<?xml version="1.0" encoding="UTF-8"?>
<testsuites name="Verify Technical details" time="97" tests="0" failures="4" errors="0">
   <testsuite name="Verify Technical details" tests="0" failures="4" errors="0" time="97" timestamp="2017-11-27 19:23:21" hostname="raycp - L23017WIN.rpega.com" id="Test Suites/Pooja/GoLive_Test Suite/Verify Technical details">
      <properties>
         <property name="deviceName" value=""/>
         <property name="devicePlatform" value=""/>
         <property name="logFolder" value="C:\\Users\\raycp\\Desktop\\COE\\Reports\\Pooja\\GoLive_Test Suite\\Verify Technical details\\20171127_192319"/>
         <property name="logFiles" value="C:\\Users\\raycp\\Desktop\\COE\\Reports\\Pooja\\GoLive_Test Suite\\Verify Technical details\\20171127_192319\\execution0.log"/>
         <property name="attachments" value="C:\\Users\\raycp\\Desktop\\COE\\Reports\\Pooja\\GoLive_Test Suite\\Verify Technical details\\20171127_192319\\1511790816470.png, C:\\Users\\raycp\\Desktop\\COE\\Reports\\Pooja\\GoLive_Test Suite\\Verify Technical details\\20171127_192319\\1511790848906.png, C:\\Users\\raycp\\Desktop\\COE\\Reports\\Pooja\\GoLive_Test Suite\\Verify Technical details\\20171127_192319\\1511790881150.png"/>
         <property name="hostName" value="raycp - L23017WIN.rpega.com"/>
         <property name="os" value="Windows 10 32bit"/>
         <property name="katalonVersion" value="4.8.0.2"/>
         <property name="browser" value="Chrome 62.0.3202.94"/>
         <property name="hostAddress" value="10.150.250.87"/>
         <property name="sessionId" value="b29db90642e9f793f41b1a56228f0f6a"/>
         <property name="seleniumVersion" value="2.53.0"/>
         <property name="proxyInformation" value="ProxyInformation{proxyOption=NO_PROXY, proxyServerType=HTTP, password=, proxyServerAddress=, proxyServerPort=0}"/>
         <property name="platform" value="Windows 10"/>
      </properties>
      <testcase name="Test Cases/GOLIVE/Enter Business Case" classname="Test Cases/GOLIVE/Enter Business Case" status="FAILED">
         <failure type="FAILED" message="Unable to maximize current window (Root cause: org.openqa.selenium.WebDriverException: disconnected: unable to connect to renderer
  (Session info: chrome=62.0.3202.94)
  (Driver info: chromedriver=2.31.488763 (092de99f48a300323ecf8c2a4e2e7cab51de5ba8),platform=Windows NT 10.0.15063 x86_64) (WARNING: The server did not provide any stacktrace information)
Command duration or timeout: 2.03 seconds
Build info: version: '2.53.0', revision: '35ae25b', time: '2016-03-15 17:00:58'
System info: host: 'L23017WIN', ip: '10.150.250.87', os.name: 'Windows 10', os.arch: 'x86', os.version: '10.0', java.version: '1.8.0_102'
Driver info: com.kms.katalon.selenium.driver.CChromeDriver
Capabilities [{applicationCacheEnabled=false, rotatable=false, mobileEmulationEnabled=false, networkConnectionEnabled=false, chrome={chromedriverVersion=2.31.488763 (092de99f48a300323ecf8c2a4e2e7cab51de5ba8), userDataDir=C:\Users\raycp\AppData\Local\Temp\scoped_dir7752_6856}, takesHeapSnapshot=true, pageLoadStrategy=normal, databaseEnabled=false, handlesAlerts=true, hasTouchScreen=false, version=62.0.3202.94, platform=XP, browserConnectionEnabled=false, nativeEvents=true, acceptSslCerts=true, locationContextEnabled=true, webStorageEnabled=true, browserName=chrome, takesScreenshot=true, javascriptEnabled=true, cssSelectorsEnabled=true, setWindowRect=true, unexpectedAlertBehaviour=}]
Session ID: c35993e2aade9bd8214de852c04c1976)"/>
         <system-out><![CDATA[2017-11-27 19:23:21 - [TEST_CASE][FAILED] - Test Cases/GOLIVE/Enter Business Case: Test Cases/GOLIVE/Enter Business Case FAILED because (of) Unable to maximize current window (Root cause: org.openqa.selenium.WebDriverException: disconnected: unable to connect to renderer
  (Session info: chrome=62.0.3202.94)
  (Driver info: chromedriver=2.31.488763 (092de99f48a300323ecf8c2a4e2e7cab51de5ba8),platform=Windows NT 10.0.15063 x86_64) (WARNING: The server did not provide any stacktrace information)
Command duration or timeout: 2.03 seconds
Build info: version: '2.53.0', revision: '35ae25b', time: '2016-03-15 17:00:58'
System info: host: 'L23017WIN', ip: '10.150.250.87', os.name: 'Windows 10', os.arch: 'x86', os.version: '10.0', java.version: '1.8.0_102'
Driver info: com.kms.katalon.selenium.driver.CChromeDriver
Capabilities [{applicationCacheEnabled=false, rotatable=false, mobileEmulationEnabled=false, networkConnectionEnabled=false, chrome={chromedriverVersion=2.31.488763 (092de99f48a300323ecf8c2a4e2e7cab51de5ba8), userDataDir=C:\Users\raycp\AppData\Local\Temp\scoped_dir7752_6856}, takesHeapSnapshot=true, pageLoadStrategy=normal, databaseEnabled=false, handlesAlerts=true, hasTouchScreen=false, version=62.0.3202.94, platform=XP, browserConnectionEnabled=false, nativeEvents=true, acceptSslCerts=true, locationContextEnabled=true, webStorageEnabled=true, browserName=chrome, takesScreenshot=true, javascriptEnabled=true, cssSelectorsEnabled=true, setWindowRect=true, unexpectedAlertBehaviour=}]
Session ID: c35993e2aade9bd8214de852c04c1976)

2017-11-27 19:23:21 - [TEST_STEP][PASSED] - openBrowser: Browser is opened with url: ''

2017-11-27 19:23:24 - [MESSAGE][PASSED] - Browser is opened with url: ''

2017-11-27 19:23:24 - [TEST_STEP][PASSED] - navigateToUrl: Navigate to 'https://vciaqa.rpega.com:8333/ciaqa/PRServlet/dGKN-A6ThDliXf4sywRqw74EFIEOGY6R*/!STANDARD' successfully

2017-11-27 19:23:26 - [MESSAGE][PASSED] - Navigate to 'https://vciaqa.rpega.com:8333/ciaqa/PRServlet/dGKN-A6ThDliXf4sywRqw74EFIEOGY6R*/!STANDARD' successfully

2017-11-27 19:23:26 - [TEST_STEP][PASSED] - setText: Text 'hendj@pegasystems.com' is set on object 'Object Repository/GOLive_Objects/Search/Page_Pega 7/input_UserIdentifier'

2017-11-27 19:23:27 - [MESSAGE][PASSED] - Text 'hendj@pegasystems.com' is set on object 'Object Repository/GOLive_Objects/Search/Page_Pega 7/input_UserIdentifier'

2017-11-27 19:23:27 - [TEST_STEP][PASSED] - setText: Text 'install' is set on object 'Object Repository/GOLive_Objects/Search/Page_Pega 7/input_Password'

2017-11-27 19:23:27 - [MESSAGE][PASSED] - Text 'install' is set on object 'Object Repository/GOLive_Objects/Search/Page_Pega 7/input_Password'

2017-11-27 19:23:27 - [TEST_STEP][PASSED] - sendKeys: Keys '' sent to object: 'Object Repository/GOLive_Objects/Search/Page_Pega 7/input_Password'

2017-11-27 19:23:34 - [MESSAGE][PASSED] - Keys '' sent to object: 'Object Repository/GOLive_Objects/Search/Page_Pega 7/input_Password'

2017-11-27 19:23:34 - [TEST_STEP][FAILED] - maximizeWindow: Unable to maximize current window (Root cause: org.openqa.selenium.WebDriverException: disconnected: unable to connect to renderer
  (Session info: chrome=62.0.3202.94)
  (Driver info: chromedriver=2.31.488763 (092de99f48a300323ecf8c2a4e2e7cab51de5ba8),platform=Windows NT 10.0.15063 x86_64) (WARNING: The server did not provide any stacktrace information)
Command duration or timeout: 2.03 seconds
Build info: version: '2.53.0', revision: '35ae25b', time: '2016-03-15 17:00:58'
System info: host: 'L23017WIN', ip: '10.150.250.87', os.name: 'Windows 10', os.arch: 'x86', os.version: '10.0', java.version: '1.8.0_102'
Driver info: com.kms.katalon.selenium.driver.CChromeDriver
Capabilities [{applicationCacheEnabled=false, rotatable=false, mobileEmulationEnabled=false, networkConnectionEnabled=false, chrome={chromedriverVersion=2.31.488763 (092de99f48a300323ecf8c2a4e2e7cab51de5ba8), userDataDir=C:\Users\raycp\AppData\Local\Temp\scoped_dir7752_6856}, takesHeapSnapshot=true, pageLoadStrategy=normal, databaseEnabled=false, handlesAlerts=true, hasTouchScreen=false, version=62.0.3202.94, platform=XP, browserConnectionEnabled=false, nativeEvents=true, acceptSslCerts=true, locationContextEnabled=true, webStorageEnabled=true, browserName=chrome, takesScreenshot=true, javascriptEnabled=true, cssSelectorsEnabled=true, setWindowRect=true, unexpectedAlertBehaviour=}]
Session ID: c35993e2aade9bd8214de852c04c1976)

2017-11-27 19:23:36 - [MESSAGE][FAILED] - Unable to maximize current window (Root cause: org.openqa.selenium.WebDriverException: disconnected: unable to connect to renderer
  (Session info: chrome=62.0.3202.94)
  (Driver info: chromedriver=2.31.488763 (092de99f48a300323ecf8c2a4e2e7cab51de5ba8),platform=Windows NT 10.0.15063 x86_64) (WARNING: The server did not provide any stacktrace information)
Command duration or timeout: 2.03 seconds
Build info: version: '2.53.0', revision: '35ae25b', time: '2016-03-15 17:00:58'
System info: host: 'L23017WIN', ip: '10.150.250.87', os.name: 'Windows 10', os.arch: 'x86', os.version: '10.0', java.version: '1.8.0_102'
Driver info: com.kms.katalon.selenium.driver.CChromeDriver
Capabilities [{applicationCacheEnabled=false, rotatable=false, mobileEmulationEnabled=false, networkConnectionEnabled=false, chrome={chromedriverVersion=2.31.488763 (092de99f48a300323ecf8c2a4e2e7cab51de5ba8), userDataDir=C:\Users\raycp\AppData\Local\Temp\scoped_dir7752_6856}, takesHeapSnapshot=true, pageLoadStrategy=normal, databaseEnabled=false, handlesAlerts=true, hasTouchScreen=false, version=62.0.3202.94, platform=XP, browserConnectionEnabled=false, nativeEvents=true, acceptSslCerts=true, locationContextEnabled=true, webStorageEnabled=true, browserName=chrome, takesScreenshot=true, javascriptEnabled=true, cssSelectorsEnabled=true, setWindowRect=true, unexpectedAlertBehaviour=}]
Session ID: c35993e2aade9bd8214de852c04c1976)
[[ATTACHMENT|C:\\Users\\raycp\\Desktop\\COE\\Reports\\Pooja\\GoLive_Test Suite\\Verify Technical details\\20171127_192319\\1511790816470.png]]]]></system-out>
         <system-err><![CDATA[2017-11-27 19:23:21 - [TEST_CASE][FAILED] - Test Cases/GOLIVE/Enter Business Case: Test Cases/GOLIVE/Enter Business Case FAILED because (of) Unable to maximize current window (Root cause: org.openqa.selenium.WebDriverException: disconnected: unable to connect to renderer
  (Session info: chrome=62.0.3202.94)
  (Driver info: chromedriver=2.31.488763 (092de99f48a300323ecf8c2a4e2e7cab51de5ba8),platform=Windows NT 10.0.15063 x86_64) (WARNING: The server did not provide any stacktrace information)
Command duration or timeout: 2.03 seconds
Build info: version: '2.53.0', revision: '35ae25b', time: '2016-03-15 17:00:58'
System info: host: 'L23017WIN', ip: '10.150.250.87', os.name: 'Windows 10', os.arch: 'x86', os.version: '10.0', java.version: '1.8.0_102'
Driver info: com.kms.katalon.selenium.driver.CChromeDriver
Capabilities [{applicationCacheEnabled=false, rotatable=false, mobileEmulationEnabled=false, networkConnectionEnabled=false, chrome={chromedriverVersion=2.31.488763 (092de99f48a300323ecf8c2a4e2e7cab51de5ba8), userDataDir=C:\Users\raycp\AppData\Local\Temp\scoped_dir7752_6856}, takesHeapSnapshot=true, pageLoadStrategy=normal, databaseEnabled=false, handlesAlerts=true, hasTouchScreen=false, version=62.0.3202.94, platform=XP, browserConnectionEnabled=false, nativeEvents=true, acceptSslCerts=true, locationContextEnabled=true, webStorageEnabled=true, browserName=chrome, takesScreenshot=true, javascriptEnabled=true, cssSelectorsEnabled=true, setWindowRect=true, unexpectedAlertBehaviour=}]
Session ID: c35993e2aade9bd8214de852c04c1976)]]></system-err>
      </testcase>
      <testcase name="Test Cases/GOLIVE/Enter Technical Details" classname="Test Cases/GOLIVE/Enter Technical Details" status="FAILED">
         <failure type="FAILED" message="Unable to select option by value 'Ind5' of object 'Object Repository/GOLive_Objects/Update Technical Details/Page_AIAManager/select_PpyWorkPagepSolutionMap'  using regular expression (Root cause: com.kms.katalon.core.webui.exception.WebElementNotFoundException: Web element with id: 'Object Repository/GOLive_Objects/Search/Page_AIAManager/iframe_PegaGadget2Ifr' located by 'By.xpath: //*[@name = 'PegaGadget2Ifr'][count(. | //*[@id = 'PegaGadget2Ifr']) = count(//*[@id = 'PegaGadget2Ifr'])]' not found)"/>
         <system-out><![CDATA[2017-11-27 19:23:36 - [TEST_CASE][FAILED] - Test Cases/GOLIVE/Enter Technical Details: Test Cases/GOLIVE/Enter Technical Details FAILED because (of) Unable to select option by value 'Ind5' of object 'Object Repository/GOLive_Objects/Update Technical Details/Page_AIAManager/select_PpyWorkPagepSolutionMap'  using regular expression (Root cause: com.kms.katalon.core.webui.exception.WebElementNotFoundException: Web element with id: 'Object Repository/GOLive_Objects/Search/Page_AIAManager/iframe_PegaGadget2Ifr' located by 'By.xpath: //*[@name = 'PegaGadget2Ifr'][count(. | //*[@id = 'PegaGadget2Ifr']) = count(//*[@id = 'PegaGadget2Ifr'])]' not found)

2017-11-27 19:23:37 - [TEST_STEP][FAILED] - selectOptionByValue: Unable to select option by value 'Ind5' of object 'Object Repository/GOLive_Objects/Update Technical Details/Page_AIAManager/select_PpyWorkPagepSolutionMap'  using regular expression (Root cause: com.kms.katalon.core.webui.exception.WebElementNotFoundException: Web element with id: 'Object Repository/GOLive_Objects/Search/Page_AIAManager/iframe_PegaGadget2Ifr' located by 'By.xpath: //*[@name = 'PegaGadget2Ifr'][count(. | //*[@id = 'PegaGadget2Ifr']) = count(//*[@id = 'PegaGadget2Ifr'])]' not found)

2017-11-27 19:24:09 - [MESSAGE][FAILED] - Unable to select option by value 'Ind5' of object 'Object Repository/GOLive_Objects/Update Technical Details/Page_AIAManager/select_PpyWorkPagepSolutionMap'  using regular expression (Root cause: com.kms.katalon.core.webui.exception.WebElementNotFoundException: Web element with id: 'Object Repository/GOLive_Objects/Search/Page_AIAManager/iframe_PegaGadget2Ifr' located by 'By.xpath: //*[@name = 'PegaGadget2Ifr'][count(. | //*[@id = 'PegaGadget2Ifr']) = count(//*[@id = 'PegaGadget2Ifr'])]' not found)
[[ATTACHMENT|C:\\Users\\raycp\\Desktop\\COE\\Reports\\Pooja\\GoLive_Test Suite\\Verify Technical details\\20171127_192319\\1511790848906.png]]]]></system-out>
         <system-err><![CDATA[2017-11-27 19:23:36 - [TEST_CASE][FAILED] - Test Cases/GOLIVE/Enter Technical Details: Test Cases/GOLIVE/Enter Technical Details FAILED because (of) Unable to select option by value 'Ind5' of object 'Object Repository/GOLive_Objects/Update Technical Details/Page_AIAManager/select_PpyWorkPagepSolutionMap'  using regular expression (Root cause: com.kms.katalon.core.webui.exception.WebElementNotFoundException: Web element with id: 'Object Repository/GOLive_Objects/Search/Page_AIAManager/iframe_PegaGadget2Ifr' located by 'By.xpath: //*[@name = 'PegaGadget2Ifr'][count(. | //*[@id = 'PegaGadget2Ifr']) = count(//*[@id = 'PegaGadget2Ifr'])]' not found)]]></system-err>
      </testcase>
      <testcase name="Test Cases/GOLIVE/Preview Email" classname="Test Cases/GOLIVE/Preview Email" status="FAILED">
         <failure type="FAILED" message="Unable to click on object 'Object Repository/GOLive_Objects/PreviewEmail/Page_AIAManager/div_Preview Pdf' (Root cause: com.kms.katalon.core.webui.exception.WebElementNotFoundException: Web element with id: 'Object Repository/GOLive_Objects/Search/Page_AIAManager/iframe_PegaGadget2Ifr' located by 'By.xpath: //*[@name = 'PegaGadget2Ifr'][count(. | //*[@id = 'PegaGadget2Ifr']) = count(//*[@id = 'PegaGadget2Ifr'])]' not found)"/>
         <system-out><![CDATA[2017-11-27 19:24:09 - [TEST_CASE][FAILED] - Test Cases/GOLIVE/Preview Email: Test Cases/GOLIVE/Preview Email FAILED because (of) Unable to click on object 'Object Repository/GOLive_Objects/PreviewEmail/Page_AIAManager/div_Preview Pdf' (Root cause: com.kms.katalon.core.webui.exception.WebElementNotFoundException: Web element with id: 'Object Repository/GOLive_Objects/Search/Page_AIAManager/iframe_PegaGadget2Ifr' located by 'By.xpath: //*[@name = 'PegaGadget2Ifr'][count(. | //*[@id = 'PegaGadget2Ifr']) = count(//*[@id = 'PegaGadget2Ifr'])]' not found)

2017-11-27 19:24:09 - [TEST_STEP][FAILED] - click: Unable to click on object 'Object Repository/GOLive_Objects/PreviewEmail/Page_AIAManager/div_Preview Pdf' (Root cause: com.kms.katalon.core.webui.exception.WebElementNotFoundException: Web element with id: 'Object Repository/GOLive_Objects/Search/Page_AIAManager/iframe_PegaGadget2Ifr' located by 'By.xpath: //*[@name = 'PegaGadget2Ifr'][count(. | //*[@id = 'PegaGadget2Ifr']) = count(//*[@id = 'PegaGadget2Ifr'])]' not found)

2017-11-27 19:24:41 - [MESSAGE][FAILED] - Unable to click on object 'Object Repository/GOLive_Objects/PreviewEmail/Page_AIAManager/div_Preview Pdf' (Root cause: com.kms.katalon.core.webui.exception.WebElementNotFoundException: Web element with id: 'Object Repository/GOLive_Objects/Search/Page_AIAManager/iframe_PegaGadget2Ifr' located by 'By.xpath: //*[@name = 'PegaGadget2Ifr'][count(. | //*[@id = 'PegaGadget2Ifr']) = count(//*[@id = 'PegaGadget2Ifr'])]' not found)
[[ATTACHMENT|C:\\Users\\raycp\\Desktop\\COE\\Reports\\Pooja\\GoLive_Test Suite\\Verify Technical details\\20171127_192319\\1511790881150.png]]]]></system-out>
         <system-err><![CDATA[2017-11-27 19:24:09 - [TEST_CASE][FAILED] - Test Cases/GOLIVE/Preview Email: Test Cases/GOLIVE/Preview Email FAILED because (of) Unable to click on object 'Object Repository/GOLive_Objects/PreviewEmail/Page_AIAManager/div_Preview Pdf' (Root cause: com.kms.katalon.core.webui.exception.WebElementNotFoundException: Web element with id: 'Object Repository/GOLive_Objects/Search/Page_AIAManager/iframe_PegaGadget2Ifr' located by 'By.xpath: //*[@name = 'PegaGadget2Ifr'][count(. | //*[@id = 'PegaGadget2Ifr']) = count(//*[@id = 'PegaGadget2Ifr'])]' not found)]]></system-err>
      </testcase>
      <testcase name="Test Cases/GOLIVE/PRApproval" classname="Test Cases/GOLIVE/PRApproval" status="FAILED">
         <failure type="FAILED" message="Unable to click on object 'Object Repository/GOLive_Objects/Search/Page_AIAManager/span_Advanced Search' (Root cause: org.openqa.selenium.NoSuchWindowException: no such window: target window already closed
from unknown error: web view not found
  (Session info: chrome=62.0.3202.94)
  (Driver info: chromedriver=2.31.488763 (092de99f48a300323ecf8c2a4e2e7cab51de5ba8),platform=Windows NT 10.0.15063 x86_64) (WARNING: The server did not provide any stacktrace information)
Command duration or timeout: 0 milliseconds
Build info: version: '2.53.0', revision: '35ae25b', time: '2016-03-15 17:00:58'
System info: host: 'L23017WIN', ip: '10.150.250.87', os.name: 'Windows 10', os.arch: 'x86', os.version: '10.0', java.version: '1.8.0_102'
Driver info: com.kms.katalon.selenium.driver.CChromeDriver
Capabilities [{applicationCacheEnabled=false, rotatable=false, mobileEmulationEnabled=false, networkConnectionEnabled=false, chrome={chromedriverVersion=2.31.488763 (092de99f48a300323ecf8c2a4e2e7cab51de5ba8), userDataDir=C:\Users\raycp\AppData\Local\Temp\scoped_dir13024_5331}, takesHeapSnapshot=true, pageLoadStrategy=normal, databaseEnabled=false, handlesAlerts=true, hasTouchScreen=false, version=62.0.3202.94, platform=XP, browserConnectionEnabled=false, nativeEvents=true, acceptSslCerts=true, locationContextEnabled=true, webStorageEnabled=true, browserName=chrome, takesScreenshot=true, javascriptEnabled=true, cssSelectorsEnabled=true, setWindowRect=true, unexpectedAlertBehaviour=}]
Session ID: b29db90642e9f793f41b1a56228f0f6a
*** Element info: {Using=xpath, value=//span[count(. | //*[contains(.,'Advanced Search')]) = count(//*[contains(.,'Advanced Search')])]})"/>
         <system-out><![CDATA[2017-11-27 19:24:41 - [TEST_CASE][FAILED] - Test Cases/GOLIVE/PRApproval: Test Cases/GOLIVE/PRApproval FAILED because (of) Unable to click on object 'Object Repository/GOLive_Objects/Search/Page_AIAManager/span_Advanced Search' (Root cause: org.openqa.selenium.NoSuchWindowException: no such window: target window already closed
from unknown error: web view not found
  (Session info: chrome=62.0.3202.94)
  (Driver info: chromedriver=2.31.488763 (092de99f48a300323ecf8c2a4e2e7cab51de5ba8),platform=Windows NT 10.0.15063 x86_64) (WARNING: The server did not provide any stacktrace information)
Command duration or timeout: 0 milliseconds
Build info: version: '2.53.0', revision: '35ae25b', time: '2016-03-15 17:00:58'
System info: host: 'L23017WIN', ip: '10.150.250.87', os.name: 'Windows 10', os.arch: 'x86', os.version: '10.0', java.version: '1.8.0_102'
Driver info: com.kms.katalon.selenium.driver.CChromeDriver
Capabilities [{applicationCacheEnabled=false, rotatable=false, mobileEmulationEnabled=false, networkConnectionEnabled=false, chrome={chromedriverVersion=2.31.488763 (092de99f48a300323ecf8c2a4e2e7cab51de5ba8), userDataDir=C:\Users\raycp\AppData\Local\Temp\scoped_dir13024_5331}, takesHeapSnapshot=true, pageLoadStrategy=normal, databaseEnabled=false, handlesAlerts=true, hasTouchScreen=false, version=62.0.3202.94, platform=XP, browserConnectionEnabled=false, nativeEvents=true, acceptSslCerts=true, locationContextEnabled=true, webStorageEnabled=true, browserName=chrome, takesScreenshot=true, javascriptEnabled=true, cssSelectorsEnabled=true, setWindowRect=true, unexpectedAlertBehaviour=}]
Session ID: b29db90642e9f793f41b1a56228f0f6a
*** Element info: {Using=xpath, value=//span[count(. | //*[contains(.,'Advanced Search')]) = count(//*[contains(.,'Advanced Search')])]})

2017-11-27 19:24:41 - [TEST_STEP][PASSED] - openBrowser: Browser is opened with url: ''

2017-11-27 19:24:41 - [MESSAGE][WARNING] - A browser is already opened. Closing browser and opening a new one

2017-11-27 19:24:45 - [MESSAGE][PASSED] - Browser is opened with url: ''

2017-11-27 19:24:45 - [TEST_STEP][PASSED] - navigateToUrl: Navigate to 'https://vciaqa.rpega.com:8333/ciaqa/PRServlet/dGKN-A6ThDliXf4sywRqw74EFIEOGY6R*/!STANDARD' successfully

2017-11-27 19:24:47 - [MESSAGE][PASSED] - Navigate to 'https://vciaqa.rpega.com:8333/ciaqa/PRServlet/dGKN-A6ThDliXf4sywRqw74EFIEOGY6R*/!STANDARD' successfully

2017-11-27 19:24:47 - [TEST_STEP][PASSED] - setText: Text 'fergc@pegasystems.com' is set on object 'Object Repository/GOLive_Objects/PRApprove/Page_Pega 7/input_UserIdentifier'

2017-11-27 19:24:47 - [MESSAGE][PASSED] - Text 'fergc@pegasystems.com' is set on object 'Object Repository/GOLive_Objects/PRApprove/Page_Pega 7/input_UserIdentifier'

2017-11-27 19:24:47 - [TEST_STEP][PASSED] - setText: Text 'install' is set on object 'Object Repository/GOLive_Objects/PRApprove/Page_Pega 7/input_Password'

2017-11-27 19:24:47 - [MESSAGE][PASSED] - Text 'install' is set on object 'Object Repository/GOLive_Objects/PRApprove/Page_Pega 7/input_Password'

2017-11-27 19:24:47 - [TEST_STEP][PASSED] - sendKeys: Keys '' sent to object: 'Object Repository/GOLive_Objects/PRApprove/Page_Pega 7/input_Password'

2017-11-27 19:24:51 - [MESSAGE][PASSED] - Keys '' sent to object: 'Object Repository/GOLive_Objects/PRApprove/Page_Pega 7/input_Password'

2017-11-27 19:24:51 - [TEST_STEP][PASSED] - maximizeWindow: Current window maximized

2017-11-27 19:24:57 - [MESSAGE][PASSED] - Current window maximized

2017-11-27 19:24:57 - [TEST_STEP][FAILED] - click: Unable to click on object 'Object Repository/GOLive_Objects/Search/Page_AIAManager/span_Advanced Search' (Root cause: org.openqa.selenium.NoSuchWindowException: no such window: target window already closed
from unknown error: web view not found
  (Session info: chrome=62.0.3202.94)
  (Driver info: chromedriver=2.31.488763 (092de99f48a300323ecf8c2a4e2e7cab51de5ba8),platform=Windows NT 10.0.15063 x86_64) (WARNING: The server did not provide any stacktrace information)
Command duration or timeout: 0 milliseconds
Build info: version: '2.53.0', revision: '35ae25b', time: '2016-03-15 17:00:58'
System info: host: 'L23017WIN', ip: '10.150.250.87', os.name: 'Windows 10', os.arch: 'x86', os.version: '10.0', java.version: '1.8.0_102'
Driver info: com.kms.katalon.selenium.driver.CChromeDriver
Capabilities [{applicationCacheEnabled=false, rotatable=false, mobileEmulationEnabled=false, networkConnectionEnabled=false, chrome={chromedriverVersion=2.31.488763 (092de99f48a300323ecf8c2a4e2e7cab51de5ba8), userDataDir=C:\Users\raycp\AppData\Local\Temp\scoped_dir13024_5331}, takesHeapSnapshot=true, pageLoadStrategy=normal, databaseEnabled=false, handlesAlerts=true, hasTouchScreen=false, version=62.0.3202.94, platform=XP, browserConnectionEnabled=false, nativeEvents=true, acceptSslCerts=true, locationContextEnabled=true, webStorageEnabled=true, browserName=chrome, takesScreenshot=true, javascriptEnabled=true, cssSelectorsEnabled=true, setWindowRect=true, unexpectedAlertBehaviour=}]
Session ID: b29db90642e9f793f41b1a56228f0f6a
*** Element info: {Using=xpath, value=//span[count(. | //*[contains(.,'Advanced Search')]) = count(//*[contains(.,'Advanced Search')])]})

2017-11-27 19:24:57 - [MESSAGE][WARNING] - Cannot take screenshot

2017-11-27 19:24:57 - [MESSAGE][FAILED] - Unable to click on object 'Object Repository/GOLive_Objects/Search/Page_AIAManager/span_Advanced Search' (Root cause: org.openqa.selenium.NoSuchWindowException: no such window: target window already closed
from unknown error: web view not found
  (Session info: chrome=62.0.3202.94)
  (Driver info: chromedriver=2.31.488763 (092de99f48a300323ecf8c2a4e2e7cab51de5ba8),platform=Windows NT 10.0.15063 x86_64) (WARNING: The server did not provide any stacktrace information)
Command duration or timeout: 0 milliseconds
Build info: version: '2.53.0', revision: '35ae25b', time: '2016-03-15 17:00:58'
System info: host: 'L23017WIN', ip: '10.150.250.87', os.name: 'Windows 10', os.arch: 'x86', os.version: '10.0', java.version: '1.8.0_102'
Driver info: com.kms.katalon.selenium.driver.CChromeDriver
Capabilities [{applicationCacheEnabled=false, rotatable=false, mobileEmulationEnabled=false, networkConnectionEnabled=false, chrome={chromedriverVersion=2.31.488763 (092de99f48a300323ecf8c2a4e2e7cab51de5ba8), userDataDir=C:\Users\raycp\AppData\Local\Temp\scoped_dir13024_5331}, takesHeapSnapshot=true, pageLoadStrategy=normal, databaseEnabled=false, handlesAlerts=true, hasTouchScreen=false, version=62.0.3202.94, platform=XP, browserConnectionEnabled=false, nativeEvents=true, acceptSslCerts=true, locationContextEnabled=true, webStorageEnabled=true, browserName=chrome, takesScreenshot=true, javascriptEnabled=true, cssSelectorsEnabled=true, setWindowRect=true, unexpectedAlertBehaviour=}]
Session ID: b29db90642e9f793f41b1a56228f0f6a
*** Element info: {Using=xpath, value=//span[count(. | //*[contains(.,'Advanced Search')]) = count(//*[contains(.,'Advanced Search')])]})]]></system-out>
         <system-err><![CDATA[2017-11-27 19:24:41 - [TEST_CASE][FAILED] - Test Cases/GOLIVE/PRApproval: Test Cases/GOLIVE/PRApproval FAILED because (of) Unable to click on object 'Object Repository/GOLive_Objects/Search/Page_AIAManager/span_Advanced Search' (Root cause: org.openqa.selenium.NoSuchWindowException: no such window: target window already closed
from unknown error: web view not found
  (Session info: chrome=62.0.3202.94)
  (Driver info: chromedriver=2.31.488763 (092de99f48a300323ecf8c2a4e2e7cab51de5ba8),platform=Windows NT 10.0.15063 x86_64) (WARNING: The server did not provide any stacktrace information)
Command duration or timeout: 0 milliseconds
Build info: version: '2.53.0', revision: '35ae25b', time: '2016-03-15 17:00:58'
System info: host: 'L23017WIN', ip: '10.150.250.87', os.name: 'Windows 10', os.arch: 'x86', os.version: '10.0', java.version: '1.8.0_102'
Driver info: com.kms.katalon.selenium.driver.CChromeDriver
Capabilities [{applicationCacheEnabled=false, rotatable=false, mobileEmulationEnabled=false, networkConnectionEnabled=false, chrome={chromedriverVersion=2.31.488763 (092de99f48a300323ecf8c2a4e2e7cab51de5ba8), userDataDir=C:\Users\raycp\AppData\Local\Temp\scoped_dir13024_5331}, takesHeapSnapshot=true, pageLoadStrategy=normal, databaseEnabled=false, handlesAlerts=true, hasTouchScreen=false, version=62.0.3202.94, platform=XP, browserConnectionEnabled=false, nativeEvents=true, acceptSslCerts=true, locationContextEnabled=true, webStorageEnabled=true, browserName=chrome, takesScreenshot=true, javascriptEnabled=true, cssSelectorsEnabled=true, setWindowRect=true, unexpectedAlertBehaviour=}]
Session ID: b29db90642e9f793f41b1a56228f0f6a
*** Element info: {Using=xpath, value=//span[count(. | //*[contains(.,'Advanced Search')]) = count(//*[contains(.,'Advanced Search')])]})]]></system-err>
      </testcase>
      <system-out><![CDATA[2017-11-27 19:23:21 - [TEST_SUITE][FAILED] - Verify Technical details: Test Cases/GOLIVE/Enter Business Case FAILED because (of) Unable to maximize current window (Root cause: org.openqa.selenium.WebDriverException: disconnected: unable to connect to renderer
  (Session info: chrome=62.0.3202.94)
  (Driver info: chromedriver=2.31.488763 (092de99f48a300323ecf8c2a4e2e7cab51de5ba8),platform=Windows NT 10.0.15063 x86_64) (WARNING: The server did not provide any stacktrace information)
Command duration or timeout: 2.03 seconds
Build info: version: '2.53.0', revision: '35ae25b', time: '2016-03-15 17:00:58'
System info: host: 'L23017WIN', ip: '10.150.250.87', os.name: 'Windows 10', os.arch: 'x86', os.version: '10.0', java.version: '1.8.0_102'
Driver info: com.kms.katalon.selenium.driver.CChromeDriver
Capabilities [{applicationCacheEnabled=false, rotatable=false, mobileEmulationEnabled=false, networkConnectionEnabled=false, chrome={chromedriverVersion=2.31.488763 (092de99f48a300323ecf8c2a4e2e7cab51de5ba8), userDataDir=C:\Users\raycp\AppData\Local\Temp\scoped_dir7752_6856}, takesHeapSnapshot=true, pageLoadStrategy=normal, databaseEnabled=false, handlesAlerts=true, hasTouchScreen=false, version=62.0.3202.94, platform=XP, browserConnectionEnabled=false, nativeEvents=true, acceptSslCerts=true, locationContextEnabled=true, webStorageEnabled=true, browserName=chrome, takesScreenshot=true, javascriptEnabled=true, cssSelectorsEnabled=true, setWindowRect=true, unexpectedAlertBehaviour=}]
Session ID: c35993e2aade9bd8214de852c04c1976)]]></system-out>
      <system-err><![CDATA[2017-11-27 19:23:21 - [TEST_SUITE][FAILED] - Verify Technical details: Test Cases/GOLIVE/Enter Business Case FAILED because (of) Unable to maximize current window (Root cause: org.openqa.selenium.WebDriverException: disconnected: unable to connect to renderer
  (Session info: chrome=62.0.3202.94)
  (Driver info: chromedriver=2.31.488763 (092de99f48a300323ecf8c2a4e2e7cab51de5ba8),platform=Windows NT 10.0.15063 x86_64) (WARNING: The server did not provide any stacktrace information)
Command duration or timeout: 2.03 seconds
Build info: version: '2.53.0', revision: '35ae25b', time: '2016-03-15 17:00:58'
System info: host: 'L23017WIN', ip: '10.150.250.87', os.name: 'Windows 10', os.arch: 'x86', os.version: '10.0', java.version: '1.8.0_102'
Driver info: com.kms.katalon.selenium.driver.CChromeDriver
Capabilities [{applicationCacheEnabled=false, rotatable=false, mobileEmulationEnabled=false, networkConnectionEnabled=false, chrome={chromedriverVersion=2.31.488763 (092de99f48a300323ecf8c2a4e2e7cab51de5ba8), userDataDir=C:\Users\raycp\AppData\Local\Temp\scoped_dir7752_6856}, takesHeapSnapshot=true, pageLoadStrategy=normal, databaseEnabled=false, handlesAlerts=true, hasTouchScreen=false, version=62.0.3202.94, platform=XP, browserConnectionEnabled=false, nativeEvents=true, acceptSslCerts=true, locationContextEnabled=true, webStorageEnabled=true, browserName=chrome, takesScreenshot=true, javascriptEnabled=true, cssSelectorsEnabled=true, setWindowRect=true, unexpectedAlertBehaviour=}]
Session ID: c35993e2aade9bd8214de852c04c1976)]]></system-err>
   </testsuite>
</testsuites>
