<?xml version="1.0" encoding="UTF-8"?>
<testsuites name="Verify Technical details" time="169" tests="3" failures="1" errors="0">
   <testsuite name="Verify Technical details" tests="3" failures="1" errors="0" time="169" timestamp="2017-11-28 14:43:16" hostname="raycp - L23017WIN.rpega.com" id="Test Suites/Pooja/GoLive_Test Suite/Verify Technical details">
      <properties>
         <property name="deviceName" value=""/>
         <property name="devicePlatform" value=""/>
         <property name="logFolder" value="C:\\Users\\raycp\\Desktop\\COE\\Reports\\Pooja\\GoLive_Test Suite\\Verify Technical details\\20171128_144314"/>
         <property name="logFiles" value="C:\\Users\\raycp\\Desktop\\COE\\Reports\\Pooja\\GoLive_Test Suite\\Verify Technical details\\20171128_144314\\execution0.log"/>
         <property name="attachments" value="C:\\Users\\raycp\\Desktop\\COE\\Reports\\Pooja\\GoLive_Test Suite\\Verify Technical details\\20171128_144314\\1511860564143.png"/>
         <property name="hostName" value="raycp - L23017WIN.rpega.com"/>
         <property name="os" value="Windows 10 32bit"/>
         <property name="katalonVersion" value="4.8.0.2"/>
         <property name="browser" value="Chrome 62.0.3202.94"/>
         <property name="hostAddress" value="10.150.113.175"/>
         <property name="sessionId" value="64860005dc42b18a9913192b6acafaf3"/>
         <property name="seleniumVersion" value="2.53.0"/>
         <property name="proxyInformation" value="ProxyInformation{proxyOption=NO_PROXY, proxyServerType=HTTP, password=, proxyServerAddress=, proxyServerPort=0}"/>
         <property name="platform" value="Windows 10"/>
      </properties>
      <testcase name="Test Cases/GOLIVE/Enter Business Case" classname="Test Cases/GOLIVE/Enter Business Case" status="PASSED">
         <system-out><![CDATA[2017-11-28 14:43:16 - [TEST_CASE][PASSED] - Test Cases/GOLIVE/Enter Business Case: Test Cases/GOLIVE/Enter Business Case

2017-11-28 14:43:16 - [TEST_STEP][PASSED] - openBrowser: Browser is opened with url: ''

2017-11-28 14:43:19 - [MESSAGE][PASSED] - Browser is opened with url: ''

2017-11-28 14:43:19 - [TEST_STEP][PASSED] - navigateToUrl: Navigate to 'https://vciaqa.rpega.com:8333/ciaqa/PRServlet/dGKN-A6ThDliXf4sywRqw74EFIEOGY6R*/!STANDARD' successfully

2017-11-28 14:43:21 - [MESSAGE][PASSED] - Navigate to 'https://vciaqa.rpega.com:8333/ciaqa/PRServlet/dGKN-A6ThDliXf4sywRqw74EFIEOGY6R*/!STANDARD' successfully

2017-11-28 14:43:21 - [TEST_STEP][PASSED] - setText: Text 'hendj@pegasystems.com' is set on object 'Object Repository/GOLive_Objects/Search/Page_Pega 7/input_UserIdentifier'

2017-11-28 14:43:21 - [MESSAGE][PASSED] - Text 'hendj@pegasystems.com' is set on object 'Object Repository/GOLive_Objects/Search/Page_Pega 7/input_UserIdentifier'

2017-11-28 14:43:21 - [TEST_STEP][PASSED] - setText: Text 'install' is set on object 'Object Repository/GOLive_Objects/Search/Page_Pega 7/input_Password'

2017-11-28 14:43:21 - [MESSAGE][PASSED] - Text 'install' is set on object 'Object Repository/GOLive_Objects/Search/Page_Pega 7/input_Password'

2017-11-28 14:43:21 - [TEST_STEP][PASSED] - sendKeys: Keys '' sent to object: 'Object Repository/GOLive_Objects/Search/Page_Pega 7/input_Password'

2017-11-28 14:43:27 - [MESSAGE][PASSED] - Keys '' sent to object: 'Object Repository/GOLive_Objects/Search/Page_Pega 7/input_Password'

2017-11-28 14:43:27 - [TEST_STEP][PASSED] - maximizeWindow: Current window maximized

2017-11-28 14:43:28 - [MESSAGE][PASSED] - Current window maximized

2017-11-28 14:43:28 - [TEST_STEP][PASSED] - click: Object: 'Object Repository/GOLive_Objects/Search/Page_AIAManager/span_Advanced Search' is clicked on

2017-11-28 14:43:29 - [MESSAGE][PASSED] - Object: 'Object Repository/GOLive_Objects/Search/Page_AIAManager/span_Advanced Search' is clicked on

2017-11-28 14:43:29 - [TEST_STEP][PASSED] - click: Object: 'Object Repository/GOLive_Objects/Search/Page_AIAManager/label_Go Live' is clicked on

2017-11-28 14:43:29 - [MESSAGE][PASSED] - Object: 'Object Repository/GOLive_Objects/Search/Page_AIAManager/label_Go Live' is clicked on

2017-11-28 14:43:29 - [TEST_STEP][PASSED] - setText: Text 'OGL-1751' is set on object 'Object Repository/GOLive_Objects/Search/Page_AIAManager/input_PpyDisplayHarnesspSearch'

2017-11-28 14:43:31 - [MESSAGE][PASSED] - Text 'OGL-1751' is set on object 'Object Repository/GOLive_Objects/Search/Page_AIAManager/input_PpyDisplayHarnesspSearch'

2017-11-28 14:43:31 - [TEST_STEP][PASSED] - click: Object: 'Object Repository/GOLive_Objects/Search/Page_AIAManager/div_Search' is clicked on

2017-11-28 14:43:31 - [MESSAGE][PASSED] - Object: 'Object Repository/GOLive_Objects/Search/Page_AIAManager/div_Search' is clicked on

2017-11-28 14:43:31 - [TEST_STEP][PASSED] - doubleClick: Object: 'Object Repository/GOLive_Objects/Search/Page_AIAManager/span_OGL-1608' is double clicked on

2017-11-28 14:43:32 - [MESSAGE][PASSED] - Object: 'Object Repository/GOLive_Objects/Search/Page_AIAManager/span_OGL-1608' is double clicked on

2017-11-28 14:43:34 - [TEST_STEP][PASSED] - click: Object: 'Object Repository/GOLive_Objects/Search/Page_AIAManager/Enter Business Case' is clicked on

2017-11-28 14:43:36 - [MESSAGE][PASSED] - Object: 'Object Repository/GOLive_Objects/Search/Page_AIAManager/Enter Business Case' is clicked on

2017-11-28 14:43:36 - [TEST_STEP][PASSED] - scrollToElement: Scroll to object 'Object Repository/GOLive_Objects/Search/Page_AIAManager/div_Next' successfully

2017-11-28 14:43:37 - [MESSAGE][PASSED] - Scroll to object 'Object Repository/GOLive_Objects/Search/Page_AIAManager/div_Next' successfully

2017-11-28 14:43:37 - [TEST_STEP][PASSED] - click: Object: 'Object Repository/GOLive_Objects/Search/Page_AIAManager/div_Next' is clicked on

2017-11-28 14:43:37 - [MESSAGE][PASSED] - Object: 'Object Repository/GOLive_Objects/Search/Page_AIAManager/div_Next' is clicked on]]></system-out>
         <system-err><![CDATA[]]></system-err>
      </testcase>
      <testcase name="Test Cases/GOLIVE/Enter Technical Details" classname="Test Cases/GOLIVE/Enter Technical Details" status="PASSED">
         <system-out><![CDATA[2017-11-28 14:43:37 - [TEST_CASE][PASSED] - Test Cases/GOLIVE/Enter Technical Details: Test Cases/GOLIVE/Enter Technical Details

2017-11-28 14:43:37 - [TEST_STEP][PASSED] - selectOptionByValue: All options with value 'Ind5' are selected in object 'Object Repository/GOLive_Objects/Update Technical Details/Page_AIAManager/select_PpyWorkPagepSolutionMap'  using regular expression

2017-11-28 14:43:39 - [MESSAGE][PASSED] - All options with value 'Ind5' are selected in object 'Object Repository/GOLive_Objects/Update Technical Details/Page_AIAManager/select_PpyWorkPagepSolutionMap'  using regular expression

2017-11-28 14:43:39 - [TEST_STEP][PASSED] - delay: Delayed 2 second(s)

2017-11-28 14:43:41 - [MESSAGE][PASSED] - Delayed 2 second(s)

2017-11-28 14:43:41 - [TEST_STEP][PASSED] - selectOptionByValue: All options with value 'IndSeg25' are selected in object 'Object Repository/GOLive_Objects/Update Technical Details/Page_AIAManager/select_PpyWorkPagepSolutionMap (1)'  using regular expression

2017-11-28 14:43:41 - [MESSAGE][PASSED] - All options with value 'IndSeg25' are selected in object 'Object Repository/GOLive_Objects/Update Technical Details/Page_AIAManager/select_PpyWorkPagepSolutionMap (1)'  using regular expression

2017-11-28 14:43:41 - [TEST_STEP][PASSED] - delay: Delayed 2 second(s)

2017-11-28 14:43:43 - [MESSAGE][PASSED] - Delayed 2 second(s)

2017-11-28 14:43:43 - [TEST_STEP][PASSED] - selectOptionByValue: All options with value 'IndSol439' are selected in object 'Object Repository/GOLive_Objects/Update Technical Details/Page_AIAManager/select_PpyWorkPagepSolutionMap (2)'  using regular expression

2017-11-28 14:43:43 - [MESSAGE][PASSED] - All options with value 'IndSol439' are selected in object 'Object Repository/GOLive_Objects/Update Technical Details/Page_AIAManager/select_PpyWorkPagepSolutionMap (2)'  using regular expression

2017-11-28 14:43:43 - [TEST_STEP][PASSED] - delay: Delayed 2 second(s)

2017-11-28 14:43:45 - [MESSAGE][PASSED] - Delayed 2 second(s)

2017-11-28 14:43:45 - [TEST_STEP][PASSED] - selectOptionByValue: All options with value 'Industry Specific' are selected in object 'Object Repository/GOLive_Objects/Update Technical Details/Page_AIAManager/select_PpyWorkPagepImplementat'  using regular expression

2017-11-28 14:43:46 - [MESSAGE][PASSED] - All options with value 'Industry Specific' are selected in object 'Object Repository/GOLive_Objects/Update Technical Details/Page_AIAManager/select_PpyWorkPagepImplementat'  using regular expression

2017-11-28 14:43:46 - [TEST_STEP][PASSED] - delay: Delayed 3 second(s)

2017-11-28 14:43:49 - [MESSAGE][PASSED] - Delayed 3 second(s)

2017-11-28 14:43:49 - [TEST_STEP][PASSED] - selectOptionByValue: All options with value 'FS - Cards' are selected in object 'Object Repository/GOLive_Objects/Update Technical Details/Page_AIAManager/SolutionMap1'  using regular expression

2017-11-28 14:43:49 - [MESSAGE][PASSED] - All options with value 'FS - Cards' are selected in object 'Object Repository/GOLive_Objects/Update Technical Details/Page_AIAManager/SolutionMap1'  using regular expression

2017-11-28 14:43:49 - [TEST_STEP][PASSED] - delay: Delayed 2 second(s)

2017-11-28 14:43:51 - [MESSAGE][PASSED] - Delayed 2 second(s)

2017-11-28 14:43:51 - [TEST_STEP][PASSED] - selectOptionByValue: All options with value 'less than 500' are selected in object 'Object Repository/GOLive_Objects/Update Technical Details/Page_AIAManager/select_PpyWorkPagepImplementat (1)'  using regular expression

2017-11-28 14:43:51 - [MESSAGE][PASSED] - All options with value 'less than 500' are selected in object 'Object Repository/GOLive_Objects/Update Technical Details/Page_AIAManager/select_PpyWorkPagepImplementat (1)'  using regular expression

2017-11-28 14:43:51 - [TEST_STEP][PASSED] - delay: Delayed 2 second(s)

2017-11-28 14:43:53 - [MESSAGE][PASSED] - Delayed 2 second(s)

2017-11-28 14:43:53 - [TEST_STEP][PASSED] - selectOptionByValue: All options with value 'N/A' are selected in object 'Object Repository/GOLive_Objects/Update Technical Details/Page_AIAManager/select_PpyWorkPagepChannelsl1p'  using regular expression

2017-11-28 14:43:54 - [MESSAGE][PASSED] - All options with value 'N/A' are selected in object 'Object Repository/GOLive_Objects/Update Technical Details/Page_AIAManager/select_PpyWorkPagepChannelsl1p'  using regular expression

2017-11-28 14:43:54 - [TEST_STEP][PASSED] - delay: Delayed 2 second(s)

2017-11-28 14:43:56 - [MESSAGE][PASSED] - Delayed 2 second(s)

2017-11-28 14:43:56 - [TEST_STEP][PASSED] - setText: Text 'test' is set on object 'Object Repository/GOLive_Objects/Update Technical Details/Page_AIAManager/input_PpyWorkPagepCustomerCont'

2017-11-28 14:43:56 - [MESSAGE][PASSED] - Text 'test' is set on object 'Object Repository/GOLive_Objects/Update Technical Details/Page_AIAManager/input_PpyWorkPagepCustomerCont'

2017-11-28 14:43:56 - [TEST_STEP][PASSED] - delay: Delayed 1 second(s)

2017-11-28 14:43:57 - [MESSAGE][PASSED] - Delayed 1 second(s)

2017-11-28 14:43:57 - [TEST_STEP][PASSED] - setText: Text 'test' is set on object 'Object Repository/GOLive_Objects/Update Technical Details/Page_AIAManager/input_PpyWorkPagepCustomerCont (1)'

2017-11-28 14:43:57 - [MESSAGE][PASSED] - Text 'test' is set on object 'Object Repository/GOLive_Objects/Update Technical Details/Page_AIAManager/input_PpyWorkPagepCustomerCont (1)'

2017-11-28 14:43:57 - [TEST_STEP][PASSED] - delay: Delayed 1 second(s)

2017-11-28 14:43:58 - [MESSAGE][PASSED] - Delayed 1 second(s)

2017-11-28 14:43:58 - [TEST_STEP][PASSED] - setText: Text 'test@gmail.com' is set on object 'Object Repository/GOLive_Objects/Update Technical Details/Page_AIAManager/input_PpyWorkPagepCustomerCont (2)'

2017-11-28 14:43:59 - [MESSAGE][PASSED] - Text 'test@gmail.com' is set on object 'Object Repository/GOLive_Objects/Update Technical Details/Page_AIAManager/input_PpyWorkPagepCustomerCont (2)'

2017-11-28 14:43:59 - [TEST_STEP][PASSED] - delay: Delayed 2 second(s)

2017-11-28 14:44:01 - [MESSAGE][PASSED] - Delayed 2 second(s)

2017-11-28 14:44:01 - [TEST_STEP][PASSED] - scrollToElement: Scroll to object 'Object Repository/GOLive_Objects/Update Technical Details/Page_AIAManager/select_PpyWorkPagepAppServerNa' successfully

2017-11-28 14:44:01 - [MESSAGE][PASSED] - Scroll to object 'Object Repository/GOLive_Objects/Update Technical Details/Page_AIAManager/select_PpyWorkPagepAppServerNa' successfully

2017-11-28 14:44:01 - [TEST_STEP][PASSED] - selectOptionByValue: All options with value 'Apache Server' are selected in object 'Object Repository/GOLive_Objects/Update Technical Details/Page_AIAManager/select_PpyWorkPagepAppServerNa'  using regular expression

2017-11-28 14:44:01 - [MESSAGE][PASSED] - All options with value 'Apache Server' are selected in object 'Object Repository/GOLive_Objects/Update Technical Details/Page_AIAManager/select_PpyWorkPagepAppServerNa'  using regular expression

2017-11-28 14:44:01 - [TEST_STEP][PASSED] - delay: Delayed 2 second(s)

2017-11-28 14:44:03 - [MESSAGE][PASSED] - Delayed 2 second(s)

2017-11-28 14:44:03 - [TEST_STEP][PASSED] - selectOptionByValue: All options with value 'Mainframe' are selected in object 'Object Repository/GOLive_Objects/Update Technical Details/Page_AIAManager/select_PpyWorkPagepAppServerOS'  using regular expression

2017-11-28 14:44:04 - [MESSAGE][PASSED] - All options with value 'Mainframe' are selected in object 'Object Repository/GOLive_Objects/Update Technical Details/Page_AIAManager/select_PpyWorkPagepAppServerOS'  using regular expression

2017-11-28 14:44:04 - [TEST_STEP][PASSED] - delay: Delayed 2 second(s)

2017-11-28 14:44:06 - [MESSAGE][PASSED] - Delayed 2 second(s)

2017-11-28 14:44:06 - [TEST_STEP][PASSED] - selectOptionByValue: All options with value 'RMS' are selected in object 'Object Repository/GOLive_Objects/Update Technical Details/Page_AIAManager/select_PpyWorkPagepDBServerNam'  using regular expression

2017-11-28 14:44:06 - [MESSAGE][PASSED] - All options with value 'RMS' are selected in object 'Object Repository/GOLive_Objects/Update Technical Details/Page_AIAManager/select_PpyWorkPagepDBServerNam'  using regular expression

2017-11-28 14:44:06 - [TEST_STEP][PASSED] - delay: Delayed 2 second(s)

2017-11-28 14:44:08 - [MESSAGE][PASSED] - Delayed 2 second(s)

2017-11-28 14:44:08 - [TEST_STEP][PASSED] - click: Object: 'Object Repository/GOLive_Objects/Update Technical Details/Page_AIAManager/select_PpyWorkPagepProductsl1p' is clicked on

2017-11-28 14:44:08 - [MESSAGE][PASSED] - Object: 'Object Repository/GOLive_Objects/Update Technical Details/Page_AIAManager/select_PpyWorkPagepProductsl1p' is clicked on

2017-11-28 14:44:08 - [TEST_STEP][PASSED] - click: Object: 'Object Repository/GOLive_Objects/Update Technical Details/Page_AIAManager/Product_Name' is clicked on

2017-11-28 14:44:09 - [MESSAGE][PASSED] - Object: 'Object Repository/GOLive_Objects/Update Technical Details/Page_AIAManager/Product_Name' is clicked on

2017-11-28 14:44:09 - [TEST_STEP][PASSED] - delay: Delayed 5 second(s)

2017-11-28 14:44:14 - [MESSAGE][PASSED] - Delayed 5 second(s)

2017-11-28 14:44:14 - [TEST_STEP][PASSED] - selectOptionByValue: All options with value 'RLS-3596' are selected in object 'Object Repository/GOLive_Objects/Update Technical Details/Page_AIAManager/select_PpyWorkPagepProductsl1p (1)'  using regular expression

2017-11-28 14:44:14 - [MESSAGE][PASSED] - All options with value 'RLS-3596' are selected in object 'Object Repository/GOLive_Objects/Update Technical Details/Page_AIAManager/select_PpyWorkPagepProductsl1p (1)'  using regular expression

2017-11-28 14:44:14 - [TEST_STEP][PASSED] - scrollToElement: Scroll to object 'Object Repository/GOLive_Objects/Search/Page_AIAManager/div_Next' successfully

2017-11-28 14:44:14 - [MESSAGE][PASSED] - Scroll to object 'Object Repository/GOLive_Objects/Search/Page_AIAManager/div_Next' successfully

2017-11-28 14:44:14 - [TEST_STEP][PASSED] - click: Object: 'Object Repository/GOLive_Objects/Search/Page_AIAManager/div_Next' is clicked on

2017-11-28 14:44:14 - [MESSAGE][PASSED] - Object: 'Object Repository/GOLive_Objects/Search/Page_AIAManager/div_Next' is clicked on

2017-11-28 14:44:14 - [TEST_STEP][PASSED] - delay: Delayed 5 second(s)

2017-11-28 14:44:19 - [MESSAGE][PASSED] - Delayed 5 second(s)]]></system-out>
         <system-err><![CDATA[]]></system-err>
      </testcase>
      <testcase name="Test Cases/GOLIVE/Preview Email" classname="Test Cases/GOLIVE/Preview Email" status="PASSED">
         <system-out><![CDATA[2017-11-28 14:44:19 - [TEST_CASE][PASSED] - Test Cases/GOLIVE/Preview Email: Test Cases/GOLIVE/Preview Email

2017-11-28 14:44:19 - [TEST_STEP][PASSED] - delay: Delayed 5 second(s)

2017-11-28 14:44:24 - [MESSAGE][PASSED] - Delayed 5 second(s)

2017-11-28 14:44:24 - [TEST_STEP][PASSED] - scrollToElement: Scroll to object 'Object Repository/GOLive_Objects/PreviewEmail/Page_AIAManager/Submit' successfully

2017-11-28 14:44:24 - [MESSAGE][PASSED] - Scroll to object 'Object Repository/GOLive_Objects/PreviewEmail/Page_AIAManager/Submit' successfully

2017-11-28 14:44:24 - [TEST_STEP][PASSED] - click: Object: 'Object Repository/GOLive_Objects/PreviewEmail/Page_AIAManager/Submit' is clicked on

2017-11-28 14:44:25 - [MESSAGE][PASSED] - Object: 'Object Repository/GOLive_Objects/PreviewEmail/Page_AIAManager/Submit' is clicked on

2017-11-28 14:44:25 - [TEST_STEP][PASSED] - delay: Delayed 5 second(s)

2017-11-28 14:44:30 - [MESSAGE][PASSED] - Delayed 5 second(s)]]></system-out>
         <system-err><![CDATA[]]></system-err>
      </testcase>
      <testcase name="Test Cases/GOLIVE/PRApproval" classname="Test Cases/GOLIVE/PRApproval" status="FAILED">
         <failure type="FAILED" message="Unable to click on object 'Object Repository/GOLive_Objects/PRApprove/Page_AIAManager/PRApprove' (Root cause: com.kms.katalon.core.webui.exception.WebElementNotFoundException: Web element with id: 'Object Repository/GOLive_Objects/PRApprove/Page_AIAManager/PRApprove' located by 'By.xpath: //*[text() = 'Submit For Approval']' not found)"/>
         <system-out><![CDATA[2017-11-28 14:44:30 - [TEST_CASE][FAILED] - Test Cases/GOLIVE/PRApproval: Test Cases/GOLIVE/PRApproval FAILED because (of) Unable to click on object 'Object Repository/GOLive_Objects/PRApprove/Page_AIAManager/PRApprove' (Root cause: com.kms.katalon.core.webui.exception.WebElementNotFoundException: Web element with id: 'Object Repository/GOLive_Objects/PRApprove/Page_AIAManager/PRApprove' located by 'By.xpath: //*[text() = 'Submit For Approval']' not found)

2017-11-28 14:44:30 - [TEST_STEP][PASSED] - openBrowser: Browser is opened with url: ''

2017-11-28 14:44:30 - [MESSAGE][WARNING] - A browser is already opened. Closing browser and opening a new one

2017-11-28 14:44:33 - [MESSAGE][PASSED] - Browser is opened with url: ''

2017-11-28 14:44:33 - [TEST_STEP][PASSED] - navigateToUrl: Navigate to 'https://vciaqa.rpega.com:8333/ciaqa/PRServlet/dGKN-A6ThDliXf4sywRqw74EFIEOGY6R*/!STANDARD' successfully

2017-11-28 14:44:35 - [MESSAGE][PASSED] - Navigate to 'https://vciaqa.rpega.com:8333/ciaqa/PRServlet/dGKN-A6ThDliXf4sywRqw74EFIEOGY6R*/!STANDARD' successfully

2017-11-28 14:44:35 - [TEST_STEP][PASSED] - setText: Text 'fergc@pegasystems.com' is set on object 'Object Repository/GOLive_Objects/PRApprove/Page_Pega 7/input_UserIdentifier'

2017-11-28 14:44:35 - [MESSAGE][PASSED] - Text 'fergc@pegasystems.com' is set on object 'Object Repository/GOLive_Objects/PRApprove/Page_Pega 7/input_UserIdentifier'

2017-11-28 14:44:35 - [TEST_STEP][PASSED] - setText: Text 'install' is set on object 'Object Repository/GOLive_Objects/PRApprove/Page_Pega 7/input_Password'

2017-11-28 14:44:36 - [MESSAGE][PASSED] - Text 'install' is set on object 'Object Repository/GOLive_Objects/PRApprove/Page_Pega 7/input_Password'

2017-11-28 14:44:36 - [TEST_STEP][PASSED] - sendKeys: Keys '' sent to object: 'Object Repository/GOLive_Objects/PRApprove/Page_Pega 7/input_Password'

2017-11-28 14:44:41 - [MESSAGE][PASSED] - Keys '' sent to object: 'Object Repository/GOLive_Objects/PRApprove/Page_Pega 7/input_Password'

2017-11-28 14:44:41 - [TEST_STEP][PASSED] - maximizeWindow: Current window maximized

2017-11-28 14:44:43 - [MESSAGE][PASSED] - Current window maximized

2017-11-28 14:44:43 - [TEST_STEP][PASSED] - click: Object: 'Object Repository/GOLive_Objects/Search/Page_AIAManager/span_Advanced Search' is clicked on

2017-11-28 14:44:43 - [MESSAGE][PASSED] - Object: 'Object Repository/GOLive_Objects/Search/Page_AIAManager/span_Advanced Search' is clicked on

2017-11-28 14:44:43 - [TEST_STEP][PASSED] - click: Object: 'Object Repository/GOLive_Objects/Search/Page_AIAManager/label_Go Live' is clicked on

2017-11-28 14:44:44 - [MESSAGE][PASSED] - Object: 'Object Repository/GOLive_Objects/Search/Page_AIAManager/label_Go Live' is clicked on

2017-11-28 14:44:44 - [TEST_STEP][PASSED] - setText: Text 'OGL-1751' is set on object 'Object Repository/GOLive_Objects/Search/Page_AIAManager/input_PpyDisplayHarnesspSearch'

2017-11-28 14:44:45 - [MESSAGE][PASSED] - Text 'OGL-1751' is set on object 'Object Repository/GOLive_Objects/Search/Page_AIAManager/input_PpyDisplayHarnesspSearch'

2017-11-28 14:44:45 - [TEST_STEP][PASSED] - click: Object: 'Object Repository/GOLive_Objects/Search/Page_AIAManager/div_Search' is clicked on

2017-11-28 14:44:45 - [MESSAGE][PASSED] - Object: 'Object Repository/GOLive_Objects/Search/Page_AIAManager/div_Search' is clicked on

2017-11-28 14:44:45 - [TEST_STEP][PASSED] - doubleClick: Object: 'Object Repository/GOLive_Objects/PRApprove/Page_AIAManager/span_OGL-1722' is double clicked on

2017-11-28 14:44:46 - [MESSAGE][PASSED] - Object: 'Object Repository/GOLive_Objects/PRApprove/Page_AIAManager/span_OGL-1722' is double clicked on

2017-11-28 14:44:48 - [TEST_STEP][PASSED] - click: Object: 'Object Repository/GOLive_Objects/PRApprove/Page_AIAManager/a_ApproveStory' is clicked on

2017-11-28 14:44:49 - [MESSAGE][PASSED] - Object: 'Object Repository/GOLive_Objects/PRApprove/Page_AIAManager/a_ApproveStory' is clicked on

2017-11-28 14:44:49 - [TEST_STEP][PASSED] - click: Object: 'Object Repository/GOLive_Objects/PRApprove/Page_AIAManager/ReviewButton' is clicked on

2017-11-28 14:44:49 - [MESSAGE][PASSED] - Object: 'Object Repository/GOLive_Objects/PRApprove/Page_AIAManager/ReviewButton' is clicked on

2017-11-28 14:44:50 - [TEST_STEP][PASSED] - delay: Delayed 2 second(s)

2017-11-28 14:44:52 - [MESSAGE][PASSED] - Delayed 2 second(s)

2017-11-28 14:44:52 - [TEST_STEP][PASSED] - click: Object: 'Object Repository/GOLive_Objects/PRApprove/Page_AIAManager/input_PpyWorkPagepIsCloudImpl' is clicked on

2017-11-28 14:44:52 - [MESSAGE][PASSED] - Object: 'Object Repository/GOLive_Objects/PRApprove/Page_AIAManager/input_PpyWorkPagepIsCloudImpl' is clicked on

2017-11-28 14:44:52 - [TEST_STEP][PASSED] - delay: Delayed 2 second(s)

2017-11-28 14:44:54 - [MESSAGE][PASSED] - Delayed 2 second(s)

2017-11-28 14:44:54 - [TEST_STEP][PASSED] - click: Object: 'Object Repository/GOLive_Objects/PRApprove/Page_AIAManager/input_PpyWorkPagepCloudUse' is clicked on

2017-11-28 14:44:54 - [MESSAGE][PASSED] - Object: 'Object Repository/GOLive_Objects/PRApprove/Page_AIAManager/input_PpyWorkPagepCloudUse' is clicked on

2017-11-28 14:44:54 - [TEST_STEP][PASSED] - delay: Delayed 2 second(s)

2017-11-28 14:44:56 - [MESSAGE][PASSED] - Delayed 2 second(s)

2017-11-28 14:44:56 - [TEST_STEP][PASSED] - click: Object: 'Object Repository/GOLive_Objects/PRApprove/Page_AIAManager/input_PpyWorkPagepTypeOfCloud' is clicked on

2017-11-28 14:44:56 - [MESSAGE][PASSED] - Object: 'Object Repository/GOLive_Objects/PRApprove/Page_AIAManager/input_PpyWorkPagepTypeOfCloud' is clicked on

2017-11-28 14:44:56 - [TEST_STEP][PASSED] - delay: Delayed 2 second(s)

2017-11-28 14:44:58 - [MESSAGE][PASSED] - Delayed 2 second(s)

2017-11-28 14:44:58 - [TEST_STEP][PASSED] - setText: Text 'Partner Cloud' is set on object 'Object Repository/GOLive_Objects/PRApprove/Page_AIAManager/input_PpyWorkPagepNameOfCloudP'

2017-11-28 14:44:59 - [MESSAGE][PASSED] - Text 'Partner Cloud' is set on object 'Object Repository/GOLive_Objects/PRApprove/Page_AIAManager/input_PpyWorkPagepNameOfCloudP'

2017-11-28 14:44:59 - [TEST_STEP][PASSED] - scrollToElement: Scroll to object 'Object Repository/GOLive_Objects/Search/Page_AIAManager/div_Next' successfully

2017-11-28 14:44:59 - [MESSAGE][PASSED] - Scroll to object 'Object Repository/GOLive_Objects/Search/Page_AIAManager/div_Next' successfully

2017-11-28 14:44:59 - [TEST_STEP][PASSED] - click: Object: 'Object Repository/GOLive_Objects/Search/Page_AIAManager/div_Next' is clicked on

2017-11-28 14:44:59 - [MESSAGE][PASSED] - Object: 'Object Repository/GOLive_Objects/Search/Page_AIAManager/div_Next' is clicked on

2017-11-28 14:44:59 - [TEST_STEP][PASSED] - delay: Delayed 5 second(s)

2017-11-28 14:45:04 - [MESSAGE][PASSED] - Delayed 5 second(s)

2017-11-28 14:45:04 - [TEST_STEP][PASSED] - scrollToElement: Scroll to object 'Object Repository/GOLive_Objects/Search/Page_AIAManager/div_Next' successfully

2017-11-28 14:45:04 - [MESSAGE][PASSED] - Scroll to object 'Object Repository/GOLive_Objects/Search/Page_AIAManager/div_Next' successfully

2017-11-28 14:45:04 - [TEST_STEP][PASSED] - click: Object: 'Object Repository/GOLive_Objects/Search/Page_AIAManager/div_Next' is clicked on

2017-11-28 14:45:04 - [MESSAGE][PASSED] - Object: 'Object Repository/GOLive_Objects/Search/Page_AIAManager/div_Next' is clicked on

2017-11-28 14:45:04 - [TEST_STEP][PASSED] - click: Object: 'Object Repository/GOLive_Objects/PRApprove/Page_AIAManager/AddIcon' is clicked on

2017-11-28 14:45:06 - [MESSAGE][PASSED] - Object: 'Object Repository/GOLive_Objects/PRApprove/Page_AIAManager/AddIcon' is clicked on

2017-11-28 14:45:06 - [TEST_STEP][PASSED] - selectOptionByValue: All options with value 'Ind7' are selected in object 'Object Repository/GOLive_Objects/Update Technical Details/Page_AIAManager/select_PpyWorkPagepSolutionMap (4)'  using regular expression

2017-11-28 14:45:07 - [MESSAGE][PASSED] - All options with value 'Ind7' are selected in object 'Object Repository/GOLive_Objects/Update Technical Details/Page_AIAManager/select_PpyWorkPagepSolutionMap (4)'  using regular expression

2017-11-28 14:45:07 - [TEST_STEP][PASSED] - delay: Delayed 2 second(s)

2017-11-28 14:45:09 - [MESSAGE][PASSED] - Delayed 2 second(s)

2017-11-28 14:45:09 - [TEST_STEP][PASSED] - selectOptionByValue: All options with value 'IndSeg23' are selected in object 'Object Repository/GOLive_Objects/Update Technical Details/Page_AIAManager/select_PpyWorkPagepSolutionMap (5)'  using regular expression

2017-11-28 14:45:09 - [MESSAGE][PASSED] - All options with value 'IndSeg23' are selected in object 'Object Repository/GOLive_Objects/Update Technical Details/Page_AIAManager/select_PpyWorkPagepSolutionMap (5)'  using regular expression

2017-11-28 14:45:09 - [TEST_STEP][PASSED] - delay: Delayed 2 second(s)

2017-11-28 14:45:11 - [MESSAGE][PASSED] - Delayed 2 second(s)

2017-11-28 14:45:11 - [TEST_STEP][PASSED] - selectOptionByValue: All options with value 'N/A' are selected in object 'Object Repository/GOLive_Objects/Update Technical Details/Page_AIAManager/Application_Area(2)'  using regular expression

2017-11-28 14:45:11 - [MESSAGE][PASSED] - All options with value 'N/A' are selected in object 'Object Repository/GOLive_Objects/Update Technical Details/Page_AIAManager/Application_Area(2)'  using regular expression

2017-11-28 14:45:11 - [TEST_STEP][PASSED] - scrollToElement: Scroll to object 'Object Repository/GOLive_Objects/Search/Page_AIAManager/div_Next' successfully

2017-11-28 14:45:11 - [MESSAGE][PASSED] - Scroll to object 'Object Repository/GOLive_Objects/Search/Page_AIAManager/div_Next' successfully

2017-11-28 14:45:11 - [TEST_STEP][PASSED] - click: Object: 'Object Repository/GOLive_Objects/Search/Page_AIAManager/div_Next' is clicked on

2017-11-28 14:45:11 - [MESSAGE][PASSED] - Object: 'Object Repository/GOLive_Objects/Search/Page_AIAManager/div_Next' is clicked on

2017-11-28 14:45:11 - [TEST_STEP][PASSED] - delay: Delayed 5 second(s)

2017-11-28 14:45:16 - [MESSAGE][PASSED] - Delayed 5 second(s)

2017-11-28 14:45:16 - [TEST_STEP][PASSED] - callTestCase: Call Test Case 'Test Cases/GOLIVE/Preview Email' successfully

2017-11-28 14:45:17 - [TEST_CASE][PASSED] - Test Cases/GOLIVE/Preview Email: Test Cases/GOLIVE/Preview Email

2017-11-28 14:45:17 - [TEST_STEP][PASSED] - delay: Delayed 5 second(s)

2017-11-28 14:45:22 - [MESSAGE][PASSED] - Delayed 5 second(s)

2017-11-28 14:45:22 - [TEST_STEP][PASSED] - scrollToElement: Scroll to object 'Object Repository/GOLive_Objects/PreviewEmail/Page_AIAManager/Submit' successfully

2017-11-28 14:45:22 - [MESSAGE][PASSED] - Scroll to object 'Object Repository/GOLive_Objects/PreviewEmail/Page_AIAManager/Submit' successfully

2017-11-28 14:45:22 - [TEST_STEP][PASSED] - click: Object: 'Object Repository/GOLive_Objects/PreviewEmail/Page_AIAManager/Submit' is clicked on

2017-11-28 14:45:22 - [MESSAGE][PASSED] - Object: 'Object Repository/GOLive_Objects/PreviewEmail/Page_AIAManager/Submit' is clicked on

2017-11-28 14:45:22 - [TEST_STEP][PASSED] - delay: Delayed 5 second(s)

2017-11-28 14:45:27 - [MESSAGE][PASSED] - Delayed 5 second(s)

2017-11-28 14:45:27 - [MESSAGE][PASSED] - Call Test Case 'Test Cases/GOLIVE/Preview Email' successfully

2017-11-28 14:45:27 - [TEST_STEP][PASSED] - delay: Delayed 5 second(s)

2017-11-28 14:45:32 - [MESSAGE][PASSED] - Delayed 5 second(s)

2017-11-28 14:45:32 - [TEST_STEP][FAILED] - click: Unable to click on object 'Object Repository/GOLive_Objects/PRApprove/Page_AIAManager/PRApprove' (Root cause: com.kms.katalon.core.webui.exception.WebElementNotFoundException: Web element with id: 'Object Repository/GOLive_Objects/PRApprove/Page_AIAManager/PRApprove' located by 'By.xpath: //*[text() = 'Submit For Approval']' not found)

2017-11-28 14:46:04 - [MESSAGE][FAILED] - Unable to click on object 'Object Repository/GOLive_Objects/PRApprove/Page_AIAManager/PRApprove' (Root cause: com.kms.katalon.core.webui.exception.WebElementNotFoundException: Web element with id: 'Object Repository/GOLive_Objects/PRApprove/Page_AIAManager/PRApprove' located by 'By.xpath: //*[text() = 'Submit For Approval']' not found)
[[ATTACHMENT|C:\\Users\\raycp\\Desktop\\COE\\Reports\\Pooja\\GoLive_Test Suite\\Verify Technical details\\20171128_144314\\1511860564143.png]]]]></system-out>
         <system-err><![CDATA[2017-11-28 14:44:30 - [TEST_CASE][FAILED] - Test Cases/GOLIVE/PRApproval: Test Cases/GOLIVE/PRApproval FAILED because (of) Unable to click on object 'Object Repository/GOLive_Objects/PRApprove/Page_AIAManager/PRApprove' (Root cause: com.kms.katalon.core.webui.exception.WebElementNotFoundException: Web element with id: 'Object Repository/GOLive_Objects/PRApprove/Page_AIAManager/PRApprove' located by 'By.xpath: //*[text() = 'Submit For Approval']' not found)]]></system-err>
      </testcase>
      <system-out><![CDATA[2017-11-28 14:43:16 - [TEST_SUITE][FAILED] - Verify Technical details: Test Cases/GOLIVE/PRApproval FAILED because (of) Unable to click on object 'Object Repository/GOLive_Objects/PRApprove/Page_AIAManager/PRApprove' (Root cause: com.kms.katalon.core.webui.exception.WebElementNotFoundException: Web element with id: 'Object Repository/GOLive_Objects/PRApprove/Page_AIAManager/PRApprove' located by 'By.xpath: //*[text() = 'Submit For Approval']' not found)]]></system-out>
      <system-err><![CDATA[2017-11-28 14:43:16 - [TEST_SUITE][FAILED] - Verify Technical details: Test Cases/GOLIVE/PRApproval FAILED because (of) Unable to click on object 'Object Repository/GOLive_Objects/PRApprove/Page_AIAManager/PRApprove' (Root cause: com.kms.katalon.core.webui.exception.WebElementNotFoundException: Web element with id: 'Object Repository/GOLive_Objects/PRApprove/Page_AIAManager/PRApprove' located by 'By.xpath: //*[text() = 'Submit For Approval']' not found)]]></system-err>
   </testsuite>
</testsuites>
