<?xml version="1.0" encoding="UTF-8"?>
<testsuites name="GoLive" time="30" tests="1" failures="1" errors="0">
   <testsuite name="GoLive" tests="1" failures="1" errors="0" time="30" timestamp="2017-11-10 10:12:00" hostname="raycp - L23017WIN.rpega.com" id="Test Suites/Pooja/GoLive">
      <properties>
         <property name="deviceName" value=""/>
         <property name="devicePlatform" value=""/>
         <property name="logFolder" value="C:\\Users\\raycp\\Desktop\\COE\\Reports\\Pooja\\GoLive\\20171110_101158"/>
         <property name="logFiles" value="C:\\Users\\raycp\\Desktop\\COE\\Reports\\Pooja\\GoLive\\20171110_101158\\execution0.log"/>
         <property name="attachments" value="C:\\Users\\raycp\\Desktop\\COE\\Reports\\Pooja\\GoLive\\20171110_101158\\1510288949497.png"/>
         <property name="hostName" value="raycp - L23017WIN.rpega.com"/>
         <property name="os" value="Windows 10 32bit"/>
         <property name="katalonVersion" value="4.8.0.2"/>
         <property name="browser" value="Chrome 61.0.3163.100"/>
         <property name="hostAddress" value="10.150.113.10"/>
         <property name="sessionId" value="05f505349071dd93e490259c55a2db6f"/>
         <property name="seleniumVersion" value="2.53.0"/>
         <property name="proxyInformation" value="ProxyInformation{proxyOption=NO_PROXY, proxyServerType=HTTP, password=, proxyServerAddress=, proxyServerPort=0}"/>
         <property name="platform" value="Windows 10"/>
      </properties>
      <testcase name="Test Cases/GOLIVE/Go_Live" classname="Test Cases/GOLIVE/Go_Live" status="PASSED">
         <system-out><![CDATA[2017-11-10 10:12:00 - [TEST_CASE][PASSED] - Test Cases/GOLIVE/Go_Live: Test Cases/GOLIVE/Go_Live

2017-11-10 10:12:00 - [TEST_STEP][PASSED] - openBrowser: Browser is opened with url: ''

2017-11-10 10:12:03 - [MESSAGE][PASSED] - Browser is opened with url: ''

2017-11-10 10:12:03 - [TEST_STEP][PASSED] - navigateToUrl: Navigate to 'https://vciaqa.rpega.com:8333/ciaqa/PRServlet/dGKN-A6ThDliXf4sywRqw74EFIEOGY6R*/!STANDARD' successfully

2017-11-10 10:12:05 - [MESSAGE][PASSED] - Navigate to 'https://vciaqa.rpega.com:8333/ciaqa/PRServlet/dGKN-A6ThDliXf4sywRqw74EFIEOGY6R*/!STANDARD' successfully

2017-11-10 10:12:05 - [TEST_STEP][PASSED] - setText: Text 'hendj@pegasystems.com' is set on object 'Object Repository/GOLive_Objects/Page_Pega 7/input_UserIdentifier'

2017-11-10 10:12:05 - [MESSAGE][PASSED] - Text 'hendj@pegasystems.com' is set on object 'Object Repository/GOLive_Objects/Page_Pega 7/input_UserIdentifier'

2017-11-10 10:12:05 - [TEST_STEP][PASSED] - setText: Text 'install' is set on object 'Object Repository/GOLive_Objects/Page_Pega 7/input_Password'

2017-11-10 10:12:06 - [MESSAGE][PASSED] - Text 'install' is set on object 'Object Repository/GOLive_Objects/Page_Pega 7/input_Password'

2017-11-10 10:12:06 - [TEST_STEP][PASSED] - click: Object: 'Object Repository/GOLive_Objects/Page_Pega 7/button_pyActivityCode-Security' is clicked on

2017-11-10 10:12:12 - [MESSAGE][PASSED] - Object: 'Object Repository/GOLive_Objects/Page_Pega 7/button_pyActivityCode-Security' is clicked on

2017-11-10 10:12:12 - [TEST_STEP][PASSED] - maximizeWindow: Current window maximized

2017-11-10 10:12:13 - [MESSAGE][PASSED] - Current window maximized

2017-11-10 10:12:13 - [TEST_STEP][PASSED] - click: Object: 'Object Repository/GOLive_Objects/Page_AIAManager/div_Enter Go Live' is clicked on

2017-11-10 10:12:13 - [MESSAGE][PASSED] - Object: 'Object Repository/GOLive_Objects/Page_AIAManager/div_Enter Go Live' is clicked on

2017-11-10 10:12:17 - [TEST_STEP][PASSED] - sendKeys: Keys 'IM-1' sent to object: 'Object Repository/GOLive_Objects/Page_AIAManager/select_PpyWorkPagepImplementat'

2017-11-10 10:12:17 - [MESSAGE][PASSED] - Keys 'IM-1' sent to object: 'Object Repository/GOLive_Objects/Page_AIAManager/select_PpyWorkPagepImplementat'

2017-11-10 10:12:17 - [TEST_STEP][PASSED] - setText: Text 'BOFA' is set on object 'Object Repository/GOLive_Objects/Page_AIAManager/input_PpyWorkPagepPacOrgID'

2017-11-10 10:12:18 - [MESSAGE][PASSED] - Text 'BOFA' is set on object 'Object Repository/GOLive_Objects/Page_AIAManager/input_PpyWorkPagepPacOrgID'

2017-11-10 10:12:18 - [TEST_STEP][PASSED] - click: Object: 'Object Repository/GOLive_Objects/SelectOrg' is clicked on

2017-11-10 10:12:19 - [MESSAGE][PASSED] - Object: 'Object Repository/GOLive_Objects/SelectOrg' is clicked on

2017-11-10 10:12:19 - [TEST_STEP][PASSED] - delay: Delayed 2 second(s)

2017-11-10 10:12:21 - [MESSAGE][PASSED] - Delayed 2 second(s)

2017-11-10 10:12:21 - [TEST_STEP][PASSED] - setText: Text 'BOFAUK' is set on object 'Object Repository/GOLive_Objects/Account'

2017-11-10 10:12:21 - [MESSAGE][PASSED] - Text 'BOFAUK' is set on object 'Object Repository/GOLive_Objects/Account'

2017-11-10 10:12:21 - [TEST_STEP][PASSED] - click: Object: 'Object Repository/GOLive_Objects/Select_Acc' is clicked on

2017-11-10 10:12:22 - [MESSAGE][PASSED] - Object: 'Object Repository/GOLive_Objects/Select_Acc' is clicked on

2017-11-10 10:12:22 - [TEST_STEP][PASSED] - delay: Delayed 2 second(s)

2017-11-10 10:12:24 - [MESSAGE][PASSED] - Delayed 2 second(s)

2017-11-10 10:12:24 - [TEST_STEP][PASSED] - click: Object: 'Object Repository/GOLive_Objects/Page_AIAManager/select_PpyWorkPagepEngagementI' is clicked on

2017-11-10 10:12:24 - [MESSAGE][PASSED] - Object: 'Object Repository/GOLive_Objects/Page_AIAManager/select_PpyWorkPagepEngagementI' is clicked on

2017-11-10 10:12:24 - [TEST_STEP][PASSED] - click: Object: 'Object Repository/GOLive_Objects/Engagement' is clicked on

2017-11-10 10:12:24 - [MESSAGE][PASSED] - Object: 'Object Repository/GOLive_Objects/Engagement' is clicked on

2017-11-10 10:12:24 - [TEST_STEP][PASSED] - setText: Text 'COMMENT' is set on object 'Object Repository/GOLive_Objects/Page_AIAManager/textarea_PpyWorkPagepComments'

2017-11-10 10:12:25 - [MESSAGE][PASSED] - Text 'COMMENT' is set on object 'Object Repository/GOLive_Objects/Page_AIAManager/textarea_PpyWorkPagepComments'

2017-11-10 10:12:25 - [TEST_STEP][PASSED] - delay: Delayed 1 second(s)

2017-11-10 10:12:26 - [MESSAGE][PASSED] - Delayed 1 second(s)

2017-11-10 10:12:26 - [TEST_STEP][PASSED] - setText: Text 'Bank Of America' is set on object 'Object Repository/GOLive_Objects/Page_AIAManager/input_PpyWorkPagepAnnouncement'

2017-11-10 10:12:26 - [MESSAGE][PASSED] - Text 'Bank Of America' is set on object 'Object Repository/GOLive_Objects/Page_AIAManager/input_PpyWorkPagepAnnouncement'

2017-11-10 10:12:26 - [TEST_STEP][PASSED] - click: Object: 'Object Repository/GOLive_Objects/Page_AIAManager/img_inactvIcon icnHvr' is clicked on

2017-11-10 10:12:27 - [MESSAGE][PASSED] - Object: 'Object Repository/GOLive_Objects/Page_AIAManager/img_inactvIcon icnHvr' is clicked on

2017-11-10 10:12:27 - [TEST_STEP][PASSED] - click: Object: 'Object Repository/GOLive_Objects/Page_AIAManager/a_14' is clicked on

2017-11-10 10:12:27 - [MESSAGE][PASSED] - Object: 'Object Repository/GOLive_Objects/Page_AIAManager/a_14' is clicked on

2017-11-10 10:12:27 - [TEST_STEP][PASSED] - click: Object: 'Object Repository/GOLive_Objects/Page_AIAManager/input_PpyWorkPagepIsRapidDeliv' is clicked on

2017-11-10 10:12:28 - [MESSAGE][PASSED] - Object: 'Object Repository/GOLive_Objects/Page_AIAManager/input_PpyWorkPagepIsRapidDeliv' is clicked on

2017-11-10 10:12:28 - [TEST_STEP][PASSED] - click: Object: 'Object Repository/GOLive_Objects/Page_AIAManager/input_PpyWorkPagepIsCorporateM' is clicked on

2017-11-10 10:12:28 - [MESSAGE][PASSED] - Object: 'Object Repository/GOLive_Objects/Page_AIAManager/input_PpyWorkPagepIsCorporateM' is clicked on

2017-11-10 10:12:28 - [TEST_STEP][PASSED] - click: Object: 'Object Repository/GOLive_Objects/Page_AIAManager/input_PpyWorkPagepMinorRelease' is clicked on

2017-11-10 10:12:28 - [MESSAGE][PASSED] - Object: 'Object Repository/GOLive_Objects/Page_AIAManager/input_PpyWorkPagepMinorRelease' is clicked on

2017-11-10 10:12:28 - [TEST_STEP][PASSED] - selectOptionByValue: All options with value 'Pega-Led' are selected in object 'Object Repository/GOLive_Objects/Page_AIAManager/select_PpyWorkPagepDeliveryMod'  using regular expression

2017-11-10 10:12:28 - [MESSAGE][PASSED] - All options with value 'Pega-Led' are selected in object 'Object Repository/GOLive_Objects/Page_AIAManager/select_PpyWorkPagepDeliveryMod'  using regular expression

2017-11-10 10:12:28 - [TEST_STEP][PASSED] - click: Object: 'Object Repository/GOLive_Objects/Page_AIAManager/input_PpyWorkPagepIsCloudImpl' is clicked on

2017-11-10 10:12:28 - [MESSAGE][PASSED] - Object: 'Object Repository/GOLive_Objects/Page_AIAManager/input_PpyWorkPagepIsCloudImpl' is clicked on

2017-11-10 10:12:28 - [TEST_STEP][PASSED] - click: Object: 'Object Repository/GOLive_Objects/Page_AIAManager/input_PpyWorkPagepNoAssociated' is clicked on

2017-11-10 10:12:29 - [MESSAGE][PASSED] - Object: 'Object Repository/GOLive_Objects/Page_AIAManager/input_PpyWorkPagepNoAssociated' is clicked on]]></system-out>
         <system-err><![CDATA[]]></system-err>
      </testcase>
      <testcase name="Test Cases/GOLIVE/ClickNext" classname="Test Cases/GOLIVE/ClickNext" status="FAILED">
         <failure type="FAILED" message="Unable to click on object 'Object Repository/GOLive_Objects/Page_AIAManager/div_Next' (Root cause: org.openqa.selenium.WebDriverException: unknown error: Element is not clickable at point (876, 979)
  (Session info: chrome=61.0.3163.100)
  (Driver info: chromedriver=2.31.488763 (092de99f48a300323ecf8c2a4e2e7cab51de5ba8),platform=Windows NT 10.0.15063 x86_64) (WARNING: The server did not provide any stacktrace information)
Command duration or timeout: 52 milliseconds
Build info: version: '2.53.0', revision: '35ae25b', time: '2016-03-15 17:00:58'
System info: host: 'L23017WIN', ip: '10.150.113.10', os.name: 'Windows 10', os.arch: 'x86', os.version: '10.0', java.version: '1.8.0_102'
Driver info: com.kms.katalon.selenium.driver.CChromeDriver
Capabilities [{applicationCacheEnabled=false, rotatable=false, mobileEmulationEnabled=false, networkConnectionEnabled=false, chrome={chromedriverVersion=2.31.488763 (092de99f48a300323ecf8c2a4e2e7cab51de5ba8), userDataDir=C:\Users\raycp\AppData\Local\Temp\scoped_dir13012_1010}, takesHeapSnapshot=true, pageLoadStrategy=normal, databaseEnabled=false, handlesAlerts=true, hasTouchScreen=false, version=61.0.3163.100, platform=XP, browserConnectionEnabled=false, nativeEvents=true, acceptSslCerts=true, locationContextEnabled=true, webStorageEnabled=true, browserName=chrome, takesScreenshot=true, javascriptEnabled=true, cssSelectorsEnabled=true, setWindowRect=true, unexpectedAlertBehaviour=}]
Session ID: 05f505349071dd93e490259c55a2db6f)"/>
         <system-out><![CDATA[2017-11-10 10:12:29 - [TEST_CASE][FAILED] - Test Cases/GOLIVE/ClickNext: Test Cases/GOLIVE/ClickNext FAILED because (of) Unable to click on object 'Object Repository/GOLive_Objects/Page_AIAManager/div_Next' (Root cause: org.openqa.selenium.WebDriverException: unknown error: Element is not clickable at point (876, 979)
  (Session info: chrome=61.0.3163.100)
  (Driver info: chromedriver=2.31.488763 (092de99f48a300323ecf8c2a4e2e7cab51de5ba8),platform=Windows NT 10.0.15063 x86_64) (WARNING: The server did not provide any stacktrace information)
Command duration or timeout: 52 milliseconds
Build info: version: '2.53.0', revision: '35ae25b', time: '2016-03-15 17:00:58'
System info: host: 'L23017WIN', ip: '10.150.113.10', os.name: 'Windows 10', os.arch: 'x86', os.version: '10.0', java.version: '1.8.0_102'
Driver info: com.kms.katalon.selenium.driver.CChromeDriver
Capabilities [{applicationCacheEnabled=false, rotatable=false, mobileEmulationEnabled=false, networkConnectionEnabled=false, chrome={chromedriverVersion=2.31.488763 (092de99f48a300323ecf8c2a4e2e7cab51de5ba8), userDataDir=C:\Users\raycp\AppData\Local\Temp\scoped_dir13012_1010}, takesHeapSnapshot=true, pageLoadStrategy=normal, databaseEnabled=false, handlesAlerts=true, hasTouchScreen=false, version=61.0.3163.100, platform=XP, browserConnectionEnabled=false, nativeEvents=true, acceptSslCerts=true, locationContextEnabled=true, webStorageEnabled=true, browserName=chrome, takesScreenshot=true, javascriptEnabled=true, cssSelectorsEnabled=true, setWindowRect=true, unexpectedAlertBehaviour=}]
Session ID: 05f505349071dd93e490259c55a2db6f)

2017-11-10 10:12:29 - [TEST_STEP][FAILED] - click: Unable to click on object 'Object Repository/GOLive_Objects/Page_AIAManager/div_Next' (Root cause: org.openqa.selenium.WebDriverException: unknown error: Element is not clickable at point (876, 979)
  (Session info: chrome=61.0.3163.100)
  (Driver info: chromedriver=2.31.488763 (092de99f48a300323ecf8c2a4e2e7cab51de5ba8),platform=Windows NT 10.0.15063 x86_64) (WARNING: The server did not provide any stacktrace information)
Command duration or timeout: 52 milliseconds
Build info: version: '2.53.0', revision: '35ae25b', time: '2016-03-15 17:00:58'
System info: host: 'L23017WIN', ip: '10.150.113.10', os.name: 'Windows 10', os.arch: 'x86', os.version: '10.0', java.version: '1.8.0_102'
Driver info: com.kms.katalon.selenium.driver.CChromeDriver
Capabilities [{applicationCacheEnabled=false, rotatable=false, mobileEmulationEnabled=false, networkConnectionEnabled=false, chrome={chromedriverVersion=2.31.488763 (092de99f48a300323ecf8c2a4e2e7cab51de5ba8), userDataDir=C:\Users\raycp\AppData\Local\Temp\scoped_dir13012_1010}, takesHeapSnapshot=true, pageLoadStrategy=normal, databaseEnabled=false, handlesAlerts=true, hasTouchScreen=false, version=61.0.3163.100, platform=XP, browserConnectionEnabled=false, nativeEvents=true, acceptSslCerts=true, locationContextEnabled=true, webStorageEnabled=true, browserName=chrome, takesScreenshot=true, javascriptEnabled=true, cssSelectorsEnabled=true, setWindowRect=true, unexpectedAlertBehaviour=}]
Session ID: 05f505349071dd93e490259c55a2db6f)

2017-11-10 10:12:29 - [MESSAGE][FAILED] - Unable to click on object 'Object Repository/GOLive_Objects/Page_AIAManager/div_Next' (Root cause: org.openqa.selenium.WebDriverException: unknown error: Element is not clickable at point (876, 979)
  (Session info: chrome=61.0.3163.100)
  (Driver info: chromedriver=2.31.488763 (092de99f48a300323ecf8c2a4e2e7cab51de5ba8),platform=Windows NT 10.0.15063 x86_64) (WARNING: The server did not provide any stacktrace information)
Command duration or timeout: 52 milliseconds
Build info: version: '2.53.0', revision: '35ae25b', time: '2016-03-15 17:00:58'
System info: host: 'L23017WIN', ip: '10.150.113.10', os.name: 'Windows 10', os.arch: 'x86', os.version: '10.0', java.version: '1.8.0_102'
Driver info: com.kms.katalon.selenium.driver.CChromeDriver
Capabilities [{applicationCacheEnabled=false, rotatable=false, mobileEmulationEnabled=false, networkConnectionEnabled=false, chrome={chromedriverVersion=2.31.488763 (092de99f48a300323ecf8c2a4e2e7cab51de5ba8), userDataDir=C:\Users\raycp\AppData\Local\Temp\scoped_dir13012_1010}, takesHeapSnapshot=true, pageLoadStrategy=normal, databaseEnabled=false, handlesAlerts=true, hasTouchScreen=false, version=61.0.3163.100, platform=XP, browserConnectionEnabled=false, nativeEvents=true, acceptSslCerts=true, locationContextEnabled=true, webStorageEnabled=true, browserName=chrome, takesScreenshot=true, javascriptEnabled=true, cssSelectorsEnabled=true, setWindowRect=true, unexpectedAlertBehaviour=}]
Session ID: 05f505349071dd93e490259c55a2db6f)
[[ATTACHMENT|C:\\Users\\raycp\\Desktop\\COE\\Reports\\Pooja\\GoLive\\20171110_101158\\1510288949497.png]]]]></system-out>
         <system-err><![CDATA[2017-11-10 10:12:29 - [TEST_CASE][FAILED] - Test Cases/GOLIVE/ClickNext: Test Cases/GOLIVE/ClickNext FAILED because (of) Unable to click on object 'Object Repository/GOLive_Objects/Page_AIAManager/div_Next' (Root cause: org.openqa.selenium.WebDriverException: unknown error: Element is not clickable at point (876, 979)
  (Session info: chrome=61.0.3163.100)
  (Driver info: chromedriver=2.31.488763 (092de99f48a300323ecf8c2a4e2e7cab51de5ba8),platform=Windows NT 10.0.15063 x86_64) (WARNING: The server did not provide any stacktrace information)
Command duration or timeout: 52 milliseconds
Build info: version: '2.53.0', revision: '35ae25b', time: '2016-03-15 17:00:58'
System info: host: 'L23017WIN', ip: '10.150.113.10', os.name: 'Windows 10', os.arch: 'x86', os.version: '10.0', java.version: '1.8.0_102'
Driver info: com.kms.katalon.selenium.driver.CChromeDriver
Capabilities [{applicationCacheEnabled=false, rotatable=false, mobileEmulationEnabled=false, networkConnectionEnabled=false, chrome={chromedriverVersion=2.31.488763 (092de99f48a300323ecf8c2a4e2e7cab51de5ba8), userDataDir=C:\Users\raycp\AppData\Local\Temp\scoped_dir13012_1010}, takesHeapSnapshot=true, pageLoadStrategy=normal, databaseEnabled=false, handlesAlerts=true, hasTouchScreen=false, version=61.0.3163.100, platform=XP, browserConnectionEnabled=false, nativeEvents=true, acceptSslCerts=true, locationContextEnabled=true, webStorageEnabled=true, browserName=chrome, takesScreenshot=true, javascriptEnabled=true, cssSelectorsEnabled=true, setWindowRect=true, unexpectedAlertBehaviour=}]
Session ID: 05f505349071dd93e490259c55a2db6f)]]></system-err>
      </testcase>
      <system-out><![CDATA[2017-11-10 10:12:00 - [TEST_SUITE][FAILED] - GoLive: Test Cases/GOLIVE/ClickNext FAILED because (of) Unable to click on object 'Object Repository/GOLive_Objects/Page_AIAManager/div_Next' (Root cause: org.openqa.selenium.WebDriverException: unknown error: Element is not clickable at point (876, 979)
  (Session info: chrome=61.0.3163.100)
  (Driver info: chromedriver=2.31.488763 (092de99f48a300323ecf8c2a4e2e7cab51de5ba8),platform=Windows NT 10.0.15063 x86_64) (WARNING: The server did not provide any stacktrace information)
Command duration or timeout: 52 milliseconds
Build info: version: '2.53.0', revision: '35ae25b', time: '2016-03-15 17:00:58'
System info: host: 'L23017WIN', ip: '10.150.113.10', os.name: 'Windows 10', os.arch: 'x86', os.version: '10.0', java.version: '1.8.0_102'
Driver info: com.kms.katalon.selenium.driver.CChromeDriver
Capabilities [{applicationCacheEnabled=false, rotatable=false, mobileEmulationEnabled=false, networkConnectionEnabled=false, chrome={chromedriverVersion=2.31.488763 (092de99f48a300323ecf8c2a4e2e7cab51de5ba8), userDataDir=C:\Users\raycp\AppData\Local\Temp\scoped_dir13012_1010}, takesHeapSnapshot=true, pageLoadStrategy=normal, databaseEnabled=false, handlesAlerts=true, hasTouchScreen=false, version=61.0.3163.100, platform=XP, browserConnectionEnabled=false, nativeEvents=true, acceptSslCerts=true, locationContextEnabled=true, webStorageEnabled=true, browserName=chrome, takesScreenshot=true, javascriptEnabled=true, cssSelectorsEnabled=true, setWindowRect=true, unexpectedAlertBehaviour=}]
Session ID: 05f505349071dd93e490259c55a2db6f)]]></system-out>
      <system-err><![CDATA[2017-11-10 10:12:00 - [TEST_SUITE][FAILED] - GoLive: Test Cases/GOLIVE/ClickNext FAILED because (of) Unable to click on object 'Object Repository/GOLive_Objects/Page_AIAManager/div_Next' (Root cause: org.openqa.selenium.WebDriverException: unknown error: Element is not clickable at point (876, 979)
  (Session info: chrome=61.0.3163.100)
  (Driver info: chromedriver=2.31.488763 (092de99f48a300323ecf8c2a4e2e7cab51de5ba8),platform=Windows NT 10.0.15063 x86_64) (WARNING: The server did not provide any stacktrace information)
Command duration or timeout: 52 milliseconds
Build info: version: '2.53.0', revision: '35ae25b', time: '2016-03-15 17:00:58'
System info: host: 'L23017WIN', ip: '10.150.113.10', os.name: 'Windows 10', os.arch: 'x86', os.version: '10.0', java.version: '1.8.0_102'
Driver info: com.kms.katalon.selenium.driver.CChromeDriver
Capabilities [{applicationCacheEnabled=false, rotatable=false, mobileEmulationEnabled=false, networkConnectionEnabled=false, chrome={chromedriverVersion=2.31.488763 (092de99f48a300323ecf8c2a4e2e7cab51de5ba8), userDataDir=C:\Users\raycp\AppData\Local\Temp\scoped_dir13012_1010}, takesHeapSnapshot=true, pageLoadStrategy=normal, databaseEnabled=false, handlesAlerts=true, hasTouchScreen=false, version=61.0.3163.100, platform=XP, browserConnectionEnabled=false, nativeEvents=true, acceptSslCerts=true, locationContextEnabled=true, webStorageEnabled=true, browserName=chrome, takesScreenshot=true, javascriptEnabled=true, cssSelectorsEnabled=true, setWindowRect=true, unexpectedAlertBehaviour=}]
Session ID: 05f505349071dd93e490259c55a2db6f)]]></system-err>
   </testsuite>
</testsuites>
