{"devicePlatform":"","logFolder":"C:\\Users\\raycp\\Desktop\\COE\\Reports\\Pooja\\GoLive_Test Suite\\GoLive\\20171128_100733","runData":{"hostName":"raycp - L23017WIN.rpega.com","os":"Windows 10 32bit","katalonVersion":"4.8.0.2","browser":"Chrome 62.0.3202.94","hostAddress":"10.150.113.175","sessionId":"c3f874bb317963093f9b80d81287bcef","seleniumVersion":"2.53.0","proxyInformation":"ProxyInformation{proxyOption\u003dNO_PROXY, proxyServerType\u003dHTTP, password\u003d, proxyServerAddress\u003d, proxyServerPort\u003d0}","platform":"Windows 10"},"type":"TEST_SUITE","name":"GoLive","id":"Test Suites/Pooja/GoLive_Test Suite/GoLive","source":"","message":"Test Cases/GOLIVE/Enter Announcement Details FAILED because (of) Unable to set text \u0027COMMENT\u0027 of object \u0027Object Repository/GOLive_Objects/Page_AIAManager/textarea_PpyWorkPagepComments\u0027 (Root cause: org.openqa.selenium.StaleElementReferenceException: stale element reference: element is not attached to the page document\n  (Session info: chrome\u003d62.0.3202.94)\n  (Driver info: chromedriver\u003d2.33.506120 (e3e53437346286c0bc2d2dc9aa4915ba81d9023f),platform\u003dWindows NT 10.0.15063 x86_64) (WARNING: The server did not provide any stacktrace information)\nCommand duration or timeout: 132 milliseconds\nFor documentation on this error, please visit: http://seleniumhq.org/exceptions/stale_element_reference.html\nBuild info: version: \u00272.53.0\u0027, revision: \u002735ae25b\u0027, time: \u00272016-03-15 17:00:58\u0027\nSystem info: host: \u0027L23017WIN\u0027, ip: \u002710.150.113.175\u0027, os.name: \u0027Windows 10\u0027, os.arch: \u0027x86\u0027, os.version: \u002710.0\u0027, java.version: \u00271.8.0_102\u0027\nDriver info: com.kms.katalon.selenium.driver.CChromeDriver\nCapabilities [{applicationCacheEnabled\u003dfalse, rotatable\u003dfalse, mobileEmulationEnabled\u003dfalse, networkConnectionEnabled\u003dfalse, chrome\u003d{chromedriverVersion\u003d2.33.506120 (e3e53437346286c0bc2d2dc9aa4915ba81d9023f), userDataDir\u003dC:\\Users\\raycp\\AppData\\Local\\Temp\\scoped_dir13160_5174}, takesHeapSnapshot\u003dtrue, pageLoadStrategy\u003dnormal, databaseEnabled\u003dfalse, handlesAlerts\u003dtrue, hasTouchScreen\u003dfalse, version\u003d62.0.3202.94, platform\u003dXP, browserConnectionEnabled\u003dfalse, nativeEvents\u003dtrue, acceptSslCerts\u003dtrue, locationContextEnabled\u003dtrue, webStorageEnabled\u003dtrue, browserName\u003dchrome, takesScreenshot\u003dtrue, javascriptEnabled\u003dtrue, cssSelectorsEnabled\u003dtrue, setWindowRect\u003dtrue, unexpectedAlertBehaviour\u003d}]\nSession ID: c3f874bb317963093f9b80d81287bcef)","description":"","startTime":1511843855533,"endTime":1511843882027,"childRecords":[{"isOptional":false,"type":"TEST_CASE","name":"Test Cases/GOLIVE/Enter Announcement Details","id":"Test Cases/GOLIVE/Enter Announcement Details","source":"C:\\\\Users\\\\raycp\\\\Desktop\\\\COETest Cases\\\\GOLIVE\\\\Enter Announcement Details.tc","message":"Test Cases/GOLIVE/Enter Announcement Details FAILED because (of) Unable to set text \u0027COMMENT\u0027 of object \u0027Object Repository/GOLive_Objects/Page_AIAManager/textarea_PpyWorkPagepComments\u0027 (Root cause: org.openqa.selenium.StaleElementReferenceException: stale element reference: element is not attached to the page document\n  (Session info: chrome\u003d62.0.3202.94)\n  (Driver info: chromedriver\u003d2.33.506120 (e3e53437346286c0bc2d2dc9aa4915ba81d9023f),platform\u003dWindows NT 10.0.15063 x86_64) (WARNING: The server did not provide any stacktrace information)\nCommand duration or timeout: 132 milliseconds\nFor documentation on this error, please visit: http://seleniumhq.org/exceptions/stale_element_reference.html\nBuild info: version: \u00272.53.0\u0027, revision: \u002735ae25b\u0027, time: \u00272016-03-15 17:00:58\u0027\nSystem info: host: \u0027L23017WIN\u0027, ip: \u002710.150.113.175\u0027, os.name: \u0027Windows 10\u0027, os.arch: \u0027x86\u0027, os.version: \u002710.0\u0027, java.version: \u00271.8.0_102\u0027\nDriver info: com.kms.katalon.selenium.driver.CChromeDriver\nCapabilities [{applicationCacheEnabled\u003dfalse, rotatable\u003dfalse, mobileEmulationEnabled\u003dfalse, networkConnectionEnabled\u003dfalse, chrome\u003d{chromedriverVersion\u003d2.33.506120 (e3e53437346286c0bc2d2dc9aa4915ba81d9023f), userDataDir\u003dC:\\Users\\raycp\\AppData\\Local\\Temp\\scoped_dir13160_5174}, takesHeapSnapshot\u003dtrue, pageLoadStrategy\u003dnormal, databaseEnabled\u003dfalse, handlesAlerts\u003dtrue, hasTouchScreen\u003dfalse, version\u003d62.0.3202.94, platform\u003dXP, browserConnectionEnabled\u003dfalse, nativeEvents\u003dtrue, acceptSslCerts\u003dtrue, locationContextEnabled\u003dtrue, webStorageEnabled\u003dtrue, browserName\u003dchrome, takesScreenshot\u003dtrue, javascriptEnabled\u003dtrue, cssSelectorsEnabled\u003dtrue, setWindowRect\u003dtrue, unexpectedAlertBehaviour\u003d}]\nSession ID: c3f874bb317963093f9b80d81287bcef)","description":"","startTime":1511843855789,"endTime":1511843880848,"childRecords":[{"testStatus":{"stackTrace":"","statusValue":"INFO"},"type":"MESSAGE","name":"","message":"Evaluating variables for test case","startTime":1511843855903,"endTime":0,"childRecords":[],"interuppted":false},{"index":1,"isIgnoredIfFailed":false,"type":"TEST_STEP","name":"openBrowser","message":"Browser is opened with url: \u0027\u0027","description":"","startTime":1511843856212,"endTime":1511843859181,"childRecords":[{"testStatus":{"stackTrace":"","statusValue":"PASSED"},"type":"MESSAGE","name":"","message":"Browser is opened with url: \u0027\u0027","startTime":1511843859180,"endTime":0,"childRecords":[],"interuppted":false}],"interuppted":false},{"index":2,"isIgnoredIfFailed":false,"type":"TEST_STEP","name":"navigateToUrl","message":"Navigate to \u0027https://vciaqa.rpega.com:8333/ciaqa/PRServlet/dGKN-A6ThDliXf4sywRqw74EFIEOGY6R*/!STANDARD\u0027 successfully","description":"","startTime":1511843859181,"endTime":1511843860883,"childRecords":[{"testStatus":{"stackTrace":"","statusValue":"PASSED"},"type":"MESSAGE","name":"","message":"Navigate to \u0027https://vciaqa.rpega.com:8333/ciaqa/PRServlet/dGKN-A6ThDliXf4sywRqw74EFIEOGY6R*/!STANDARD\u0027 successfully","startTime":1511843860880,"endTime":0,"childRecords":[],"interuppted":false}],"interuppted":false},{"index":3,"isIgnoredIfFailed":false,"type":"TEST_STEP","name":"setText","message":"Text \u0027hendj@pegasystems.com\u0027 is set on object \u0027Object Repository/GOLive_Objects/Page_Pega 7/input_UserIdentifier\u0027","description":"","startTime":1511843860884,"endTime":1511843861154,"childRecords":[{"testStatus":{"stackTrace":"","statusValue":"PASSED"},"type":"MESSAGE","name":"","message":"Text \u0027hendj@pegasystems.com\u0027 is set on object \u0027Object Repository/GOLive_Objects/Page_Pega 7/input_UserIdentifier\u0027","startTime":1511843861154,"endTime":0,"childRecords":[],"interuppted":false}],"interuppted":false},{"index":4,"isIgnoredIfFailed":false,"type":"TEST_STEP","name":"setText","message":"Text \u0027install\u0027 is set on object \u0027Object Repository/GOLive_Objects/Page_Pega 7/input_Password\u0027","description":"","startTime":1511843861155,"endTime":1511843861318,"childRecords":[{"testStatus":{"stackTrace":"","statusValue":"PASSED"},"type":"MESSAGE","name":"","message":"Text \u0027install\u0027 is set on object \u0027Object Repository/GOLive_Objects/Page_Pega 7/input_Password\u0027","startTime":1511843861317,"endTime":0,"childRecords":[],"interuppted":false}],"interuppted":false},{"index":5,"isIgnoredIfFailed":false,"type":"TEST_STEP","name":"click","message":"Object: \u0027Object Repository/GOLive_Objects/Page_Pega 7/button_pyActivityCode-Security\u0027 is clicked on","description":"","startTime":1511843861318,"endTime":1511843867063,"childRecords":[{"testStatus":{"stackTrace":"","statusValue":"PASSED"},"type":"MESSAGE","name":"","message":"Object: \u0027Object Repository/GOLive_Objects/Page_Pega 7/button_pyActivityCode-Security\u0027 is clicked on","startTime":1511843867063,"endTime":0,"childRecords":[],"interuppted":false}],"interuppted":false},{"index":6,"isIgnoredIfFailed":false,"type":"TEST_STEP","name":"click","message":"Object: \u0027Object Repository/GOLive_Objects/Page_AIAManager/div_Enter Go Live\u0027 is clicked on","description":"","startTime":1511843867064,"endTime":1511843870964,"childRecords":[{"testStatus":{"stackTrace":"","statusValue":"PASSED"},"type":"MESSAGE","name":"","message":"Object: \u0027Object Repository/GOLive_Objects/Page_AIAManager/div_Enter Go Live\u0027 is clicked on","startTime":1511843867315,"endTime":0,"childRecords":[],"interuppted":false}],"interuppted":false},{"index":7,"isIgnoredIfFailed":false,"type":"TEST_STEP","name":"maximizeWindow","message":"Current window maximized","description":"","startTime":1511843870965,"endTime":1511843872132,"childRecords":[{"testStatus":{"stackTrace":"","statusValue":"PASSED"},"type":"MESSAGE","name":"","message":"Current window maximized","startTime":1511843872131,"endTime":0,"childRecords":[],"interuppted":false}],"interuppted":false},{"index":8,"isIgnoredIfFailed":false,"type":"TEST_STEP","name":"sendKeys","message":"Keys \u0027IM-1\u0027 sent to object: \u0027Object Repository/GOLive_Objects/Page_AIAManager/select_PpyWorkPagepImplementat\u0027","description":"","startTime":1511843872132,"endTime":1511843872486,"childRecords":[{"testStatus":{"stackTrace":"","statusValue":"PASSED"},"type":"MESSAGE","name":"","message":"Keys \u0027IM-1\u0027 sent to object: \u0027Object Repository/GOLive_Objects/Page_AIAManager/select_PpyWorkPagepImplementat\u0027","startTime":1511843872474,"endTime":0,"childRecords":[],"interuppted":false}],"interuppted":false},{"index":9,"isIgnoredIfFailed":false,"type":"TEST_STEP","name":"setText","message":"Text \u0027BOFA\u0027 is set on object \u0027Object Repository/GOLive_Objects/Page_AIAManager/input_PpyWorkPagepPacOrgID\u0027","description":"","startTime":1511843872487,"endTime":1511843873133,"childRecords":[{"testStatus":{"stackTrace":"","statusValue":"PASSED"},"type":"MESSAGE","name":"","message":"Text \u0027BOFA\u0027 is set on object \u0027Object Repository/GOLive_Objects/Page_AIAManager/input_PpyWorkPagepPacOrgID\u0027","startTime":1511843873118,"endTime":0,"childRecords":[],"interuppted":false}],"interuppted":false},{"index":10,"isIgnoredIfFailed":false,"type":"TEST_STEP","name":"click","message":"Object: \u0027Object Repository/GOLive_Objects/SelectOrg\u0027 is clicked on","description":"","startTime":1511843873133,"endTime":1511843874452,"childRecords":[{"testStatus":{"stackTrace":"","statusValue":"PASSED"},"type":"MESSAGE","name":"","message":"Object: \u0027Object Repository/GOLive_Objects/SelectOrg\u0027 is clicked on","startTime":1511843874386,"endTime":0,"childRecords":[],"interuppted":false}],"interuppted":false},{"index":11,"isIgnoredIfFailed":false,"type":"TEST_STEP","name":"delay","message":"Delayed 2 second(s)","description":"","startTime":1511843874453,"endTime":1511843876480,"childRecords":[{"testStatus":{"stackTrace":"","statusValue":"PASSED"},"type":"MESSAGE","name":"","message":"Delayed 2 second(s)","startTime":1511843876479,"endTime":0,"childRecords":[],"interuppted":false}],"interuppted":false},{"index":12,"isIgnoredIfFailed":false,"type":"TEST_STEP","name":"setText","message":"Text \u0027BOFAUK\u0027 is set on object \u0027Object Repository/GOLive_Objects/Account\u0027","description":"","startTime":1511843876482,"endTime":1511843876814,"childRecords":[{"testStatus":{"stackTrace":"","statusValue":"PASSED"},"type":"MESSAGE","name":"","message":"Text \u0027BOFAUK\u0027 is set on object \u0027Object Repository/GOLive_Objects/Account\u0027","startTime":1511843876803,"endTime":0,"childRecords":[],"interuppted":false}],"interuppted":false},{"index":13,"isIgnoredIfFailed":false,"type":"TEST_STEP","name":"click","message":"Object: \u0027Object Repository/GOLive_Objects/Select_Acc\u0027 is clicked on","description":"","startTime":1511843876814,"endTime":1511843877534,"childRecords":[{"testStatus":{"stackTrace":"","statusValue":"PASSED"},"type":"MESSAGE","name":"","message":"Object: \u0027Object Repository/GOLive_Objects/Select_Acc\u0027 is clicked on","startTime":1511843877497,"endTime":0,"childRecords":[],"interuppted":false}],"interuppted":false},{"index":14,"isIgnoredIfFailed":false,"type":"TEST_STEP","name":"delay","message":"Delayed 2 second(s)","description":"","startTime":1511843877534,"endTime":1511843879538,"childRecords":[{"testStatus":{"stackTrace":"","statusValue":"PASSED"},"type":"MESSAGE","name":"","message":"Delayed 2 second(s)","startTime":1511843879537,"endTime":0,"childRecords":[],"interuppted":false}],"interuppted":false},{"index":15,"isIgnoredIfFailed":false,"type":"TEST_STEP","name":"click","message":"Object: \u0027Object Repository/GOLive_Objects/Page_AIAManager/select_PpyWorkPagepEngagementI\u0027 is clicked on","description":"","startTime":1511843879539,"endTime":1511843879834,"childRecords":[{"testStatus":{"stackTrace":"","statusValue":"PASSED"},"type":"MESSAGE","name":"","message":"Object: \u0027Object Repository/GOLive_Objects/Page_AIAManager/select_PpyWorkPagepEngagementI\u0027 is clicked on","startTime":1511843879814,"endTime":0,"childRecords":[],"interuppted":false}],"interuppted":false},{"index":16,"isIgnoredIfFailed":false,"type":"TEST_STEP","name":"click","message":"Object: \u0027Object Repository/GOLive_Objects/Engagement\u0027 is clicked on","description":"","startTime":1511843879834,"endTime":1511843880025,"childRecords":[{"testStatus":{"stackTrace":"","statusValue":"PASSED"},"type":"MESSAGE","name":"","message":"Object: \u0027Object Repository/GOLive_Objects/Engagement\u0027 is clicked on","startTime":1511843879989,"endTime":0,"childRecords":[],"interuppted":false}],"interuppted":false},{"attachment":"1511843880401.png","index":17,"isIgnoredIfFailed":false,"type":"TEST_STEP","name":"setText","message":"Unable to set text \u0027COMMENT\u0027 of object \u0027Object Repository/GOLive_Objects/Page_AIAManager/textarea_PpyWorkPagepComments\u0027 (Root cause: org.openqa.selenium.StaleElementReferenceException: stale element reference: element is not attached to the page document\n  (Session info: chrome\u003d62.0.3202.94)\n  (Driver info: chromedriver\u003d2.33.506120 (e3e53437346286c0bc2d2dc9aa4915ba81d9023f),platform\u003dWindows NT 10.0.15063 x86_64) (WARNING: The server did not provide any stacktrace information)\nCommand duration or timeout: 132 milliseconds\nFor documentation on this error, please visit: http://seleniumhq.org/exceptions/stale_element_reference.html\nBuild info: version: \u00272.53.0\u0027, revision: \u002735ae25b\u0027, time: \u00272016-03-15 17:00:58\u0027\nSystem info: host: \u0027L23017WIN\u0027, ip: \u002710.150.113.175\u0027, os.name: \u0027Windows 10\u0027, os.arch: \u0027x86\u0027, os.version: \u002710.0\u0027, java.version: \u00271.8.0_102\u0027\nDriver info: com.kms.katalon.selenium.driver.CChromeDriver\nCapabilities [{applicationCacheEnabled\u003dfalse, rotatable\u003dfalse, mobileEmulationEnabled\u003dfalse, networkConnectionEnabled\u003dfalse, chrome\u003d{chromedriverVersion\u003d2.33.506120 (e3e53437346286c0bc2d2dc9aa4915ba81d9023f), userDataDir\u003dC:\\Users\\raycp\\AppData\\Local\\Temp\\scoped_dir13160_5174}, takesHeapSnapshot\u003dtrue, pageLoadStrategy\u003dnormal, databaseEnabled\u003dfalse, handlesAlerts\u003dtrue, hasTouchScreen\u003dfalse, version\u003d62.0.3202.94, platform\u003dXP, browserConnectionEnabled\u003dfalse, nativeEvents\u003dtrue, acceptSslCerts\u003dtrue, locationContextEnabled\u003dtrue, webStorageEnabled\u003dtrue, browserName\u003dchrome, takesScreenshot\u003dtrue, javascriptEnabled\u003dtrue, cssSelectorsEnabled\u003dtrue, setWindowRect\u003dtrue, unexpectedAlertBehaviour\u003d}]\nSession ID: c3f874bb317963093f9b80d81287bcef)","description":"","startTime":1511843880025,"endTime":1511843880846,"childRecords":[{"testStatus":{"stackTrace":"","statusValue":"FAILED"},"attachment":"1511843880401.png","type":"MESSAGE","name":"","message":"Unable to set text \u0027COMMENT\u0027 of object \u0027Object Repository/GOLive_Objects/Page_AIAManager/textarea_PpyWorkPagepComments\u0027 (Root cause: org.openqa.selenium.StaleElementReferenceException: stale element reference: element is not attached to the page document\n  (Session info: chrome\u003d62.0.3202.94)\n  (Driver info: chromedriver\u003d2.33.506120 (e3e53437346286c0bc2d2dc9aa4915ba81d9023f),platform\u003dWindows NT 10.0.15063 x86_64) (WARNING: The server did not provide any stacktrace information)\nCommand duration or timeout: 132 milliseconds\nFor documentation on this error, please visit: http://seleniumhq.org/exceptions/stale_element_reference.html\nBuild info: version: \u00272.53.0\u0027, revision: \u002735ae25b\u0027, time: \u00272016-03-15 17:00:58\u0027\nSystem info: host: \u0027L23017WIN\u0027, ip: \u002710.150.113.175\u0027, os.name: \u0027Windows 10\u0027, os.arch: \u0027x86\u0027, os.version: \u002710.0\u0027, java.version: \u00271.8.0_102\u0027\nDriver info: com.kms.katalon.selenium.driver.CChromeDriver\nCapabilities [{applicationCacheEnabled\u003dfalse, rotatable\u003dfalse, mobileEmulationEnabled\u003dfalse, networkConnectionEnabled\u003dfalse, chrome\u003d{chromedriverVersion\u003d2.33.506120 (e3e53437346286c0bc2d2dc9aa4915ba81d9023f), userDataDir\u003dC:\\Users\\raycp\\AppData\\Local\\Temp\\scoped_dir13160_5174}, takesHeapSnapshot\u003dtrue, pageLoadStrategy\u003dnormal, databaseEnabled\u003dfalse, handlesAlerts\u003dtrue, hasTouchScreen\u003dfalse, version\u003d62.0.3202.94, platform\u003dXP, browserConnectionEnabled\u003dfalse, nativeEvents\u003dtrue, acceptSslCerts\u003dtrue, locationContextEnabled\u003dtrue, webStorageEnabled\u003dtrue, browserName\u003dchrome, takesScreenshot\u003dtrue, javascriptEnabled\u003dtrue, cssSelectorsEnabled\u003dtrue, setWindowRect\u003dtrue, unexpectedAlertBehaviour\u003d}]\nSession ID: c3f874bb317963093f9b80d81287bcef)","startTime":1511843880836,"endTime":0,"childRecords":[],"interuppted":false}],"interuppted":false},{"testStatus":{"stackTrace":"","statusValue":"FAILED"},"type":"MESSAGE","name":"","message":"Test Cases/GOLIVE/Enter Announcement Details FAILED because (of) Unable to set text \u0027COMMENT\u0027 of object \u0027Object Repository/GOLive_Objects/Page_AIAManager/textarea_PpyWorkPagepComments\u0027 (Root cause: org.openqa.selenium.StaleElementReferenceException: stale element reference: element is not attached to the page document\n  (Session info: chrome\u003d62.0.3202.94)\n  (Driver info: chromedriver\u003d2.33.506120 (e3e53437346286c0bc2d2dc9aa4915ba81d9023f),platform\u003dWindows NT 10.0.15063 x86_64) (WARNING: The server did not provide any stacktrace information)\nCommand duration or timeout: 132 milliseconds\nFor documentation on this error, please visit: http://seleniumhq.org/exceptions/stale_element_reference.html\nBuild info: version: \u00272.53.0\u0027, revision: \u002735ae25b\u0027, time: \u00272016-03-15 17:00:58\u0027\nSystem info: host: \u0027L23017WIN\u0027, ip: \u002710.150.113.175\u0027, os.name: \u0027Windows 10\u0027, os.arch: \u0027x86\u0027, os.version: \u002710.0\u0027, java.version: \u00271.8.0_102\u0027\nDriver info: com.kms.katalon.selenium.driver.CChromeDriver\nCapabilities [{applicationCacheEnabled\u003dfalse, rotatable\u003dfalse, mobileEmulationEnabled\u003dfalse, networkConnectionEnabled\u003dfalse, chrome\u003d{chromedriverVersion\u003d2.33.506120 (e3e53437346286c0bc2d2dc9aa4915ba81d9023f), userDataDir\u003dC:\\Users\\raycp\\AppData\\Local\\Temp\\scoped_dir13160_5174}, takesHeapSnapshot\u003dtrue, pageLoadStrategy\u003dnormal, databaseEnabled\u003dfalse, handlesAlerts\u003dtrue, hasTouchScreen\u003dfalse, version\u003d62.0.3202.94, platform\u003dXP, browserConnectionEnabled\u003dfalse, nativeEvents\u003dtrue, acceptSslCerts\u003dtrue, locationContextEnabled\u003dtrue, webStorageEnabled\u003dtrue, browserName\u003dchrome, takesScreenshot\u003dtrue, javascriptEnabled\u003dtrue, cssSelectorsEnabled\u003dtrue, setWindowRect\u003dtrue, unexpectedAlertBehaviour\u003d}]\nSession ID: c3f874bb317963093f9b80d81287bcef)","startTime":1511843880847,"endTime":0,"childRecords":[],"interuppted":false}],"interuppted":false}],"interuppted":false}