<?xml version="1.0" encoding="UTF-8"?>
<testsuites name="GoLive" time="26" tests="0" failures="1" errors="0">
   <testsuite name="GoLive" tests="0" failures="1" errors="0" time="26" timestamp="2017-11-28 10:07:35" hostname="raycp - L23017WIN.rpega.com" id="Test Suites/Pooja/GoLive_Test Suite/GoLive">
      <properties>
         <property name="deviceName" value=""/>
         <property name="devicePlatform" value=""/>
         <property name="logFolder" value="C:\\Users\\raycp\\Desktop\\COE\\Reports\\Pooja\\GoLive_Test Suite\\GoLive\\20171128_100733"/>
         <property name="logFiles" value="C:\\Users\\raycp\\Desktop\\COE\\Reports\\Pooja\\GoLive_Test Suite\\GoLive\\20171128_100733\\execution0.log"/>
         <property name="attachments" value="C:\\Users\\raycp\\Desktop\\COE\\Reports\\Pooja\\GoLive_Test Suite\\GoLive\\20171128_100733\\1511843880401.png"/>
         <property name="hostName" value="raycp - L23017WIN.rpega.com"/>
         <property name="os" value="Windows 10 32bit"/>
         <property name="katalonVersion" value="4.8.0.2"/>
         <property name="browser" value="Chrome 62.0.3202.94"/>
         <property name="hostAddress" value="10.150.113.175"/>
         <property name="sessionId" value="c3f874bb317963093f9b80d81287bcef"/>
         <property name="seleniumVersion" value="2.53.0"/>
         <property name="proxyInformation" value="ProxyInformation{proxyOption=NO_PROXY, proxyServerType=HTTP, password=, proxyServerAddress=, proxyServerPort=0}"/>
         <property name="platform" value="Windows 10"/>
      </properties>
      <testcase name="Test Cases/GOLIVE/Enter Announcement Details" classname="Test Cases/GOLIVE/Enter Announcement Details" status="FAILED">
         <failure type="FAILED" message="Unable to set text 'COMMENT' of object 'Object Repository/GOLive_Objects/Page_AIAManager/textarea_PpyWorkPagepComments' (Root cause: org.openqa.selenium.StaleElementReferenceException: stale element reference: element is not attached to the page document
  (Session info: chrome=62.0.3202.94)
  (Driver info: chromedriver=2.33.506120 (e3e53437346286c0bc2d2dc9aa4915ba81d9023f),platform=Windows NT 10.0.15063 x86_64) (WARNING: The server did not provide any stacktrace information)
Command duration or timeout: 132 milliseconds
For documentation on this error, please visit: http://seleniumhq.org/exceptions/stale_element_reference.html
Build info: version: '2.53.0', revision: '35ae25b', time: '2016-03-15 17:00:58'
System info: host: 'L23017WIN', ip: '10.150.113.175', os.name: 'Windows 10', os.arch: 'x86', os.version: '10.0', java.version: '1.8.0_102'
Driver info: com.kms.katalon.selenium.driver.CChromeDriver
Capabilities [{applicationCacheEnabled=false, rotatable=false, mobileEmulationEnabled=false, networkConnectionEnabled=false, chrome={chromedriverVersion=2.33.506120 (e3e53437346286c0bc2d2dc9aa4915ba81d9023f), userDataDir=C:\Users\raycp\AppData\Local\Temp\scoped_dir13160_5174}, takesHeapSnapshot=true, pageLoadStrategy=normal, databaseEnabled=false, handlesAlerts=true, hasTouchScreen=false, version=62.0.3202.94, platform=XP, browserConnectionEnabled=false, nativeEvents=true, acceptSslCerts=true, locationContextEnabled=true, webStorageEnabled=true, browserName=chrome, takesScreenshot=true, javascriptEnabled=true, cssSelectorsEnabled=true, setWindowRect=true, unexpectedAlertBehaviour=}]
Session ID: c3f874bb317963093f9b80d81287bcef)"/>
         <system-out><![CDATA[2017-11-28 10:07:35 - [TEST_CASE][FAILED] - Test Cases/GOLIVE/Enter Announcement Details: Test Cases/GOLIVE/Enter Announcement Details FAILED because (of) Unable to set text 'COMMENT' of object 'Object Repository/GOLive_Objects/Page_AIAManager/textarea_PpyWorkPagepComments' (Root cause: org.openqa.selenium.StaleElementReferenceException: stale element reference: element is not attached to the page document
  (Session info: chrome=62.0.3202.94)
  (Driver info: chromedriver=2.33.506120 (e3e53437346286c0bc2d2dc9aa4915ba81d9023f),platform=Windows NT 10.0.15063 x86_64) (WARNING: The server did not provide any stacktrace information)
Command duration or timeout: 132 milliseconds
For documentation on this error, please visit: http://seleniumhq.org/exceptions/stale_element_reference.html
Build info: version: '2.53.0', revision: '35ae25b', time: '2016-03-15 17:00:58'
System info: host: 'L23017WIN', ip: '10.150.113.175', os.name: 'Windows 10', os.arch: 'x86', os.version: '10.0', java.version: '1.8.0_102'
Driver info: com.kms.katalon.selenium.driver.CChromeDriver
Capabilities [{applicationCacheEnabled=false, rotatable=false, mobileEmulationEnabled=false, networkConnectionEnabled=false, chrome={chromedriverVersion=2.33.506120 (e3e53437346286c0bc2d2dc9aa4915ba81d9023f), userDataDir=C:\Users\raycp\AppData\Local\Temp\scoped_dir13160_5174}, takesHeapSnapshot=true, pageLoadStrategy=normal, databaseEnabled=false, handlesAlerts=true, hasTouchScreen=false, version=62.0.3202.94, platform=XP, browserConnectionEnabled=false, nativeEvents=true, acceptSslCerts=true, locationContextEnabled=true, webStorageEnabled=true, browserName=chrome, takesScreenshot=true, javascriptEnabled=true, cssSelectorsEnabled=true, setWindowRect=true, unexpectedAlertBehaviour=}]
Session ID: c3f874bb317963093f9b80d81287bcef)

2017-11-28 10:07:36 - [TEST_STEP][PASSED] - openBrowser: Browser is opened with url: ''

2017-11-28 10:07:39 - [MESSAGE][PASSED] - Browser is opened with url: ''

2017-11-28 10:07:39 - [TEST_STEP][PASSED] - navigateToUrl: Navigate to 'https://vciaqa.rpega.com:8333/ciaqa/PRServlet/dGKN-A6ThDliXf4sywRqw74EFIEOGY6R*/!STANDARD' successfully

2017-11-28 10:07:40 - [MESSAGE][PASSED] - Navigate to 'https://vciaqa.rpega.com:8333/ciaqa/PRServlet/dGKN-A6ThDliXf4sywRqw74EFIEOGY6R*/!STANDARD' successfully

2017-11-28 10:07:40 - [TEST_STEP][PASSED] - setText: Text 'hendj@pegasystems.com' is set on object 'Object Repository/GOLive_Objects/Page_Pega 7/input_UserIdentifier'

2017-11-28 10:07:41 - [MESSAGE][PASSED] - Text 'hendj@pegasystems.com' is set on object 'Object Repository/GOLive_Objects/Page_Pega 7/input_UserIdentifier'

2017-11-28 10:07:41 - [TEST_STEP][PASSED] - setText: Text 'install' is set on object 'Object Repository/GOLive_Objects/Page_Pega 7/input_Password'

2017-11-28 10:07:41 - [MESSAGE][PASSED] - Text 'install' is set on object 'Object Repository/GOLive_Objects/Page_Pega 7/input_Password'

2017-11-28 10:07:41 - [TEST_STEP][PASSED] - click: Object: 'Object Repository/GOLive_Objects/Page_Pega 7/button_pyActivityCode-Security' is clicked on

2017-11-28 10:07:47 - [MESSAGE][PASSED] - Object: 'Object Repository/GOLive_Objects/Page_Pega 7/button_pyActivityCode-Security' is clicked on

2017-11-28 10:07:47 - [TEST_STEP][PASSED] - click: Object: 'Object Repository/GOLive_Objects/Page_AIAManager/div_Enter Go Live' is clicked on

2017-11-28 10:07:47 - [MESSAGE][PASSED] - Object: 'Object Repository/GOLive_Objects/Page_AIAManager/div_Enter Go Live' is clicked on

2017-11-28 10:07:50 - [TEST_STEP][PASSED] - maximizeWindow: Current window maximized

2017-11-28 10:07:52 - [MESSAGE][PASSED] - Current window maximized

2017-11-28 10:07:52 - [TEST_STEP][PASSED] - sendKeys: Keys 'IM-1' sent to object: 'Object Repository/GOLive_Objects/Page_AIAManager/select_PpyWorkPagepImplementat'

2017-11-28 10:07:52 - [MESSAGE][PASSED] - Keys 'IM-1' sent to object: 'Object Repository/GOLive_Objects/Page_AIAManager/select_PpyWorkPagepImplementat'

2017-11-28 10:07:52 - [TEST_STEP][PASSED] - setText: Text 'BOFA' is set on object 'Object Repository/GOLive_Objects/Page_AIAManager/input_PpyWorkPagepPacOrgID'

2017-11-28 10:07:53 - [MESSAGE][PASSED] - Text 'BOFA' is set on object 'Object Repository/GOLive_Objects/Page_AIAManager/input_PpyWorkPagepPacOrgID'

2017-11-28 10:07:53 - [TEST_STEP][PASSED] - click: Object: 'Object Repository/GOLive_Objects/SelectOrg' is clicked on

2017-11-28 10:07:54 - [MESSAGE][PASSED] - Object: 'Object Repository/GOLive_Objects/SelectOrg' is clicked on

2017-11-28 10:07:54 - [TEST_STEP][PASSED] - delay: Delayed 2 second(s)

2017-11-28 10:07:56 - [MESSAGE][PASSED] - Delayed 2 second(s)

2017-11-28 10:07:56 - [TEST_STEP][PASSED] - setText: Text 'BOFAUK' is set on object 'Object Repository/GOLive_Objects/Account'

2017-11-28 10:07:56 - [MESSAGE][PASSED] - Text 'BOFAUK' is set on object 'Object Repository/GOLive_Objects/Account'

2017-11-28 10:07:56 - [TEST_STEP][PASSED] - click: Object: 'Object Repository/GOLive_Objects/Select_Acc' is clicked on

2017-11-28 10:07:57 - [MESSAGE][PASSED] - Object: 'Object Repository/GOLive_Objects/Select_Acc' is clicked on

2017-11-28 10:07:57 - [TEST_STEP][PASSED] - delay: Delayed 2 second(s)

2017-11-28 10:07:59 - [MESSAGE][PASSED] - Delayed 2 second(s)

2017-11-28 10:07:59 - [TEST_STEP][PASSED] - click: Object: 'Object Repository/GOLive_Objects/Page_AIAManager/select_PpyWorkPagepEngagementI' is clicked on

2017-11-28 10:07:59 - [MESSAGE][PASSED] - Object: 'Object Repository/GOLive_Objects/Page_AIAManager/select_PpyWorkPagepEngagementI' is clicked on

2017-11-28 10:07:59 - [TEST_STEP][PASSED] - click: Object: 'Object Repository/GOLive_Objects/Engagement' is clicked on

2017-11-28 10:07:59 - [MESSAGE][PASSED] - Object: 'Object Repository/GOLive_Objects/Engagement' is clicked on

2017-11-28 10:08:00 - [TEST_STEP][FAILED] - setText: Unable to set text 'COMMENT' of object 'Object Repository/GOLive_Objects/Page_AIAManager/textarea_PpyWorkPagepComments' (Root cause: org.openqa.selenium.StaleElementReferenceException: stale element reference: element is not attached to the page document
  (Session info: chrome=62.0.3202.94)
  (Driver info: chromedriver=2.33.506120 (e3e53437346286c0bc2d2dc9aa4915ba81d9023f),platform=Windows NT 10.0.15063 x86_64) (WARNING: The server did not provide any stacktrace information)
Command duration or timeout: 132 milliseconds
For documentation on this error, please visit: http://seleniumhq.org/exceptions/stale_element_reference.html
Build info: version: '2.53.0', revision: '35ae25b', time: '2016-03-15 17:00:58'
System info: host: 'L23017WIN', ip: '10.150.113.175', os.name: 'Windows 10', os.arch: 'x86', os.version: '10.0', java.version: '1.8.0_102'
Driver info: com.kms.katalon.selenium.driver.CChromeDriver
Capabilities [{applicationCacheEnabled=false, rotatable=false, mobileEmulationEnabled=false, networkConnectionEnabled=false, chrome={chromedriverVersion=2.33.506120 (e3e53437346286c0bc2d2dc9aa4915ba81d9023f), userDataDir=C:\Users\raycp\AppData\Local\Temp\scoped_dir13160_5174}, takesHeapSnapshot=true, pageLoadStrategy=normal, databaseEnabled=false, handlesAlerts=true, hasTouchScreen=false, version=62.0.3202.94, platform=XP, browserConnectionEnabled=false, nativeEvents=true, acceptSslCerts=true, locationContextEnabled=true, webStorageEnabled=true, browserName=chrome, takesScreenshot=true, javascriptEnabled=true, cssSelectorsEnabled=true, setWindowRect=true, unexpectedAlertBehaviour=}]
Session ID: c3f874bb317963093f9b80d81287bcef)

2017-11-28 10:08:00 - [MESSAGE][FAILED] - Unable to set text 'COMMENT' of object 'Object Repository/GOLive_Objects/Page_AIAManager/textarea_PpyWorkPagepComments' (Root cause: org.openqa.selenium.StaleElementReferenceException: stale element reference: element is not attached to the page document
  (Session info: chrome=62.0.3202.94)
  (Driver info: chromedriver=2.33.506120 (e3e53437346286c0bc2d2dc9aa4915ba81d9023f),platform=Windows NT 10.0.15063 x86_64) (WARNING: The server did not provide any stacktrace information)
Command duration or timeout: 132 milliseconds
For documentation on this error, please visit: http://seleniumhq.org/exceptions/stale_element_reference.html
Build info: version: '2.53.0', revision: '35ae25b', time: '2016-03-15 17:00:58'
System info: host: 'L23017WIN', ip: '10.150.113.175', os.name: 'Windows 10', os.arch: 'x86', os.version: '10.0', java.version: '1.8.0_102'
Driver info: com.kms.katalon.selenium.driver.CChromeDriver
Capabilities [{applicationCacheEnabled=false, rotatable=false, mobileEmulationEnabled=false, networkConnectionEnabled=false, chrome={chromedriverVersion=2.33.506120 (e3e53437346286c0bc2d2dc9aa4915ba81d9023f), userDataDir=C:\Users\raycp\AppData\Local\Temp\scoped_dir13160_5174}, takesHeapSnapshot=true, pageLoadStrategy=normal, databaseEnabled=false, handlesAlerts=true, hasTouchScreen=false, version=62.0.3202.94, platform=XP, browserConnectionEnabled=false, nativeEvents=true, acceptSslCerts=true, locationContextEnabled=true, webStorageEnabled=true, browserName=chrome, takesScreenshot=true, javascriptEnabled=true, cssSelectorsEnabled=true, setWindowRect=true, unexpectedAlertBehaviour=}]
Session ID: c3f874bb317963093f9b80d81287bcef)
[[ATTACHMENT|C:\\Users\\raycp\\Desktop\\COE\\Reports\\Pooja\\GoLive_Test Suite\\GoLive\\20171128_100733\\1511843880401.png]]]]></system-out>
         <system-err><![CDATA[2017-11-28 10:07:35 - [TEST_CASE][FAILED] - Test Cases/GOLIVE/Enter Announcement Details: Test Cases/GOLIVE/Enter Announcement Details FAILED because (of) Unable to set text 'COMMENT' of object 'Object Repository/GOLive_Objects/Page_AIAManager/textarea_PpyWorkPagepComments' (Root cause: org.openqa.selenium.StaleElementReferenceException: stale element reference: element is not attached to the page document
  (Session info: chrome=62.0.3202.94)
  (Driver info: chromedriver=2.33.506120 (e3e53437346286c0bc2d2dc9aa4915ba81d9023f),platform=Windows NT 10.0.15063 x86_64) (WARNING: The server did not provide any stacktrace information)
Command duration or timeout: 132 milliseconds
For documentation on this error, please visit: http://seleniumhq.org/exceptions/stale_element_reference.html
Build info: version: '2.53.0', revision: '35ae25b', time: '2016-03-15 17:00:58'
System info: host: 'L23017WIN', ip: '10.150.113.175', os.name: 'Windows 10', os.arch: 'x86', os.version: '10.0', java.version: '1.8.0_102'
Driver info: com.kms.katalon.selenium.driver.CChromeDriver
Capabilities [{applicationCacheEnabled=false, rotatable=false, mobileEmulationEnabled=false, networkConnectionEnabled=false, chrome={chromedriverVersion=2.33.506120 (e3e53437346286c0bc2d2dc9aa4915ba81d9023f), userDataDir=C:\Users\raycp\AppData\Local\Temp\scoped_dir13160_5174}, takesHeapSnapshot=true, pageLoadStrategy=normal, databaseEnabled=false, handlesAlerts=true, hasTouchScreen=false, version=62.0.3202.94, platform=XP, browserConnectionEnabled=false, nativeEvents=true, acceptSslCerts=true, locationContextEnabled=true, webStorageEnabled=true, browserName=chrome, takesScreenshot=true, javascriptEnabled=true, cssSelectorsEnabled=true, setWindowRect=true, unexpectedAlertBehaviour=}]
Session ID: c3f874bb317963093f9b80d81287bcef)]]></system-err>
      </testcase>
      <system-out><![CDATA[2017-11-28 10:07:35 - [TEST_SUITE][FAILED] - GoLive: Test Cases/GOLIVE/Enter Announcement Details FAILED because (of) Unable to set text 'COMMENT' of object 'Object Repository/GOLive_Objects/Page_AIAManager/textarea_PpyWorkPagepComments' (Root cause: org.openqa.selenium.StaleElementReferenceException: stale element reference: element is not attached to the page document
  (Session info: chrome=62.0.3202.94)
  (Driver info: chromedriver=2.33.506120 (e3e53437346286c0bc2d2dc9aa4915ba81d9023f),platform=Windows NT 10.0.15063 x86_64) (WARNING: The server did not provide any stacktrace information)
Command duration or timeout: 132 milliseconds
For documentation on this error, please visit: http://seleniumhq.org/exceptions/stale_element_reference.html
Build info: version: '2.53.0', revision: '35ae25b', time: '2016-03-15 17:00:58'
System info: host: 'L23017WIN', ip: '10.150.113.175', os.name: 'Windows 10', os.arch: 'x86', os.version: '10.0', java.version: '1.8.0_102'
Driver info: com.kms.katalon.selenium.driver.CChromeDriver
Capabilities [{applicationCacheEnabled=false, rotatable=false, mobileEmulationEnabled=false, networkConnectionEnabled=false, chrome={chromedriverVersion=2.33.506120 (e3e53437346286c0bc2d2dc9aa4915ba81d9023f), userDataDir=C:\Users\raycp\AppData\Local\Temp\scoped_dir13160_5174}, takesHeapSnapshot=true, pageLoadStrategy=normal, databaseEnabled=false, handlesAlerts=true, hasTouchScreen=false, version=62.0.3202.94, platform=XP, browserConnectionEnabled=false, nativeEvents=true, acceptSslCerts=true, locationContextEnabled=true, webStorageEnabled=true, browserName=chrome, takesScreenshot=true, javascriptEnabled=true, cssSelectorsEnabled=true, setWindowRect=true, unexpectedAlertBehaviour=}]
Session ID: c3f874bb317963093f9b80d81287bcef)]]></system-out>
      <system-err><![CDATA[2017-11-28 10:07:35 - [TEST_SUITE][FAILED] - GoLive: Test Cases/GOLIVE/Enter Announcement Details FAILED because (of) Unable to set text 'COMMENT' of object 'Object Repository/GOLive_Objects/Page_AIAManager/textarea_PpyWorkPagepComments' (Root cause: org.openqa.selenium.StaleElementReferenceException: stale element reference: element is not attached to the page document
  (Session info: chrome=62.0.3202.94)
  (Driver info: chromedriver=2.33.506120 (e3e53437346286c0bc2d2dc9aa4915ba81d9023f),platform=Windows NT 10.0.15063 x86_64) (WARNING: The server did not provide any stacktrace information)
Command duration or timeout: 132 milliseconds
For documentation on this error, please visit: http://seleniumhq.org/exceptions/stale_element_reference.html
Build info: version: '2.53.0', revision: '35ae25b', time: '2016-03-15 17:00:58'
System info: host: 'L23017WIN', ip: '10.150.113.175', os.name: 'Windows 10', os.arch: 'x86', os.version: '10.0', java.version: '1.8.0_102'
Driver info: com.kms.katalon.selenium.driver.CChromeDriver
Capabilities [{applicationCacheEnabled=false, rotatable=false, mobileEmulationEnabled=false, networkConnectionEnabled=false, chrome={chromedriverVersion=2.33.506120 (e3e53437346286c0bc2d2dc9aa4915ba81d9023f), userDataDir=C:\Users\raycp\AppData\Local\Temp\scoped_dir13160_5174}, takesHeapSnapshot=true, pageLoadStrategy=normal, databaseEnabled=false, handlesAlerts=true, hasTouchScreen=false, version=62.0.3202.94, platform=XP, browserConnectionEnabled=false, nativeEvents=true, acceptSslCerts=true, locationContextEnabled=true, webStorageEnabled=true, browserName=chrome, takesScreenshot=true, javascriptEnabled=true, cssSelectorsEnabled=true, setWindowRect=true, unexpectedAlertBehaviour=}]
Session ID: c3f874bb317963093f9b80d81287bcef)]]></system-err>
   </testsuite>
</testsuites>
