<?xml version="1.0" encoding="UTF-8"?>
<testsuites name="Verify Technical details" time="167" tests="3" failures="1" errors="0">
   <testsuite name="Verify Technical details" tests="3" failures="1" errors="0" time="167" timestamp="2017-11-28 14:55:30" hostname="raycp - L23017WIN.rpega.com" id="Test Suites/Pooja/GoLive_Test Suite/Verify Technical details">
      <properties>
         <property name="deviceName" value=""/>
         <property name="devicePlatform" value=""/>
         <property name="logFolder" value="C:\\Users\\raycp\\Desktop\\COE\\Reports\\Pooja\\GoLive_Test Suite\\Verify Technical details\\20171128_145529"/>
         <property name="logFiles" value="C:\\Users\\raycp\\Desktop\\COE\\Reports\\Pooja\\GoLive_Test Suite\\Verify Technical details\\20171128_145529\\execution0.log"/>
         <property name="attachments" value="C:\\Users\\raycp\\Desktop\\COE\\Reports\\Pooja\\GoLive_Test Suite\\Verify Technical details\\20171128_145529\\1511861296965.png"/>
         <property name="hostName" value="raycp - L23017WIN.rpega.com"/>
         <property name="os" value="Windows 10 32bit"/>
         <property name="katalonVersion" value="4.8.0.2"/>
         <property name="browser" value="Chrome 62.0.3202.94"/>
         <property name="hostAddress" value="10.150.113.175"/>
         <property name="sessionId" value="d9b6802c2c92f8a190e0dd62374c06fe"/>
         <property name="seleniumVersion" value="2.53.0"/>
         <property name="proxyInformation" value="ProxyInformation{proxyOption=NO_PROXY, proxyServerType=HTTP, password=, proxyServerAddress=, proxyServerPort=0}"/>
         <property name="platform" value="Windows 10"/>
      </properties>
      <testcase name="Test Cases/GOLIVE/Enter Business Case" classname="Test Cases/GOLIVE/Enter Business Case" status="PASSED">
         <system-out><![CDATA[2017-11-28 14:55:31 - [TEST_CASE][PASSED] - Test Cases/GOLIVE/Enter Business Case: Test Cases/GOLIVE/Enter Business Case

2017-11-28 14:55:31 - [TEST_STEP][PASSED] - openBrowser: Browser is opened with url: ''

2017-11-28 14:55:34 - [MESSAGE][PASSED] - Browser is opened with url: ''

2017-11-28 14:55:34 - [TEST_STEP][PASSED] - navigateToUrl: Navigate to 'https://vciaqa.rpega.com:8333/ciaqa/PRServlet/dGKN-A6ThDliXf4sywRqw74EFIEOGY6R*/!STANDARD' successfully

2017-11-28 14:55:36 - [MESSAGE][PASSED] - Navigate to 'https://vciaqa.rpega.com:8333/ciaqa/PRServlet/dGKN-A6ThDliXf4sywRqw74EFIEOGY6R*/!STANDARD' successfully

2017-11-28 14:55:36 - [TEST_STEP][PASSED] - setText: Text 'hendj@pegasystems.com' is set on object 'Object Repository/GOLive_Objects/Search/Page_Pega 7/input_UserIdentifier'

2017-11-28 14:55:36 - [MESSAGE][PASSED] - Text 'hendj@pegasystems.com' is set on object 'Object Repository/GOLive_Objects/Search/Page_Pega 7/input_UserIdentifier'

2017-11-28 14:55:36 - [TEST_STEP][PASSED] - setText: Text 'install' is set on object 'Object Repository/GOLive_Objects/Search/Page_Pega 7/input_Password'

2017-11-28 14:55:36 - [MESSAGE][PASSED] - Text 'install' is set on object 'Object Repository/GOLive_Objects/Search/Page_Pega 7/input_Password'

2017-11-28 14:55:36 - [TEST_STEP][PASSED] - sendKeys: Keys '' sent to object: 'Object Repository/GOLive_Objects/Search/Page_Pega 7/input_Password'

2017-11-28 14:55:42 - [MESSAGE][PASSED] - Keys '' sent to object: 'Object Repository/GOLive_Objects/Search/Page_Pega 7/input_Password'

2017-11-28 14:55:42 - [TEST_STEP][PASSED] - maximizeWindow: Current window maximized

2017-11-28 14:55:43 - [MESSAGE][PASSED] - Current window maximized

2017-11-28 14:55:43 - [TEST_STEP][PASSED] - click: Object: 'Object Repository/GOLive_Objects/Search/Page_AIAManager/span_Advanced Search' is clicked on

2017-11-28 14:55:43 - [MESSAGE][PASSED] - Object: 'Object Repository/GOLive_Objects/Search/Page_AIAManager/span_Advanced Search' is clicked on

2017-11-28 14:55:43 - [TEST_STEP][PASSED] - click: Object: 'Object Repository/GOLive_Objects/Search/Page_AIAManager/label_Go Live' is clicked on

2017-11-28 14:55:44 - [MESSAGE][PASSED] - Object: 'Object Repository/GOLive_Objects/Search/Page_AIAManager/label_Go Live' is clicked on

2017-11-28 14:55:44 - [TEST_STEP][PASSED] - setText: Text 'OGL-1752' is set on object 'Object Repository/GOLive_Objects/Search/Page_AIAManager/input_PpyDisplayHarnesspSearch'

2017-11-28 14:55:46 - [MESSAGE][PASSED] - Text 'OGL-1752' is set on object 'Object Repository/GOLive_Objects/Search/Page_AIAManager/input_PpyDisplayHarnesspSearch'

2017-11-28 14:55:46 - [TEST_STEP][PASSED] - click: Object: 'Object Repository/GOLive_Objects/Search/Page_AIAManager/div_Search' is clicked on

2017-11-28 14:55:46 - [MESSAGE][PASSED] - Object: 'Object Repository/GOLive_Objects/Search/Page_AIAManager/div_Search' is clicked on

2017-11-28 14:55:46 - [TEST_STEP][PASSED] - doubleClick: Object: 'Object Repository/GOLive_Objects/Search/Page_AIAManager/span_OGL-1608' is double clicked on

2017-11-28 14:55:47 - [MESSAGE][PASSED] - Object: 'Object Repository/GOLive_Objects/Search/Page_AIAManager/span_OGL-1608' is double clicked on

2017-11-28 14:55:49 - [TEST_STEP][PASSED] - click: Object: 'Object Repository/GOLive_Objects/Search/Page_AIAManager/Enter Business Case' is clicked on

2017-11-28 14:55:50 - [MESSAGE][PASSED] - Object: 'Object Repository/GOLive_Objects/Search/Page_AIAManager/Enter Business Case' is clicked on

2017-11-28 14:55:51 - [TEST_STEP][PASSED] - scrollToElement: Scroll to object 'Object Repository/GOLive_Objects/Search/Page_AIAManager/div_Next' successfully

2017-11-28 14:55:51 - [MESSAGE][PASSED] - Scroll to object 'Object Repository/GOLive_Objects/Search/Page_AIAManager/div_Next' successfully

2017-11-28 14:55:51 - [TEST_STEP][PASSED] - click: Object: 'Object Repository/GOLive_Objects/Search/Page_AIAManager/div_Next' is clicked on

2017-11-28 14:55:51 - [MESSAGE][PASSED] - Object: 'Object Repository/GOLive_Objects/Search/Page_AIAManager/div_Next' is clicked on]]></system-out>
         <system-err><![CDATA[]]></system-err>
      </testcase>
      <testcase name="Test Cases/GOLIVE/Enter Technical Details" classname="Test Cases/GOLIVE/Enter Technical Details" status="PASSED">
         <system-out><![CDATA[2017-11-28 14:55:51 - [TEST_CASE][PASSED] - Test Cases/GOLIVE/Enter Technical Details: Test Cases/GOLIVE/Enter Technical Details

2017-11-28 14:55:52 - [TEST_STEP][PASSED] - selectOptionByValue: All options with value 'Ind5' are selected in object 'Object Repository/GOLive_Objects/Update Technical Details/Page_AIAManager/select_PpyWorkPagepSolutionMap'  using regular expression

2017-11-28 14:55:53 - [MESSAGE][PASSED] - All options with value 'Ind5' are selected in object 'Object Repository/GOLive_Objects/Update Technical Details/Page_AIAManager/select_PpyWorkPagepSolutionMap'  using regular expression

2017-11-28 14:55:53 - [TEST_STEP][PASSED] - delay: Delayed 2 second(s)

2017-11-28 14:55:55 - [MESSAGE][PASSED] - Delayed 2 second(s)

2017-11-28 14:55:55 - [TEST_STEP][PASSED] - selectOptionByValue: All options with value 'IndSeg25' are selected in object 'Object Repository/GOLive_Objects/Update Technical Details/Page_AIAManager/select_PpyWorkPagepSolutionMap (1)'  using regular expression

2017-11-28 14:55:55 - [MESSAGE][PASSED] - All options with value 'IndSeg25' are selected in object 'Object Repository/GOLive_Objects/Update Technical Details/Page_AIAManager/select_PpyWorkPagepSolutionMap (1)'  using regular expression

2017-11-28 14:55:55 - [TEST_STEP][PASSED] - delay: Delayed 2 second(s)

2017-11-28 14:55:57 - [MESSAGE][PASSED] - Delayed 2 second(s)

2017-11-28 14:55:57 - [TEST_STEP][PASSED] - selectOptionByValue: All options with value 'IndSol439' are selected in object 'Object Repository/GOLive_Objects/Update Technical Details/Page_AIAManager/select_PpyWorkPagepSolutionMap (2)'  using regular expression

2017-11-28 14:55:57 - [MESSAGE][PASSED] - All options with value 'IndSol439' are selected in object 'Object Repository/GOLive_Objects/Update Technical Details/Page_AIAManager/select_PpyWorkPagepSolutionMap (2)'  using regular expression

2017-11-28 14:55:58 - [TEST_STEP][PASSED] - delay: Delayed 2 second(s)

2017-11-28 14:56:00 - [MESSAGE][PASSED] - Delayed 2 second(s)

2017-11-28 14:56:00 - [TEST_STEP][PASSED] - selectOptionByValue: All options with value 'Industry Specific' are selected in object 'Object Repository/GOLive_Objects/Update Technical Details/Page_AIAManager/select_PpyWorkPagepImplementat'  using regular expression

2017-11-28 14:56:00 - [MESSAGE][PASSED] - All options with value 'Industry Specific' are selected in object 'Object Repository/GOLive_Objects/Update Technical Details/Page_AIAManager/select_PpyWorkPagepImplementat'  using regular expression

2017-11-28 14:56:00 - [TEST_STEP][PASSED] - delay: Delayed 3 second(s)

2017-11-28 14:56:03 - [MESSAGE][PASSED] - Delayed 3 second(s)

2017-11-28 14:56:03 - [TEST_STEP][PASSED] - selectOptionByValue: All options with value 'FS - Cards' are selected in object 'Object Repository/GOLive_Objects/Update Technical Details/Page_AIAManager/SolutionMap1'  using regular expression

2017-11-28 14:56:03 - [MESSAGE][PASSED] - All options with value 'FS - Cards' are selected in object 'Object Repository/GOLive_Objects/Update Technical Details/Page_AIAManager/SolutionMap1'  using regular expression

2017-11-28 14:56:03 - [TEST_STEP][PASSED] - delay: Delayed 2 second(s)

2017-11-28 14:56:05 - [MESSAGE][PASSED] - Delayed 2 second(s)

2017-11-28 14:56:05 - [TEST_STEP][PASSED] - selectOptionByValue: All options with value 'less than 500' are selected in object 'Object Repository/GOLive_Objects/Update Technical Details/Page_AIAManager/select_PpyWorkPagepImplementat (1)'  using regular expression

2017-11-28 14:56:06 - [MESSAGE][PASSED] - All options with value 'less than 500' are selected in object 'Object Repository/GOLive_Objects/Update Technical Details/Page_AIAManager/select_PpyWorkPagepImplementat (1)'  using regular expression

2017-11-28 14:56:06 - [TEST_STEP][PASSED] - delay: Delayed 2 second(s)

2017-11-28 14:56:08 - [MESSAGE][PASSED] - Delayed 2 second(s)

2017-11-28 14:56:08 - [TEST_STEP][PASSED] - selectOptionByValue: All options with value 'N/A' are selected in object 'Object Repository/GOLive_Objects/Update Technical Details/Page_AIAManager/select_PpyWorkPagepChannelsl1p'  using regular expression

2017-11-28 14:56:08 - [MESSAGE][PASSED] - All options with value 'N/A' are selected in object 'Object Repository/GOLive_Objects/Update Technical Details/Page_AIAManager/select_PpyWorkPagepChannelsl1p'  using regular expression

2017-11-28 14:56:08 - [TEST_STEP][PASSED] - delay: Delayed 2 second(s)

2017-11-28 14:56:10 - [MESSAGE][PASSED] - Delayed 2 second(s)

2017-11-28 14:56:10 - [TEST_STEP][PASSED] - setText: Text 'test' is set on object 'Object Repository/GOLive_Objects/Update Technical Details/Page_AIAManager/input_PpyWorkPagepCustomerCont'

2017-11-28 14:56:10 - [MESSAGE][PASSED] - Text 'test' is set on object 'Object Repository/GOLive_Objects/Update Technical Details/Page_AIAManager/input_PpyWorkPagepCustomerCont'

2017-11-28 14:56:10 - [TEST_STEP][PASSED] - delay: Delayed 1 second(s)

2017-11-28 14:56:11 - [MESSAGE][PASSED] - Delayed 1 second(s)

2017-11-28 14:56:11 - [TEST_STEP][PASSED] - setText: Text 'test' is set on object 'Object Repository/GOLive_Objects/Update Technical Details/Page_AIAManager/input_PpyWorkPagepCustomerCont (1)'

2017-11-28 14:56:12 - [MESSAGE][PASSED] - Text 'test' is set on object 'Object Repository/GOLive_Objects/Update Technical Details/Page_AIAManager/input_PpyWorkPagepCustomerCont (1)'

2017-11-28 14:56:12 - [TEST_STEP][PASSED] - delay: Delayed 1 second(s)

2017-11-28 14:56:13 - [MESSAGE][PASSED] - Delayed 1 second(s)

2017-11-28 14:56:13 - [TEST_STEP][PASSED] - setText: Text 'test@gmail.com' is set on object 'Object Repository/GOLive_Objects/Update Technical Details/Page_AIAManager/input_PpyWorkPagepCustomerCont (2)'

2017-11-28 14:56:13 - [MESSAGE][PASSED] - Text 'test@gmail.com' is set on object 'Object Repository/GOLive_Objects/Update Technical Details/Page_AIAManager/input_PpyWorkPagepCustomerCont (2)'

2017-11-28 14:56:13 - [TEST_STEP][PASSED] - delay: Delayed 2 second(s)

2017-11-28 14:56:15 - [MESSAGE][PASSED] - Delayed 2 second(s)

2017-11-28 14:56:15 - [TEST_STEP][PASSED] - scrollToElement: Scroll to object 'Object Repository/GOLive_Objects/Update Technical Details/Page_AIAManager/select_PpyWorkPagepAppServerNa' successfully

2017-11-28 14:56:15 - [MESSAGE][PASSED] - Scroll to object 'Object Repository/GOLive_Objects/Update Technical Details/Page_AIAManager/select_PpyWorkPagepAppServerNa' successfully

2017-11-28 14:56:15 - [TEST_STEP][PASSED] - selectOptionByValue: All options with value 'Apache Server' are selected in object 'Object Repository/GOLive_Objects/Update Technical Details/Page_AIAManager/select_PpyWorkPagepAppServerNa'  using regular expression

2017-11-28 14:56:16 - [MESSAGE][PASSED] - All options with value 'Apache Server' are selected in object 'Object Repository/GOLive_Objects/Update Technical Details/Page_AIAManager/select_PpyWorkPagepAppServerNa'  using regular expression

2017-11-28 14:56:16 - [TEST_STEP][PASSED] - delay: Delayed 2 second(s)

2017-11-28 14:56:18 - [MESSAGE][PASSED] - Delayed 2 second(s)

2017-11-28 14:56:18 - [TEST_STEP][PASSED] - selectOptionByValue: All options with value 'Mainframe' are selected in object 'Object Repository/GOLive_Objects/Update Technical Details/Page_AIAManager/select_PpyWorkPagepAppServerOS'  using regular expression

2017-11-28 14:56:18 - [MESSAGE][PASSED] - All options with value 'Mainframe' are selected in object 'Object Repository/GOLive_Objects/Update Technical Details/Page_AIAManager/select_PpyWorkPagepAppServerOS'  using regular expression

2017-11-28 14:56:18 - [TEST_STEP][PASSED] - delay: Delayed 2 second(s)

2017-11-28 14:56:20 - [MESSAGE][PASSED] - Delayed 2 second(s)

2017-11-28 14:56:20 - [TEST_STEP][PASSED] - selectOptionByValue: All options with value 'RMS' are selected in object 'Object Repository/GOLive_Objects/Update Technical Details/Page_AIAManager/select_PpyWorkPagepDBServerNam'  using regular expression

2017-11-28 14:56:20 - [MESSAGE][PASSED] - All options with value 'RMS' are selected in object 'Object Repository/GOLive_Objects/Update Technical Details/Page_AIAManager/select_PpyWorkPagepDBServerNam'  using regular expression

2017-11-28 14:56:20 - [TEST_STEP][PASSED] - delay: Delayed 2 second(s)

2017-11-28 14:56:22 - [MESSAGE][PASSED] - Delayed 2 second(s)

2017-11-28 14:56:22 - [TEST_STEP][PASSED] - click: Object: 'Object Repository/GOLive_Objects/Update Technical Details/Page_AIAManager/select_PpyWorkPagepProductsl1p' is clicked on

2017-11-28 14:56:23 - [MESSAGE][PASSED] - Object: 'Object Repository/GOLive_Objects/Update Technical Details/Page_AIAManager/select_PpyWorkPagepProductsl1p' is clicked on

2017-11-28 14:56:23 - [TEST_STEP][PASSED] - click: Object: 'Object Repository/GOLive_Objects/Update Technical Details/Page_AIAManager/Product_Name' is clicked on

2017-11-28 14:56:23 - [MESSAGE][PASSED] - Object: 'Object Repository/GOLive_Objects/Update Technical Details/Page_AIAManager/Product_Name' is clicked on

2017-11-28 14:56:23 - [TEST_STEP][PASSED] - delay: Delayed 5 second(s)

2017-11-28 14:56:28 - [MESSAGE][PASSED] - Delayed 5 second(s)

2017-11-28 14:56:28 - [TEST_STEP][PASSED] - selectOptionByValue: All options with value 'RLS-3596' are selected in object 'Object Repository/GOLive_Objects/Update Technical Details/Page_AIAManager/select_PpyWorkPagepProductsl1p (1)'  using regular expression

2017-11-28 14:56:28 - [MESSAGE][PASSED] - All options with value 'RLS-3596' are selected in object 'Object Repository/GOLive_Objects/Update Technical Details/Page_AIAManager/select_PpyWorkPagepProductsl1p (1)'  using regular expression

2017-11-28 14:56:28 - [TEST_STEP][PASSED] - scrollToElement: Scroll to object 'Object Repository/GOLive_Objects/Search/Page_AIAManager/div_Next' successfully

2017-11-28 14:56:28 - [MESSAGE][PASSED] - Scroll to object 'Object Repository/GOLive_Objects/Search/Page_AIAManager/div_Next' successfully

2017-11-28 14:56:28 - [TEST_STEP][PASSED] - click: Object: 'Object Repository/GOLive_Objects/Search/Page_AIAManager/div_Next' is clicked on

2017-11-28 14:56:28 - [MESSAGE][PASSED] - Object: 'Object Repository/GOLive_Objects/Search/Page_AIAManager/div_Next' is clicked on

2017-11-28 14:56:28 - [TEST_STEP][PASSED] - delay: Delayed 5 second(s)

2017-11-28 14:56:33 - [MESSAGE][PASSED] - Delayed 5 second(s)]]></system-out>
         <system-err><![CDATA[]]></system-err>
      </testcase>
      <testcase name="Test Cases/GOLIVE/Preview Email" classname="Test Cases/GOLIVE/Preview Email" status="PASSED">
         <system-out><![CDATA[2017-11-28 14:56:34 - [TEST_CASE][PASSED] - Test Cases/GOLIVE/Preview Email: Test Cases/GOLIVE/Preview Email

2017-11-28 14:56:34 - [TEST_STEP][PASSED] - delay: Delayed 5 second(s)

2017-11-28 14:56:39 - [MESSAGE][PASSED] - Delayed 5 second(s)

2017-11-28 14:56:39 - [TEST_STEP][PASSED] - scrollToElement: Scroll to object 'Object Repository/GOLive_Objects/PreviewEmail/Page_AIAManager/Submit' successfully

2017-11-28 14:56:39 - [MESSAGE][PASSED] - Scroll to object 'Object Repository/GOLive_Objects/PreviewEmail/Page_AIAManager/Submit' successfully

2017-11-28 14:56:39 - [TEST_STEP][PASSED] - click: Object: 'Object Repository/GOLive_Objects/PreviewEmail/Page_AIAManager/Submit' is clicked on

2017-11-28 14:56:39 - [MESSAGE][PASSED] - Object: 'Object Repository/GOLive_Objects/PreviewEmail/Page_AIAManager/Submit' is clicked on

2017-11-28 14:56:39 - [TEST_STEP][PASSED] - delay: Delayed 5 second(s)

2017-11-28 14:56:44 - [MESSAGE][PASSED] - Delayed 5 second(s)]]></system-out>
         <system-err><![CDATA[]]></system-err>
      </testcase>
      <testcase name="Test Cases/GOLIVE/PRApproval" classname="Test Cases/GOLIVE/PRApproval" status="FAILED">
         <failure type="FAILED" message="Unable to click on object 'Object Repository/GOLive_Objects/PRApprove/Page_AIAManager/PRApprove' (Root cause: com.kms.katalon.core.webui.exception.WebElementNotFoundException: Web element with id: 'Object Repository/GOLive_Objects/PRApprove/Page_AIAManager/PRApprove' located by 'By.xpath: /html/body/div[2]/form/div[3]/table/tbody/tr/td/div/div[3]/div[2]/div/div/div[2]/div/div/div/div/div/div/div/div/div/table/tbody/tr[2]/td[2]/span/button[count(. | //*[contains(.,'Submit For Approval')]) = count(//*[contains(.,'Submit For Approval')])]' not found)"/>
         <system-out><![CDATA[2017-11-28 14:56:44 - [TEST_CASE][FAILED] - Test Cases/GOLIVE/PRApproval: Test Cases/GOLIVE/PRApproval FAILED because (of) Unable to click on object 'Object Repository/GOLive_Objects/PRApprove/Page_AIAManager/PRApprove' (Root cause: com.kms.katalon.core.webui.exception.WebElementNotFoundException: Web element with id: 'Object Repository/GOLive_Objects/PRApprove/Page_AIAManager/PRApprove' located by 'By.xpath: /html/body/div[2]/form/div[3]/table/tbody/tr/td/div/div[3]/div[2]/div/div/div[2]/div/div/div/div/div/div/div/div/div/table/tbody/tr[2]/td[2]/span/button[count(. | //*[contains(.,'Submit For Approval')]) = count(//*[contains(.,'Submit For Approval')])]' not found)

2017-11-28 14:56:44 - [TEST_STEP][PASSED] - openBrowser: Browser is opened with url: ''

2017-11-28 14:56:44 - [MESSAGE][WARNING] - A browser is already opened. Closing browser and opening a new one

2017-11-28 14:56:48 - [MESSAGE][PASSED] - Browser is opened with url: ''

2017-11-28 14:56:48 - [TEST_STEP][PASSED] - navigateToUrl: Navigate to 'https://vciaqa.rpega.com:8333/ciaqa/PRServlet/dGKN-A6ThDliXf4sywRqw74EFIEOGY6R*/!STANDARD' successfully

2017-11-28 14:56:49 - [MESSAGE][PASSED] - Navigate to 'https://vciaqa.rpega.com:8333/ciaqa/PRServlet/dGKN-A6ThDliXf4sywRqw74EFIEOGY6R*/!STANDARD' successfully

2017-11-28 14:56:49 - [TEST_STEP][PASSED] - setText: Text 'fergc@pegasystems.com' is set on object 'Object Repository/GOLive_Objects/PRApprove/Page_Pega 7/input_UserIdentifier'

2017-11-28 14:56:50 - [MESSAGE][PASSED] - Text 'fergc@pegasystems.com' is set on object 'Object Repository/GOLive_Objects/PRApprove/Page_Pega 7/input_UserIdentifier'

2017-11-28 14:56:50 - [TEST_STEP][PASSED] - setText: Text 'install' is set on object 'Object Repository/GOLive_Objects/PRApprove/Page_Pega 7/input_Password'

2017-11-28 14:56:50 - [MESSAGE][PASSED] - Text 'install' is set on object 'Object Repository/GOLive_Objects/PRApprove/Page_Pega 7/input_Password'

2017-11-28 14:56:50 - [TEST_STEP][PASSED] - sendKeys: Keys '' sent to object: 'Object Repository/GOLive_Objects/PRApprove/Page_Pega 7/input_Password'

2017-11-28 14:56:55 - [MESSAGE][PASSED] - Keys '' sent to object: 'Object Repository/GOLive_Objects/PRApprove/Page_Pega 7/input_Password'

2017-11-28 14:56:55 - [TEST_STEP][PASSED] - maximizeWindow: Current window maximized

2017-11-28 14:56:56 - [MESSAGE][PASSED] - Current window maximized

2017-11-28 14:56:56 - [TEST_STEP][PASSED] - click: Object: 'Object Repository/GOLive_Objects/Search/Page_AIAManager/span_Advanced Search' is clicked on

2017-11-28 14:56:57 - [MESSAGE][PASSED] - Object: 'Object Repository/GOLive_Objects/Search/Page_AIAManager/span_Advanced Search' is clicked on

2017-11-28 14:56:57 - [TEST_STEP][PASSED] - click: Object: 'Object Repository/GOLive_Objects/Search/Page_AIAManager/label_Go Live' is clicked on

2017-11-28 14:56:57 - [MESSAGE][PASSED] - Object: 'Object Repository/GOLive_Objects/Search/Page_AIAManager/label_Go Live' is clicked on

2017-11-28 14:56:57 - [TEST_STEP][PASSED] - setText: Text 'OGL-1752' is set on object 'Object Repository/GOLive_Objects/Search/Page_AIAManager/input_PpyDisplayHarnesspSearch'

2017-11-28 14:56:59 - [MESSAGE][PASSED] - Text 'OGL-1752' is set on object 'Object Repository/GOLive_Objects/Search/Page_AIAManager/input_PpyDisplayHarnesspSearch'

2017-11-28 14:56:59 - [TEST_STEP][PASSED] - click: Object: 'Object Repository/GOLive_Objects/Search/Page_AIAManager/div_Search' is clicked on

2017-11-28 14:56:59 - [MESSAGE][PASSED] - Object: 'Object Repository/GOLive_Objects/Search/Page_AIAManager/div_Search' is clicked on

2017-11-28 14:56:59 - [TEST_STEP][PASSED] - doubleClick: Object: 'Object Repository/GOLive_Objects/PRApprove/Page_AIAManager/span_OGL-1722' is double clicked on

2017-11-28 14:57:00 - [MESSAGE][PASSED] - Object: 'Object Repository/GOLive_Objects/PRApprove/Page_AIAManager/span_OGL-1722' is double clicked on

2017-11-28 14:57:01 - [TEST_STEP][PASSED] - click: Object: 'Object Repository/GOLive_Objects/PRApprove/Page_AIAManager/a_ApproveStory' is clicked on

2017-11-28 14:57:02 - [MESSAGE][PASSED] - Object: 'Object Repository/GOLive_Objects/PRApprove/Page_AIAManager/a_ApproveStory' is clicked on

2017-11-28 14:57:02 - [TEST_STEP][PASSED] - click: Object: 'Object Repository/GOLive_Objects/PRApprove/Page_AIAManager/ReviewButton' is clicked on

2017-11-28 14:57:02 - [MESSAGE][PASSED] - Object: 'Object Repository/GOLive_Objects/PRApprove/Page_AIAManager/ReviewButton' is clicked on

2017-11-28 14:57:02 - [TEST_STEP][PASSED] - delay: Delayed 2 second(s)

2017-11-28 14:57:04 - [MESSAGE][PASSED] - Delayed 2 second(s)

2017-11-28 14:57:04 - [TEST_STEP][PASSED] - click: Object: 'Object Repository/GOLive_Objects/PRApprove/Page_AIAManager/input_PpyWorkPagepIsCloudImpl' is clicked on

2017-11-28 14:57:05 - [MESSAGE][PASSED] - Object: 'Object Repository/GOLive_Objects/PRApprove/Page_AIAManager/input_PpyWorkPagepIsCloudImpl' is clicked on

2017-11-28 14:57:05 - [TEST_STEP][PASSED] - delay: Delayed 2 second(s)

2017-11-28 14:57:07 - [MESSAGE][PASSED] - Delayed 2 second(s)

2017-11-28 14:57:07 - [TEST_STEP][PASSED] - click: Object: 'Object Repository/GOLive_Objects/PRApprove/Page_AIAManager/input_PpyWorkPagepCloudUse' is clicked on

2017-11-28 14:57:07 - [MESSAGE][PASSED] - Object: 'Object Repository/GOLive_Objects/PRApprove/Page_AIAManager/input_PpyWorkPagepCloudUse' is clicked on

2017-11-28 14:57:07 - [TEST_STEP][PASSED] - delay: Delayed 2 second(s)

2017-11-28 14:57:09 - [MESSAGE][PASSED] - Delayed 2 second(s)

2017-11-28 14:57:09 - [TEST_STEP][PASSED] - click: Object: 'Object Repository/GOLive_Objects/PRApprove/Page_AIAManager/input_PpyWorkPagepTypeOfCloud' is clicked on

2017-11-28 14:57:09 - [MESSAGE][PASSED] - Object: 'Object Repository/GOLive_Objects/PRApprove/Page_AIAManager/input_PpyWorkPagepTypeOfCloud' is clicked on

2017-11-28 14:57:09 - [TEST_STEP][PASSED] - delay: Delayed 2 second(s)

2017-11-28 14:57:11 - [MESSAGE][PASSED] - Delayed 2 second(s)

2017-11-28 14:57:11 - [TEST_STEP][PASSED] - setText: Text 'Partner Cloud' is set on object 'Object Repository/GOLive_Objects/PRApprove/Page_AIAManager/input_PpyWorkPagepNameOfCloudP'

2017-11-28 14:57:11 - [MESSAGE][PASSED] - Text 'Partner Cloud' is set on object 'Object Repository/GOLive_Objects/PRApprove/Page_AIAManager/input_PpyWorkPagepNameOfCloudP'

2017-11-28 14:57:11 - [TEST_STEP][PASSED] - scrollToElement: Scroll to object 'Object Repository/GOLive_Objects/Search/Page_AIAManager/div_Next' successfully

2017-11-28 14:57:12 - [MESSAGE][PASSED] - Scroll to object 'Object Repository/GOLive_Objects/Search/Page_AIAManager/div_Next' successfully

2017-11-28 14:57:12 - [TEST_STEP][PASSED] - click: Object: 'Object Repository/GOLive_Objects/Search/Page_AIAManager/div_Next' is clicked on

2017-11-28 14:57:12 - [MESSAGE][PASSED] - Object: 'Object Repository/GOLive_Objects/Search/Page_AIAManager/div_Next' is clicked on

2017-11-28 14:57:12 - [TEST_STEP][PASSED] - delay: Delayed 5 second(s)

2017-11-28 14:57:17 - [MESSAGE][PASSED] - Delayed 5 second(s)

2017-11-28 14:57:17 - [TEST_STEP][PASSED] - scrollToElement: Scroll to object 'Object Repository/GOLive_Objects/Search/Page_AIAManager/div_Next' successfully

2017-11-28 14:57:17 - [MESSAGE][PASSED] - Scroll to object 'Object Repository/GOLive_Objects/Search/Page_AIAManager/div_Next' successfully

2017-11-28 14:57:17 - [TEST_STEP][PASSED] - click: Object: 'Object Repository/GOLive_Objects/Search/Page_AIAManager/div_Next' is clicked on

2017-11-28 14:57:17 - [MESSAGE][PASSED] - Object: 'Object Repository/GOLive_Objects/Search/Page_AIAManager/div_Next' is clicked on

2017-11-28 14:57:17 - [TEST_STEP][PASSED] - click: Object: 'Object Repository/GOLive_Objects/PRApprove/Page_AIAManager/AddIcon' is clicked on

2017-11-28 14:57:19 - [MESSAGE][PASSED] - Object: 'Object Repository/GOLive_Objects/PRApprove/Page_AIAManager/AddIcon' is clicked on

2017-11-28 14:57:19 - [TEST_STEP][PASSED] - selectOptionByValue: All options with value 'Ind7' are selected in object 'Object Repository/GOLive_Objects/Update Technical Details/Page_AIAManager/select_PpyWorkPagepSolutionMap (4)'  using regular expression

2017-11-28 14:57:20 - [MESSAGE][PASSED] - All options with value 'Ind7' are selected in object 'Object Repository/GOLive_Objects/Update Technical Details/Page_AIAManager/select_PpyWorkPagepSolutionMap (4)'  using regular expression

2017-11-28 14:57:20 - [TEST_STEP][PASSED] - delay: Delayed 2 second(s)

2017-11-28 14:57:22 - [MESSAGE][PASSED] - Delayed 2 second(s)

2017-11-28 14:57:22 - [TEST_STEP][PASSED] - selectOptionByValue: All options with value 'IndSeg23' are selected in object 'Object Repository/GOLive_Objects/Update Technical Details/Page_AIAManager/select_PpyWorkPagepSolutionMap (5)'  using regular expression

2017-11-28 14:57:22 - [MESSAGE][PASSED] - All options with value 'IndSeg23' are selected in object 'Object Repository/GOLive_Objects/Update Technical Details/Page_AIAManager/select_PpyWorkPagepSolutionMap (5)'  using regular expression

2017-11-28 14:57:22 - [TEST_STEP][PASSED] - delay: Delayed 2 second(s)

2017-11-28 14:57:24 - [MESSAGE][PASSED] - Delayed 2 second(s)

2017-11-28 14:57:24 - [TEST_STEP][PASSED] - selectOptionByValue: All options with value 'N/A' are selected in object 'Object Repository/GOLive_Objects/Update Technical Details/Page_AIAManager/Application_Area(2)'  using regular expression

2017-11-28 14:57:24 - [MESSAGE][PASSED] - All options with value 'N/A' are selected in object 'Object Repository/GOLive_Objects/Update Technical Details/Page_AIAManager/Application_Area(2)'  using regular expression

2017-11-28 14:57:24 - [TEST_STEP][PASSED] - scrollToElement: Scroll to object 'Object Repository/GOLive_Objects/Search/Page_AIAManager/div_Next' successfully

2017-11-28 14:57:24 - [MESSAGE][PASSED] - Scroll to object 'Object Repository/GOLive_Objects/Search/Page_AIAManager/div_Next' successfully

2017-11-28 14:57:24 - [TEST_STEP][PASSED] - click: Object: 'Object Repository/GOLive_Objects/Search/Page_AIAManager/div_Next' is clicked on

2017-11-28 14:57:24 - [MESSAGE][PASSED] - Object: 'Object Repository/GOLive_Objects/Search/Page_AIAManager/div_Next' is clicked on

2017-11-28 14:57:24 - [TEST_STEP][PASSED] - delay: Delayed 5 second(s)

2017-11-28 14:57:29 - [MESSAGE][PASSED] - Delayed 5 second(s)

2017-11-28 14:57:29 - [TEST_STEP][PASSED] - callTestCase: Call Test Case 'Test Cases/GOLIVE/Preview Email' successfully

2017-11-28 14:57:29 - [TEST_CASE][PASSED] - Test Cases/GOLIVE/Preview Email: Test Cases/GOLIVE/Preview Email

2017-11-28 14:57:29 - [TEST_STEP][PASSED] - delay: Delayed 5 second(s)

2017-11-28 14:57:34 - [MESSAGE][PASSED] - Delayed 5 second(s)

2017-11-28 14:57:34 - [TEST_STEP][PASSED] - scrollToElement: Scroll to object 'Object Repository/GOLive_Objects/PreviewEmail/Page_AIAManager/Submit' successfully

2017-11-28 14:57:35 - [MESSAGE][PASSED] - Scroll to object 'Object Repository/GOLive_Objects/PreviewEmail/Page_AIAManager/Submit' successfully

2017-11-28 14:57:35 - [TEST_STEP][PASSED] - click: Object: 'Object Repository/GOLive_Objects/PreviewEmail/Page_AIAManager/Submit' is clicked on

2017-11-28 14:57:35 - [MESSAGE][PASSED] - Object: 'Object Repository/GOLive_Objects/PreviewEmail/Page_AIAManager/Submit' is clicked on

2017-11-28 14:57:35 - [TEST_STEP][PASSED] - delay: Delayed 5 second(s)

2017-11-28 14:57:40 - [MESSAGE][PASSED] - Delayed 5 second(s)

2017-11-28 14:57:40 - [MESSAGE][PASSED] - Call Test Case 'Test Cases/GOLIVE/Preview Email' successfully

2017-11-28 14:57:40 - [TEST_STEP][PASSED] - delay: Delayed 5 second(s)

2017-11-28 14:57:45 - [MESSAGE][PASSED] - Delayed 5 second(s)

2017-11-28 14:57:45 - [TEST_STEP][FAILED] - click: Unable to click on object 'Object Repository/GOLive_Objects/PRApprove/Page_AIAManager/PRApprove' (Root cause: com.kms.katalon.core.webui.exception.WebElementNotFoundException: Web element with id: 'Object Repository/GOLive_Objects/PRApprove/Page_AIAManager/PRApprove' located by 'By.xpath: /html/body/div[2]/form/div[3]/table/tbody/tr/td/div/div[3]/div[2]/div/div/div[2]/div/div/div/div/div/div/div/div/div/table/tbody/tr[2]/td[2]/span/button[count(. | //*[contains(.,'Submit For Approval')]) = count(//*[contains(.,'Submit For Approval')])]' not found)

2017-11-28 14:58:17 - [MESSAGE][FAILED] - Unable to click on object 'Object Repository/GOLive_Objects/PRApprove/Page_AIAManager/PRApprove' (Root cause: com.kms.katalon.core.webui.exception.WebElementNotFoundException: Web element with id: 'Object Repository/GOLive_Objects/PRApprove/Page_AIAManager/PRApprove' located by 'By.xpath: /html/body/div[2]/form/div[3]/table/tbody/tr/td/div/div[3]/div[2]/div/div/div[2]/div/div/div/div/div/div/div/div/div/table/tbody/tr[2]/td[2]/span/button[count(. | //*[contains(.,'Submit For Approval')]) = count(//*[contains(.,'Submit For Approval')])]' not found)
[[ATTACHMENT|C:\\Users\\raycp\\Desktop\\COE\\Reports\\Pooja\\GoLive_Test Suite\\Verify Technical details\\20171128_145529\\1511861296965.png]]]]></system-out>
         <system-err><![CDATA[2017-11-28 14:56:44 - [TEST_CASE][FAILED] - Test Cases/GOLIVE/PRApproval: Test Cases/GOLIVE/PRApproval FAILED because (of) Unable to click on object 'Object Repository/GOLive_Objects/PRApprove/Page_AIAManager/PRApprove' (Root cause: com.kms.katalon.core.webui.exception.WebElementNotFoundException: Web element with id: 'Object Repository/GOLive_Objects/PRApprove/Page_AIAManager/PRApprove' located by 'By.xpath: /html/body/div[2]/form/div[3]/table/tbody/tr/td/div/div[3]/div[2]/div/div/div[2]/div/div/div/div/div/div/div/div/div/table/tbody/tr[2]/td[2]/span/button[count(. | //*[contains(.,'Submit For Approval')]) = count(//*[contains(.,'Submit For Approval')])]' not found)]]></system-err>
      </testcase>
      <system-out><![CDATA[2017-11-28 14:55:30 - [TEST_SUITE][FAILED] - Verify Technical details: Test Cases/GOLIVE/PRApproval FAILED because (of) Unable to click on object 'Object Repository/GOLive_Objects/PRApprove/Page_AIAManager/PRApprove' (Root cause: com.kms.katalon.core.webui.exception.WebElementNotFoundException: Web element with id: 'Object Repository/GOLive_Objects/PRApprove/Page_AIAManager/PRApprove' located by 'By.xpath: /html/body/div[2]/form/div[3]/table/tbody/tr/td/div/div[3]/div[2]/div/div/div[2]/div/div/div/div/div/div/div/div/div/table/tbody/tr[2]/td[2]/span/button[count(. | //*[contains(.,'Submit For Approval')]) = count(//*[contains(.,'Submit For Approval')])]' not found)]]></system-out>
      <system-err><![CDATA[2017-11-28 14:55:30 - [TEST_SUITE][FAILED] - Verify Technical details: Test Cases/GOLIVE/PRApproval FAILED because (of) Unable to click on object 'Object Repository/GOLive_Objects/PRApprove/Page_AIAManager/PRApprove' (Root cause: com.kms.katalon.core.webui.exception.WebElementNotFoundException: Web element with id: 'Object Repository/GOLive_Objects/PRApprove/Page_AIAManager/PRApprove' located by 'By.xpath: /html/body/div[2]/form/div[3]/table/tbody/tr/td/div/div[3]/div[2]/div/div/div[2]/div/div/div/div/div/div/div/div/div/table/tbody/tr[2]/td[2]/span/button[count(. | //*[contains(.,'Submit For Approval')]) = count(//*[contains(.,'Submit For Approval')])]' not found)]]></system-err>
   </testsuite>
</testsuites>
