<?xml version="1.0" encoding="UTF-8"?>
<testsuites name="Verify Technical details" time="87" tests="1" failures="1" errors="0">
   <testsuite name="Verify Technical details" tests="1" failures="1" errors="0" time="87" timestamp="2017-11-13 15:30:44" hostname="raycp - L23017WIN.rpega.com" id="Test Suites/Pooja/Verify Technical details">
      <properties>
         <property name="deviceName" value=""/>
         <property name="devicePlatform" value=""/>
         <property name="logFolder" value="C:\\Users\\raycp\\Desktop\\COE\\Reports\\Pooja\\Verify Technical details\\20171113_153043"/>
         <property name="logFiles" value="C:\\Users\\raycp\\Desktop\\COE\\Reports\\Pooja\\Verify Technical details\\20171113_153043\\execution0.log"/>
         <property name="attachments" value="C:\\Users\\raycp\\Desktop\\COE\\Reports\\Pooja\\Verify Technical details\\20171113_153043\\1510567330865.png"/>
         <property name="hostName" value="raycp - L23017WIN.rpega.com"/>
         <property name="os" value="Windows 10 32bit"/>
         <property name="katalonVersion" value="4.8.0.2"/>
         <property name="browser" value="Chrome 61.0.3163.100"/>
         <property name="hostAddress" value="10.150.113.10"/>
         <property name="sessionId" value="8bc41d19738fe1f3633fb09cf3403e50"/>
         <property name="seleniumVersion" value="2.53.0"/>
         <property name="proxyInformation" value="ProxyInformation{proxyOption=NO_PROXY, proxyServerType=HTTP, password=, proxyServerAddress=, proxyServerPort=0}"/>
         <property name="platform" value="Windows 10"/>
      </properties>
      <testcase name="Test Cases/GOLIVE/Enter Business Case" classname="Test Cases/GOLIVE/Enter Business Case" status="PASSED">
         <system-out><![CDATA[2017-11-13 15:30:45 - [TEST_CASE][PASSED] - Test Cases/GOLIVE/Enter Business Case: Test Cases/GOLIVE/Enter Business Case

2017-11-13 15:30:45 - [TEST_STEP][PASSED] - openBrowser: Browser is opened with url: ''

2017-11-13 15:30:48 - [MESSAGE][PASSED] - Browser is opened with url: ''

2017-11-13 15:30:48 - [TEST_STEP][PASSED] - navigateToUrl: Navigate to 'https://vciaqa.rpega.com:8333/ciaqa/PRServlet/dGKN-A6ThDliXf4sywRqw74EFIEOGY6R*/!STANDARD' successfully

2017-11-13 15:30:50 - [MESSAGE][PASSED] - Navigate to 'https://vciaqa.rpega.com:8333/ciaqa/PRServlet/dGKN-A6ThDliXf4sywRqw74EFIEOGY6R*/!STANDARD' successfully

2017-11-13 15:30:50 - [TEST_STEP][PASSED] - setText: Text 'hendj@pegasystems.com' is set on object 'Object Repository/GOLive_Objects/Search/Page_Pega 7/input_UserIdentifier'

2017-11-13 15:30:50 - [MESSAGE][PASSED] - Text 'hendj@pegasystems.com' is set on object 'Object Repository/GOLive_Objects/Search/Page_Pega 7/input_UserIdentifier'

2017-11-13 15:30:50 - [TEST_STEP][PASSED] - setText: Text 'install' is set on object 'Object Repository/GOLive_Objects/Search/Page_Pega 7/input_Password'

2017-11-13 15:30:50 - [MESSAGE][PASSED] - Text 'install' is set on object 'Object Repository/GOLive_Objects/Search/Page_Pega 7/input_Password'

2017-11-13 15:30:50 - [TEST_STEP][PASSED] - sendKeys: Keys '' sent to object: 'Object Repository/GOLive_Objects/Search/Page_Pega 7/input_Password'

2017-11-13 15:30:57 - [MESSAGE][PASSED] - Keys '' sent to object: 'Object Repository/GOLive_Objects/Search/Page_Pega 7/input_Password'

2017-11-13 15:30:57 - [TEST_STEP][PASSED] - maximizeWindow: Current window maximized

2017-11-13 15:30:58 - [MESSAGE][PASSED] - Current window maximized

2017-11-13 15:30:58 - [TEST_STEP][PASSED] - click: Object: 'Object Repository/GOLive_Objects/Search/Page_AIAManager/span_Advanced Search' is clicked on

2017-11-13 15:30:58 - [MESSAGE][PASSED] - Object: 'Object Repository/GOLive_Objects/Search/Page_AIAManager/span_Advanced Search' is clicked on

2017-11-13 15:30:58 - [TEST_STEP][PASSED] - click: Object: 'Object Repository/GOLive_Objects/Search/Page_AIAManager/label_Go Live' is clicked on

2017-11-13 15:30:59 - [MESSAGE][PASSED] - Object: 'Object Repository/GOLive_Objects/Search/Page_AIAManager/label_Go Live' is clicked on

2017-11-13 15:30:59 - [TEST_STEP][PASSED] - setText: Text 'OGL-1722' is set on object 'Object Repository/GOLive_Objects/Search/Page_AIAManager/input_PpyDisplayHarnesspSearch'

2017-11-13 15:31:00 - [MESSAGE][PASSED] - Text 'OGL-1722' is set on object 'Object Repository/GOLive_Objects/Search/Page_AIAManager/input_PpyDisplayHarnesspSearch'

2017-11-13 15:31:00 - [TEST_STEP][PASSED] - click: Object: 'Object Repository/GOLive_Objects/Search/Page_AIAManager/div_Search' is clicked on

2017-11-13 15:31:01 - [MESSAGE][PASSED] - Object: 'Object Repository/GOLive_Objects/Search/Page_AIAManager/div_Search' is clicked on

2017-11-13 15:31:01 - [TEST_STEP][PASSED] - doubleClick: Object: 'Object Repository/GOLive_Objects/Search/Page_AIAManager/span_OGL-1608' is double clicked on

2017-11-13 15:31:02 - [MESSAGE][PASSED] - Object: 'Object Repository/GOLive_Objects/Search/Page_AIAManager/span_OGL-1608' is double clicked on

2017-11-13 15:31:04 - [TEST_STEP][PASSED] - click: Object: 'Object Repository/GOLive_Objects/Search/Page_AIAManager/Enter Business Case' is clicked on

2017-11-13 15:31:06 - [MESSAGE][PASSED] - Object: 'Object Repository/GOLive_Objects/Search/Page_AIAManager/Enter Business Case' is clicked on

2017-11-13 15:31:06 - [TEST_STEP][PASSED] - scrollToElement: Scroll to object 'Object Repository/GOLive_Objects/Search/Page_AIAManager/div_Next' successfully

2017-11-13 15:31:06 - [MESSAGE][PASSED] - Scroll to object 'Object Repository/GOLive_Objects/Search/Page_AIAManager/div_Next' successfully

2017-11-13 15:31:06 - [TEST_STEP][PASSED] - click: Object: 'Object Repository/GOLive_Objects/Search/Page_AIAManager/div_Next' is clicked on

2017-11-13 15:31:06 - [MESSAGE][PASSED] - Object: 'Object Repository/GOLive_Objects/Search/Page_AIAManager/div_Next' is clicked on]]></system-out>
         <system-err><![CDATA[]]></system-err>
      </testcase>
      <testcase name="Test Cases/GOLIVE/Enter Technical Details" classname="Test Cases/GOLIVE/Enter Technical Details" status="FAILED">
         <failure type="FAILED" message="Unable to click on object 'Object Repository/GOLive_Objects/Update Technical Details/Page_AIAManager/Product_Name' (Root cause: com.kms.katalon.core.webui.exception.WebElementNotFoundException: Web element with id: 'Object Repository/GOLive_Objects/Update Technical Details/Page_AIAManager/Product_Name' located by 'By.xpath: //option[@value='PRD-603'][count(. | //select) = count(//select)]' not found)"/>
         <system-out><![CDATA[2017-11-13 15:31:07 - [TEST_CASE][FAILED] - Test Cases/GOLIVE/Enter Technical Details: Test Cases/GOLIVE/Enter Technical Details FAILED because (of) Unable to click on object 'Object Repository/GOLive_Objects/Update Technical Details/Page_AIAManager/Product_Name' (Root cause: com.kms.katalon.core.webui.exception.WebElementNotFoundException: Web element with id: 'Object Repository/GOLive_Objects/Update Technical Details/Page_AIAManager/Product_Name' located by 'By.xpath: //option[@value='PRD-603'][count(. | //select) = count(//select)]' not found)

2017-11-13 15:31:07 - [TEST_STEP][PASSED] - selectOptionByValue: All options with value 'Ind5' are selected in object 'Object Repository/GOLive_Objects/Update Technical Details/Page_AIAManager/select_PpyWorkPagepSolutionMap'  using regular expression

2017-11-13 15:31:08 - [MESSAGE][PASSED] - All options with value 'Ind5' are selected in object 'Object Repository/GOLive_Objects/Update Technical Details/Page_AIAManager/select_PpyWorkPagepSolutionMap'  using regular expression

2017-11-13 15:31:08 - [TEST_STEP][PASSED] - delay: Delayed 2 second(s)

2017-11-13 15:31:11 - [MESSAGE][PASSED] - Delayed 2 second(s)

2017-11-13 15:31:11 - [TEST_STEP][PASSED] - selectOptionByValue: All options with value 'IndSeg25' are selected in object 'Object Repository/GOLive_Objects/Update Technical Details/Page_AIAManager/select_PpyWorkPagepSolutionMap (1)'  using regular expression

2017-11-13 15:31:11 - [MESSAGE][PASSED] - All options with value 'IndSeg25' are selected in object 'Object Repository/GOLive_Objects/Update Technical Details/Page_AIAManager/select_PpyWorkPagepSolutionMap (1)'  using regular expression

2017-11-13 15:31:11 - [TEST_STEP][PASSED] - delay: Delayed 2 second(s)

2017-11-13 15:31:13 - [MESSAGE][PASSED] - Delayed 2 second(s)

2017-11-13 15:31:13 - [TEST_STEP][PASSED] - selectOptionByValue: All options with value 'IndSol439' are selected in object 'Object Repository/GOLive_Objects/Update Technical Details/Page_AIAManager/select_PpyWorkPagepSolutionMap (2)'  using regular expression

2017-11-13 15:31:13 - [MESSAGE][PASSED] - All options with value 'IndSol439' are selected in object 'Object Repository/GOLive_Objects/Update Technical Details/Page_AIAManager/select_PpyWorkPagepSolutionMap (2)'  using regular expression

2017-11-13 15:31:13 - [TEST_STEP][PASSED] - delay: Delayed 2 second(s)

2017-11-13 15:31:15 - [MESSAGE][PASSED] - Delayed 2 second(s)

2017-11-13 15:31:15 - [TEST_STEP][PASSED] - selectOptionByValue: All options with value 'Industry Specific' are selected in object 'Object Repository/GOLive_Objects/Update Technical Details/Page_AIAManager/select_PpyWorkPagepImplementat'  using regular expression

2017-11-13 15:31:16 - [MESSAGE][PASSED] - All options with value 'Industry Specific' are selected in object 'Object Repository/GOLive_Objects/Update Technical Details/Page_AIAManager/select_PpyWorkPagepImplementat'  using regular expression

2017-11-13 15:31:16 - [TEST_STEP][PASSED] - delay: Delayed 3 second(s)

2017-11-13 15:31:19 - [MESSAGE][PASSED] - Delayed 3 second(s)

2017-11-13 15:31:19 - [TEST_STEP][PASSED] - selectOptionByValue: All options with value 'FS - Cards' are selected in object 'Object Repository/GOLive_Objects/Update Technical Details/Page_AIAManager/SolutionMap1'  using regular expression

2017-11-13 15:31:19 - [MESSAGE][PASSED] - All options with value 'FS - Cards' are selected in object 'Object Repository/GOLive_Objects/Update Technical Details/Page_AIAManager/SolutionMap1'  using regular expression

2017-11-13 15:31:19 - [TEST_STEP][PASSED] - delay: Delayed 2 second(s)

2017-11-13 15:31:21 - [MESSAGE][PASSED] - Delayed 2 second(s)

2017-11-13 15:31:21 - [TEST_STEP][PASSED] - selectOptionByValue: All options with value 'less than 500' are selected in object 'Object Repository/GOLive_Objects/Update Technical Details/Page_AIAManager/select_PpyWorkPagepImplementat (1)'  using regular expression

2017-11-13 15:31:21 - [MESSAGE][PASSED] - All options with value 'less than 500' are selected in object 'Object Repository/GOLive_Objects/Update Technical Details/Page_AIAManager/select_PpyWorkPagepImplementat (1)'  using regular expression

2017-11-13 15:31:21 - [TEST_STEP][PASSED] - delay: Delayed 2 second(s)

2017-11-13 15:31:23 - [MESSAGE][PASSED] - Delayed 2 second(s)

2017-11-13 15:31:23 - [TEST_STEP][PASSED] - selectOptionByValue: All options with value 'N/A' are selected in object 'Object Repository/GOLive_Objects/Update Technical Details/Page_AIAManager/select_PpyWorkPagepChannelsl1p'  using regular expression

2017-11-13 15:31:24 - [MESSAGE][PASSED] - All options with value 'N/A' are selected in object 'Object Repository/GOLive_Objects/Update Technical Details/Page_AIAManager/select_PpyWorkPagepChannelsl1p'  using regular expression

2017-11-13 15:31:24 - [TEST_STEP][PASSED] - delay: Delayed 2 second(s)

2017-11-13 15:31:26 - [MESSAGE][PASSED] - Delayed 2 second(s)

2017-11-13 15:31:26 - [TEST_STEP][PASSED] - setText: Text 'test' is set on object 'Object Repository/GOLive_Objects/Update Technical Details/Page_AIAManager/input_PpyWorkPagepCustomerCont'

2017-11-13 15:31:26 - [MESSAGE][PASSED] - Text 'test' is set on object 'Object Repository/GOLive_Objects/Update Technical Details/Page_AIAManager/input_PpyWorkPagepCustomerCont'

2017-11-13 15:31:26 - [TEST_STEP][PASSED] - delay: Delayed 1 second(s)

2017-11-13 15:31:27 - [MESSAGE][PASSED] - Delayed 1 second(s)

2017-11-13 15:31:27 - [TEST_STEP][PASSED] - setText: Text 'test' is set on object 'Object Repository/GOLive_Objects/Update Technical Details/Page_AIAManager/input_PpyWorkPagepCustomerCont (1)'

2017-11-13 15:31:27 - [MESSAGE][PASSED] - Text 'test' is set on object 'Object Repository/GOLive_Objects/Update Technical Details/Page_AIAManager/input_PpyWorkPagepCustomerCont (1)'

2017-11-13 15:31:27 - [TEST_STEP][PASSED] - delay: Delayed 1 second(s)

2017-11-13 15:31:28 - [MESSAGE][PASSED] - Delayed 1 second(s)

2017-11-13 15:31:28 - [TEST_STEP][PASSED] - setText: Text 'test@gmail.com' is set on object 'Object Repository/GOLive_Objects/Update Technical Details/Page_AIAManager/input_PpyWorkPagepCustomerCont (2)'

2017-11-13 15:31:29 - [MESSAGE][PASSED] - Text 'test@gmail.com' is set on object 'Object Repository/GOLive_Objects/Update Technical Details/Page_AIAManager/input_PpyWorkPagepCustomerCont (2)'

2017-11-13 15:31:29 - [TEST_STEP][PASSED] - delay: Delayed 2 second(s)

2017-11-13 15:31:31 - [MESSAGE][PASSED] - Delayed 2 second(s)

2017-11-13 15:31:31 - [TEST_STEP][PASSED] - scrollToElement: Scroll to object 'Object Repository/GOLive_Objects/Update Technical Details/Page_AIAManager/select_PpyWorkPagepAppServerNa' successfully

2017-11-13 15:31:31 - [MESSAGE][PASSED] - Scroll to object 'Object Repository/GOLive_Objects/Update Technical Details/Page_AIAManager/select_PpyWorkPagepAppServerNa' successfully

2017-11-13 15:31:31 - [TEST_STEP][PASSED] - selectOptionByValue: All options with value 'Apache Server' are selected in object 'Object Repository/GOLive_Objects/Update Technical Details/Page_AIAManager/select_PpyWorkPagepAppServerNa'  using regular expression

2017-11-13 15:31:31 - [MESSAGE][PASSED] - All options with value 'Apache Server' are selected in object 'Object Repository/GOLive_Objects/Update Technical Details/Page_AIAManager/select_PpyWorkPagepAppServerNa'  using regular expression

2017-11-13 15:31:31 - [TEST_STEP][PASSED] - delay: Delayed 2 second(s)

2017-11-13 15:31:33 - [MESSAGE][PASSED] - Delayed 2 second(s)

2017-11-13 15:31:33 - [TEST_STEP][PASSED] - selectOptionByValue: All options with value 'Mainframe' are selected in object 'Object Repository/GOLive_Objects/Update Technical Details/Page_AIAManager/select_PpyWorkPagepAppServerOS'  using regular expression

2017-11-13 15:31:34 - [MESSAGE][PASSED] - All options with value 'Mainframe' are selected in object 'Object Repository/GOLive_Objects/Update Technical Details/Page_AIAManager/select_PpyWorkPagepAppServerOS'  using regular expression

2017-11-13 15:31:34 - [TEST_STEP][PASSED] - delay: Delayed 2 second(s)

2017-11-13 15:31:36 - [MESSAGE][PASSED] - Delayed 2 second(s)

2017-11-13 15:31:36 - [TEST_STEP][PASSED] - selectOptionByValue: All options with value 'RMS' are selected in object 'Object Repository/GOLive_Objects/Update Technical Details/Page_AIAManager/select_PpyWorkPagepDBServerNam'  using regular expression

2017-11-13 15:31:36 - [MESSAGE][PASSED] - All options with value 'RMS' are selected in object 'Object Repository/GOLive_Objects/Update Technical Details/Page_AIAManager/select_PpyWorkPagepDBServerNam'  using regular expression

2017-11-13 15:31:36 - [TEST_STEP][PASSED] - delay: Delayed 2 second(s)

2017-11-13 15:31:38 - [MESSAGE][PASSED] - Delayed 2 second(s)

2017-11-13 15:31:38 - [TEST_STEP][PASSED] - click: Object: 'Object Repository/GOLive_Objects/Update Technical Details/Page_AIAManager/select_PpyWorkPagepProductsl1p' is clicked on

2017-11-13 15:31:39 - [MESSAGE][PASSED] - Object: 'Object Repository/GOLive_Objects/Update Technical Details/Page_AIAManager/select_PpyWorkPagepProductsl1p' is clicked on

2017-11-13 15:31:39 - [TEST_STEP][FAILED] - click: Unable to click on object 'Object Repository/GOLive_Objects/Update Technical Details/Page_AIAManager/Product_Name' (Root cause: com.kms.katalon.core.webui.exception.WebElementNotFoundException: Web element with id: 'Object Repository/GOLive_Objects/Update Technical Details/Page_AIAManager/Product_Name' located by 'By.xpath: //option[@value='PRD-603'][count(. | //select) = count(//select)]' not found)

2017-11-13 15:32:11 - [MESSAGE][FAILED] - Unable to click on object 'Object Repository/GOLive_Objects/Update Technical Details/Page_AIAManager/Product_Name' (Root cause: com.kms.katalon.core.webui.exception.WebElementNotFoundException: Web element with id: 'Object Repository/GOLive_Objects/Update Technical Details/Page_AIAManager/Product_Name' located by 'By.xpath: //option[@value='PRD-603'][count(. | //select) = count(//select)]' not found)
[[ATTACHMENT|C:\\Users\\raycp\\Desktop\\COE\\Reports\\Pooja\\Verify Technical details\\20171113_153043\\1510567330865.png]]]]></system-out>
         <system-err><![CDATA[2017-11-13 15:31:07 - [TEST_CASE][FAILED] - Test Cases/GOLIVE/Enter Technical Details: Test Cases/GOLIVE/Enter Technical Details FAILED because (of) Unable to click on object 'Object Repository/GOLive_Objects/Update Technical Details/Page_AIAManager/Product_Name' (Root cause: com.kms.katalon.core.webui.exception.WebElementNotFoundException: Web element with id: 'Object Repository/GOLive_Objects/Update Technical Details/Page_AIAManager/Product_Name' located by 'By.xpath: //option[@value='PRD-603'][count(. | //select) = count(//select)]' not found)]]></system-err>
      </testcase>
      <system-out><![CDATA[2017-11-13 15:30:44 - [TEST_SUITE][FAILED] - Verify Technical details: Test Cases/GOLIVE/Enter Technical Details FAILED because (of) Unable to click on object 'Object Repository/GOLive_Objects/Update Technical Details/Page_AIAManager/Product_Name' (Root cause: com.kms.katalon.core.webui.exception.WebElementNotFoundException: Web element with id: 'Object Repository/GOLive_Objects/Update Technical Details/Page_AIAManager/Product_Name' located by 'By.xpath: //option[@value='PRD-603'][count(. | //select) = count(//select)]' not found)]]></system-out>
      <system-err><![CDATA[2017-11-13 15:30:44 - [TEST_SUITE][FAILED] - Verify Technical details: Test Cases/GOLIVE/Enter Technical Details FAILED because (of) Unable to click on object 'Object Repository/GOLive_Objects/Update Technical Details/Page_AIAManager/Product_Name' (Root cause: com.kms.katalon.core.webui.exception.WebElementNotFoundException: Web element with id: 'Object Repository/GOLive_Objects/Update Technical Details/Page_AIAManager/Product_Name' located by 'By.xpath: //option[@value='PRD-603'][count(. | //select) = count(//select)]' not found)]]></system-err>
   </testsuite>
</testsuites>
