{"devicePlatform":"","logFolder":"C:\\Users\\raycp\\Desktop\\COE\\Reports\\Pooja\\GoLive\\20171110_104437","runData":{"hostName":"raycp - L23017WIN.rpega.com","os":"Windows 10 32bit","katalonVersion":"4.8.0.2","browser":"Chrome 61.0.3163.100","hostAddress":"10.150.113.10","sessionId":"7c6174d14590ba43b2aedf3e92c2c6d7","seleniumVersion":"2.53.0","proxyInformation":"ProxyInformation{proxyOption\u003dNO_PROXY, proxyServerType\u003dHTTP, password\u003d, proxyServerAddress\u003d, proxyServerPort\u003d0}","platform":"Windows 10"},"type":"TEST_SUITE","name":"GoLive","id":"Test Suites/Pooja/GoLive","source":"","message":"Test Cases/GOLIVE/Go_Live FAILED because (of) Unable to set text \u0027COMMENT\u0027 of object \u0027Object Repository/GOLive_Objects/Page_AIAManager/textarea_PpyWorkPagepComments\u0027 (Root cause: org.openqa.selenium.StaleElementReferenceException: stale element reference: element is not attached to the page document\n  (Session info: chrome\u003d61.0.3163.100)\n  (Driver info: chromedriver\u003d2.31.488763 (092de99f48a300323ecf8c2a4e2e7cab51de5ba8),platform\u003dWindows NT 10.0.15063 x86_64) (WARNING: The server did not provide any stacktrace information)\nCommand duration or timeout: 157 milliseconds\nFor documentation on this error, please visit: http://seleniumhq.org/exceptions/stale_element_reference.html\nBuild info: version: \u00272.53.0\u0027, revision: \u002735ae25b\u0027, time: \u00272016-03-15 17:00:58\u0027\nSystem info: host: \u0027L23017WIN\u0027, ip: \u002710.150.113.10\u0027, os.name: \u0027Windows 10\u0027, os.arch: \u0027x86\u0027, os.version: \u002710.0\u0027, java.version: \u00271.8.0_102\u0027\nDriver info: com.kms.katalon.selenium.driver.CChromeDriver\nCapabilities [{applicationCacheEnabled\u003dfalse, rotatable\u003dfalse, mobileEmulationEnabled\u003dfalse, networkConnectionEnabled\u003dfalse, chrome\u003d{chromedriverVersion\u003d2.31.488763 (092de99f48a300323ecf8c2a4e2e7cab51de5ba8), userDataDir\u003dC:\\Users\\raycp\\AppData\\Local\\Temp\\scoped_dir10180_7461}, takesHeapSnapshot\u003dtrue, pageLoadStrategy\u003dnormal, databaseEnabled\u003dfalse, handlesAlerts\u003dtrue, hasTouchScreen\u003dfalse, version\u003d61.0.3163.100, platform\u003dXP, browserConnectionEnabled\u003dfalse, nativeEvents\u003dtrue, acceptSslCerts\u003dtrue, locationContextEnabled\u003dtrue, webStorageEnabled\u003dtrue, browserName\u003dchrome, takesScreenshot\u003dtrue, javascriptEnabled\u003dtrue, cssSelectorsEnabled\u003dtrue, setWindowRect\u003dtrue, unexpectedAlertBehaviour\u003d}]\nSession ID: 7c6174d14590ba43b2aedf3e92c2c6d7)","description":"","startTime":1510290879483,"endTime":1510290931494,"childRecords":[{"isOptional":false,"type":"TEST_CASE","name":"Test Cases/GOLIVE/Go_Live","id":"Test Cases/GOLIVE/Go_Live","source":"C:\\\\Users\\\\raycp\\\\Desktop\\\\COETest Cases\\\\GOLIVE\\\\Go_Live.tc","message":"Test Cases/GOLIVE/Go_Live FAILED because (of) Unable to set text \u0027COMMENT\u0027 of object \u0027Object Repository/GOLive_Objects/Page_AIAManager/textarea_PpyWorkPagepComments\u0027 (Root cause: org.openqa.selenium.StaleElementReferenceException: stale element reference: element is not attached to the page document\n  (Session info: chrome\u003d61.0.3163.100)\n  (Driver info: chromedriver\u003d2.31.488763 (092de99f48a300323ecf8c2a4e2e7cab51de5ba8),platform\u003dWindows NT 10.0.15063 x86_64) (WARNING: The server did not provide any stacktrace information)\nCommand duration or timeout: 157 milliseconds\nFor documentation on this error, please visit: http://seleniumhq.org/exceptions/stale_element_reference.html\nBuild info: version: \u00272.53.0\u0027, revision: \u002735ae25b\u0027, time: \u00272016-03-15 17:00:58\u0027\nSystem info: host: \u0027L23017WIN\u0027, ip: \u002710.150.113.10\u0027, os.name: \u0027Windows 10\u0027, os.arch: \u0027x86\u0027, os.version: \u002710.0\u0027, java.version: \u00271.8.0_102\u0027\nDriver info: com.kms.katalon.selenium.driver.CChromeDriver\nCapabilities [{applicationCacheEnabled\u003dfalse, rotatable\u003dfalse, mobileEmulationEnabled\u003dfalse, networkConnectionEnabled\u003dfalse, chrome\u003d{chromedriverVersion\u003d2.31.488763 (092de99f48a300323ecf8c2a4e2e7cab51de5ba8), userDataDir\u003dC:\\Users\\raycp\\AppData\\Local\\Temp\\scoped_dir10180_7461}, takesHeapSnapshot\u003dtrue, pageLoadStrategy\u003dnormal, databaseEnabled\u003dfalse, handlesAlerts\u003dtrue, hasTouchScreen\u003dfalse, version\u003d61.0.3163.100, platform\u003dXP, browserConnectionEnabled\u003dfalse, nativeEvents\u003dtrue, acceptSslCerts\u003dtrue, locationContextEnabled\u003dtrue, webStorageEnabled\u003dtrue, browserName\u003dchrome, takesScreenshot\u003dtrue, javascriptEnabled\u003dtrue, cssSelectorsEnabled\u003dtrue, setWindowRect\u003dtrue, unexpectedAlertBehaviour\u003d}]\nSession ID: 7c6174d14590ba43b2aedf3e92c2c6d7)","description":"","startTime":1510290879736,"endTime":1510290904975,"childRecords":[{"testStatus":{"stackTrace":"","statusValue":"INFO"},"type":"MESSAGE","name":"","message":"Evaluating variables for test case","startTime":1510290879847,"endTime":0,"childRecords":[],"interuppted":false},{"index":1,"isIgnoredIfFailed":false,"type":"TEST_STEP","name":"openBrowser","message":"Browser is opened with url: \u0027\u0027","description":"","startTime":1510290880150,"endTime":1510290883156,"childRecords":[{"testStatus":{"stackTrace":"","statusValue":"PASSED"},"type":"MESSAGE","name":"","message":"Browser is opened with url: \u0027\u0027","startTime":1510290883155,"endTime":0,"childRecords":[],"interuppted":false}],"interuppted":false},{"index":2,"isIgnoredIfFailed":false,"type":"TEST_STEP","name":"navigateToUrl","message":"Navigate to \u0027https://vciaqa.rpega.com:8333/ciaqa/PRServlet/dGKN-A6ThDliXf4sywRqw74EFIEOGY6R*/!STANDARD\u0027 successfully","description":"","startTime":1510290883156,"endTime":1510290884954,"childRecords":[{"testStatus":{"stackTrace":"","statusValue":"PASSED"},"type":"MESSAGE","name":"","message":"Navigate to \u0027https://vciaqa.rpega.com:8333/ciaqa/PRServlet/dGKN-A6ThDliXf4sywRqw74EFIEOGY6R*/!STANDARD\u0027 successfully","startTime":1510290884953,"endTime":0,"childRecords":[],"interuppted":false}],"interuppted":false},{"index":3,"isIgnoredIfFailed":false,"type":"TEST_STEP","name":"setText","message":"Text \u0027hendj@pegasystems.com\u0027 is set on object \u0027Object Repository/GOLive_Objects/Page_Pega 7/input_UserIdentifier\u0027","description":"","startTime":1510290884955,"endTime":1510290885240,"childRecords":[{"testStatus":{"stackTrace":"","statusValue":"PASSED"},"type":"MESSAGE","name":"","message":"Text \u0027hendj@pegasystems.com\u0027 is set on object \u0027Object Repository/GOLive_Objects/Page_Pega 7/input_UserIdentifier\u0027","startTime":1510290885239,"endTime":0,"childRecords":[],"interuppted":false}],"interuppted":false},{"index":4,"isIgnoredIfFailed":false,"type":"TEST_STEP","name":"setText","message":"Text \u0027install\u0027 is set on object \u0027Object Repository/GOLive_Objects/Page_Pega 7/input_Password\u0027","description":"","startTime":1510290885240,"endTime":1510290885393,"childRecords":[{"testStatus":{"stackTrace":"","statusValue":"PASSED"},"type":"MESSAGE","name":"","message":"Text \u0027install\u0027 is set on object \u0027Object Repository/GOLive_Objects/Page_Pega 7/input_Password\u0027","startTime":1510290885392,"endTime":0,"childRecords":[],"interuppted":false}],"interuppted":false},{"index":5,"isIgnoredIfFailed":false,"type":"TEST_STEP","name":"click","message":"Object: \u0027Object Repository/GOLive_Objects/Page_Pega 7/button_pyActivityCode-Security\u0027 is clicked on","description":"","startTime":1510290885393,"endTime":1510290891567,"childRecords":[{"testStatus":{"stackTrace":"","statusValue":"PASSED"},"type":"MESSAGE","name":"","message":"Object: \u0027Object Repository/GOLive_Objects/Page_Pega 7/button_pyActivityCode-Security\u0027 is clicked on","startTime":1510290891567,"endTime":0,"childRecords":[],"interuppted":false}],"interuppted":false},{"index":6,"isIgnoredIfFailed":false,"type":"TEST_STEP","name":"maximizeWindow","message":"Current window maximized","description":"","startTime":1510290891569,"endTime":1510290892738,"childRecords":[{"testStatus":{"stackTrace":"","statusValue":"PASSED"},"type":"MESSAGE","name":"","message":"Current window maximized","startTime":1510290892738,"endTime":0,"childRecords":[],"interuppted":false}],"interuppted":false},{"index":7,"isIgnoredIfFailed":false,"type":"TEST_STEP","name":"click","message":"Object: \u0027Object Repository/GOLive_Objects/Page_AIAManager/div_Enter Go Live\u0027 is clicked on","description":"","startTime":1510290892739,"endTime":1510290896554,"childRecords":[{"testStatus":{"stackTrace":"","statusValue":"PASSED"},"type":"MESSAGE","name":"","message":"Object: \u0027Object Repository/GOLive_Objects/Page_AIAManager/div_Enter Go Live\u0027 is clicked on","startTime":1510290892998,"endTime":0,"childRecords":[],"interuppted":false}],"interuppted":false},{"index":8,"isIgnoredIfFailed":false,"type":"TEST_STEP","name":"sendKeys","message":"Keys \u0027IM-1\u0027 sent to object: \u0027Object Repository/GOLive_Objects/Page_AIAManager/select_PpyWorkPagepImplementat\u0027","description":"","startTime":1510290896559,"endTime":1510290896777,"childRecords":[{"testStatus":{"stackTrace":"","statusValue":"PASSED"},"type":"MESSAGE","name":"","message":"Keys \u0027IM-1\u0027 sent to object: \u0027Object Repository/GOLive_Objects/Page_AIAManager/select_PpyWorkPagepImplementat\u0027","startTime":1510290896761,"endTime":0,"childRecords":[],"interuppted":false}],"interuppted":false},{"index":9,"isIgnoredIfFailed":false,"type":"TEST_STEP","name":"setText","message":"Text \u0027BOFA\u0027 is set on object \u0027Object Repository/GOLive_Objects/Page_AIAManager/input_PpyWorkPagepPacOrgID\u0027","description":"","startTime":1510290896778,"endTime":1510290897418,"childRecords":[{"testStatus":{"stackTrace":"","statusValue":"PASSED"},"type":"MESSAGE","name":"","message":"Text \u0027BOFA\u0027 is set on object \u0027Object Repository/GOLive_Objects/Page_AIAManager/input_PpyWorkPagepPacOrgID\u0027","startTime":1510290897407,"endTime":0,"childRecords":[],"interuppted":false}],"interuppted":false},{"index":10,"isIgnoredIfFailed":false,"type":"TEST_STEP","name":"click","message":"Object: \u0027Object Repository/GOLive_Objects/SelectOrg\u0027 is clicked on","description":"","startTime":1510290897419,"endTime":1510290898680,"childRecords":[{"testStatus":{"stackTrace":"","statusValue":"PASSED"},"type":"MESSAGE","name":"","message":"Object: \u0027Object Repository/GOLive_Objects/SelectOrg\u0027 is clicked on","startTime":1510290898648,"endTime":0,"childRecords":[],"interuppted":false}],"interuppted":false},{"index":11,"isIgnoredIfFailed":false,"type":"TEST_STEP","name":"delay","message":"Delayed 2 second(s)","description":"","startTime":1510290898680,"endTime":1510290900707,"childRecords":[{"testStatus":{"stackTrace":"","statusValue":"PASSED"},"type":"MESSAGE","name":"","message":"Delayed 2 second(s)","startTime":1510290900705,"endTime":0,"childRecords":[],"interuppted":false}],"interuppted":false},{"index":12,"isIgnoredIfFailed":false,"type":"TEST_STEP","name":"setText","message":"Text \u0027BOFAUK\u0027 is set on object \u0027Object Repository/GOLive_Objects/Account\u0027","description":"","startTime":1510290900708,"endTime":1510290901021,"childRecords":[{"testStatus":{"stackTrace":"","statusValue":"PASSED"},"type":"MESSAGE","name":"","message":"Text \u0027BOFAUK\u0027 is set on object \u0027Object Repository/GOLive_Objects/Account\u0027","startTime":1510290901011,"endTime":0,"childRecords":[],"interuppted":false}],"interuppted":false},{"index":13,"isIgnoredIfFailed":false,"type":"TEST_STEP","name":"click","message":"Object: \u0027Object Repository/GOLive_Objects/Select_Acc\u0027 is clicked on","description":"","startTime":1510290901021,"endTime":1510290901716,"childRecords":[{"testStatus":{"stackTrace":"","statusValue":"PASSED"},"type":"MESSAGE","name":"","message":"Object: \u0027Object Repository/GOLive_Objects/Select_Acc\u0027 is clicked on","startTime":1510290901702,"endTime":0,"childRecords":[],"interuppted":false}],"interuppted":false},{"index":14,"isIgnoredIfFailed":false,"type":"TEST_STEP","name":"delay","message":"Delayed 2 second(s)","description":"","startTime":1510290901717,"endTime":1510290903718,"childRecords":[{"testStatus":{"stackTrace":"","statusValue":"PASSED"},"type":"MESSAGE","name":"","message":"Delayed 2 second(s)","startTime":1510290903718,"endTime":0,"childRecords":[],"interuppted":false}],"interuppted":false},{"index":15,"isIgnoredIfFailed":false,"type":"TEST_STEP","name":"click","message":"Object: \u0027Object Repository/GOLive_Objects/Page_AIAManager/select_PpyWorkPagepEngagementI\u0027 is clicked on","description":"","startTime":1510290903719,"endTime":1510290903982,"childRecords":[{"testStatus":{"stackTrace":"","statusValue":"PASSED"},"type":"MESSAGE","name":"","message":"Object: \u0027Object Repository/GOLive_Objects/Page_AIAManager/select_PpyWorkPagepEngagementI\u0027 is clicked on","startTime":1510290903963,"endTime":0,"childRecords":[],"interuppted":false}],"interuppted":false},{"index":16,"isIgnoredIfFailed":false,"type":"TEST_STEP","name":"click","message":"Object: \u0027Object Repository/GOLive_Objects/Engagement\u0027 is clicked on","description":"","startTime":1510290903983,"endTime":1510290904164,"childRecords":[{"testStatus":{"stackTrace":"","statusValue":"PASSED"},"type":"MESSAGE","name":"","message":"Object: \u0027Object Repository/GOLive_Objects/Engagement\u0027 is clicked on","startTime":1510290904146,"endTime":0,"childRecords":[],"interuppted":false}],"interuppted":false},{"attachment":"1510290904548.png","index":17,"isIgnoredIfFailed":false,"type":"TEST_STEP","name":"setText","message":"Unable to set text \u0027COMMENT\u0027 of object \u0027Object Repository/GOLive_Objects/Page_AIAManager/textarea_PpyWorkPagepComments\u0027 (Root cause: org.openqa.selenium.StaleElementReferenceException: stale element reference: element is not attached to the page document\n  (Session info: chrome\u003d61.0.3163.100)\n  (Driver info: chromedriver\u003d2.31.488763 (092de99f48a300323ecf8c2a4e2e7cab51de5ba8),platform\u003dWindows NT 10.0.15063 x86_64) (WARNING: The server did not provide any stacktrace information)\nCommand duration or timeout: 157 milliseconds\nFor documentation on this error, please visit: http://seleniumhq.org/exceptions/stale_element_reference.html\nBuild info: version: \u00272.53.0\u0027, revision: \u002735ae25b\u0027, time: \u00272016-03-15 17:00:58\u0027\nSystem info: host: \u0027L23017WIN\u0027, ip: \u002710.150.113.10\u0027, os.name: \u0027Windows 10\u0027, os.arch: \u0027x86\u0027, os.version: \u002710.0\u0027, java.version: \u00271.8.0_102\u0027\nDriver info: com.kms.katalon.selenium.driver.CChromeDriver\nCapabilities [{applicationCacheEnabled\u003dfalse, rotatable\u003dfalse, mobileEmulationEnabled\u003dfalse, networkConnectionEnabled\u003dfalse, chrome\u003d{chromedriverVersion\u003d2.31.488763 (092de99f48a300323ecf8c2a4e2e7cab51de5ba8), userDataDir\u003dC:\\Users\\raycp\\AppData\\Local\\Temp\\scoped_dir10180_7461}, takesHeapSnapshot\u003dtrue, pageLoadStrategy\u003dnormal, databaseEnabled\u003dfalse, handlesAlerts\u003dtrue, hasTouchScreen\u003dfalse, version\u003d61.0.3163.100, platform\u003dXP, browserConnectionEnabled\u003dfalse, nativeEvents\u003dtrue, acceptSslCerts\u003dtrue, locationContextEnabled\u003dtrue, webStorageEnabled\u003dtrue, browserName\u003dchrome, takesScreenshot\u003dtrue, javascriptEnabled\u003dtrue, cssSelectorsEnabled\u003dtrue, setWindowRect\u003dtrue, unexpectedAlertBehaviour\u003d}]\nSession ID: 7c6174d14590ba43b2aedf3e92c2c6d7)","description":"","startTime":1510290904165,"endTime":1510290904972,"childRecords":[{"testStatus":{"stackTrace":"","statusValue":"FAILED"},"attachment":"1510290904548.png","type":"MESSAGE","name":"","message":"Unable to set text \u0027COMMENT\u0027 of object \u0027Object Repository/GOLive_Objects/Page_AIAManager/textarea_PpyWorkPagepComments\u0027 (Root cause: org.openqa.selenium.StaleElementReferenceException: stale element reference: element is not attached to the page document\n  (Session info: chrome\u003d61.0.3163.100)\n  (Driver info: chromedriver\u003d2.31.488763 (092de99f48a300323ecf8c2a4e2e7cab51de5ba8),platform\u003dWindows NT 10.0.15063 x86_64) (WARNING: The server did not provide any stacktrace information)\nCommand duration or timeout: 157 milliseconds\nFor documentation on this error, please visit: http://seleniumhq.org/exceptions/stale_element_reference.html\nBuild info: version: \u00272.53.0\u0027, revision: \u002735ae25b\u0027, time: \u00272016-03-15 17:00:58\u0027\nSystem info: host: \u0027L23017WIN\u0027, ip: \u002710.150.113.10\u0027, os.name: \u0027Windows 10\u0027, os.arch: \u0027x86\u0027, os.version: \u002710.0\u0027, java.version: \u00271.8.0_102\u0027\nDriver info: com.kms.katalon.selenium.driver.CChromeDriver\nCapabilities [{applicationCacheEnabled\u003dfalse, rotatable\u003dfalse, mobileEmulationEnabled\u003dfalse, networkConnectionEnabled\u003dfalse, chrome\u003d{chromedriverVersion\u003d2.31.488763 (092de99f48a300323ecf8c2a4e2e7cab51de5ba8), userDataDir\u003dC:\\Users\\raycp\\AppData\\Local\\Temp\\scoped_dir10180_7461}, takesHeapSnapshot\u003dtrue, pageLoadStrategy\u003dnormal, databaseEnabled\u003dfalse, handlesAlerts\u003dtrue, hasTouchScreen\u003dfalse, version\u003d61.0.3163.100, platform\u003dXP, browserConnectionEnabled\u003dfalse, nativeEvents\u003dtrue, acceptSslCerts\u003dtrue, locationContextEnabled\u003dtrue, webStorageEnabled\u003dtrue, browserName\u003dchrome, takesScreenshot\u003dtrue, javascriptEnabled\u003dtrue, cssSelectorsEnabled\u003dtrue, setWindowRect\u003dtrue, unexpectedAlertBehaviour\u003d}]\nSession ID: 7c6174d14590ba43b2aedf3e92c2c6d7)","startTime":1510290904957,"endTime":0,"childRecords":[],"interuppted":false}],"interuppted":false},{"testStatus":{"stackTrace":"","statusValue":"FAILED"},"type":"MESSAGE","name":"","message":"Test Cases/GOLIVE/Go_Live FAILED because (of) Unable to set text \u0027COMMENT\u0027 of object \u0027Object Repository/GOLive_Objects/Page_AIAManager/textarea_PpyWorkPagepComments\u0027 (Root cause: org.openqa.selenium.StaleElementReferenceException: stale element reference: element is not attached to the page document\n  (Session info: chrome\u003d61.0.3163.100)\n  (Driver info: chromedriver\u003d2.31.488763 (092de99f48a300323ecf8c2a4e2e7cab51de5ba8),platform\u003dWindows NT 10.0.15063 x86_64) (WARNING: The server did not provide any stacktrace information)\nCommand duration or timeout: 157 milliseconds\nFor documentation on this error, please visit: http://seleniumhq.org/exceptions/stale_element_reference.html\nBuild info: version: \u00272.53.0\u0027, revision: \u002735ae25b\u0027, time: \u00272016-03-15 17:00:58\u0027\nSystem info: host: \u0027L23017WIN\u0027, ip: \u002710.150.113.10\u0027, os.name: \u0027Windows 10\u0027, os.arch: \u0027x86\u0027, os.version: \u002710.0\u0027, java.version: \u00271.8.0_102\u0027\nDriver info: com.kms.katalon.selenium.driver.CChromeDriver\nCapabilities [{applicationCacheEnabled\u003dfalse, rotatable\u003dfalse, mobileEmulationEnabled\u003dfalse, networkConnectionEnabled\u003dfalse, chrome\u003d{chromedriverVersion\u003d2.31.488763 (092de99f48a300323ecf8c2a4e2e7cab51de5ba8), userDataDir\u003dC:\\Users\\raycp\\AppData\\Local\\Temp\\scoped_dir10180_7461}, takesHeapSnapshot\u003dtrue, pageLoadStrategy\u003dnormal, databaseEnabled\u003dfalse, handlesAlerts\u003dtrue, hasTouchScreen\u003dfalse, version\u003d61.0.3163.100, platform\u003dXP, browserConnectionEnabled\u003dfalse, nativeEvents\u003dtrue, acceptSslCerts\u003dtrue, locationContextEnabled\u003dtrue, webStorageEnabled\u003dtrue, browserName\u003dchrome, takesScreenshot\u003dtrue, javascriptEnabled\u003dtrue, cssSelectorsEnabled\u003dtrue, setWindowRect\u003dtrue, unexpectedAlertBehaviour\u003d}]\nSession ID: 7c6174d14590ba43b2aedf3e92c2c6d7)","startTime":1510290904973,"endTime":0,"childRecords":[],"interuppted":false}],"interuppted":false},{"isOptional":false,"type":"TEST_CASE","name":"Test Cases/GOLIVE/ClickNext","id":"Test Cases/GOLIVE/ClickNext","source":"C:\\\\Users\\\\raycp\\\\Desktop\\\\COETest Cases\\\\GOLIVE\\\\ClickNext.tc","message":"Test Cases/GOLIVE/ClickNext FAILED because (of) Unable to verify object \u0027Object Repository/GOLive_Objects/Page_AIAManager/Executive_Summary\u0027 is visible (Root cause: java.lang.NullPointerException)","description":"","startTime":1510290905039,"endTime":1510290930647,"childRecords":[{"testStatus":{"stackTrace":"","statusValue":"INFO"},"type":"MESSAGE","name":"","message":"Evaluating variables for test case","startTime":1510290905046,"endTime":0,"childRecords":[],"interuppted":false},{"index":1,"isIgnoredIfFailed":false,"type":"TEST_STEP","name":"verifyElementVisible","message":"Unable to verify object \u0027Object Repository/GOLive_Objects/Page_AIAManager/Executive_Summary\u0027 is visible (Root cause: java.lang.NullPointerException)","description":"","startTime":1510290905153,"endTime":1510290930630,"childRecords":[{"testStatus":{"stackTrace":"","statusValue":"WARNING"},"type":"MESSAGE","name":"","message":"Switching to default content failed because of: org.openqa.selenium.WebDriverException: chrome not reachable\n  (Session info: chrome\u003d61.0.3163.100)\n  (Driver info: chromedriver\u003d2.31.488763 (092de99f48a300323ecf8c2a4e2e7cab51de5ba8),platform\u003dWindows NT 10.0.15063 x86_64) (WARNING: The server did not provide any stacktrace information)\nCommand duration or timeout: 2.02 seconds\nBuild info: version: \u00272.53.0\u0027, revision: \u002735ae25b\u0027, time: \u00272016-03-15 17:00:58\u0027\nSystem info: host: \u0027L23017WIN\u0027, ip: \u002710.150.113.10\u0027, os.name: \u0027Windows 10\u0027, os.arch: \u0027x86\u0027, os.version: \u002710.0\u0027, java.version: \u00271.8.0_102\u0027\nDriver info: com.kms.katalon.selenium.driver.CChromeDriver\nCapabilities [{applicationCacheEnabled\u003dfalse, rotatable\u003dfalse, mobileEmulationEnabled\u003dfalse, networkConnectionEnabled\u003dfalse, chrome\u003d{chromedriverVersion\u003d2.31.488763 (092de99f48a300323ecf8c2a4e2e7cab51de5ba8), userDataDir\u003dC:\\Users\\raycp\\AppData\\Local\\Temp\\scoped_dir10180_7461}, takesHeapSnapshot\u003dtrue, pageLoadStrategy\u003dnormal, databaseEnabled\u003dfalse, handlesAlerts\u003dtrue, hasTouchScreen\u003dfalse, version\u003d61.0.3163.100, platform\u003dXP, browserConnectionEnabled\u003dfalse, nativeEvents\u003dtrue, acceptSslCerts\u003dtrue, locationContextEnabled\u003dtrue, webStorageEnabled\u003dtrue, browserName\u003dchrome, takesScreenshot\u003dtrue, javascriptEnabled\u003dtrue, cssSelectorsEnabled\u003dtrue, setWindowRect\u003dtrue, unexpectedAlertBehaviour\u003d}]\nSession ID: 7c6174d14590ba43b2aedf3e92c2c6d7","startTime":1510290930626,"endTime":0,"childRecords":[],"interuppted":false},{"testStatus":{"stackTrace":"","statusValue":"WARNING"},"type":"MESSAGE","name":"","message":"Cannot take screenshot","startTime":1510290930630,"endTime":0,"childRecords":[],"interuppted":false},{"testStatus":{"stackTrace":"","statusValue":"FAILED"},"type":"MESSAGE","name":"","message":"Unable to verify object \u0027Object Repository/GOLive_Objects/Page_AIAManager/Executive_Summary\u0027 is visible (Root cause: java.lang.NullPointerException)","startTime":1510290930630,"endTime":0,"childRecords":[],"interuppted":false}],"interuppted":false},{"testStatus":{"stackTrace":"","statusValue":"FAILED"},"type":"MESSAGE","name":"","message":"Test Cases/GOLIVE/ClickNext FAILED because (of) Unable to verify object \u0027Object Repository/GOLive_Objects/Page_AIAManager/Executive_Summary\u0027 is visible (Root cause: java.lang.NullPointerException)","startTime":1510290930645,"endTime":0,"childRecords":[],"interuppted":false}],"interuppted":false}],"interuppted":false}