{"devicePlatform":"","logFolder":"C:\\Users\\raycp\\Desktop\\COE\\Reports\\Pooja\\GoLive\\20171110_104541","runData":{"hostName":"raycp - L23017WIN.rpega.com","os":"Windows 10 32bit","katalonVersion":"4.8.0.2","browser":"Chrome 61.0.3163.100","hostAddress":"10.150.113.10","sessionId":"ab3b3761b5d7c53a920c5be22704ee67","seleniumVersion":"2.53.0","proxyInformation":"ProxyInformation{proxyOption\u003dNO_PROXY, proxyServerType\u003dHTTP, password\u003d, proxyServerAddress\u003d, proxyServerPort\u003d0}","platform":"Windows 10"},"type":"TEST_SUITE","name":"GoLive","id":"Test Suites/Pooja/GoLive","source":"","message":"Test Cases/GOLIVE/Go_Live FAILED because (of) Unable to click on object \u0027Object Repository/GOLive_Objects/Select_Acc\u0027 (Root cause: org.openqa.selenium.StaleElementReferenceException: stale element reference: element is not attached to the page document\n  (Session info: chrome\u003d61.0.3163.100)\n  (Driver info: chromedriver\u003d2.31.488763 (092de99f48a300323ecf8c2a4e2e7cab51de5ba8),platform\u003dWindows NT 10.0.15063 x86_64) (WARNING: The server did not provide any stacktrace information)\nCommand duration or timeout: 62 milliseconds\nFor documentation on this error, please visit: http://seleniumhq.org/exceptions/stale_element_reference.html\nBuild info: version: \u00272.53.0\u0027, revision: \u002735ae25b\u0027, time: \u00272016-03-15 17:00:58\u0027\nSystem info: host: \u0027L23017WIN\u0027, ip: \u002710.150.113.10\u0027, os.name: \u0027Windows 10\u0027, os.arch: \u0027x86\u0027, os.version: \u002710.0\u0027, java.version: \u00271.8.0_102\u0027\nDriver info: com.kms.katalon.selenium.driver.CChromeDriver\nCapabilities [{applicationCacheEnabled\u003dfalse, rotatable\u003dfalse, mobileEmulationEnabled\u003dfalse, networkConnectionEnabled\u003dfalse, chrome\u003d{chromedriverVersion\u003d2.31.488763 (092de99f48a300323ecf8c2a4e2e7cab51de5ba8), userDataDir\u003dC:\\Users\\raycp\\AppData\\Local\\Temp\\scoped_dir11616_17466}, takesHeapSnapshot\u003dtrue, pageLoadStrategy\u003dnormal, databaseEnabled\u003dfalse, handlesAlerts\u003dtrue, hasTouchScreen\u003dfalse, version\u003d61.0.3163.100, platform\u003dXP, browserConnectionEnabled\u003dfalse, nativeEvents\u003dtrue, acceptSslCerts\u003dtrue, locationContextEnabled\u003dtrue, webStorageEnabled\u003dtrue, browserName\u003dchrome, takesScreenshot\u003dtrue, javascriptEnabled\u003dtrue, cssSelectorsEnabled\u003dtrue, setWindowRect\u003dtrue, unexpectedAlertBehaviour\u003d}]\nSession ID: ab3b3761b5d7c53a920c5be22704ee67)","description":"","startTime":1510290943025,"endTime":1510290989411,"childRecords":[{"isOptional":false,"type":"TEST_CASE","name":"Test Cases/GOLIVE/Go_Live","id":"Test Cases/GOLIVE/Go_Live","source":"C:\\\\Users\\\\raycp\\\\Desktop\\\\COETest Cases\\\\GOLIVE\\\\Go_Live.tc","message":"Test Cases/GOLIVE/Go_Live FAILED because (of) Unable to click on object \u0027Object Repository/GOLive_Objects/Select_Acc\u0027 (Root cause: org.openqa.selenium.StaleElementReferenceException: stale element reference: element is not attached to the page document\n  (Session info: chrome\u003d61.0.3163.100)\n  (Driver info: chromedriver\u003d2.31.488763 (092de99f48a300323ecf8c2a4e2e7cab51de5ba8),platform\u003dWindows NT 10.0.15063 x86_64) (WARNING: The server did not provide any stacktrace information)\nCommand duration or timeout: 62 milliseconds\nFor documentation on this error, please visit: http://seleniumhq.org/exceptions/stale_element_reference.html\nBuild info: version: \u00272.53.0\u0027, revision: \u002735ae25b\u0027, time: \u00272016-03-15 17:00:58\u0027\nSystem info: host: \u0027L23017WIN\u0027, ip: \u002710.150.113.10\u0027, os.name: \u0027Windows 10\u0027, os.arch: \u0027x86\u0027, os.version: \u002710.0\u0027, java.version: \u00271.8.0_102\u0027\nDriver info: com.kms.katalon.selenium.driver.CChromeDriver\nCapabilities [{applicationCacheEnabled\u003dfalse, rotatable\u003dfalse, mobileEmulationEnabled\u003dfalse, networkConnectionEnabled\u003dfalse, chrome\u003d{chromedriverVersion\u003d2.31.488763 (092de99f48a300323ecf8c2a4e2e7cab51de5ba8), userDataDir\u003dC:\\Users\\raycp\\AppData\\Local\\Temp\\scoped_dir11616_17466}, takesHeapSnapshot\u003dtrue, pageLoadStrategy\u003dnormal, databaseEnabled\u003dfalse, handlesAlerts\u003dtrue, hasTouchScreen\u003dfalse, version\u003d61.0.3163.100, platform\u003dXP, browserConnectionEnabled\u003dfalse, nativeEvents\u003dtrue, acceptSslCerts\u003dtrue, locationContextEnabled\u003dtrue, webStorageEnabled\u003dtrue, browserName\u003dchrome, takesScreenshot\u003dtrue, javascriptEnabled\u003dtrue, cssSelectorsEnabled\u003dtrue, setWindowRect\u003dtrue, unexpectedAlertBehaviour\u003d}]\nSession ID: ab3b3761b5d7c53a920c5be22704ee67)","description":"","startTime":1510290943335,"endTime":1510290965495,"childRecords":[{"testStatus":{"stackTrace":"","statusValue":"INFO"},"type":"MESSAGE","name":"","message":"Evaluating variables for test case","startTime":1510290943446,"endTime":0,"childRecords":[],"interuppted":false},{"index":1,"isIgnoredIfFailed":false,"type":"TEST_STEP","name":"openBrowser","message":"Browser is opened with url: \u0027\u0027","description":"","startTime":1510290943742,"endTime":1510290946695,"childRecords":[{"testStatus":{"stackTrace":"","statusValue":"PASSED"},"type":"MESSAGE","name":"","message":"Browser is opened with url: \u0027\u0027","startTime":1510290946694,"endTime":0,"childRecords":[],"interuppted":false}],"interuppted":false},{"index":2,"isIgnoredIfFailed":false,"type":"TEST_STEP","name":"navigateToUrl","message":"Navigate to \u0027https://vciaqa.rpega.com:8333/ciaqa/PRServlet/dGKN-A6ThDliXf4sywRqw74EFIEOGY6R*/!STANDARD\u0027 successfully","description":"","startTime":1510290946695,"endTime":1510290948452,"childRecords":[{"testStatus":{"stackTrace":"","statusValue":"PASSED"},"type":"MESSAGE","name":"","message":"Navigate to \u0027https://vciaqa.rpega.com:8333/ciaqa/PRServlet/dGKN-A6ThDliXf4sywRqw74EFIEOGY6R*/!STANDARD\u0027 successfully","startTime":1510290948451,"endTime":0,"childRecords":[],"interuppted":false}],"interuppted":false},{"index":3,"isIgnoredIfFailed":false,"type":"TEST_STEP","name":"setText","message":"Text \u0027hendj@pegasystems.com\u0027 is set on object \u0027Object Repository/GOLive_Objects/Page_Pega 7/input_UserIdentifier\u0027","description":"","startTime":1510290948453,"endTime":1510290948724,"childRecords":[{"testStatus":{"stackTrace":"","statusValue":"PASSED"},"type":"MESSAGE","name":"","message":"Text \u0027hendj@pegasystems.com\u0027 is set on object \u0027Object Repository/GOLive_Objects/Page_Pega 7/input_UserIdentifier\u0027","startTime":1510290948722,"endTime":0,"childRecords":[],"interuppted":false}],"interuppted":false},{"index":4,"isIgnoredIfFailed":false,"type":"TEST_STEP","name":"setText","message":"Text \u0027install\u0027 is set on object \u0027Object Repository/GOLive_Objects/Page_Pega 7/input_Password\u0027","description":"","startTime":1510290948724,"endTime":1510290948880,"childRecords":[{"testStatus":{"stackTrace":"","statusValue":"PASSED"},"type":"MESSAGE","name":"","message":"Text \u0027install\u0027 is set on object \u0027Object Repository/GOLive_Objects/Page_Pega 7/input_Password\u0027","startTime":1510290948879,"endTime":0,"childRecords":[],"interuppted":false}],"interuppted":false},{"index":5,"isIgnoredIfFailed":false,"type":"TEST_STEP","name":"click","message":"Object: \u0027Object Repository/GOLive_Objects/Page_Pega 7/button_pyActivityCode-Security\u0027 is clicked on","description":"","startTime":1510290948881,"endTime":1510290955051,"childRecords":[{"testStatus":{"stackTrace":"","statusValue":"PASSED"},"type":"MESSAGE","name":"","message":"Object: \u0027Object Repository/GOLive_Objects/Page_Pega 7/button_pyActivityCode-Security\u0027 is clicked on","startTime":1510290955050,"endTime":0,"childRecords":[],"interuppted":false}],"interuppted":false},{"index":6,"isIgnoredIfFailed":false,"type":"TEST_STEP","name":"maximizeWindow","message":"Current window maximized","description":"","startTime":1510290955052,"endTime":1510290956210,"childRecords":[{"testStatus":{"stackTrace":"","statusValue":"PASSED"},"type":"MESSAGE","name":"","message":"Current window maximized","startTime":1510290956209,"endTime":0,"childRecords":[],"interuppted":false}],"interuppted":false},{"index":7,"isIgnoredIfFailed":false,"type":"TEST_STEP","name":"click","message":"Object: \u0027Object Repository/GOLive_Objects/Page_AIAManager/div_Enter Go Live\u0027 is clicked on","description":"","startTime":1510290956210,"endTime":1510290959939,"childRecords":[{"testStatus":{"stackTrace":"","statusValue":"PASSED"},"type":"MESSAGE","name":"","message":"Object: \u0027Object Repository/GOLive_Objects/Page_AIAManager/div_Enter Go Live\u0027 is clicked on","startTime":1510290956474,"endTime":0,"childRecords":[],"interuppted":false}],"interuppted":false},{"index":8,"isIgnoredIfFailed":false,"type":"TEST_STEP","name":"sendKeys","message":"Keys \u0027IM-1\u0027 sent to object: \u0027Object Repository/GOLive_Objects/Page_AIAManager/select_PpyWorkPagepImplementat\u0027","description":"","startTime":1510290959939,"endTime":1510290960156,"childRecords":[{"testStatus":{"stackTrace":"","statusValue":"PASSED"},"type":"MESSAGE","name":"","message":"Keys \u0027IM-1\u0027 sent to object: \u0027Object Repository/GOLive_Objects/Page_AIAManager/select_PpyWorkPagepImplementat\u0027","startTime":1510290960144,"endTime":0,"childRecords":[],"interuppted":false}],"interuppted":false},{"index":9,"isIgnoredIfFailed":false,"type":"TEST_STEP","name":"setText","message":"Text \u0027BOFA\u0027 is set on object \u0027Object Repository/GOLive_Objects/Page_AIAManager/input_PpyWorkPagepPacOrgID\u0027","description":"","startTime":1510290960156,"endTime":1510290960767,"childRecords":[{"testStatus":{"stackTrace":"","statusValue":"PASSED"},"type":"MESSAGE","name":"","message":"Text \u0027BOFA\u0027 is set on object \u0027Object Repository/GOLive_Objects/Page_AIAManager/input_PpyWorkPagepPacOrgID\u0027","startTime":1510290960753,"endTime":0,"childRecords":[],"interuppted":false}],"interuppted":false},{"index":10,"isIgnoredIfFailed":false,"type":"TEST_STEP","name":"click","message":"Object: \u0027Object Repository/GOLive_Objects/SelectOrg\u0027 is clicked on","description":"","startTime":1510290960767,"endTime":1510290962117,"childRecords":[{"testStatus":{"stackTrace":"","statusValue":"PASSED"},"type":"MESSAGE","name":"","message":"Object: \u0027Object Repository/GOLive_Objects/SelectOrg\u0027 is clicked on","startTime":1510290962040,"endTime":0,"childRecords":[],"interuppted":false}],"interuppted":false},{"index":11,"isIgnoredIfFailed":false,"type":"TEST_STEP","name":"delay","message":"Delayed 2 second(s)","description":"","startTime":1510290962117,"endTime":1510290964142,"childRecords":[{"testStatus":{"stackTrace":"","statusValue":"PASSED"},"type":"MESSAGE","name":"","message":"Delayed 2 second(s)","startTime":1510290964142,"endTime":0,"childRecords":[],"interuppted":false}],"interuppted":false},{"index":12,"isIgnoredIfFailed":false,"type":"TEST_STEP","name":"setText","message":"Text \u0027BOFAUK\u0027 is set on object \u0027Object Repository/GOLive_Objects/Account\u0027","description":"","startTime":1510290964143,"endTime":1510290964429,"childRecords":[{"testStatus":{"stackTrace":"","statusValue":"PASSED"},"type":"MESSAGE","name":"","message":"Text \u0027BOFAUK\u0027 is set on object \u0027Object Repository/GOLive_Objects/Account\u0027","startTime":1510290964418,"endTime":0,"childRecords":[],"interuppted":false}],"interuppted":false},{"attachment":"1510290965075.png","index":13,"isIgnoredIfFailed":false,"type":"TEST_STEP","name":"click","message":"Unable to click on object \u0027Object Repository/GOLive_Objects/Select_Acc\u0027 (Root cause: org.openqa.selenium.StaleElementReferenceException: stale element reference: element is not attached to the page document\n  (Session info: chrome\u003d61.0.3163.100)\n  (Driver info: chromedriver\u003d2.31.488763 (092de99f48a300323ecf8c2a4e2e7cab51de5ba8),platform\u003dWindows NT 10.0.15063 x86_64) (WARNING: The server did not provide any stacktrace information)\nCommand duration or timeout: 62 milliseconds\nFor documentation on this error, please visit: http://seleniumhq.org/exceptions/stale_element_reference.html\nBuild info: version: \u00272.53.0\u0027, revision: \u002735ae25b\u0027, time: \u00272016-03-15 17:00:58\u0027\nSystem info: host: \u0027L23017WIN\u0027, ip: \u002710.150.113.10\u0027, os.name: \u0027Windows 10\u0027, os.arch: \u0027x86\u0027, os.version: \u002710.0\u0027, java.version: \u00271.8.0_102\u0027\nDriver info: com.kms.katalon.selenium.driver.CChromeDriver\nCapabilities [{applicationCacheEnabled\u003dfalse, rotatable\u003dfalse, mobileEmulationEnabled\u003dfalse, networkConnectionEnabled\u003dfalse, chrome\u003d{chromedriverVersion\u003d2.31.488763 (092de99f48a300323ecf8c2a4e2e7cab51de5ba8), userDataDir\u003dC:\\Users\\raycp\\AppData\\Local\\Temp\\scoped_dir11616_17466}, takesHeapSnapshot\u003dtrue, pageLoadStrategy\u003dnormal, databaseEnabled\u003dfalse, handlesAlerts\u003dtrue, hasTouchScreen\u003dfalse, version\u003d61.0.3163.100, platform\u003dXP, browserConnectionEnabled\u003dfalse, nativeEvents\u003dtrue, acceptSslCerts\u003dtrue, locationContextEnabled\u003dtrue, webStorageEnabled\u003dtrue, browserName\u003dchrome, takesScreenshot\u003dtrue, javascriptEnabled\u003dtrue, cssSelectorsEnabled\u003dtrue, setWindowRect\u003dtrue, unexpectedAlertBehaviour\u003d}]\nSession ID: ab3b3761b5d7c53a920c5be22704ee67)","description":"","startTime":1510290964430,"endTime":1510290965492,"childRecords":[{"testStatus":{"stackTrace":"","statusValue":"FAILED"},"attachment":"1510290965075.png","type":"MESSAGE","name":"","message":"Unable to click on object \u0027Object Repository/GOLive_Objects/Select_Acc\u0027 (Root cause: org.openqa.selenium.StaleElementReferenceException: stale element reference: element is not attached to the page document\n  (Session info: chrome\u003d61.0.3163.100)\n  (Driver info: chromedriver\u003d2.31.488763 (092de99f48a300323ecf8c2a4e2e7cab51de5ba8),platform\u003dWindows NT 10.0.15063 x86_64) (WARNING: The server did not provide any stacktrace information)\nCommand duration or timeout: 62 milliseconds\nFor documentation on this error, please visit: http://seleniumhq.org/exceptions/stale_element_reference.html\nBuild info: version: \u00272.53.0\u0027, revision: \u002735ae25b\u0027, time: \u00272016-03-15 17:00:58\u0027\nSystem info: host: \u0027L23017WIN\u0027, ip: \u002710.150.113.10\u0027, os.name: \u0027Windows 10\u0027, os.arch: \u0027x86\u0027, os.version: \u002710.0\u0027, java.version: \u00271.8.0_102\u0027\nDriver info: com.kms.katalon.selenium.driver.CChromeDriver\nCapabilities [{applicationCacheEnabled\u003dfalse, rotatable\u003dfalse, mobileEmulationEnabled\u003dfalse, networkConnectionEnabled\u003dfalse, chrome\u003d{chromedriverVersion\u003d2.31.488763 (092de99f48a300323ecf8c2a4e2e7cab51de5ba8), userDataDir\u003dC:\\Users\\raycp\\AppData\\Local\\Temp\\scoped_dir11616_17466}, takesHeapSnapshot\u003dtrue, pageLoadStrategy\u003dnormal, databaseEnabled\u003dfalse, handlesAlerts\u003dtrue, hasTouchScreen\u003dfalse, version\u003d61.0.3163.100, platform\u003dXP, browserConnectionEnabled\u003dfalse, nativeEvents\u003dtrue, acceptSslCerts\u003dtrue, locationContextEnabled\u003dtrue, webStorageEnabled\u003dtrue, browserName\u003dchrome, takesScreenshot\u003dtrue, javascriptEnabled\u003dtrue, cssSelectorsEnabled\u003dtrue, setWindowRect\u003dtrue, unexpectedAlertBehaviour\u003d}]\nSession ID: ab3b3761b5d7c53a920c5be22704ee67)","startTime":1510290965491,"endTime":0,"childRecords":[],"interuppted":false}],"interuppted":false},{"testStatus":{"stackTrace":"","statusValue":"FAILED"},"type":"MESSAGE","name":"","message":"Test Cases/GOLIVE/Go_Live FAILED because (of) Unable to click on object \u0027Object Repository/GOLive_Objects/Select_Acc\u0027 (Root cause: org.openqa.selenium.StaleElementReferenceException: stale element reference: element is not attached to the page document\n  (Session info: chrome\u003d61.0.3163.100)\n  (Driver info: chromedriver\u003d2.31.488763 (092de99f48a300323ecf8c2a4e2e7cab51de5ba8),platform\u003dWindows NT 10.0.15063 x86_64) (WARNING: The server did not provide any stacktrace information)\nCommand duration or timeout: 62 milliseconds\nFor documentation on this error, please visit: http://seleniumhq.org/exceptions/stale_element_reference.html\nBuild info: version: \u00272.53.0\u0027, revision: \u002735ae25b\u0027, time: \u00272016-03-15 17:00:58\u0027\nSystem info: host: \u0027L23017WIN\u0027, ip: \u002710.150.113.10\u0027, os.name: \u0027Windows 10\u0027, os.arch: \u0027x86\u0027, os.version: \u002710.0\u0027, java.version: \u00271.8.0_102\u0027\nDriver info: com.kms.katalon.selenium.driver.CChromeDriver\nCapabilities [{applicationCacheEnabled\u003dfalse, rotatable\u003dfalse, mobileEmulationEnabled\u003dfalse, networkConnectionEnabled\u003dfalse, chrome\u003d{chromedriverVersion\u003d2.31.488763 (092de99f48a300323ecf8c2a4e2e7cab51de5ba8), userDataDir\u003dC:\\Users\\raycp\\AppData\\Local\\Temp\\scoped_dir11616_17466}, takesHeapSnapshot\u003dtrue, pageLoadStrategy\u003dnormal, databaseEnabled\u003dfalse, handlesAlerts\u003dtrue, hasTouchScreen\u003dfalse, version\u003d61.0.3163.100, platform\u003dXP, browserConnectionEnabled\u003dfalse, nativeEvents\u003dtrue, acceptSslCerts\u003dtrue, locationContextEnabled\u003dtrue, webStorageEnabled\u003dtrue, browserName\u003dchrome, takesScreenshot\u003dtrue, javascriptEnabled\u003dtrue, cssSelectorsEnabled\u003dtrue, setWindowRect\u003dtrue, unexpectedAlertBehaviour\u003d}]\nSession ID: ab3b3761b5d7c53a920c5be22704ee67)","startTime":1510290965493,"endTime":0,"childRecords":[],"interuppted":false}],"interuppted":false},{"isOptional":false,"type":"TEST_CASE","name":"Test Cases/GOLIVE/ClickNext","id":"Test Cases/GOLIVE/ClickNext","source":"C:\\\\Users\\\\raycp\\\\Desktop\\\\COETest Cases\\\\GOLIVE\\\\ClickNext.tc","message":"Test Cases/GOLIVE/ClickNext FAILED because (of) Unable to verify object \u0027Object Repository/GOLive_Objects/Page_AIAManager/Executive_Summary\u0027 is visible (Root cause: java.lang.NullPointerException)","description":"","startTime":1510290965549,"endTime":1510290988572,"childRecords":[{"testStatus":{"stackTrace":"","statusValue":"INFO"},"type":"MESSAGE","name":"","message":"Evaluating variables for test case","startTime":1510290965549,"endTime":0,"childRecords":[],"interuppted":false},{"index":1,"isIgnoredIfFailed":false,"type":"TEST_STEP","name":"verifyElementVisible","message":"Unable to verify object \u0027Object Repository/GOLive_Objects/Page_AIAManager/Executive_Summary\u0027 is visible (Root cause: java.lang.NullPointerException)","description":"","startTime":1510290965649,"endTime":1510290988571,"childRecords":[{"testStatus":{"stackTrace":"","statusValue":"WARNING"},"type":"MESSAGE","name":"","message":"Switching to default content failed because of: org.openqa.selenium.WebDriverException: chrome not reachable\n  (Session info: chrome\u003d61.0.3163.100)\n  (Driver info: chromedriver\u003d2.31.488763 (092de99f48a300323ecf8c2a4e2e7cab51de5ba8),platform\u003dWindows NT 10.0.15063 x86_64) (WARNING: The server did not provide any stacktrace information)\nCommand duration or timeout: 2.02 seconds\nBuild info: version: \u00272.53.0\u0027, revision: \u002735ae25b\u0027, time: \u00272016-03-15 17:00:58\u0027\nSystem info: host: \u0027L23017WIN\u0027, ip: \u002710.150.113.10\u0027, os.name: \u0027Windows 10\u0027, os.arch: \u0027x86\u0027, os.version: \u002710.0\u0027, java.version: \u00271.8.0_102\u0027\nDriver info: com.kms.katalon.selenium.driver.CChromeDriver\nCapabilities [{applicationCacheEnabled\u003dfalse, rotatable\u003dfalse, mobileEmulationEnabled\u003dfalse, networkConnectionEnabled\u003dfalse, chrome\u003d{chromedriverVersion\u003d2.31.488763 (092de99f48a300323ecf8c2a4e2e7cab51de5ba8), userDataDir\u003dC:\\Users\\raycp\\AppData\\Local\\Temp\\scoped_dir11616_17466}, takesHeapSnapshot\u003dtrue, pageLoadStrategy\u003dnormal, databaseEnabled\u003dfalse, handlesAlerts\u003dtrue, hasTouchScreen\u003dfalse, version\u003d61.0.3163.100, platform\u003dXP, browserConnectionEnabled\u003dfalse, nativeEvents\u003dtrue, acceptSslCerts\u003dtrue, locationContextEnabled\u003dtrue, webStorageEnabled\u003dtrue, browserName\u003dchrome, takesScreenshot\u003dtrue, javascriptEnabled\u003dtrue, cssSelectorsEnabled\u003dtrue, setWindowRect\u003dtrue, unexpectedAlertBehaviour\u003d}]\nSession ID: ab3b3761b5d7c53a920c5be22704ee67","startTime":1510290988553,"endTime":0,"childRecords":[],"interuppted":false},{"testStatus":{"stackTrace":"","statusValue":"WARNING"},"type":"MESSAGE","name":"","message":"Cannot take screenshot","startTime":1510290988556,"endTime":0,"childRecords":[],"interuppted":false},{"testStatus":{"stackTrace":"","statusValue":"FAILED"},"type":"MESSAGE","name":"","message":"Unable to verify object \u0027Object Repository/GOLive_Objects/Page_AIAManager/Executive_Summary\u0027 is visible (Root cause: java.lang.NullPointerException)","startTime":1510290988556,"endTime":0,"childRecords":[],"interuppted":false}],"interuppted":false},{"testStatus":{"stackTrace":"","statusValue":"FAILED"},"type":"MESSAGE","name":"","message":"Test Cases/GOLIVE/ClickNext FAILED because (of) Unable to verify object \u0027Object Repository/GOLive_Objects/Page_AIAManager/Executive_Summary\u0027 is visible (Root cause: java.lang.NullPointerException)","startTime":1510290988572,"endTime":0,"childRecords":[],"interuppted":false}],"interuppted":false}],"interuppted":false}