<?xml version="1.0" encoding="UTF-8"?>
<testsuites name="Verify Technical details" time="26" tests="1" failures="1" errors="0">
   <testsuite name="Verify Technical details" tests="1" failures="1" errors="0" time="26" timestamp="2017-11-10 13:26:42" hostname="raycp - L23017WIN.rpega.com" id="Test Suites/Pooja/Verify Technical details">
      <properties>
         <property name="deviceName" value=""/>
         <property name="devicePlatform" value=""/>
         <property name="logFolder" value="C:\\Users\\raycp\\Desktop\\COE\\Reports\\Pooja\\Verify Technical details\\20171110_132640"/>
         <property name="logFiles" value="C:\\Users\\raycp\\Desktop\\COE\\Reports\\Pooja\\Verify Technical details\\20171110_132640\\execution0.log"/>
         <property name="attachments" value="C:\\Users\\raycp\\Desktop\\COE\\Reports\\Pooja\\Verify Technical details\\20171110_132640\\1510300626971.png"/>
         <property name="hostName" value="raycp - L23017WIN.rpega.com"/>
         <property name="os" value="Windows 10 32bit"/>
         <property name="katalonVersion" value="4.8.0.2"/>
         <property name="browser" value="Chrome 61.0.3163.100"/>
         <property name="hostAddress" value="10.150.113.10"/>
         <property name="sessionId" value="5f23b9ea3c563bb11a31f30b6415b481"/>
         <property name="seleniumVersion" value="2.53.0"/>
         <property name="proxyInformation" value="ProxyInformation{proxyOption=NO_PROXY, proxyServerType=HTTP, password=, proxyServerAddress=, proxyServerPort=0}"/>
         <property name="platform" value="Windows 10"/>
      </properties>
      <testcase name="Test Cases/GOLIVE/Enter Business Case" classname="Test Cases/GOLIVE/Enter Business Case" status="PASSED">
         <system-out><![CDATA[2017-11-10 13:26:42 - [TEST_CASE][PASSED] - Test Cases/GOLIVE/Enter Business Case: Test Cases/GOLIVE/Enter Business Case

2017-11-10 13:26:43 - [TEST_STEP][PASSED] - openBrowser: Browser is opened with url: ''

2017-11-10 13:26:46 - [MESSAGE][PASSED] - Browser is opened with url: ''

2017-11-10 13:26:46 - [TEST_STEP][PASSED] - navigateToUrl: Navigate to 'https://vciaqa.rpega.com:8333/ciaqa/PRServlet/dGKN-A6ThDliXf4sywRqw74EFIEOGY6R*/!STANDARD' successfully

2017-11-10 13:26:48 - [MESSAGE][PASSED] - Navigate to 'https://vciaqa.rpega.com:8333/ciaqa/PRServlet/dGKN-A6ThDliXf4sywRqw74EFIEOGY6R*/!STANDARD' successfully

2017-11-10 13:26:48 - [TEST_STEP][PASSED] - setText: Text 'hendj@pegasystems.com' is set on object 'Object Repository/GOLive_Objects/Search/Page_Pega 7/input_UserIdentifier'

2017-11-10 13:26:48 - [MESSAGE][PASSED] - Text 'hendj@pegasystems.com' is set on object 'Object Repository/GOLive_Objects/Search/Page_Pega 7/input_UserIdentifier'

2017-11-10 13:26:48 - [TEST_STEP][PASSED] - setText: Text 'install' is set on object 'Object Repository/GOLive_Objects/Search/Page_Pega 7/input_Password'

2017-11-10 13:26:48 - [MESSAGE][PASSED] - Text 'install' is set on object 'Object Repository/GOLive_Objects/Search/Page_Pega 7/input_Password'

2017-11-10 13:26:48 - [TEST_STEP][PASSED] - sendKeys: Keys '' sent to object: 'Object Repository/GOLive_Objects/Search/Page_Pega 7/input_Password'

2017-11-10 13:26:54 - [MESSAGE][PASSED] - Keys '' sent to object: 'Object Repository/GOLive_Objects/Search/Page_Pega 7/input_Password'

2017-11-10 13:26:54 - [TEST_STEP][PASSED] - maximizeWindow: Current window maximized

2017-11-10 13:26:55 - [MESSAGE][PASSED] - Current window maximized

2017-11-10 13:26:55 - [TEST_STEP][PASSED] - click: Object: 'Object Repository/GOLive_Objects/Search/Page_AIAManager/span_Advanced Search' is clicked on

2017-11-10 13:26:56 - [MESSAGE][PASSED] - Object: 'Object Repository/GOLive_Objects/Search/Page_AIAManager/span_Advanced Search' is clicked on

2017-11-10 13:26:56 - [TEST_STEP][PASSED] - click: Object: 'Object Repository/GOLive_Objects/Search/Page_AIAManager/label_Go Live' is clicked on

2017-11-10 13:26:56 - [MESSAGE][PASSED] - Object: 'Object Repository/GOLive_Objects/Search/Page_AIAManager/label_Go Live' is clicked on

2017-11-10 13:26:56 - [TEST_STEP][PASSED] - setText: Text 'OGL-1719' is set on object 'Object Repository/GOLive_Objects/Search/Page_AIAManager/input_PpyDisplayHarnesspSearch'

2017-11-10 13:26:58 - [MESSAGE][PASSED] - Text 'OGL-1719' is set on object 'Object Repository/GOLive_Objects/Search/Page_AIAManager/input_PpyDisplayHarnesspSearch'

2017-11-10 13:26:58 - [TEST_STEP][PASSED] - click: Object: 'Object Repository/GOLive_Objects/Search/Page_AIAManager/div_Search' is clicked on

2017-11-10 13:26:58 - [MESSAGE][PASSED] - Object: 'Object Repository/GOLive_Objects/Search/Page_AIAManager/div_Search' is clicked on

2017-11-10 13:26:58 - [TEST_STEP][PASSED] - doubleClick: Object: 'Object Repository/GOLive_Objects/Search/Page_AIAManager/span_OGL-1608' is double clicked on

2017-11-10 13:26:59 - [MESSAGE][PASSED] - Object: 'Object Repository/GOLive_Objects/Search/Page_AIAManager/span_OGL-1608' is double clicked on

2017-11-10 13:27:01 - [TEST_STEP][PASSED] - click: Object: 'Object Repository/GOLive_Objects/Search/Page_AIAManager/Enter Business Case' is clicked on

2017-11-10 13:27:03 - [MESSAGE][PASSED] - Object: 'Object Repository/GOLive_Objects/Search/Page_AIAManager/Enter Business Case' is clicked on

2017-11-10 13:27:04 - [TEST_STEP][PASSED] - scrollToElement: Scroll to object 'Object Repository/GOLive_Objects/Search/Page_AIAManager/div_Next' successfully

2017-11-10 13:27:04 - [MESSAGE][PASSED] - Scroll to object 'Object Repository/GOLive_Objects/Search/Page_AIAManager/div_Next' successfully

2017-11-10 13:27:04 - [TEST_STEP][PASSED] - click: Object: 'Object Repository/GOLive_Objects/Search/Page_AIAManager/div_Next' is clicked on

2017-11-10 13:27:04 - [MESSAGE][PASSED] - Object: 'Object Repository/GOLive_Objects/Search/Page_AIAManager/div_Next' is clicked on]]></system-out>
         <system-err><![CDATA[]]></system-err>
      </testcase>
      <testcase name="Test Cases/GOLIVE/Enter Technical Details" classname="Test Cases/GOLIVE/Enter Technical Details" status="FAILED">
         <failure type="FAILED" message="Unable to select option by value 'IndSeg25' of object 'Object Repository/GOLive_Objects/Update Technical Details/Page_AIAManager/select_PpyWorkPagepSolutionMap (1)'  using regular expression (Root cause: No option matched.)"/>
         <system-out><![CDATA[2017-11-10 13:27:04 - [TEST_CASE][FAILED] - Test Cases/GOLIVE/Enter Technical Details: Test Cases/GOLIVE/Enter Technical Details FAILED because (of) Unable to select option by value 'IndSeg25' of object 'Object Repository/GOLive_Objects/Update Technical Details/Page_AIAManager/select_PpyWorkPagepSolutionMap (1)'  using regular expression (Root cause: No option matched.)

2017-11-10 13:27:04 - [TEST_STEP][PASSED] - selectOptionByValue: All options with value 'Ind5' are selected in object 'Object Repository/GOLive_Objects/Update Technical Details/Page_AIAManager/select_PpyWorkPagepSolutionMap'  using regular expression

2017-11-10 13:27:06 - [MESSAGE][PASSED] - All options with value 'Ind5' are selected in object 'Object Repository/GOLive_Objects/Update Technical Details/Page_AIAManager/select_PpyWorkPagepSolutionMap'  using regular expression

2017-11-10 13:27:06 - [TEST_STEP][FAILED] - selectOptionByValue: Unable to select option by value 'IndSeg25' of object 'Object Repository/GOLive_Objects/Update Technical Details/Page_AIAManager/select_PpyWorkPagepSolutionMap (1)'  using regular expression (Root cause: No option matched.)

2017-11-10 13:27:06 - [MESSAGE][FAILED] - No option matched.

2017-11-10 13:27:07 - [MESSAGE][FAILED] - Unable to select option by value 'IndSeg25' of object 'Object Repository/GOLive_Objects/Update Technical Details/Page_AIAManager/select_PpyWorkPagepSolutionMap (1)'  using regular expression (Root cause: No option matched.)
[[ATTACHMENT|C:\\Users\\raycp\\Desktop\\COE\\Reports\\Pooja\\Verify Technical details\\20171110_132640\\1510300626971.png]]]]></system-out>
         <system-err><![CDATA[2017-11-10 13:27:04 - [TEST_CASE][FAILED] - Test Cases/GOLIVE/Enter Technical Details: Test Cases/GOLIVE/Enter Technical Details FAILED because (of) Unable to select option by value 'IndSeg25' of object 'Object Repository/GOLive_Objects/Update Technical Details/Page_AIAManager/select_PpyWorkPagepSolutionMap (1)'  using regular expression (Root cause: No option matched.)]]></system-err>
      </testcase>
      <system-out><![CDATA[2017-11-10 13:26:42 - [TEST_SUITE][FAILED] - Verify Technical details: Test Cases/GOLIVE/Enter Technical Details FAILED because (of) Unable to select option by value 'IndSeg25' of object 'Object Repository/GOLive_Objects/Update Technical Details/Page_AIAManager/select_PpyWorkPagepSolutionMap (1)'  using regular expression (Root cause: No option matched.)]]></system-out>
      <system-err><![CDATA[2017-11-10 13:26:42 - [TEST_SUITE][FAILED] - Verify Technical details: Test Cases/GOLIVE/Enter Technical Details FAILED because (of) Unable to select option by value 'IndSeg25' of object 'Object Repository/GOLive_Objects/Update Technical Details/Page_AIAManager/select_PpyWorkPagepSolutionMap (1)'  using regular expression (Root cause: No option matched.)]]></system-err>
   </testsuite>
</testsuites>
