{"devicePlatform":"","logFolder":"C:\\Users\\raycp\\Desktop\\COE\\Reports\\BID\\Data\\ECRLite\\20171106_095141","runData":{"hostName":"raycp - L23017WIN.rpega.com","os":"Windows 10 32bit","katalonVersion":"4.8.0.2","browser":"Chrome 61.0.3163.100","hostAddress":"10.150.113.10","sessionId":"79448246aebc9a0fd968f229be4f998d","seleniumVersion":"2.53.0","proxyInformation":"ProxyInformation{proxyOption\u003dNO_PROXY, proxyServerType\u003dHTTP, password\u003d, proxyServerAddress\u003d, proxyServerPort\u003d0}","platform":"Windows 10"},"type":"TEST_SUITE","name":"ECRLite","id":"Test Suites/BID/Data/ECRLite","source":"","message":"Test Cases/ECR/TC_ECRLite_NoExpertService_AllApproval FAILED because (of) Unable to click on object \u0027Object Repository/Generic/SUBMIT\u0027 (Root cause: org.openqa.selenium.WebDriverException: unknown error: Element \u003cbutton data-test-id\u003d\"201502260643470574523\" data-ctl\u003d\"Button\" type\u003d\"button\" data-click\u003d\"[[\u0026quot;setUserStart\u0026quot;,[\u0026quot;FINISHASSIGNMENT\u0026quot;]],[\u0026quot;doFormSubmit\u0026quot;,[\u0026quot;pyActivity\u003dFinishAssignment\u0026quot;,\u0026quot;:this\u0026quot;,\u0026quot;\u0026quot;,\u0026quot;:event\u0026quot;]]]\" title\u003d\"Complete this assignment\" class\u003d\"COE_Strong pzhc\"\u003e...\u003c/button\u003e is not clickable at point (517, 734). Other element would receive the click: \u003cdiv class\u003d\"modal-align-cell\"\u003e...\u003c/div\u003e\n  (Session info: chrome\u003d61.0.3163.100)\n  (Driver info: chromedriver\u003d2.31.488763 (092de99f48a300323ecf8c2a4e2e7cab51de5ba8),platform\u003dWindows NT 10.0.15063 x86_64) (WARNING: The server did not provide any stacktrace information)\nCommand duration or timeout: 59 milliseconds\nBuild info: version: \u00272.53.0\u0027, revision: \u002735ae25b\u0027, time: \u00272016-03-15 17:00:58\u0027\nSystem info: host: \u0027L23017WIN\u0027, ip: \u002710.150.113.10\u0027, os.name: \u0027Windows 10\u0027, os.arch: \u0027x86\u0027, os.version: \u002710.0\u0027, java.version: \u00271.8.0_102\u0027\nDriver info: com.kms.katalon.selenium.driver.CChromeDriver\nCapabilities [{applicationCacheEnabled\u003dfalse, rotatable\u003dfalse, mobileEmulationEnabled\u003dfalse, networkConnectionEnabled\u003dfalse, chrome\u003d{chromedriverVersion\u003d2.31.488763 (092de99f48a300323ecf8c2a4e2e7cab51de5ba8), userDataDir\u003dC:\\Users\\raycp\\AppData\\Local\\Temp\\scoped_dir5668_11009}, takesHeapSnapshot\u003dtrue, pageLoadStrategy\u003dnormal, databaseEnabled\u003dfalse, handlesAlerts\u003dtrue, hasTouchScreen\u003dfalse, version\u003d61.0.3163.100, platform\u003dXP, browserConnectionEnabled\u003dfalse, nativeEvents\u003dtrue, acceptSslCerts\u003dtrue, locationContextEnabled\u003dtrue, webStorageEnabled\u003dtrue, browserName\u003dchrome, takesScreenshot\u003dtrue, javascriptEnabled\u003dtrue, cssSelectorsEnabled\u003dtrue, setWindowRect\u003dtrue, unexpectedAlertBehaviour\u003d}]\nSession ID: 0f39bca4273bff5e71e29373c4211d30)","description":"","startTime":1509942102701,"endTime":1509942612364,"childRecords":[{"isOptional":false,"type":"TEST_CASE","name":"Test Cases/ECR/TC_ECRLite_NoExpertService_AllApproval","id":"Test Cases/ECR/TC_ECRLite_NoExpertService_AllApproval","source":"C:\\\\Users\\\\raycp\\\\Desktop\\\\COETest Cases\\\\ECR\\\\TC_ECRLite_NoExpertService_AllApproval.tc","message":"Test Cases/ECR/TC_ECRLite_NoExpertService_AllApproval FAILED because (of) Unable to click on object \u0027Object Repository/Generic/SUBMIT\u0027 (Root cause: org.openqa.selenium.WebDriverException: unknown error: Element \u003cbutton data-test-id\u003d\"201502260643470574523\" data-ctl\u003d\"Button\" type\u003d\"button\" data-click\u003d\"[[\u0026quot;setUserStart\u0026quot;,[\u0026quot;FINISHASSIGNMENT\u0026quot;]],[\u0026quot;doFormSubmit\u0026quot;,[\u0026quot;pyActivity\u003dFinishAssignment\u0026quot;,\u0026quot;:this\u0026quot;,\u0026quot;\u0026quot;,\u0026quot;:event\u0026quot;]]]\" title\u003d\"Complete this assignment\" class\u003d\"COE_Strong pzhc\"\u003e...\u003c/button\u003e is not clickable at point (517, 734). Other element would receive the click: \u003cdiv class\u003d\"modal-align-cell\"\u003e...\u003c/div\u003e\n  (Session info: chrome\u003d61.0.3163.100)\n  (Driver info: chromedriver\u003d2.31.488763 (092de99f48a300323ecf8c2a4e2e7cab51de5ba8),platform\u003dWindows NT 10.0.15063 x86_64) (WARNING: The server did not provide any stacktrace information)\nCommand duration or timeout: 59 milliseconds\nBuild info: version: \u00272.53.0\u0027, revision: \u002735ae25b\u0027, time: \u00272016-03-15 17:00:58\u0027\nSystem info: host: \u0027L23017WIN\u0027, ip: \u002710.150.113.10\u0027, os.name: \u0027Windows 10\u0027, os.arch: \u0027x86\u0027, os.version: \u002710.0\u0027, java.version: \u00271.8.0_102\u0027\nDriver info: com.kms.katalon.selenium.driver.CChromeDriver\nCapabilities [{applicationCacheEnabled\u003dfalse, rotatable\u003dfalse, mobileEmulationEnabled\u003dfalse, networkConnectionEnabled\u003dfalse, chrome\u003d{chromedriverVersion\u003d2.31.488763 (092de99f48a300323ecf8c2a4e2e7cab51de5ba8), userDataDir\u003dC:\\Users\\raycp\\AppData\\Local\\Temp\\scoped_dir5668_11009}, takesHeapSnapshot\u003dtrue, pageLoadStrategy\u003dnormal, databaseEnabled\u003dfalse, handlesAlerts\u003dtrue, hasTouchScreen\u003dfalse, version\u003d61.0.3163.100, platform\u003dXP, browserConnectionEnabled\u003dfalse, nativeEvents\u003dtrue, acceptSslCerts\u003dtrue, locationContextEnabled\u003dtrue, webStorageEnabled\u003dtrue, browserName\u003dchrome, takesScreenshot\u003dtrue, javascriptEnabled\u003dtrue, cssSelectorsEnabled\u003dtrue, setWindowRect\u003dtrue, unexpectedAlertBehaviour\u003d}]\nSession ID: 0f39bca4273bff5e71e29373c4211d30)","description":"","startTime":1509942102961,"endTime":1509942166675,"childRecords":[{"testStatus":{"stackTrace":"","statusValue":"INFO"},"type":"MESSAGE","name":"","message":"Evaluating variables for test case","startTime":1509942103059,"endTime":0,"childRecords":[],"interuppted":false},{"index":1,"isIgnoredIfFailed":false,"type":"TEST_STEP","name":"callTestCase","message":"Unable to call Test Case with id \u0027Test Cases/ECR/REF/ECR_Lite_NoExpertService\u0027 (Root cause: Call Test Case \u0027Test Cases/ECR/REF/ECR_Lite_NoExpertService\u0027 failed)","description":"","startTime":1509942103387,"endTime":1509942166675,"childRecords":[{"isOptional":false,"type":"TEST_CASE","name":"Test Cases/ECR/REF/ECR_Lite_NoExpertService","id":"Test Cases/ECR/REF/ECR_Lite_NoExpertService","source":"C:\\\\Users\\\\raycp\\\\Desktop\\\\COETest Cases\\\\ECR\\\\REF\\\\ECR_Lite_NoExpertService.tc","message":"Test Cases/ECR/REF/ECR_Lite_NoExpertService FAILED because (of) Unable to click on object \u0027Object Repository/Generic/SUBMIT\u0027 (Root cause: org.openqa.selenium.WebDriverException: unknown error: Element \u003cbutton data-test-id\u003d\"201502260643470574523\" data-ctl\u003d\"Button\" type\u003d\"button\" data-click\u003d\"[[\u0026quot;setUserStart\u0026quot;,[\u0026quot;FINISHASSIGNMENT\u0026quot;]],[\u0026quot;doFormSubmit\u0026quot;,[\u0026quot;pyActivity\u003dFinishAssignment\u0026quot;,\u0026quot;:this\u0026quot;,\u0026quot;\u0026quot;,\u0026quot;:event\u0026quot;]]]\" title\u003d\"Complete this assignment\" class\u003d\"COE_Strong pzhc\"\u003e...\u003c/button\u003e is not clickable at point (517, 734). Other element would receive the click: \u003cdiv class\u003d\"modal-align-cell\"\u003e...\u003c/div\u003e\n  (Session info: chrome\u003d61.0.3163.100)\n  (Driver info: chromedriver\u003d2.31.488763 (092de99f48a300323ecf8c2a4e2e7cab51de5ba8),platform\u003dWindows NT 10.0.15063 x86_64) (WARNING: The server did not provide any stacktrace information)\nCommand duration or timeout: 59 milliseconds\nBuild info: version: \u00272.53.0\u0027, revision: \u002735ae25b\u0027, time: \u00272016-03-15 17:00:58\u0027\nSystem info: host: \u0027L23017WIN\u0027, ip: \u002710.150.113.10\u0027, os.name: \u0027Windows 10\u0027, os.arch: \u0027x86\u0027, os.version: \u002710.0\u0027, java.version: \u00271.8.0_102\u0027\nDriver info: com.kms.katalon.selenium.driver.CChromeDriver\nCapabilities [{applicationCacheEnabled\u003dfalse, rotatable\u003dfalse, mobileEmulationEnabled\u003dfalse, networkConnectionEnabled\u003dfalse, chrome\u003d{chromedriverVersion\u003d2.31.488763 (092de99f48a300323ecf8c2a4e2e7cab51de5ba8), userDataDir\u003dC:\\Users\\raycp\\AppData\\Local\\Temp\\scoped_dir5668_11009}, takesHeapSnapshot\u003dtrue, pageLoadStrategy\u003dnormal, databaseEnabled\u003dfalse, handlesAlerts\u003dtrue, hasTouchScreen\u003dfalse, version\u003d61.0.3163.100, platform\u003dXP, browserConnectionEnabled\u003dfalse, nativeEvents\u003dtrue, acceptSslCerts\u003dtrue, locationContextEnabled\u003dtrue, webStorageEnabled\u003dtrue, browserName\u003dchrome, takesScreenshot\u003dtrue, javascriptEnabled\u003dtrue, cssSelectorsEnabled\u003dtrue, setWindowRect\u003dtrue, unexpectedAlertBehaviour\u003d}]\nSession ID: 0f39bca4273bff5e71e29373c4211d30)","description":"","startTime":1509942103508,"endTime":1509942166660,"childRecords":[{"testStatus":{"stackTrace":"","statusValue":"INFO"},"type":"MESSAGE","name":"","message":"Evaluating variables for test case","startTime":1509942103510,"endTime":0,"childRecords":[],"interuppted":false},{"index":1,"isIgnoredIfFailed":false,"type":"TEST_STEP","name":"com.helper.commonfunct.utilities.login","message":"com.helper.commonfunct.utilities.login is PASSED","description":"","startTime":1509942103635,"endTime":1509942120932,"childRecords":[{"testStatus":{"stackTrace":"","statusValue":"PASSED"},"type":"MESSAGE","name":"","message":"Browser is opened with url: \u0027\u0027","startTime":1509942106427,"endTime":0,"childRecords":[],"interuppted":false},{"testStatus":{"stackTrace":"","statusValue":"PASSED"},"type":"MESSAGE","name":"","message":"Navigate to \u0027http://vtcpqa2:9685/tcpqa/PRServlet\u0027 successfully","startTime":1509942108538,"endTime":0,"childRecords":[],"interuppted":false},{"testStatus":{"stackTrace":"","statusValue":"PASSED"},"type":"MESSAGE","name":"","message":"Text \u0027pogoa@pegasystems.com\u0027 is set on object \u0027Object Repository/input_UserIdentifier\u0027","startTime":1509942108856,"endTime":0,"childRecords":[],"interuppted":false},{"testStatus":{"stackTrace":"","statusValue":"PASSED"},"type":"MESSAGE","name":"","message":"Text \u0027install\u0027 is set on object \u0027Object Repository/input_Password\u0027","startTime":1509942109001,"endTime":0,"childRecords":[],"interuppted":false},{"testStatus":{"stackTrace":"","statusValue":"PASSED"},"type":"MESSAGE","name":"","message":"Keys \u0027??\u0027 sent to object: \u0027Object Repository/input_Password\u0027","startTime":1509942120931,"endTime":0,"childRecords":[],"interuppted":false},{"testStatus":{"stackTrace":"","statusValue":"PASSED"},"type":"MESSAGE","name":"","message":"com.helper.commonfunct.utilities.login is PASSED","startTime":1509942120931,"endTime":0,"childRecords":[],"interuppted":false}],"interuppted":false},{"attachment":"1509942166359.png","index":2,"isIgnoredIfFailed":false,"type":"TEST_STEP","name":"com.helper.commonfunct.utilities.createECR","message":"Unable to click on object \u0027Object Repository/Generic/SUBMIT\u0027 (Root cause: org.openqa.selenium.WebDriverException: unknown error: Element \u003cbutton data-test-id\u003d\"201502260643470574523\" data-ctl\u003d\"Button\" type\u003d\"button\" data-click\u003d\"[[\u0026quot;setUserStart\u0026quot;,[\u0026quot;FINISHASSIGNMENT\u0026quot;]],[\u0026quot;doFormSubmit\u0026quot;,[\u0026quot;pyActivity\u003dFinishAssignment\u0026quot;,\u0026quot;:this\u0026quot;,\u0026quot;\u0026quot;,\u0026quot;:event\u0026quot;]]]\" title\u003d\"Complete this assignment\" class\u003d\"COE_Strong pzhc\"\u003e...\u003c/button\u003e is not clickable at point (517, 734). Other element would receive the click: \u003cdiv class\u003d\"modal-align-cell\"\u003e...\u003c/div\u003e\n  (Session info: chrome\u003d61.0.3163.100)\n  (Driver info: chromedriver\u003d2.31.488763 (092de99f48a300323ecf8c2a4e2e7cab51de5ba8),platform\u003dWindows NT 10.0.15063 x86_64) (WARNING: The server did not provide any stacktrace information)\nCommand duration or timeout: 59 milliseconds\nBuild info: version: \u00272.53.0\u0027, revision: \u002735ae25b\u0027, time: \u00272016-03-15 17:00:58\u0027\nSystem info: host: \u0027L23017WIN\u0027, ip: \u002710.150.113.10\u0027, os.name: \u0027Windows 10\u0027, os.arch: \u0027x86\u0027, os.version: \u002710.0\u0027, java.version: \u00271.8.0_102\u0027\nDriver info: com.kms.katalon.selenium.driver.CChromeDriver\nCapabilities [{applicationCacheEnabled\u003dfalse, rotatable\u003dfalse, mobileEmulationEnabled\u003dfalse, networkConnectionEnabled\u003dfalse, chrome\u003d{chromedriverVersion\u003d2.31.488763 (092de99f48a300323ecf8c2a4e2e7cab51de5ba8), userDataDir\u003dC:\\Users\\raycp\\AppData\\Local\\Temp\\scoped_dir5668_11009}, takesHeapSnapshot\u003dtrue, pageLoadStrategy\u003dnormal, databaseEnabled\u003dfalse, handlesAlerts\u003dtrue, hasTouchScreen\u003dfalse, version\u003d61.0.3163.100, platform\u003dXP, browserConnectionEnabled\u003dfalse, nativeEvents\u003dtrue, acceptSslCerts\u003dtrue, locationContextEnabled\u003dtrue, webStorageEnabled\u003dtrue, browserName\u003dchrome, takesScreenshot\u003dtrue, javascriptEnabled\u003dtrue, cssSelectorsEnabled\u003dtrue, setWindowRect\u003dtrue, unexpectedAlertBehaviour\u003d}]\nSession ID: 0f39bca4273bff5e71e29373c4211d30)","description":"","startTime":1509942120933,"endTime":1509942166660,"childRecords":[{"testStatus":{"stackTrace":"","statusValue":"PASSED"},"type":"MESSAGE","name":"","message":"Object: \u0027Object Repository/Generic/a_Actions\u0027 is clicked on","startTime":1509942121111,"endTime":0,"childRecords":[],"interuppted":false},{"testStatus":{"stackTrace":"","statusValue":"PASSED"},"type":"MESSAGE","name":"","message":"Object: \u0027Object Repository/span_New\u0027 is focused","startTime":1509942122135,"endTime":0,"childRecords":[],"interuppted":false},{"testStatus":{"stackTrace":"","statusValue":"PASSED"},"type":"MESSAGE","name":"","message":"Object: \u0027Object Repository/span_Bid Process\u0027 is clicked on","startTime":1509942124660,"endTime":0,"childRecords":[],"interuppted":false},{"testStatus":{"stackTrace":"","statusValue":"PASSED"},"type":"MESSAGE","name":"","message":"Object: \u0027Object Repository/ECR/BID_TYPE\u0027 is clicked on","startTime":1509942124910,"endTime":0,"childRecords":[],"interuppted":false},{"testStatus":{"stackTrace":"","statusValue":"PASSED"},"type":"MESSAGE","name":"","message":"Object \u0027Object Repository/button_Import\u0027 is present","startTime":1509942124951,"endTime":0,"childRecords":[],"interuppted":false},{"testStatus":{"stackTrace":"","statusValue":"PASSED"},"type":"MESSAGE","name":"","message":"Delayed 5 second(s)","startTime":1509942129957,"endTime":0,"childRecords":[],"interuppted":false},{"testStatus":{"stackTrace":"","statusValue":"PASSED"},"type":"MESSAGE","name":"","message":"Object: \u0027Object Repository/button_Import\u0027 is clicked on","startTime":1509942130157,"endTime":0,"childRecords":[],"interuppted":false},{"testStatus":{"stackTrace":"","statusValue":"PASSED"},"type":"MESSAGE","name":"","message":"File \u0027C:\\LatestBSW\\BSW OCT 2017_ECRLite.xlsm\u0027 sent to object: \u0027Object Repository/input_PpyWorkPageppyFilePath\u0027","startTime":1509942130859,"endTime":0,"childRecords":[],"interuppted":false},{"testStatus":{"stackTrace":"","statusValue":"PASSED"},"type":"MESSAGE","name":"","message":"Delayed 2 second(s)","startTime":1509942132860,"endTime":0,"childRecords":[],"interuppted":false},{"testStatus":{"stackTrace":"","statusValue":"WARNING"},"type":"MESSAGE","name":"","message":"Timeout \u00270\u0027 is invalid. Using default page load timeout: \u002730\u0027","startTime":1509942132895,"endTime":0,"childRecords":[],"interuppted":false},{"testStatus":{"stackTrace":"","statusValue":"PASSED"},"type":"MESSAGE","name":"","message":"Scroll to object \u0027Object Repository/button_Submit\u0027 successfully","startTime":1509942132933,"endTime":0,"childRecords":[],"interuppted":false},{"testStatus":{"stackTrace":"","statusValue":"PASSED"},"type":"MESSAGE","name":"","message":"Object: \u0027Object Repository/button_Submit\u0027 is clicked on","startTime":1509942133096,"endTime":0,"childRecords":[],"interuppted":false},{"testStatus":{"stackTrace":"","statusValue":"PASSED"},"type":"MESSAGE","name":"","message":"Object \u0027Object Repository/EngInfo/COID\u0027 is visible","startTime":1509942133255,"endTime":0,"childRecords":[],"interuppted":false},{"testStatus":{"stackTrace":"","statusValue":"PASSED"},"type":"MESSAGE","name":"","message":"Delayed 5 second(s)","startTime":1509942138256,"endTime":0,"childRecords":[],"interuppted":false},{"testStatus":{"stackTrace":"","statusValue":"PASSED"},"type":"MESSAGE","name":"","message":"Delayed 5 second(s)","startTime":1509942143260,"endTime":0,"childRecords":[],"interuppted":false},{"testStatus":{"stackTrace":"","statusValue":"PASSED"},"type":"MESSAGE","name":"","message":"Text \u0027BOFA\u0027 is set on object \u0027Object Repository/Generic/ORG\u0027","startTime":1509942143492,"endTime":0,"childRecords":[],"interuppted":false},{"testStatus":{"stackTrace":"","statusValue":"PASSED"},"type":"MESSAGE","name":"","message":"Delayed 5 second(s)","startTime":1509942148493,"endTime":0,"childRecords":[],"interuppted":false},{"testStatus":{"stackTrace":"","statusValue":"PASSED"},"type":"MESSAGE","name":"","message":"Keys \u0027??\u0027 sent to object: \u0027Object Repository/Generic/ORG\u0027","startTime":1509942148619,"endTime":0,"childRecords":[],"interuppted":false},{"testStatus":{"stackTrace":"","statusValue":"PASSED"},"type":"MESSAGE","name":"","message":"Delayed 5 second(s)","startTime":1509942153621,"endTime":0,"childRecords":[],"interuppted":false},{"testStatus":{"stackTrace":"","statusValue":"PASSED"},"type":"MESSAGE","name":"","message":"Text \u0027BOFA\u0027 is set on object \u0027Object Repository/Generic/ACC\u0027","startTime":1509942153822,"endTime":0,"childRecords":[],"interuppted":false},{"testStatus":{"stackTrace":"","statusValue":"PASSED"},"type":"MESSAGE","name":"","message":"Delayed 2 second(s)","startTime":1509942155825,"endTime":0,"childRecords":[],"interuppted":false},{"testStatus":{"stackTrace":"","statusValue":"PASSED"},"type":"MESSAGE","name":"","message":"Keys \u0027??\u0027 sent to object: \u0027Object Repository/Generic/ACC\u0027","startTime":1509942155925,"endTime":0,"childRecords":[],"interuppted":false},{"testStatus":{"stackTrace":"","statusValue":"PASSED"},"type":"MESSAGE","name":"","message":"Delayed 5 second(s)","startTime":1509942160928,"endTime":0,"childRecords":[],"interuppted":false},{"testStatus":{"stackTrace":"","statusValue":"PASSED"},"type":"MESSAGE","name":"","message":"Text \u0027AUTOTEST1\u0027 is set on object \u0027Object Repository/Generic/ENG_DESC\u0027","startTime":1509942161205,"endTime":0,"childRecords":[],"interuppted":false},{"testStatus":{"stackTrace":"","statusValue":"PASSED"},"type":"MESSAGE","name":"","message":"Delayed 5 second(s)","startTime":1509942166207,"endTime":0,"childRecords":[],"interuppted":false},{"testStatus":{"stackTrace":"","statusValue":"WARNING"},"type":"MESSAGE","name":"","message":"Timeout \u00270\u0027 is invalid. Using default page load timeout: \u002730\u0027","startTime":1509942166209,"endTime":0,"childRecords":[],"interuppted":false},{"testStatus":{"stackTrace":"","statusValue":"PASSED"},"type":"MESSAGE","name":"","message":"Scroll to object \u0027Object Repository/Generic/SUBMIT\u0027 successfully","startTime":1509942166273,"endTime":0,"childRecords":[],"interuppted":false},{"testStatus":{"stackTrace":"","statusValue":"FAILED"},"attachment":"1509942166359.png","type":"MESSAGE","name":"","message":"Unable to click on object \u0027Object Repository/Generic/SUBMIT\u0027 (Root cause: org.openqa.selenium.WebDriverException: unknown error: Element \u003cbutton data-test-id\u003d\"201502260643470574523\" data-ctl\u003d\"Button\" type\u003d\"button\" data-click\u003d\"[[\u0026quot;setUserStart\u0026quot;,[\u0026quot;FINISHASSIGNMENT\u0026quot;]],[\u0026quot;doFormSubmit\u0026quot;,[\u0026quot;pyActivity\u003dFinishAssignment\u0026quot;,\u0026quot;:this\u0026quot;,\u0026quot;\u0026quot;,\u0026quot;:event\u0026quot;]]]\" title\u003d\"Complete this assignment\" class\u003d\"COE_Strong pzhc\"\u003e...\u003c/button\u003e is not clickable at point (517, 734). Other element would receive the click: \u003cdiv class\u003d\"modal-align-cell\"\u003e...\u003c/div\u003e\n  (Session info: chrome\u003d61.0.3163.100)\n  (Driver info: chromedriver\u003d2.31.488763 (092de99f48a300323ecf8c2a4e2e7cab51de5ba8),platform\u003dWindows NT 10.0.15063 x86_64) (WARNING: The server did not provide any stacktrace information)\nCommand duration or timeout: 59 milliseconds\nBuild info: version: \u00272.53.0\u0027, revision: \u002735ae25b\u0027, time: \u00272016-03-15 17:00:58\u0027\nSystem info: host: \u0027L23017WIN\u0027, ip: \u002710.150.113.10\u0027, os.name: \u0027Windows 10\u0027, os.arch: \u0027x86\u0027, os.version: \u002710.0\u0027, java.version: \u00271.8.0_102\u0027\nDriver info: com.kms.katalon.selenium.driver.CChromeDriver\nCapabilities [{applicationCacheEnabled\u003dfalse, rotatable\u003dfalse, mobileEmulationEnabled\u003dfalse, networkConnectionEnabled\u003dfalse, chrome\u003d{chromedriverVersion\u003d2.31.488763 (092de99f48a300323ecf8c2a4e2e7cab51de5ba8), userDataDir\u003dC:\\Users\\raycp\\AppData\\Local\\Temp\\scoped_dir5668_11009}, takesHeapSnapshot\u003dtrue, pageLoadStrategy\u003dnormal, databaseEnabled\u003dfalse, handlesAlerts\u003dtrue, hasTouchScreen\u003dfalse, version\u003d61.0.3163.100, platform\u003dXP, browserConnectionEnabled\u003dfalse, nativeEvents\u003dtrue, acceptSslCerts\u003dtrue, locationContextEnabled\u003dtrue, webStorageEnabled\u003dtrue, browserName\u003dchrome, takesScreenshot\u003dtrue, javascriptEnabled\u003dtrue, cssSelectorsEnabled\u003dtrue, setWindowRect\u003dtrue, unexpectedAlertBehaviour\u003d}]\nSession ID: 0f39bca4273bff5e71e29373c4211d30)","startTime":1509942166660,"endTime":0,"childRecords":[],"interuppted":false},{"testStatus":{"stackTrace":"","statusValue":"FAILED"},"type":"MESSAGE","name":"","message":"Unable to click on object \u0027Object Repository/Generic/SUBMIT\u0027 (Root cause: org.openqa.selenium.WebDriverException: unknown error: Element \u003cbutton data-test-id\u003d\"201502260643470574523\" data-ctl\u003d\"Button\" type\u003d\"button\" data-click\u003d\"[[\u0026quot;setUserStart\u0026quot;,[\u0026quot;FINISHASSIGNMENT\u0026quot;]],[\u0026quot;doFormSubmit\u0026quot;,[\u0026quot;pyActivity\u003dFinishAssignment\u0026quot;,\u0026quot;:this\u0026quot;,\u0026quot;\u0026quot;,\u0026quot;:event\u0026quot;]]]\" title\u003d\"Complete this assignment\" class\u003d\"COE_Strong pzhc\"\u003e...\u003c/button\u003e is not clickable at point (517, 734). Other element would receive the click: \u003cdiv class\u003d\"modal-align-cell\"\u003e...\u003c/div\u003e\n  (Session info: chrome\u003d61.0.3163.100)\n  (Driver info: chromedriver\u003d2.31.488763 (092de99f48a300323ecf8c2a4e2e7cab51de5ba8),platform\u003dWindows NT 10.0.15063 x86_64) (WARNING: The server did not provide any stacktrace information)\nCommand duration or timeout: 59 milliseconds\nBuild info: version: \u00272.53.0\u0027, revision: \u002735ae25b\u0027, time: \u00272016-03-15 17:00:58\u0027\nSystem info: host: \u0027L23017WIN\u0027, ip: \u002710.150.113.10\u0027, os.name: \u0027Windows 10\u0027, os.arch: \u0027x86\u0027, os.version: \u002710.0\u0027, java.version: \u00271.8.0_102\u0027\nDriver info: com.kms.katalon.selenium.driver.CChromeDriver\nCapabilities [{applicationCacheEnabled\u003dfalse, rotatable\u003dfalse, mobileEmulationEnabled\u003dfalse, networkConnectionEnabled\u003dfalse, chrome\u003d{chromedriverVersion\u003d2.31.488763 (092de99f48a300323ecf8c2a4e2e7cab51de5ba8), userDataDir\u003dC:\\Users\\raycp\\AppData\\Local\\Temp\\scoped_dir5668_11009}, takesHeapSnapshot\u003dtrue, pageLoadStrategy\u003dnormal, databaseEnabled\u003dfalse, handlesAlerts\u003dtrue, hasTouchScreen\u003dfalse, version\u003d61.0.3163.100, platform\u003dXP, browserConnectionEnabled\u003dfalse, nativeEvents\u003dtrue, acceptSslCerts\u003dtrue, locationContextEnabled\u003dtrue, webStorageEnabled\u003dtrue, browserName\u003dchrome, takesScreenshot\u003dtrue, javascriptEnabled\u003dtrue, cssSelectorsEnabled\u003dtrue, setWindowRect\u003dtrue, unexpectedAlertBehaviour\u003d}]\nSession ID: 0f39bca4273bff5e71e29373c4211d30)","startTime":1509942166660,"endTime":0,"childRecords":[],"interuppted":false}],"interuppted":false},{"testStatus":{"stackTrace":"","statusValue":"FAILED"},"type":"MESSAGE","name":"","message":"Test Cases/ECR/REF/ECR_Lite_NoExpertService FAILED because (of) Unable to click on object \u0027Object Repository/Generic/SUBMIT\u0027 (Root cause: org.openqa.selenium.WebDriverException: unknown error: Element \u003cbutton data-test-id\u003d\"201502260643470574523\" data-ctl\u003d\"Button\" type\u003d\"button\" data-click\u003d\"[[\u0026quot;setUserStart\u0026quot;,[\u0026quot;FINISHASSIGNMENT\u0026quot;]],[\u0026quot;doFormSubmit\u0026quot;,[\u0026quot;pyActivity\u003dFinishAssignment\u0026quot;,\u0026quot;:this\u0026quot;,\u0026quot;\u0026quot;,\u0026quot;:event\u0026quot;]]]\" title\u003d\"Complete this assignment\" class\u003d\"COE_Strong pzhc\"\u003e...\u003c/button\u003e is not clickable at point (517, 734). Other element would receive the click: \u003cdiv class\u003d\"modal-align-cell\"\u003e...\u003c/div\u003e\n  (Session info: chrome\u003d61.0.3163.100)\n  (Driver info: chromedriver\u003d2.31.488763 (092de99f48a300323ecf8c2a4e2e7cab51de5ba8),platform\u003dWindows NT 10.0.15063 x86_64) (WARNING: The server did not provide any stacktrace information)\nCommand duration or timeout: 59 milliseconds\nBuild info: version: \u00272.53.0\u0027, revision: \u002735ae25b\u0027, time: \u00272016-03-15 17:00:58\u0027\nSystem info: host: \u0027L23017WIN\u0027, ip: \u002710.150.113.10\u0027, os.name: \u0027Windows 10\u0027, os.arch: \u0027x86\u0027, os.version: \u002710.0\u0027, java.version: \u00271.8.0_102\u0027\nDriver info: com.kms.katalon.selenium.driver.CChromeDriver\nCapabilities [{applicationCacheEnabled\u003dfalse, rotatable\u003dfalse, mobileEmulationEnabled\u003dfalse, networkConnectionEnabled\u003dfalse, chrome\u003d{chromedriverVersion\u003d2.31.488763 (092de99f48a300323ecf8c2a4e2e7cab51de5ba8), userDataDir\u003dC:\\Users\\raycp\\AppData\\Local\\Temp\\scoped_dir5668_11009}, takesHeapSnapshot\u003dtrue, pageLoadStrategy\u003dnormal, databaseEnabled\u003dfalse, handlesAlerts\u003dtrue, hasTouchScreen\u003dfalse, version\u003d61.0.3163.100, platform\u003dXP, browserConnectionEnabled\u003dfalse, nativeEvents\u003dtrue, acceptSslCerts\u003dtrue, locationContextEnabled\u003dtrue, webStorageEnabled\u003dtrue, browserName\u003dchrome, takesScreenshot\u003dtrue, javascriptEnabled\u003dtrue, cssSelectorsEnabled\u003dtrue, setWindowRect\u003dtrue, unexpectedAlertBehaviour\u003d}]\nSession ID: 0f39bca4273bff5e71e29373c4211d30)","startTime":1509942166660,"endTime":0,"childRecords":[],"interuppted":false}],"interuppted":false},{"testStatus":{"stackTrace":"","statusValue":"FAILED"},"type":"MESSAGE","name":"","message":"Unable to call Test Case with id \u0027Test Cases/ECR/REF/ECR_Lite_NoExpertService\u0027 (Root cause: Call Test Case \u0027Test Cases/ECR/REF/ECR_Lite_NoExpertService\u0027 failed)","startTime":1509942166675,"endTime":0,"childRecords":[],"interuppted":false}],"interuppted":false},{"testStatus":{"stackTrace":"","statusValue":"FAILED"},"type":"MESSAGE","name":"","message":"Test Cases/ECR/TC_ECRLite_NoExpertService_AllApproval FAILED because (of) Unable to click on object \u0027Object Repository/Generic/SUBMIT\u0027 (Root cause: org.openqa.selenium.WebDriverException: unknown error: Element \u003cbutton data-test-id\u003d\"201502260643470574523\" data-ctl\u003d\"Button\" type\u003d\"button\" data-click\u003d\"[[\u0026quot;setUserStart\u0026quot;,[\u0026quot;FINISHASSIGNMENT\u0026quot;]],[\u0026quot;doFormSubmit\u0026quot;,[\u0026quot;pyActivity\u003dFinishAssignment\u0026quot;,\u0026quot;:this\u0026quot;,\u0026quot;\u0026quot;,\u0026quot;:event\u0026quot;]]]\" title\u003d\"Complete this assignment\" class\u003d\"COE_Strong pzhc\"\u003e...\u003c/button\u003e is not clickable at point (517, 734). Other element would receive the click: \u003cdiv class\u003d\"modal-align-cell\"\u003e...\u003c/div\u003e\n  (Session info: chrome\u003d61.0.3163.100)\n  (Driver info: chromedriver\u003d2.31.488763 (092de99f48a300323ecf8c2a4e2e7cab51de5ba8),platform\u003dWindows NT 10.0.15063 x86_64) (WARNING: The server did not provide any stacktrace information)\nCommand duration or timeout: 59 milliseconds\nBuild info: version: \u00272.53.0\u0027, revision: \u002735ae25b\u0027, time: \u00272016-03-15 17:00:58\u0027\nSystem info: host: \u0027L23017WIN\u0027, ip: \u002710.150.113.10\u0027, os.name: \u0027Windows 10\u0027, os.arch: \u0027x86\u0027, os.version: \u002710.0\u0027, java.version: \u00271.8.0_102\u0027\nDriver info: com.kms.katalon.selenium.driver.CChromeDriver\nCapabilities [{applicationCacheEnabled\u003dfalse, rotatable\u003dfalse, mobileEmulationEnabled\u003dfalse, networkConnectionEnabled\u003dfalse, chrome\u003d{chromedriverVersion\u003d2.31.488763 (092de99f48a300323ecf8c2a4e2e7cab51de5ba8), userDataDir\u003dC:\\Users\\raycp\\AppData\\Local\\Temp\\scoped_dir5668_11009}, takesHeapSnapshot\u003dtrue, pageLoadStrategy\u003dnormal, databaseEnabled\u003dfalse, handlesAlerts\u003dtrue, hasTouchScreen\u003dfalse, version\u003d61.0.3163.100, platform\u003dXP, browserConnectionEnabled\u003dfalse, nativeEvents\u003dtrue, acceptSslCerts\u003dtrue, locationContextEnabled\u003dtrue, webStorageEnabled\u003dtrue, browserName\u003dchrome, takesScreenshot\u003dtrue, javascriptEnabled\u003dtrue, cssSelectorsEnabled\u003dtrue, setWindowRect\u003dtrue, unexpectedAlertBehaviour\u003d}]\nSession ID: 0f39bca4273bff5e71e29373c4211d30)","startTime":1509942166675,"endTime":0,"childRecords":[],"interuppted":false}],"interuppted":false},{"isOptional":false,"type":"TEST_CASE","name":"Test Cases/ECR/TC_ECRLite_NoExpertService_AllReject","id":"Test Cases/ECR/TC_ECRLite_NoExpertService_AllReject","source":"C:\\\\Users\\\\raycp\\\\Desktop\\\\COETest Cases\\\\ECR\\\\TC_ECRLite_NoExpertService_AllReject.tc","message":"Test Cases/ECR/TC_ECRLite_NoExpertService_AllReject FAILED because (of) Unable to click on object \u0027Object Repository/Generic/SUBMIT\u0027 (Root cause: org.openqa.selenium.WebDriverException: unknown error: Element \u003cbutton data-test-id\u003d\"201502260643470574523\" data-ctl\u003d\"Button\" type\u003d\"button\" data-click\u003d\"[[\u0026quot;setUserStart\u0026quot;,[\u0026quot;FINISHASSIGNMENT\u0026quot;]],[\u0026quot;doFormSubmit\u0026quot;,[\u0026quot;pyActivity\u003dFinishAssignment\u0026quot;,\u0026quot;:this\u0026quot;,\u0026quot;\u0026quot;,\u0026quot;:event\u0026quot;]]]\" title\u003d\"Complete this assignment\" class\u003d\"COE_Strong pzhc\"\u003e...\u003c/button\u003e is not clickable at point (517, 741). Other element would receive the click: \u003cdiv class\u003d\"modal-align-cell\"\u003e...\u003c/div\u003e\n  (Session info: chrome\u003d61.0.3163.100)\n  (Driver info: chromedriver\u003d2.31.488763 (092de99f48a300323ecf8c2a4e2e7cab51de5ba8),platform\u003dWindows NT 10.0.15063 x86_64) (WARNING: The server did not provide any stacktrace information)\nCommand duration or timeout: 60 milliseconds\nBuild info: version: \u00272.53.0\u0027, revision: \u002735ae25b\u0027, time: \u00272016-03-15 17:00:58\u0027\nSystem info: host: \u0027L23017WIN\u0027, ip: \u002710.150.113.10\u0027, os.name: \u0027Windows 10\u0027, os.arch: \u0027x86\u0027, os.version: \u002710.0\u0027, java.version: \u00271.8.0_102\u0027\nDriver info: com.kms.katalon.selenium.driver.CChromeDriver\nCapabilities [{applicationCacheEnabled\u003dfalse, rotatable\u003dfalse, mobileEmulationEnabled\u003dfalse, networkConnectionEnabled\u003dfalse, chrome\u003d{chromedriverVersion\u003d2.31.488763 (092de99f48a300323ecf8c2a4e2e7cab51de5ba8), userDataDir\u003dC:\\Users\\raycp\\AppData\\Local\\Temp\\scoped_dir11192_15408}, takesHeapSnapshot\u003dtrue, pageLoadStrategy\u003dnormal, databaseEnabled\u003dfalse, handlesAlerts\u003dtrue, hasTouchScreen\u003dfalse, version\u003d61.0.3163.100, platform\u003dXP, browserConnectionEnabled\u003dfalse, nativeEvents\u003dtrue, acceptSslCerts\u003dtrue, locationContextEnabled\u003dtrue, webStorageEnabled\u003dtrue, browserName\u003dchrome, takesScreenshot\u003dtrue, javascriptEnabled\u003dtrue, cssSelectorsEnabled\u003dtrue, setWindowRect\u003dtrue, unexpectedAlertBehaviour\u003d}]\nSession ID: db4e76097c6cb61519c5495d8437857f)","description":"","startTime":1509942166727,"endTime":1509942228712,"childRecords":[{"testStatus":{"stackTrace":"","statusValue":"INFO"},"type":"MESSAGE","name":"","message":"Evaluating variables for test case","startTime":1509942166736,"endTime":0,"childRecords":[],"interuppted":false},{"index":1,"isIgnoredIfFailed":false,"type":"TEST_STEP","name":"callTestCase","message":"Unable to call Test Case with id \u0027Test Cases/ECR/REF/ECR_Lite_NoExpertService\u0027 (Root cause: Call Test Case \u0027Test Cases/ECR/REF/ECR_Lite_NoExpertService\u0027 failed)","description":"","startTime":1509942166860,"endTime":1509942228712,"childRecords":[{"isOptional":false,"type":"TEST_CASE","name":"Test Cases/ECR/REF/ECR_Lite_NoExpertService","id":"Test Cases/ECR/REF/ECR_Lite_NoExpertService","source":"C:\\\\Users\\\\raycp\\\\Desktop\\\\COETest Cases\\\\ECR\\\\REF\\\\ECR_Lite_NoExpertService.tc","message":"Test Cases/ECR/REF/ECR_Lite_NoExpertService FAILED because (of) Unable to click on object \u0027Object Repository/Generic/SUBMIT\u0027 (Root cause: org.openqa.selenium.WebDriverException: unknown error: Element \u003cbutton data-test-id\u003d\"201502260643470574523\" data-ctl\u003d\"Button\" type\u003d\"button\" data-click\u003d\"[[\u0026quot;setUserStart\u0026quot;,[\u0026quot;FINISHASSIGNMENT\u0026quot;]],[\u0026quot;doFormSubmit\u0026quot;,[\u0026quot;pyActivity\u003dFinishAssignment\u0026quot;,\u0026quot;:this\u0026quot;,\u0026quot;\u0026quot;,\u0026quot;:event\u0026quot;]]]\" title\u003d\"Complete this assignment\" class\u003d\"COE_Strong pzhc\"\u003e...\u003c/button\u003e is not clickable at point (517, 741). Other element would receive the click: \u003cdiv class\u003d\"modal-align-cell\"\u003e...\u003c/div\u003e\n  (Session info: chrome\u003d61.0.3163.100)\n  (Driver info: chromedriver\u003d2.31.488763 (092de99f48a300323ecf8c2a4e2e7cab51de5ba8),platform\u003dWindows NT 10.0.15063 x86_64) (WARNING: The server did not provide any stacktrace information)\nCommand duration or timeout: 60 milliseconds\nBuild info: version: \u00272.53.0\u0027, revision: \u002735ae25b\u0027, time: \u00272016-03-15 17:00:58\u0027\nSystem info: host: \u0027L23017WIN\u0027, ip: \u002710.150.113.10\u0027, os.name: \u0027Windows 10\u0027, os.arch: \u0027x86\u0027, os.version: \u002710.0\u0027, java.version: \u00271.8.0_102\u0027\nDriver info: com.kms.katalon.selenium.driver.CChromeDriver\nCapabilities [{applicationCacheEnabled\u003dfalse, rotatable\u003dfalse, mobileEmulationEnabled\u003dfalse, networkConnectionEnabled\u003dfalse, chrome\u003d{chromedriverVersion\u003d2.31.488763 (092de99f48a300323ecf8c2a4e2e7cab51de5ba8), userDataDir\u003dC:\\Users\\raycp\\AppData\\Local\\Temp\\scoped_dir11192_15408}, takesHeapSnapshot\u003dtrue, pageLoadStrategy\u003dnormal, databaseEnabled\u003dfalse, handlesAlerts\u003dtrue, hasTouchScreen\u003dfalse, version\u003d61.0.3163.100, platform\u003dXP, browserConnectionEnabled\u003dfalse, nativeEvents\u003dtrue, acceptSslCerts\u003dtrue, locationContextEnabled\u003dtrue, webStorageEnabled\u003dtrue, browserName\u003dchrome, takesScreenshot\u003dtrue, javascriptEnabled\u003dtrue, cssSelectorsEnabled\u003dtrue, setWindowRect\u003dtrue, unexpectedAlertBehaviour\u003d}]\nSession ID: db4e76097c6cb61519c5495d8437857f)","description":"","startTime":1509942166938,"endTime":1509942228712,"childRecords":[{"testStatus":{"stackTrace":"","statusValue":"INFO"},"type":"MESSAGE","name":"","message":"Evaluating variables for test case","startTime":1509942166938,"endTime":0,"childRecords":[],"interuppted":false},{"index":1,"isIgnoredIfFailed":false,"type":"TEST_STEP","name":"com.helper.commonfunct.utilities.login","message":"com.helper.commonfunct.utilities.login is PASSED","description":"","startTime":1509942166938,"endTime":1509942183333,"childRecords":[{"testStatus":{"stackTrace":"","statusValue":"WARNING"},"type":"MESSAGE","name":"","message":"A browser is already opened. Closing browser and opening a new one","startTime":1509942166938,"endTime":0,"childRecords":[],"interuppted":false},{"testStatus":{"stackTrace":"","statusValue":"PASSED"},"type":"MESSAGE","name":"","message":"Browser is opened with url: \u0027\u0027","startTime":1509942170310,"endTime":0,"childRecords":[],"interuppted":false},{"testStatus":{"stackTrace":"","statusValue":"PASSED"},"type":"MESSAGE","name":"","message":"Navigate to \u0027http://vtcpqa2:9685/tcpqa/PRServlet\u0027 successfully","startTime":1509942172458,"endTime":0,"childRecords":[],"interuppted":false},{"testStatus":{"stackTrace":"","statusValue":"PASSED"},"type":"MESSAGE","name":"","message":"Text \u0027pogoa@pegasystems.com\u0027 is set on object \u0027Object Repository/input_UserIdentifier\u0027","startTime":1509942172675,"endTime":0,"childRecords":[],"interuppted":false},{"testStatus":{"stackTrace":"","statusValue":"PASSED"},"type":"MESSAGE","name":"","message":"Text \u0027install\u0027 is set on object \u0027Object Repository/input_Password\u0027","startTime":1509942172833,"endTime":0,"childRecords":[],"interuppted":false},{"testStatus":{"stackTrace":"","statusValue":"PASSED"},"type":"MESSAGE","name":"","message":"Keys \u0027??\u0027 sent to object: \u0027Object Repository/input_Password\u0027","startTime":1509942183332,"endTime":0,"childRecords":[],"interuppted":false},{"testStatus":{"stackTrace":"","statusValue":"PASSED"},"type":"MESSAGE","name":"","message":"com.helper.commonfunct.utilities.login is PASSED","startTime":1509942183333,"endTime":0,"childRecords":[],"interuppted":false}],"interuppted":false},{"attachment":"1509942228399.png","index":2,"isIgnoredIfFailed":false,"type":"TEST_STEP","name":"com.helper.commonfunct.utilities.createECR","message":"Unable to click on object \u0027Object Repository/Generic/SUBMIT\u0027 (Root cause: org.openqa.selenium.WebDriverException: unknown error: Element \u003cbutton data-test-id\u003d\"201502260643470574523\" data-ctl\u003d\"Button\" type\u003d\"button\" data-click\u003d\"[[\u0026quot;setUserStart\u0026quot;,[\u0026quot;FINISHASSIGNMENT\u0026quot;]],[\u0026quot;doFormSubmit\u0026quot;,[\u0026quot;pyActivity\u003dFinishAssignment\u0026quot;,\u0026quot;:this\u0026quot;,\u0026quot;\u0026quot;,\u0026quot;:event\u0026quot;]]]\" title\u003d\"Complete this assignment\" class\u003d\"COE_Strong pzhc\"\u003e...\u003c/button\u003e is not clickable at point (517, 741). Other element would receive the click: \u003cdiv class\u003d\"modal-align-cell\"\u003e...\u003c/div\u003e\n  (Session info: chrome\u003d61.0.3163.100)\n  (Driver info: chromedriver\u003d2.31.488763 (092de99f48a300323ecf8c2a4e2e7cab51de5ba8),platform\u003dWindows NT 10.0.15063 x86_64) (WARNING: The server did not provide any stacktrace information)\nCommand duration or timeout: 60 milliseconds\nBuild info: version: \u00272.53.0\u0027, revision: \u002735ae25b\u0027, time: \u00272016-03-15 17:00:58\u0027\nSystem info: host: \u0027L23017WIN\u0027, ip: \u002710.150.113.10\u0027, os.name: \u0027Windows 10\u0027, os.arch: \u0027x86\u0027, os.version: \u002710.0\u0027, java.version: \u00271.8.0_102\u0027\nDriver info: com.kms.katalon.selenium.driver.CChromeDriver\nCapabilities [{applicationCacheEnabled\u003dfalse, rotatable\u003dfalse, mobileEmulationEnabled\u003dfalse, networkConnectionEnabled\u003dfalse, chrome\u003d{chromedriverVersion\u003d2.31.488763 (092de99f48a300323ecf8c2a4e2e7cab51de5ba8), userDataDir\u003dC:\\Users\\raycp\\AppData\\Local\\Temp\\scoped_dir11192_15408}, takesHeapSnapshot\u003dtrue, pageLoadStrategy\u003dnormal, databaseEnabled\u003dfalse, handlesAlerts\u003dtrue, hasTouchScreen\u003dfalse, version\u003d61.0.3163.100, platform\u003dXP, browserConnectionEnabled\u003dfalse, nativeEvents\u003dtrue, acceptSslCerts\u003dtrue, locationContextEnabled\u003dtrue, webStorageEnabled\u003dtrue, browserName\u003dchrome, takesScreenshot\u003dtrue, javascriptEnabled\u003dtrue, cssSelectorsEnabled\u003dtrue, setWindowRect\u003dtrue, unexpectedAlertBehaviour\u003d}]\nSession ID: db4e76097c6cb61519c5495d8437857f)","description":"","startTime":1509942183334,"endTime":1509942228697,"childRecords":[{"testStatus":{"stackTrace":"","statusValue":"PASSED"},"type":"MESSAGE","name":"","message":"Object: \u0027Object Repository/Generic/a_Actions\u0027 is clicked on","startTime":1509942183493,"endTime":0,"childRecords":[],"interuppted":false},{"testStatus":{"stackTrace":"","statusValue":"PASSED"},"type":"MESSAGE","name":"","message":"Object: \u0027Object Repository/span_New\u0027 is focused","startTime":1509942184387,"endTime":0,"childRecords":[],"interuppted":false},{"testStatus":{"stackTrace":"","statusValue":"PASSED"},"type":"MESSAGE","name":"","message":"Object: \u0027Object Repository/span_Bid Process\u0027 is clicked on","startTime":1509942186948,"endTime":0,"childRecords":[],"interuppted":false},{"testStatus":{"stackTrace":"","statusValue":"PASSED"},"type":"MESSAGE","name":"","message":"Object: \u0027Object Repository/ECR/BID_TYPE\u0027 is clicked on","startTime":1509942187174,"endTime":0,"childRecords":[],"interuppted":false},{"testStatus":{"stackTrace":"","statusValue":"PASSED"},"type":"MESSAGE","name":"","message":"Object \u0027Object Repository/button_Import\u0027 is present","startTime":1509942187206,"endTime":0,"childRecords":[],"interuppted":false},{"testStatus":{"stackTrace":"","statusValue":"PASSED"},"type":"MESSAGE","name":"","message":"Delayed 5 second(s)","startTime":1509942192207,"endTime":0,"childRecords":[],"interuppted":false},{"testStatus":{"stackTrace":"","statusValue":"PASSED"},"type":"MESSAGE","name":"","message":"Object: \u0027Object Repository/button_Import\u0027 is clicked on","startTime":1509942192388,"endTime":0,"childRecords":[],"interuppted":false},{"testStatus":{"stackTrace":"","statusValue":"PASSED"},"type":"MESSAGE","name":"","message":"File \u0027C:\\LatestBSW\\BSW OCT 2017_ECRLite.xlsm\u0027 sent to object: \u0027Object Repository/input_PpyWorkPageppyFilePath\u0027","startTime":1509942193006,"endTime":0,"childRecords":[],"interuppted":false},{"testStatus":{"stackTrace":"","statusValue":"PASSED"},"type":"MESSAGE","name":"","message":"Delayed 2 second(s)","startTime":1509942195008,"endTime":0,"childRecords":[],"interuppted":false},{"testStatus":{"stackTrace":"","statusValue":"WARNING"},"type":"MESSAGE","name":"","message":"Timeout \u00270\u0027 is invalid. Using default page load timeout: \u002730\u0027","startTime":1509942195013,"endTime":0,"childRecords":[],"interuppted":false},{"testStatus":{"stackTrace":"","statusValue":"PASSED"},"type":"MESSAGE","name":"","message":"Scroll to object \u0027Object Repository/button_Submit\u0027 successfully","startTime":1509942195072,"endTime":0,"childRecords":[],"interuppted":false},{"testStatus":{"stackTrace":"","statusValue":"PASSED"},"type":"MESSAGE","name":"","message":"Object: \u0027Object Repository/button_Submit\u0027 is clicked on","startTime":1509942195250,"endTime":0,"childRecords":[],"interuppted":false},{"testStatus":{"stackTrace":"","statusValue":"PASSED"},"type":"MESSAGE","name":"","message":"Object \u0027Object Repository/EngInfo/COID\u0027 is visible","startTime":1509942195386,"endTime":0,"childRecords":[],"interuppted":false},{"testStatus":{"stackTrace":"","statusValue":"PASSED"},"type":"MESSAGE","name":"","message":"Delayed 5 second(s)","startTime":1509942200388,"endTime":0,"childRecords":[],"interuppted":false},{"testStatus":{"stackTrace":"","statusValue":"PASSED"},"type":"MESSAGE","name":"","message":"Delayed 5 second(s)","startTime":1509942205394,"endTime":0,"childRecords":[],"interuppted":false},{"testStatus":{"stackTrace":"","statusValue":"PASSED"},"type":"MESSAGE","name":"","message":"Text \u0027BOFA\u0027 is set on object \u0027Object Repository/Generic/ORG\u0027","startTime":1509942205580,"endTime":0,"childRecords":[],"interuppted":false},{"testStatus":{"stackTrace":"","statusValue":"PASSED"},"type":"MESSAGE","name":"","message":"Delayed 5 second(s)","startTime":1509942210582,"endTime":0,"childRecords":[],"interuppted":false},{"testStatus":{"stackTrace":"","statusValue":"PASSED"},"type":"MESSAGE","name":"","message":"Keys \u0027??\u0027 sent to object: \u0027Object Repository/Generic/ORG\u0027","startTime":1509942210670,"endTime":0,"childRecords":[],"interuppted":false},{"testStatus":{"stackTrace":"","statusValue":"PASSED"},"type":"MESSAGE","name":"","message":"Delayed 5 second(s)","startTime":1509942215672,"endTime":0,"childRecords":[],"interuppted":false},{"testStatus":{"stackTrace":"","statusValue":"PASSED"},"type":"MESSAGE","name":"","message":"Text \u0027BOFA\u0027 is set on object \u0027Object Repository/Generic/ACC\u0027","startTime":1509942215871,"endTime":0,"childRecords":[],"interuppted":false},{"testStatus":{"stackTrace":"","statusValue":"PASSED"},"type":"MESSAGE","name":"","message":"Delayed 2 second(s)","startTime":1509942217873,"endTime":0,"childRecords":[],"interuppted":false},{"testStatus":{"stackTrace":"","statusValue":"PASSED"},"type":"MESSAGE","name":"","message":"Keys \u0027??\u0027 sent to object: \u0027Object Repository/Generic/ACC\u0027","startTime":1509942217962,"endTime":0,"childRecords":[],"interuppted":false},{"testStatus":{"stackTrace":"","statusValue":"PASSED"},"type":"MESSAGE","name":"","message":"Delayed 5 second(s)","startTime":1509942222964,"endTime":0,"childRecords":[],"interuppted":false},{"testStatus":{"stackTrace":"","statusValue":"PASSED"},"type":"MESSAGE","name":"","message":"Text \u0027AUTOTEST1\u0027 is set on object \u0027Object Repository/Generic/ENG_DESC\u0027","startTime":1509942223257,"endTime":0,"childRecords":[],"interuppted":false},{"testStatus":{"stackTrace":"","statusValue":"PASSED"},"type":"MESSAGE","name":"","message":"Delayed 5 second(s)","startTime":1509942228259,"endTime":0,"childRecords":[],"interuppted":false},{"testStatus":{"stackTrace":"","statusValue":"WARNING"},"type":"MESSAGE","name":"","message":"Timeout \u00270\u0027 is invalid. Using default page load timeout: \u002730\u0027","startTime":1509942228278,"endTime":0,"childRecords":[],"interuppted":false},{"testStatus":{"stackTrace":"","statusValue":"PASSED"},"type":"MESSAGE","name":"","message":"Scroll to object \u0027Object Repository/Generic/SUBMIT\u0027 successfully","startTime":1509942228338,"endTime":0,"childRecords":[],"interuppted":false},{"testStatus":{"stackTrace":"","statusValue":"FAILED"},"attachment":"1509942228399.png","type":"MESSAGE","name":"","message":"Unable to click on object \u0027Object Repository/Generic/SUBMIT\u0027 (Root cause: org.openqa.selenium.WebDriverException: unknown error: Element \u003cbutton data-test-id\u003d\"201502260643470574523\" data-ctl\u003d\"Button\" type\u003d\"button\" data-click\u003d\"[[\u0026quot;setUserStart\u0026quot;,[\u0026quot;FINISHASSIGNMENT\u0026quot;]],[\u0026quot;doFormSubmit\u0026quot;,[\u0026quot;pyActivity\u003dFinishAssignment\u0026quot;,\u0026quot;:this\u0026quot;,\u0026quot;\u0026quot;,\u0026quot;:event\u0026quot;]]]\" title\u003d\"Complete this assignment\" class\u003d\"COE_Strong pzhc\"\u003e...\u003c/button\u003e is not clickable at point (517, 741). Other element would receive the click: \u003cdiv class\u003d\"modal-align-cell\"\u003e...\u003c/div\u003e\n  (Session info: chrome\u003d61.0.3163.100)\n  (Driver info: chromedriver\u003d2.31.488763 (092de99f48a300323ecf8c2a4e2e7cab51de5ba8),platform\u003dWindows NT 10.0.15063 x86_64) (WARNING: The server did not provide any stacktrace information)\nCommand duration or timeout: 60 milliseconds\nBuild info: version: \u00272.53.0\u0027, revision: \u002735ae25b\u0027, time: \u00272016-03-15 17:00:58\u0027\nSystem info: host: \u0027L23017WIN\u0027, ip: \u002710.150.113.10\u0027, os.name: \u0027Windows 10\u0027, os.arch: \u0027x86\u0027, os.version: \u002710.0\u0027, java.version: \u00271.8.0_102\u0027\nDriver info: com.kms.katalon.selenium.driver.CChromeDriver\nCapabilities [{applicationCacheEnabled\u003dfalse, rotatable\u003dfalse, mobileEmulationEnabled\u003dfalse, networkConnectionEnabled\u003dfalse, chrome\u003d{chromedriverVersion\u003d2.31.488763 (092de99f48a300323ecf8c2a4e2e7cab51de5ba8), userDataDir\u003dC:\\Users\\raycp\\AppData\\Local\\Temp\\scoped_dir11192_15408}, takesHeapSnapshot\u003dtrue, pageLoadStrategy\u003dnormal, databaseEnabled\u003dfalse, handlesAlerts\u003dtrue, hasTouchScreen\u003dfalse, version\u003d61.0.3163.100, platform\u003dXP, browserConnectionEnabled\u003dfalse, nativeEvents\u003dtrue, acceptSslCerts\u003dtrue, locationContextEnabled\u003dtrue, webStorageEnabled\u003dtrue, browserName\u003dchrome, takesScreenshot\u003dtrue, javascriptEnabled\u003dtrue, cssSelectorsEnabled\u003dtrue, setWindowRect\u003dtrue, unexpectedAlertBehaviour\u003d}]\nSession ID: db4e76097c6cb61519c5495d8437857f)","startTime":1509942228697,"endTime":0,"childRecords":[],"interuppted":false},{"testStatus":{"stackTrace":"","statusValue":"FAILED"},"type":"MESSAGE","name":"","message":"Unable to click on object \u0027Object Repository/Generic/SUBMIT\u0027 (Root cause: org.openqa.selenium.WebDriverException: unknown error: Element \u003cbutton data-test-id\u003d\"201502260643470574523\" data-ctl\u003d\"Button\" type\u003d\"button\" data-click\u003d\"[[\u0026quot;setUserStart\u0026quot;,[\u0026quot;FINISHASSIGNMENT\u0026quot;]],[\u0026quot;doFormSubmit\u0026quot;,[\u0026quot;pyActivity\u003dFinishAssignment\u0026quot;,\u0026quot;:this\u0026quot;,\u0026quot;\u0026quot;,\u0026quot;:event\u0026quot;]]]\" title\u003d\"Complete this assignment\" class\u003d\"COE_Strong pzhc\"\u003e...\u003c/button\u003e is not clickable at point (517, 741). Other element would receive the click: \u003cdiv class\u003d\"modal-align-cell\"\u003e...\u003c/div\u003e\n  (Session info: chrome\u003d61.0.3163.100)\n  (Driver info: chromedriver\u003d2.31.488763 (092de99f48a300323ecf8c2a4e2e7cab51de5ba8),platform\u003dWindows NT 10.0.15063 x86_64) (WARNING: The server did not provide any stacktrace information)\nCommand duration or timeout: 60 milliseconds\nBuild info: version: \u00272.53.0\u0027, revision: \u002735ae25b\u0027, time: \u00272016-03-15 17:00:58\u0027\nSystem info: host: \u0027L23017WIN\u0027, ip: \u002710.150.113.10\u0027, os.name: \u0027Windows 10\u0027, os.arch: \u0027x86\u0027, os.version: \u002710.0\u0027, java.version: \u00271.8.0_102\u0027\nDriver info: com.kms.katalon.selenium.driver.CChromeDriver\nCapabilities [{applicationCacheEnabled\u003dfalse, rotatable\u003dfalse, mobileEmulationEnabled\u003dfalse, networkConnectionEnabled\u003dfalse, chrome\u003d{chromedriverVersion\u003d2.31.488763 (092de99f48a300323ecf8c2a4e2e7cab51de5ba8), userDataDir\u003dC:\\Users\\raycp\\AppData\\Local\\Temp\\scoped_dir11192_15408}, takesHeapSnapshot\u003dtrue, pageLoadStrategy\u003dnormal, databaseEnabled\u003dfalse, handlesAlerts\u003dtrue, hasTouchScreen\u003dfalse, version\u003d61.0.3163.100, platform\u003dXP, browserConnectionEnabled\u003dfalse, nativeEvents\u003dtrue, acceptSslCerts\u003dtrue, locationContextEnabled\u003dtrue, webStorageEnabled\u003dtrue, browserName\u003dchrome, takesScreenshot\u003dtrue, javascriptEnabled\u003dtrue, cssSelectorsEnabled\u003dtrue, setWindowRect\u003dtrue, unexpectedAlertBehaviour\u003d}]\nSession ID: db4e76097c6cb61519c5495d8437857f)","startTime":1509942228697,"endTime":0,"childRecords":[],"interuppted":false}],"interuppted":false},{"testStatus":{"stackTrace":"","statusValue":"FAILED"},"type":"MESSAGE","name":"","message":"Test Cases/ECR/REF/ECR_Lite_NoExpertService FAILED because (of) Unable to click on object \u0027Object Repository/Generic/SUBMIT\u0027 (Root cause: org.openqa.selenium.WebDriverException: unknown error: Element \u003cbutton data-test-id\u003d\"201502260643470574523\" data-ctl\u003d\"Button\" type\u003d\"button\" data-click\u003d\"[[\u0026quot;setUserStart\u0026quot;,[\u0026quot;FINISHASSIGNMENT\u0026quot;]],[\u0026quot;doFormSubmit\u0026quot;,[\u0026quot;pyActivity\u003dFinishAssignment\u0026quot;,\u0026quot;:this\u0026quot;,\u0026quot;\u0026quot;,\u0026quot;:event\u0026quot;]]]\" title\u003d\"Complete this assignment\" class\u003d\"COE_Strong pzhc\"\u003e...\u003c/button\u003e is not clickable at point (517, 741). Other element would receive the click: \u003cdiv class\u003d\"modal-align-cell\"\u003e...\u003c/div\u003e\n  (Session info: chrome\u003d61.0.3163.100)\n  (Driver info: chromedriver\u003d2.31.488763 (092de99f48a300323ecf8c2a4e2e7cab51de5ba8),platform\u003dWindows NT 10.0.15063 x86_64) (WARNING: The server did not provide any stacktrace information)\nCommand duration or timeout: 60 milliseconds\nBuild info: version: \u00272.53.0\u0027, revision: \u002735ae25b\u0027, time: \u00272016-03-15 17:00:58\u0027\nSystem info: host: \u0027L23017WIN\u0027, ip: \u002710.150.113.10\u0027, os.name: \u0027Windows 10\u0027, os.arch: \u0027x86\u0027, os.version: \u002710.0\u0027, java.version: \u00271.8.0_102\u0027\nDriver info: com.kms.katalon.selenium.driver.CChromeDriver\nCapabilities [{applicationCacheEnabled\u003dfalse, rotatable\u003dfalse, mobileEmulationEnabled\u003dfalse, networkConnectionEnabled\u003dfalse, chrome\u003d{chromedriverVersion\u003d2.31.488763 (092de99f48a300323ecf8c2a4e2e7cab51de5ba8), userDataDir\u003dC:\\Users\\raycp\\AppData\\Local\\Temp\\scoped_dir11192_15408}, takesHeapSnapshot\u003dtrue, pageLoadStrategy\u003dnormal, databaseEnabled\u003dfalse, handlesAlerts\u003dtrue, hasTouchScreen\u003dfalse, version\u003d61.0.3163.100, platform\u003dXP, browserConnectionEnabled\u003dfalse, nativeEvents\u003dtrue, acceptSslCerts\u003dtrue, locationContextEnabled\u003dtrue, webStorageEnabled\u003dtrue, browserName\u003dchrome, takesScreenshot\u003dtrue, javascriptEnabled\u003dtrue, cssSelectorsEnabled\u003dtrue, setWindowRect\u003dtrue, unexpectedAlertBehaviour\u003d}]\nSession ID: db4e76097c6cb61519c5495d8437857f)","startTime":1509942228697,"endTime":0,"childRecords":[],"interuppted":false}],"interuppted":false},{"testStatus":{"stackTrace":"","statusValue":"FAILED"},"type":"MESSAGE","name":"","message":"Unable to call Test Case with id \u0027Test Cases/ECR/REF/ECR_Lite_NoExpertService\u0027 (Root cause: Call Test Case \u0027Test Cases/ECR/REF/ECR_Lite_NoExpertService\u0027 failed)","startTime":1509942228712,"endTime":0,"childRecords":[],"interuppted":false}],"interuppted":false},{"testStatus":{"stackTrace":"","statusValue":"FAILED"},"type":"MESSAGE","name":"","message":"Test Cases/ECR/TC_ECRLite_NoExpertService_AllReject FAILED because (of) Unable to click on object \u0027Object Repository/Generic/SUBMIT\u0027 (Root cause: org.openqa.selenium.WebDriverException: unknown error: Element \u003cbutton data-test-id\u003d\"201502260643470574523\" data-ctl\u003d\"Button\" type\u003d\"button\" data-click\u003d\"[[\u0026quot;setUserStart\u0026quot;,[\u0026quot;FINISHASSIGNMENT\u0026quot;]],[\u0026quot;doFormSubmit\u0026quot;,[\u0026quot;pyActivity\u003dFinishAssignment\u0026quot;,\u0026quot;:this\u0026quot;,\u0026quot;\u0026quot;,\u0026quot;:event\u0026quot;]]]\" title\u003d\"Complete this assignment\" class\u003d\"COE_Strong pzhc\"\u003e...\u003c/button\u003e is not clickable at point (517, 741). Other element would receive the click: \u003cdiv class\u003d\"modal-align-cell\"\u003e...\u003c/div\u003e\n  (Session info: chrome\u003d61.0.3163.100)\n  (Driver info: chromedriver\u003d2.31.488763 (092de99f48a300323ecf8c2a4e2e7cab51de5ba8),platform\u003dWindows NT 10.0.15063 x86_64) (WARNING: The server did not provide any stacktrace information)\nCommand duration or timeout: 60 milliseconds\nBuild info: version: \u00272.53.0\u0027, revision: \u002735ae25b\u0027, time: \u00272016-03-15 17:00:58\u0027\nSystem info: host: \u0027L23017WIN\u0027, ip: \u002710.150.113.10\u0027, os.name: \u0027Windows 10\u0027, os.arch: \u0027x86\u0027, os.version: \u002710.0\u0027, java.version: \u00271.8.0_102\u0027\nDriver info: com.kms.katalon.selenium.driver.CChromeDriver\nCapabilities [{applicationCacheEnabled\u003dfalse, rotatable\u003dfalse, mobileEmulationEnabled\u003dfalse, networkConnectionEnabled\u003dfalse, chrome\u003d{chromedriverVersion\u003d2.31.488763 (092de99f48a300323ecf8c2a4e2e7cab51de5ba8), userDataDir\u003dC:\\Users\\raycp\\AppData\\Local\\Temp\\scoped_dir11192_15408}, takesHeapSnapshot\u003dtrue, pageLoadStrategy\u003dnormal, databaseEnabled\u003dfalse, handlesAlerts\u003dtrue, hasTouchScreen\u003dfalse, version\u003d61.0.3163.100, platform\u003dXP, browserConnectionEnabled\u003dfalse, nativeEvents\u003dtrue, acceptSslCerts\u003dtrue, locationContextEnabled\u003dtrue, webStorageEnabled\u003dtrue, browserName\u003dchrome, takesScreenshot\u003dtrue, javascriptEnabled\u003dtrue, cssSelectorsEnabled\u003dtrue, setWindowRect\u003dtrue, unexpectedAlertBehaviour\u003d}]\nSession ID: db4e76097c6cb61519c5495d8437857f)","startTime":1509942228712,"endTime":0,"childRecords":[],"interuppted":false}],"interuppted":false},{"isOptional":false,"type":"TEST_CASE","name":"Test Cases/ECR/TC_ECR_Lite_ExpertService_AllApproval","id":"Test Cases/ECR/TC_ECR_Lite_ExpertService_AllApproval","source":"C:\\\\Users\\\\raycp\\\\Desktop\\\\COETest Cases\\\\ECR\\\\TC_ECR_Lite_ExpertService_AllApproval.tc","message":"Test Cases/ECR/TC_ECR_Lite_ExpertService_AllApproval FAILED because (of) Unable to click on object \u0027Object Repository/Generic/SUBMIT\u0027 (Root cause: org.openqa.selenium.WebDriverException: unknown error: Element \u003cbutton data-test-id\u003d\"201502260643470574523\" data-ctl\u003d\"Button\" type\u003d\"button\" data-click\u003d\"[[\u0026quot;setUserStart\u0026quot;,[\u0026quot;FINISHASSIGNMENT\u0026quot;]],[\u0026quot;doFormSubmit\u0026quot;,[\u0026quot;pyActivity\u003dFinishAssignment\u0026quot;,\u0026quot;:this\u0026quot;,\u0026quot;\u0026quot;,\u0026quot;:event\u0026quot;]]]\" title\u003d\"Complete this assignment\" class\u003d\"COE_Strong pzhc\"\u003e...\u003c/button\u003e is not clickable at point (517, 741). Other element would receive the click: \u003cdiv class\u003d\"modal-align-cell\"\u003e...\u003c/div\u003e\n  (Session info: chrome\u003d61.0.3163.100)\n  (Driver info: chromedriver\u003d2.31.488763 (092de99f48a300323ecf8c2a4e2e7cab51de5ba8),platform\u003dWindows NT 10.0.15063 x86_64) (WARNING: The server did not provide any stacktrace information)\nCommand duration or timeout: 62 milliseconds\nBuild info: version: \u00272.53.0\u0027, revision: \u002735ae25b\u0027, time: \u00272016-03-15 17:00:58\u0027\nSystem info: host: \u0027L23017WIN\u0027, ip: \u002710.150.113.10\u0027, os.name: \u0027Windows 10\u0027, os.arch: \u0027x86\u0027, os.version: \u002710.0\u0027, java.version: \u00271.8.0_102\u0027\nDriver info: com.kms.katalon.selenium.driver.CChromeDriver\nCapabilities [{applicationCacheEnabled\u003dfalse, rotatable\u003dfalse, mobileEmulationEnabled\u003dfalse, networkConnectionEnabled\u003dfalse, chrome\u003d{chromedriverVersion\u003d2.31.488763 (092de99f48a300323ecf8c2a4e2e7cab51de5ba8), userDataDir\u003dC:\\Users\\raycp\\AppData\\Local\\Temp\\scoped_dir10824_4636}, takesHeapSnapshot\u003dtrue, pageLoadStrategy\u003dnormal, databaseEnabled\u003dfalse, handlesAlerts\u003dtrue, hasTouchScreen\u003dfalse, version\u003d61.0.3163.100, platform\u003dXP, browserConnectionEnabled\u003dfalse, nativeEvents\u003dtrue, acceptSslCerts\u003dtrue, locationContextEnabled\u003dtrue, webStorageEnabled\u003dtrue, browserName\u003dchrome, takesScreenshot\u003dtrue, javascriptEnabled\u003dtrue, cssSelectorsEnabled\u003dtrue, setWindowRect\u003dtrue, unexpectedAlertBehaviour\u003d}]\nSession ID: 392965e81f29a5bf631570c4f6d1e08e)","description":"","startTime":1509942228773,"endTime":1509942291245,"childRecords":[{"testStatus":{"stackTrace":"","statusValue":"INFO"},"type":"MESSAGE","name":"","message":"Evaluating variables for test case","startTime":1509942228773,"endTime":0,"childRecords":[],"interuppted":false},{"index":1,"isIgnoredIfFailed":false,"type":"TEST_STEP","name":"callTestCase","message":"Unable to call Test Case with id \u0027Test Cases/ECR/REF/ECR_Lite_ExpertService\u0027 (Root cause: Call Test Case \u0027Test Cases/ECR/REF/ECR_Lite_ExpertService\u0027 failed)","description":"","startTime":1509942228885,"endTime":1509942291242,"childRecords":[{"isOptional":false,"type":"TEST_CASE","name":"Test Cases/ECR/REF/ECR_Lite_ExpertService","id":"Test Cases/ECR/REF/ECR_Lite_ExpertService","source":"C:\\\\Users\\\\raycp\\\\Desktop\\\\COETest Cases\\\\ECR\\\\REF\\\\ECR_Lite_ExpertService.tc","message":"Test Cases/ECR/REF/ECR_Lite_ExpertService FAILED because (of) Unable to click on object \u0027Object Repository/Generic/SUBMIT\u0027 (Root cause: org.openqa.selenium.WebDriverException: unknown error: Element \u003cbutton data-test-id\u003d\"201502260643470574523\" data-ctl\u003d\"Button\" type\u003d\"button\" data-click\u003d\"[[\u0026quot;setUserStart\u0026quot;,[\u0026quot;FINISHASSIGNMENT\u0026quot;]],[\u0026quot;doFormSubmit\u0026quot;,[\u0026quot;pyActivity\u003dFinishAssignment\u0026quot;,\u0026quot;:this\u0026quot;,\u0026quot;\u0026quot;,\u0026quot;:event\u0026quot;]]]\" title\u003d\"Complete this assignment\" class\u003d\"COE_Strong pzhc\"\u003e...\u003c/button\u003e is not clickable at point (517, 741). Other element would receive the click: \u003cdiv class\u003d\"modal-align-cell\"\u003e...\u003c/div\u003e\n  (Session info: chrome\u003d61.0.3163.100)\n  (Driver info: chromedriver\u003d2.31.488763 (092de99f48a300323ecf8c2a4e2e7cab51de5ba8),platform\u003dWindows NT 10.0.15063 x86_64) (WARNING: The server did not provide any stacktrace information)\nCommand duration or timeout: 62 milliseconds\nBuild info: version: \u00272.53.0\u0027, revision: \u002735ae25b\u0027, time: \u00272016-03-15 17:00:58\u0027\nSystem info: host: \u0027L23017WIN\u0027, ip: \u002710.150.113.10\u0027, os.name: \u0027Windows 10\u0027, os.arch: \u0027x86\u0027, os.version: \u002710.0\u0027, java.version: \u00271.8.0_102\u0027\nDriver info: com.kms.katalon.selenium.driver.CChromeDriver\nCapabilities [{applicationCacheEnabled\u003dfalse, rotatable\u003dfalse, mobileEmulationEnabled\u003dfalse, networkConnectionEnabled\u003dfalse, chrome\u003d{chromedriverVersion\u003d2.31.488763 (092de99f48a300323ecf8c2a4e2e7cab51de5ba8), userDataDir\u003dC:\\Users\\raycp\\AppData\\Local\\Temp\\scoped_dir10824_4636}, takesHeapSnapshot\u003dtrue, pageLoadStrategy\u003dnormal, databaseEnabled\u003dfalse, handlesAlerts\u003dtrue, hasTouchScreen\u003dfalse, version\u003d61.0.3163.100, platform\u003dXP, browserConnectionEnabled\u003dfalse, nativeEvents\u003dtrue, acceptSslCerts\u003dtrue, locationContextEnabled\u003dtrue, webStorageEnabled\u003dtrue, browserName\u003dchrome, takesScreenshot\u003dtrue, javascriptEnabled\u003dtrue, cssSelectorsEnabled\u003dtrue, setWindowRect\u003dtrue, unexpectedAlertBehaviour\u003d}]\nSession ID: 392965e81f29a5bf631570c4f6d1e08e)","description":"","startTime":1509942228946,"endTime":1509942291241,"childRecords":[{"testStatus":{"stackTrace":"","statusValue":"INFO"},"type":"MESSAGE","name":"","message":"Evaluating variables for test case","startTime":1509942228946,"endTime":0,"childRecords":[],"interuppted":false},{"index":1,"isIgnoredIfFailed":false,"type":"TEST_STEP","name":"com.helper.commonfunct.utilities.login","message":"com.helper.commonfunct.utilities.login is PASSED","description":"","startTime":1509942229093,"endTime":1509942245261,"childRecords":[{"testStatus":{"stackTrace":"","statusValue":"WARNING"},"type":"MESSAGE","name":"","message":"A browser is already opened. Closing browser and opening a new one","startTime":1509942229095,"endTime":0,"childRecords":[],"interuppted":false},{"testStatus":{"stackTrace":"","statusValue":"PASSED"},"type":"MESSAGE","name":"","message":"Browser is opened with url: \u0027\u0027","startTime":1509942232186,"endTime":0,"childRecords":[],"interuppted":false},{"testStatus":{"stackTrace":"","statusValue":"PASSED"},"type":"MESSAGE","name":"","message":"Navigate to \u0027http://vtcpqa2:9685/tcpqa/PRServlet\u0027 successfully","startTime":1509942234313,"endTime":0,"childRecords":[],"interuppted":false},{"testStatus":{"stackTrace":"","statusValue":"PASSED"},"type":"MESSAGE","name":"","message":"Text \u0027pogoa@pegasystems.com\u0027 is set on object \u0027Object Repository/input_UserIdentifier\u0027","startTime":1509942234549,"endTime":0,"childRecords":[],"interuppted":false},{"testStatus":{"stackTrace":"","statusValue":"PASSED"},"type":"MESSAGE","name":"","message":"Text \u0027install\u0027 is set on object \u0027Object Repository/input_Password\u0027","startTime":1509942234690,"endTime":0,"childRecords":[],"interuppted":false},{"testStatus":{"stackTrace":"","statusValue":"PASSED"},"type":"MESSAGE","name":"","message":"Keys \u0027??\u0027 sent to object: \u0027Object Repository/input_Password\u0027","startTime":1509942245260,"endTime":0,"childRecords":[],"interuppted":false},{"testStatus":{"stackTrace":"","statusValue":"PASSED"},"type":"MESSAGE","name":"","message":"com.helper.commonfunct.utilities.login is PASSED","startTime":1509942245261,"endTime":0,"childRecords":[],"interuppted":false}],"interuppted":false},{"attachment":"1509942290926.png","index":2,"isIgnoredIfFailed":false,"type":"TEST_STEP","name":"com.helper.commonfunct.utilities.createECR","message":"Unable to click on object \u0027Object Repository/Generic/SUBMIT\u0027 (Root cause: org.openqa.selenium.WebDriverException: unknown error: Element \u003cbutton data-test-id\u003d\"201502260643470574523\" data-ctl\u003d\"Button\" type\u003d\"button\" data-click\u003d\"[[\u0026quot;setUserStart\u0026quot;,[\u0026quot;FINISHASSIGNMENT\u0026quot;]],[\u0026quot;doFormSubmit\u0026quot;,[\u0026quot;pyActivity\u003dFinishAssignment\u0026quot;,\u0026quot;:this\u0026quot;,\u0026quot;\u0026quot;,\u0026quot;:event\u0026quot;]]]\" title\u003d\"Complete this assignment\" class\u003d\"COE_Strong pzhc\"\u003e...\u003c/button\u003e is not clickable at point (517, 741). Other element would receive the click: \u003cdiv class\u003d\"modal-align-cell\"\u003e...\u003c/div\u003e\n  (Session info: chrome\u003d61.0.3163.100)\n  (Driver info: chromedriver\u003d2.31.488763 (092de99f48a300323ecf8c2a4e2e7cab51de5ba8),platform\u003dWindows NT 10.0.15063 x86_64) (WARNING: The server did not provide any stacktrace information)\nCommand duration or timeout: 62 milliseconds\nBuild info: version: \u00272.53.0\u0027, revision: \u002735ae25b\u0027, time: \u00272016-03-15 17:00:58\u0027\nSystem info: host: \u0027L23017WIN\u0027, ip: \u002710.150.113.10\u0027, os.name: \u0027Windows 10\u0027, os.arch: \u0027x86\u0027, os.version: \u002710.0\u0027, java.version: \u00271.8.0_102\u0027\nDriver info: com.kms.katalon.selenium.driver.CChromeDriver\nCapabilities [{applicationCacheEnabled\u003dfalse, rotatable\u003dfalse, mobileEmulationEnabled\u003dfalse, networkConnectionEnabled\u003dfalse, chrome\u003d{chromedriverVersion\u003d2.31.488763 (092de99f48a300323ecf8c2a4e2e7cab51de5ba8), userDataDir\u003dC:\\Users\\raycp\\AppData\\Local\\Temp\\scoped_dir10824_4636}, takesHeapSnapshot\u003dtrue, pageLoadStrategy\u003dnormal, databaseEnabled\u003dfalse, handlesAlerts\u003dtrue, hasTouchScreen\u003dfalse, version\u003d61.0.3163.100, platform\u003dXP, browserConnectionEnabled\u003dfalse, nativeEvents\u003dtrue, acceptSslCerts\u003dtrue, locationContextEnabled\u003dtrue, webStorageEnabled\u003dtrue, browserName\u003dchrome, takesScreenshot\u003dtrue, javascriptEnabled\u003dtrue, cssSelectorsEnabled\u003dtrue, setWindowRect\u003dtrue, unexpectedAlertBehaviour\u003d}]\nSession ID: 392965e81f29a5bf631570c4f6d1e08e)","description":"","startTime":1509942245261,"endTime":1509942291237,"childRecords":[{"testStatus":{"stackTrace":"","statusValue":"PASSED"},"type":"MESSAGE","name":"","message":"Object: \u0027Object Repository/Generic/a_Actions\u0027 is clicked on","startTime":1509942245427,"endTime":0,"childRecords":[],"interuppted":false},{"testStatus":{"stackTrace":"","statusValue":"PASSED"},"type":"MESSAGE","name":"","message":"Object: \u0027Object Repository/span_New\u0027 is focused","startTime":1509942247038,"endTime":0,"childRecords":[],"interuppted":false},{"testStatus":{"stackTrace":"","statusValue":"PASSED"},"type":"MESSAGE","name":"","message":"Object: \u0027Object Repository/span_Bid Process\u0027 is clicked on","startTime":1509942249491,"endTime":0,"childRecords":[],"interuppted":false},{"testStatus":{"stackTrace":"","statusValue":"PASSED"},"type":"MESSAGE","name":"","message":"Object: \u0027Object Repository/ECR/BID_TYPE\u0027 is clicked on","startTime":1509942249715,"endTime":0,"childRecords":[],"interuppted":false},{"testStatus":{"stackTrace":"","statusValue":"PASSED"},"type":"MESSAGE","name":"","message":"Object \u0027Object Repository/button_Import\u0027 is present","startTime":1509942249745,"endTime":0,"childRecords":[],"interuppted":false},{"testStatus":{"stackTrace":"","statusValue":"PASSED"},"type":"MESSAGE","name":"","message":"Delayed 5 second(s)","startTime":1509942254747,"endTime":0,"childRecords":[],"interuppted":false},{"testStatus":{"stackTrace":"","statusValue":"PASSED"},"type":"MESSAGE","name":"","message":"Object: \u0027Object Repository/button_Import\u0027 is clicked on","startTime":1509942254905,"endTime":0,"childRecords":[],"interuppted":false},{"testStatus":{"stackTrace":"","statusValue":"PASSED"},"type":"MESSAGE","name":"","message":"File \u0027C:\\Users\\nipin\\Desktop\\Latest BSW\\ECR_LITE_EXPSVC.xlsm\u0027 sent to object: \u0027Object Repository/input_PpyWorkPageppyFilePath\u0027","startTime":1509942255567,"endTime":0,"childRecords":[],"interuppted":false},{"testStatus":{"stackTrace":"","statusValue":"PASSED"},"type":"MESSAGE","name":"","message":"Delayed 2 second(s)","startTime":1509942257570,"endTime":0,"childRecords":[],"interuppted":false},{"testStatus":{"stackTrace":"","statusValue":"WARNING"},"type":"MESSAGE","name":"","message":"Timeout \u00270\u0027 is invalid. Using default page load timeout: \u002730\u0027","startTime":1509942257572,"endTime":0,"childRecords":[],"interuppted":false},{"testStatus":{"stackTrace":"","statusValue":"PASSED"},"type":"MESSAGE","name":"","message":"Scroll to object \u0027Object Repository/button_Submit\u0027 successfully","startTime":1509942257640,"endTime":0,"childRecords":[],"interuppted":false},{"testStatus":{"stackTrace":"","statusValue":"PASSED"},"type":"MESSAGE","name":"","message":"Object: \u0027Object Repository/button_Submit\u0027 is clicked on","startTime":1509942257796,"endTime":0,"childRecords":[],"interuppted":false},{"testStatus":{"stackTrace":"","statusValue":"PASSED"},"type":"MESSAGE","name":"","message":"Object \u0027Object Repository/EngInfo/COID\u0027 is visible","startTime":1509942257935,"endTime":0,"childRecords":[],"interuppted":false},{"testStatus":{"stackTrace":"","statusValue":"PASSED"},"type":"MESSAGE","name":"","message":"Delayed 5 second(s)","startTime":1509942262935,"endTime":0,"childRecords":[],"interuppted":false},{"testStatus":{"stackTrace":"","statusValue":"PASSED"},"type":"MESSAGE","name":"","message":"Delayed 5 second(s)","startTime":1509942267939,"endTime":0,"childRecords":[],"interuppted":false},{"testStatus":{"stackTrace":"","statusValue":"PASSED"},"type":"MESSAGE","name":"","message":"Text \u0027BOFA\u0027 is set on object \u0027Object Repository/Generic/ORG\u0027","startTime":1509942268122,"endTime":0,"childRecords":[],"interuppted":false},{"testStatus":{"stackTrace":"","statusValue":"PASSED"},"type":"MESSAGE","name":"","message":"Delayed 5 second(s)","startTime":1509942273125,"endTime":0,"childRecords":[],"interuppted":false},{"testStatus":{"stackTrace":"","statusValue":"PASSED"},"type":"MESSAGE","name":"","message":"Keys \u0027??\u0027 sent to object: \u0027Object Repository/Generic/ORG\u0027","startTime":1509942273207,"endTime":0,"childRecords":[],"interuppted":false},{"testStatus":{"stackTrace":"","statusValue":"PASSED"},"type":"MESSAGE","name":"","message":"Delayed 5 second(s)","startTime":1509942278209,"endTime":0,"childRecords":[],"interuppted":false},{"testStatus":{"stackTrace":"","statusValue":"PASSED"},"type":"MESSAGE","name":"","message":"Text \u0027BOFA\u0027 is set on object \u0027Object Repository/Generic/ACC\u0027","startTime":1509942278411,"endTime":0,"childRecords":[],"interuppted":false},{"testStatus":{"stackTrace":"","statusValue":"PASSED"},"type":"MESSAGE","name":"","message":"Delayed 2 second(s)","startTime":1509942280413,"endTime":0,"childRecords":[],"interuppted":false},{"testStatus":{"stackTrace":"","statusValue":"PASSED"},"type":"MESSAGE","name":"","message":"Keys \u0027??\u0027 sent to object: \u0027Object Repository/Generic/ACC\u0027","startTime":1509942280490,"endTime":0,"childRecords":[],"interuppted":false},{"testStatus":{"stackTrace":"","statusValue":"PASSED"},"type":"MESSAGE","name":"","message":"Delayed 5 second(s)","startTime":1509942285493,"endTime":0,"childRecords":[],"interuppted":false},{"testStatus":{"stackTrace":"","statusValue":"PASSED"},"type":"MESSAGE","name":"","message":"Text \u0027AUTOTEST1\u0027 is set on object \u0027Object Repository/Generic/ENG_DESC\u0027","startTime":1509942285786,"endTime":0,"childRecords":[],"interuppted":false},{"testStatus":{"stackTrace":"","statusValue":"PASSED"},"type":"MESSAGE","name":"","message":"Delayed 5 second(s)","startTime":1509942290787,"endTime":0,"childRecords":[],"interuppted":false},{"testStatus":{"stackTrace":"","statusValue":"WARNING"},"type":"MESSAGE","name":"","message":"Timeout \u00270\u0027 is invalid. Using default page load timeout: \u002730\u0027","startTime":1509942290789,"endTime":0,"childRecords":[],"interuppted":false},{"testStatus":{"stackTrace":"","statusValue":"PASSED"},"type":"MESSAGE","name":"","message":"Scroll to object \u0027Object Repository/Generic/SUBMIT\u0027 successfully","startTime":1509942290846,"endTime":0,"childRecords":[],"interuppted":false},{"testStatus":{"stackTrace":"","statusValue":"FAILED"},"attachment":"1509942290926.png","type":"MESSAGE","name":"","message":"Unable to click on object \u0027Object Repository/Generic/SUBMIT\u0027 (Root cause: org.openqa.selenium.WebDriverException: unknown error: Element \u003cbutton data-test-id\u003d\"201502260643470574523\" data-ctl\u003d\"Button\" type\u003d\"button\" data-click\u003d\"[[\u0026quot;setUserStart\u0026quot;,[\u0026quot;FINISHASSIGNMENT\u0026quot;]],[\u0026quot;doFormSubmit\u0026quot;,[\u0026quot;pyActivity\u003dFinishAssignment\u0026quot;,\u0026quot;:this\u0026quot;,\u0026quot;\u0026quot;,\u0026quot;:event\u0026quot;]]]\" title\u003d\"Complete this assignment\" class\u003d\"COE_Strong pzhc\"\u003e...\u003c/button\u003e is not clickable at point (517, 741). Other element would receive the click: \u003cdiv class\u003d\"modal-align-cell\"\u003e...\u003c/div\u003e\n  (Session info: chrome\u003d61.0.3163.100)\n  (Driver info: chromedriver\u003d2.31.488763 (092de99f48a300323ecf8c2a4e2e7cab51de5ba8),platform\u003dWindows NT 10.0.15063 x86_64) (WARNING: The server did not provide any stacktrace information)\nCommand duration or timeout: 62 milliseconds\nBuild info: version: \u00272.53.0\u0027, revision: \u002735ae25b\u0027, time: \u00272016-03-15 17:00:58\u0027\nSystem info: host: \u0027L23017WIN\u0027, ip: \u002710.150.113.10\u0027, os.name: \u0027Windows 10\u0027, os.arch: \u0027x86\u0027, os.version: \u002710.0\u0027, java.version: \u00271.8.0_102\u0027\nDriver info: com.kms.katalon.selenium.driver.CChromeDriver\nCapabilities [{applicationCacheEnabled\u003dfalse, rotatable\u003dfalse, mobileEmulationEnabled\u003dfalse, networkConnectionEnabled\u003dfalse, chrome\u003d{chromedriverVersion\u003d2.31.488763 (092de99f48a300323ecf8c2a4e2e7cab51de5ba8), userDataDir\u003dC:\\Users\\raycp\\AppData\\Local\\Temp\\scoped_dir10824_4636}, takesHeapSnapshot\u003dtrue, pageLoadStrategy\u003dnormal, databaseEnabled\u003dfalse, handlesAlerts\u003dtrue, hasTouchScreen\u003dfalse, version\u003d61.0.3163.100, platform\u003dXP, browserConnectionEnabled\u003dfalse, nativeEvents\u003dtrue, acceptSslCerts\u003dtrue, locationContextEnabled\u003dtrue, webStorageEnabled\u003dtrue, browserName\u003dchrome, takesScreenshot\u003dtrue, javascriptEnabled\u003dtrue, cssSelectorsEnabled\u003dtrue, setWindowRect\u003dtrue, unexpectedAlertBehaviour\u003d}]\nSession ID: 392965e81f29a5bf631570c4f6d1e08e)","startTime":1509942291236,"endTime":0,"childRecords":[],"interuppted":false},{"testStatus":{"stackTrace":"","statusValue":"FAILED"},"type":"MESSAGE","name":"","message":"Unable to click on object \u0027Object Repository/Generic/SUBMIT\u0027 (Root cause: org.openqa.selenium.WebDriverException: unknown error: Element \u003cbutton data-test-id\u003d\"201502260643470574523\" data-ctl\u003d\"Button\" type\u003d\"button\" data-click\u003d\"[[\u0026quot;setUserStart\u0026quot;,[\u0026quot;FINISHASSIGNMENT\u0026quot;]],[\u0026quot;doFormSubmit\u0026quot;,[\u0026quot;pyActivity\u003dFinishAssignment\u0026quot;,\u0026quot;:this\u0026quot;,\u0026quot;\u0026quot;,\u0026quot;:event\u0026quot;]]]\" title\u003d\"Complete this assignment\" class\u003d\"COE_Strong pzhc\"\u003e...\u003c/button\u003e is not clickable at point (517, 741). Other element would receive the click: \u003cdiv class\u003d\"modal-align-cell\"\u003e...\u003c/div\u003e\n  (Session info: chrome\u003d61.0.3163.100)\n  (Driver info: chromedriver\u003d2.31.488763 (092de99f48a300323ecf8c2a4e2e7cab51de5ba8),platform\u003dWindows NT 10.0.15063 x86_64) (WARNING: The server did not provide any stacktrace information)\nCommand duration or timeout: 62 milliseconds\nBuild info: version: \u00272.53.0\u0027, revision: \u002735ae25b\u0027, time: \u00272016-03-15 17:00:58\u0027\nSystem info: host: \u0027L23017WIN\u0027, ip: \u002710.150.113.10\u0027, os.name: \u0027Windows 10\u0027, os.arch: \u0027x86\u0027, os.version: \u002710.0\u0027, java.version: \u00271.8.0_102\u0027\nDriver info: com.kms.katalon.selenium.driver.CChromeDriver\nCapabilities [{applicationCacheEnabled\u003dfalse, rotatable\u003dfalse, mobileEmulationEnabled\u003dfalse, networkConnectionEnabled\u003dfalse, chrome\u003d{chromedriverVersion\u003d2.31.488763 (092de99f48a300323ecf8c2a4e2e7cab51de5ba8), userDataDir\u003dC:\\Users\\raycp\\AppData\\Local\\Temp\\scoped_dir10824_4636}, takesHeapSnapshot\u003dtrue, pageLoadStrategy\u003dnormal, databaseEnabled\u003dfalse, handlesAlerts\u003dtrue, hasTouchScreen\u003dfalse, version\u003d61.0.3163.100, platform\u003dXP, browserConnectionEnabled\u003dfalse, nativeEvents\u003dtrue, acceptSslCerts\u003dtrue, locationContextEnabled\u003dtrue, webStorageEnabled\u003dtrue, browserName\u003dchrome, takesScreenshot\u003dtrue, javascriptEnabled\u003dtrue, cssSelectorsEnabled\u003dtrue, setWindowRect\u003dtrue, unexpectedAlertBehaviour\u003d}]\nSession ID: 392965e81f29a5bf631570c4f6d1e08e)","startTime":1509942291237,"endTime":0,"childRecords":[],"interuppted":false}],"interuppted":false},{"testStatus":{"stackTrace":"","statusValue":"FAILED"},"type":"MESSAGE","name":"","message":"Test Cases/ECR/REF/ECR_Lite_ExpertService FAILED because (of) Unable to click on object \u0027Object Repository/Generic/SUBMIT\u0027 (Root cause: org.openqa.selenium.WebDriverException: unknown error: Element \u003cbutton data-test-id\u003d\"201502260643470574523\" data-ctl\u003d\"Button\" type\u003d\"button\" data-click\u003d\"[[\u0026quot;setUserStart\u0026quot;,[\u0026quot;FINISHASSIGNMENT\u0026quot;]],[\u0026quot;doFormSubmit\u0026quot;,[\u0026quot;pyActivity\u003dFinishAssignment\u0026quot;,\u0026quot;:this\u0026quot;,\u0026quot;\u0026quot;,\u0026quot;:event\u0026quot;]]]\" title\u003d\"Complete this assignment\" class\u003d\"COE_Strong pzhc\"\u003e...\u003c/button\u003e is not clickable at point (517, 741). Other element would receive the click: \u003cdiv class\u003d\"modal-align-cell\"\u003e...\u003c/div\u003e\n  (Session info: chrome\u003d61.0.3163.100)\n  (Driver info: chromedriver\u003d2.31.488763 (092de99f48a300323ecf8c2a4e2e7cab51de5ba8),platform\u003dWindows NT 10.0.15063 x86_64) (WARNING: The server did not provide any stacktrace information)\nCommand duration or timeout: 62 milliseconds\nBuild info: version: \u00272.53.0\u0027, revision: \u002735ae25b\u0027, time: \u00272016-03-15 17:00:58\u0027\nSystem info: host: \u0027L23017WIN\u0027, ip: \u002710.150.113.10\u0027, os.name: \u0027Windows 10\u0027, os.arch: \u0027x86\u0027, os.version: \u002710.0\u0027, java.version: \u00271.8.0_102\u0027\nDriver info: com.kms.katalon.selenium.driver.CChromeDriver\nCapabilities [{applicationCacheEnabled\u003dfalse, rotatable\u003dfalse, mobileEmulationEnabled\u003dfalse, networkConnectionEnabled\u003dfalse, chrome\u003d{chromedriverVersion\u003d2.31.488763 (092de99f48a300323ecf8c2a4e2e7cab51de5ba8), userDataDir\u003dC:\\Users\\raycp\\AppData\\Local\\Temp\\scoped_dir10824_4636}, takesHeapSnapshot\u003dtrue, pageLoadStrategy\u003dnormal, databaseEnabled\u003dfalse, handlesAlerts\u003dtrue, hasTouchScreen\u003dfalse, version\u003d61.0.3163.100, platform\u003dXP, browserConnectionEnabled\u003dfalse, nativeEvents\u003dtrue, acceptSslCerts\u003dtrue, locationContextEnabled\u003dtrue, webStorageEnabled\u003dtrue, browserName\u003dchrome, takesScreenshot\u003dtrue, javascriptEnabled\u003dtrue, cssSelectorsEnabled\u003dtrue, setWindowRect\u003dtrue, unexpectedAlertBehaviour\u003d}]\nSession ID: 392965e81f29a5bf631570c4f6d1e08e)","startTime":1509942291238,"endTime":0,"childRecords":[],"interuppted":false}],"interuppted":false},{"testStatus":{"stackTrace":"","statusValue":"FAILED"},"type":"MESSAGE","name":"","message":"Unable to call Test Case with id \u0027Test Cases/ECR/REF/ECR_Lite_ExpertService\u0027 (Root cause: Call Test Case \u0027Test Cases/ECR/REF/ECR_Lite_ExpertService\u0027 failed)","startTime":1509942291241,"endTime":0,"childRecords":[],"interuppted":false}],"interuppted":false},{"testStatus":{"stackTrace":"","statusValue":"FAILED"},"type":"MESSAGE","name":"","message":"Test Cases/ECR/TC_ECR_Lite_ExpertService_AllApproval FAILED because (of) Unable to click on object \u0027Object Repository/Generic/SUBMIT\u0027 (Root cause: org.openqa.selenium.WebDriverException: unknown error: Element \u003cbutton data-test-id\u003d\"201502260643470574523\" data-ctl\u003d\"Button\" type\u003d\"button\" data-click\u003d\"[[\u0026quot;setUserStart\u0026quot;,[\u0026quot;FINISHASSIGNMENT\u0026quot;]],[\u0026quot;doFormSubmit\u0026quot;,[\u0026quot;pyActivity\u003dFinishAssignment\u0026quot;,\u0026quot;:this\u0026quot;,\u0026quot;\u0026quot;,\u0026quot;:event\u0026quot;]]]\" title\u003d\"Complete this assignment\" class\u003d\"COE_Strong pzhc\"\u003e...\u003c/button\u003e is not clickable at point (517, 741). Other element would receive the click: \u003cdiv class\u003d\"modal-align-cell\"\u003e...\u003c/div\u003e\n  (Session info: chrome\u003d61.0.3163.100)\n  (Driver info: chromedriver\u003d2.31.488763 (092de99f48a300323ecf8c2a4e2e7cab51de5ba8),platform\u003dWindows NT 10.0.15063 x86_64) (WARNING: The server did not provide any stacktrace information)\nCommand duration or timeout: 62 milliseconds\nBuild info: version: \u00272.53.0\u0027, revision: \u002735ae25b\u0027, time: \u00272016-03-15 17:00:58\u0027\nSystem info: host: \u0027L23017WIN\u0027, ip: \u002710.150.113.10\u0027, os.name: \u0027Windows 10\u0027, os.arch: \u0027x86\u0027, os.version: \u002710.0\u0027, java.version: \u00271.8.0_102\u0027\nDriver info: com.kms.katalon.selenium.driver.CChromeDriver\nCapabilities [{applicationCacheEnabled\u003dfalse, rotatable\u003dfalse, mobileEmulationEnabled\u003dfalse, networkConnectionEnabled\u003dfalse, chrome\u003d{chromedriverVersion\u003d2.31.488763 (092de99f48a300323ecf8c2a4e2e7cab51de5ba8), userDataDir\u003dC:\\Users\\raycp\\AppData\\Local\\Temp\\scoped_dir10824_4636}, takesHeapSnapshot\u003dtrue, pageLoadStrategy\u003dnormal, databaseEnabled\u003dfalse, handlesAlerts\u003dtrue, hasTouchScreen\u003dfalse, version\u003d61.0.3163.100, platform\u003dXP, browserConnectionEnabled\u003dfalse, nativeEvents\u003dtrue, acceptSslCerts\u003dtrue, locationContextEnabled\u003dtrue, webStorageEnabled\u003dtrue, browserName\u003dchrome, takesScreenshot\u003dtrue, javascriptEnabled\u003dtrue, cssSelectorsEnabled\u003dtrue, setWindowRect\u003dtrue, unexpectedAlertBehaviour\u003d}]\nSession ID: 392965e81f29a5bf631570c4f6d1e08e)","startTime":1509942291242,"endTime":0,"childRecords":[],"interuppted":false}],"interuppted":false},{"isOptional":false,"type":"TEST_CASE","name":"Test Cases/ECR/TC_ECR_Lite_ExpertService_AllReject","id":"Test Cases/ECR/TC_ECR_Lite_ExpertService_AllReject","source":"C:\\\\Users\\\\raycp\\\\Desktop\\\\COETest Cases\\\\ECR\\\\TC_ECR_Lite_ExpertService_AllReject.tc","message":"Test Cases/ECR/TC_ECR_Lite_ExpertService_AllReject FAILED because (of) Unable to click on object \u0027Object Repository/Generic/SUBMIT\u0027 (Root cause: org.openqa.selenium.WebDriverException: unknown error: Element \u003cbutton data-test-id\u003d\"201502260643470574523\" data-ctl\u003d\"Button\" type\u003d\"button\" data-click\u003d\"[[\u0026quot;setUserStart\u0026quot;,[\u0026quot;FINISHASSIGNMENT\u0026quot;]],[\u0026quot;doFormSubmit\u0026quot;,[\u0026quot;pyActivity\u003dFinishAssignment\u0026quot;,\u0026quot;:this\u0026quot;,\u0026quot;\u0026quot;,\u0026quot;:event\u0026quot;]]]\" title\u003d\"Complete this assignment\" class\u003d\"COE_Strong pzhc\"\u003e...\u003c/button\u003e is not clickable at point (517, 741). Other element would receive the click: \u003cdiv class\u003d\"modal-align-cell\"\u003e...\u003c/div\u003e\n  (Session info: chrome\u003d61.0.3163.100)\n  (Driver info: chromedriver\u003d2.31.488763 (092de99f48a300323ecf8c2a4e2e7cab51de5ba8),platform\u003dWindows NT 10.0.15063 x86_64) (WARNING: The server did not provide any stacktrace information)\nCommand duration or timeout: 52 milliseconds\nBuild info: version: \u00272.53.0\u0027, revision: \u002735ae25b\u0027, time: \u00272016-03-15 17:00:58\u0027\nSystem info: host: \u0027L23017WIN\u0027, ip: \u002710.150.113.10\u0027, os.name: \u0027Windows 10\u0027, os.arch: \u0027x86\u0027, os.version: \u002710.0\u0027, java.version: \u00271.8.0_102\u0027\nDriver info: com.kms.katalon.selenium.driver.CChromeDriver\nCapabilities [{applicationCacheEnabled\u003dfalse, rotatable\u003dfalse, mobileEmulationEnabled\u003dfalse, networkConnectionEnabled\u003dfalse, chrome\u003d{chromedriverVersion\u003d2.31.488763 (092de99f48a300323ecf8c2a4e2e7cab51de5ba8), userDataDir\u003dC:\\Users\\raycp\\AppData\\Local\\Temp\\scoped_dir6724_18689}, takesHeapSnapshot\u003dtrue, pageLoadStrategy\u003dnormal, databaseEnabled\u003dfalse, handlesAlerts\u003dtrue, hasTouchScreen\u003dfalse, version\u003d61.0.3163.100, platform\u003dXP, browserConnectionEnabled\u003dfalse, nativeEvents\u003dtrue, acceptSslCerts\u003dtrue, locationContextEnabled\u003dtrue, webStorageEnabled\u003dtrue, browserName\u003dchrome, takesScreenshot\u003dtrue, javascriptEnabled\u003dtrue, cssSelectorsEnabled\u003dtrue, setWindowRect\u003dtrue, unexpectedAlertBehaviour\u003d}]\nSession ID: ebd3cdbb3559303b1975a910637920b6)","description":"","startTime":1509942291308,"endTime":1509942360457,"childRecords":[{"testStatus":{"stackTrace":"","statusValue":"INFO"},"type":"MESSAGE","name":"","message":"Evaluating variables for test case","startTime":1509942291308,"endTime":0,"childRecords":[],"interuppted":false},{"index":1,"isIgnoredIfFailed":false,"type":"TEST_STEP","name":"callTestCase","message":"Unable to call Test Case with id \u0027Test Cases/ECR/REF/ECR_Lite_ExpertService\u0027 (Root cause: Call Test Case \u0027Test Cases/ECR/REF/ECR_Lite_ExpertService\u0027 failed)","description":"","startTime":1509942291446,"endTime":1509942360457,"childRecords":[{"isOptional":false,"type":"TEST_CASE","name":"Test Cases/ECR/REF/ECR_Lite_ExpertService","id":"Test Cases/ECR/REF/ECR_Lite_ExpertService","source":"C:\\\\Users\\\\raycp\\\\Desktop\\\\COETest Cases\\\\ECR\\\\REF\\\\ECR_Lite_ExpertService.tc","message":"Test Cases/ECR/REF/ECR_Lite_ExpertService FAILED because (of) Unable to click on object \u0027Object Repository/Generic/SUBMIT\u0027 (Root cause: org.openqa.selenium.WebDriverException: unknown error: Element \u003cbutton data-test-id\u003d\"201502260643470574523\" data-ctl\u003d\"Button\" type\u003d\"button\" data-click\u003d\"[[\u0026quot;setUserStart\u0026quot;,[\u0026quot;FINISHASSIGNMENT\u0026quot;]],[\u0026quot;doFormSubmit\u0026quot;,[\u0026quot;pyActivity\u003dFinishAssignment\u0026quot;,\u0026quot;:this\u0026quot;,\u0026quot;\u0026quot;,\u0026quot;:event\u0026quot;]]]\" title\u003d\"Complete this assignment\" class\u003d\"COE_Strong pzhc\"\u003e...\u003c/button\u003e is not clickable at point (517, 741). Other element would receive the click: \u003cdiv class\u003d\"modal-align-cell\"\u003e...\u003c/div\u003e\n  (Session info: chrome\u003d61.0.3163.100)\n  (Driver info: chromedriver\u003d2.31.488763 (092de99f48a300323ecf8c2a4e2e7cab51de5ba8),platform\u003dWindows NT 10.0.15063 x86_64) (WARNING: The server did not provide any stacktrace information)\nCommand duration or timeout: 52 milliseconds\nBuild info: version: \u00272.53.0\u0027, revision: \u002735ae25b\u0027, time: \u00272016-03-15 17:00:58\u0027\nSystem info: host: \u0027L23017WIN\u0027, ip: \u002710.150.113.10\u0027, os.name: \u0027Windows 10\u0027, os.arch: \u0027x86\u0027, os.version: \u002710.0\u0027, java.version: \u00271.8.0_102\u0027\nDriver info: com.kms.katalon.selenium.driver.CChromeDriver\nCapabilities [{applicationCacheEnabled\u003dfalse, rotatable\u003dfalse, mobileEmulationEnabled\u003dfalse, networkConnectionEnabled\u003dfalse, chrome\u003d{chromedriverVersion\u003d2.31.488763 (092de99f48a300323ecf8c2a4e2e7cab51de5ba8), userDataDir\u003dC:\\Users\\raycp\\AppData\\Local\\Temp\\scoped_dir6724_18689}, takesHeapSnapshot\u003dtrue, pageLoadStrategy\u003dnormal, databaseEnabled\u003dfalse, handlesAlerts\u003dtrue, hasTouchScreen\u003dfalse, version\u003d61.0.3163.100, platform\u003dXP, browserConnectionEnabled\u003dfalse, nativeEvents\u003dtrue, acceptSslCerts\u003dtrue, locationContextEnabled\u003dtrue, webStorageEnabled\u003dtrue, browserName\u003dchrome, takesScreenshot\u003dtrue, javascriptEnabled\u003dtrue, cssSelectorsEnabled\u003dtrue, setWindowRect\u003dtrue, unexpectedAlertBehaviour\u003d}]\nSession ID: ebd3cdbb3559303b1975a910637920b6)","description":"","startTime":1509942291500,"endTime":1509942360457,"childRecords":[{"testStatus":{"stackTrace":"","statusValue":"INFO"},"type":"MESSAGE","name":"","message":"Evaluating variables for test case","startTime":1509942291500,"endTime":0,"childRecords":[],"interuppted":false},{"index":1,"isIgnoredIfFailed":false,"type":"TEST_STEP","name":"com.helper.commonfunct.utilities.login","message":"com.helper.commonfunct.utilities.login is PASSED","description":"","startTime":1509942291500,"endTime":1509942315467,"childRecords":[{"testStatus":{"stackTrace":"","statusValue":"WARNING"},"type":"MESSAGE","name":"","message":"A browser is already opened. Closing browser and opening a new one","startTime":1509942291500,"endTime":0,"childRecords":[],"interuppted":false},{"testStatus":{"stackTrace":"","statusValue":"PASSED"},"type":"MESSAGE","name":"","message":"Browser is opened with url: \u0027\u0027","startTime":1509942294641,"endTime":0,"childRecords":[],"interuppted":false},{"testStatus":{"stackTrace":"","statusValue":"PASSED"},"type":"MESSAGE","name":"","message":"Navigate to \u0027http://vtcpqa2:9685/tcpqa/PRServlet\u0027 successfully","startTime":1509942296937,"endTime":0,"childRecords":[],"interuppted":false},{"testStatus":{"stackTrace":"","statusValue":"PASSED"},"type":"MESSAGE","name":"","message":"Text \u0027pogoa@pegasystems.com\u0027 is set on object \u0027Object Repository/input_UserIdentifier\u0027","startTime":1509942297161,"endTime":0,"childRecords":[],"interuppted":false},{"testStatus":{"stackTrace":"","statusValue":"PASSED"},"type":"MESSAGE","name":"","message":"Text \u0027install\u0027 is set on object \u0027Object Repository/input_Password\u0027","startTime":1509942297299,"endTime":0,"childRecords":[],"interuppted":false},{"testStatus":{"stackTrace":"","statusValue":"PASSED"},"type":"MESSAGE","name":"","message":"Keys \u0027??\u0027 sent to object: \u0027Object Repository/input_Password\u0027","startTime":1509942315466,"endTime":0,"childRecords":[],"interuppted":false},{"testStatus":{"stackTrace":"","statusValue":"PASSED"},"type":"MESSAGE","name":"","message":"com.helper.commonfunct.utilities.login is PASSED","startTime":1509942315466,"endTime":0,"childRecords":[],"interuppted":false}],"interuppted":false},{"attachment":"1509942360153.png","index":2,"isIgnoredIfFailed":false,"type":"TEST_STEP","name":"com.helper.commonfunct.utilities.createECR","message":"Unable to click on object \u0027Object Repository/Generic/SUBMIT\u0027 (Root cause: org.openqa.selenium.WebDriverException: unknown error: Element \u003cbutton data-test-id\u003d\"201502260643470574523\" data-ctl\u003d\"Button\" type\u003d\"button\" data-click\u003d\"[[\u0026quot;setUserStart\u0026quot;,[\u0026quot;FINISHASSIGNMENT\u0026quot;]],[\u0026quot;doFormSubmit\u0026quot;,[\u0026quot;pyActivity\u003dFinishAssignment\u0026quot;,\u0026quot;:this\u0026quot;,\u0026quot;\u0026quot;,\u0026quot;:event\u0026quot;]]]\" title\u003d\"Complete this assignment\" class\u003d\"COE_Strong pzhc\"\u003e...\u003c/button\u003e is not clickable at point (517, 741). Other element would receive the click: \u003cdiv class\u003d\"modal-align-cell\"\u003e...\u003c/div\u003e\n  (Session info: chrome\u003d61.0.3163.100)\n  (Driver info: chromedriver\u003d2.31.488763 (092de99f48a300323ecf8c2a4e2e7cab51de5ba8),platform\u003dWindows NT 10.0.15063 x86_64) (WARNING: The server did not provide any stacktrace information)\nCommand duration or timeout: 52 milliseconds\nBuild info: version: \u00272.53.0\u0027, revision: \u002735ae25b\u0027, time: \u00272016-03-15 17:00:58\u0027\nSystem info: host: \u0027L23017WIN\u0027, ip: \u002710.150.113.10\u0027, os.name: \u0027Windows 10\u0027, os.arch: \u0027x86\u0027, os.version: \u002710.0\u0027, java.version: \u00271.8.0_102\u0027\nDriver info: com.kms.katalon.selenium.driver.CChromeDriver\nCapabilities [{applicationCacheEnabled\u003dfalse, rotatable\u003dfalse, mobileEmulationEnabled\u003dfalse, networkConnectionEnabled\u003dfalse, chrome\u003d{chromedriverVersion\u003d2.31.488763 (092de99f48a300323ecf8c2a4e2e7cab51de5ba8), userDataDir\u003dC:\\Users\\raycp\\AppData\\Local\\Temp\\scoped_dir6724_18689}, takesHeapSnapshot\u003dtrue, pageLoadStrategy\u003dnormal, databaseEnabled\u003dfalse, handlesAlerts\u003dtrue, hasTouchScreen\u003dfalse, version\u003d61.0.3163.100, platform\u003dXP, browserConnectionEnabled\u003dfalse, nativeEvents\u003dtrue, acceptSslCerts\u003dtrue, locationContextEnabled\u003dtrue, webStorageEnabled\u003dtrue, browserName\u003dchrome, takesScreenshot\u003dtrue, javascriptEnabled\u003dtrue, cssSelectorsEnabled\u003dtrue, setWindowRect\u003dtrue, unexpectedAlertBehaviour\u003d}]\nSession ID: ebd3cdbb3559303b1975a910637920b6)","description":"","startTime":1509942315467,"endTime":1509942360457,"childRecords":[{"testStatus":{"stackTrace":"","statusValue":"PASSED"},"type":"MESSAGE","name":"","message":"Object: \u0027Object Repository/Generic/a_Actions\u0027 is clicked on","startTime":1509942315620,"endTime":0,"childRecords":[],"interuppted":false},{"testStatus":{"stackTrace":"","statusValue":"PASSED"},"type":"MESSAGE","name":"","message":"Object: \u0027Object Repository/span_New\u0027 is focused","startTime":1509942316530,"endTime":0,"childRecords":[],"interuppted":false},{"testStatus":{"stackTrace":"","statusValue":"PASSED"},"type":"MESSAGE","name":"","message":"Object: \u0027Object Repository/span_Bid Process\u0027 is clicked on","startTime":1509942318770,"endTime":0,"childRecords":[],"interuppted":false},{"testStatus":{"stackTrace":"","statusValue":"PASSED"},"type":"MESSAGE","name":"","message":"Object: \u0027Object Repository/ECR/BID_TYPE\u0027 is clicked on","startTime":1509942319037,"endTime":0,"childRecords":[],"interuppted":false},{"testStatus":{"stackTrace":"","statusValue":"PASSED"},"type":"MESSAGE","name":"","message":"Object \u0027Object Repository/button_Import\u0027 is present","startTime":1509942319083,"endTime":0,"childRecords":[],"interuppted":false},{"testStatus":{"stackTrace":"","statusValue":"PASSED"},"type":"MESSAGE","name":"","message":"Delayed 5 second(s)","startTime":1509942324084,"endTime":0,"childRecords":[],"interuppted":false},{"testStatus":{"stackTrace":"","statusValue":"PASSED"},"type":"MESSAGE","name":"","message":"Object: \u0027Object Repository/button_Import\u0027 is clicked on","startTime":1509942324234,"endTime":0,"childRecords":[],"interuppted":false},{"testStatus":{"stackTrace":"","statusValue":"PASSED"},"type":"MESSAGE","name":"","message":"File \u0027C:\\Users\\nipin\\Desktop\\Latest BSW\\ECR_LITE_EXPSVC.xlsm\u0027 sent to object: \u0027Object Repository/input_PpyWorkPageppyFilePath\u0027","startTime":1509942324841,"endTime":0,"childRecords":[],"interuppted":false},{"testStatus":{"stackTrace":"","statusValue":"PASSED"},"type":"MESSAGE","name":"","message":"Delayed 2 second(s)","startTime":1509942326843,"endTime":0,"childRecords":[],"interuppted":false},{"testStatus":{"stackTrace":"","statusValue":"WARNING"},"type":"MESSAGE","name":"","message":"Timeout \u00270\u0027 is invalid. Using default page load timeout: \u002730\u0027","startTime":1509942326844,"endTime":0,"childRecords":[],"interuppted":false},{"testStatus":{"stackTrace":"","statusValue":"PASSED"},"type":"MESSAGE","name":"","message":"Scroll to object \u0027Object Repository/button_Submit\u0027 successfully","startTime":1509942326894,"endTime":0,"childRecords":[],"interuppted":false},{"testStatus":{"stackTrace":"","statusValue":"PASSED"},"type":"MESSAGE","name":"","message":"Object: \u0027Object Repository/button_Submit\u0027 is clicked on","startTime":1509942327039,"endTime":0,"childRecords":[],"interuppted":false},{"testStatus":{"stackTrace":"","statusValue":"PASSED"},"type":"MESSAGE","name":"","message":"Object \u0027Object Repository/EngInfo/COID\u0027 is visible","startTime":1509942327182,"endTime":0,"childRecords":[],"interuppted":false},{"testStatus":{"stackTrace":"","statusValue":"PASSED"},"type":"MESSAGE","name":"","message":"Delayed 5 second(s)","startTime":1509942332184,"endTime":0,"childRecords":[],"interuppted":false},{"testStatus":{"stackTrace":"","statusValue":"PASSED"},"type":"MESSAGE","name":"","message":"Delayed 5 second(s)","startTime":1509942337187,"endTime":0,"childRecords":[],"interuppted":false},{"testStatus":{"stackTrace":"","statusValue":"PASSED"},"type":"MESSAGE","name":"","message":"Text \u0027BOFA\u0027 is set on object \u0027Object Repository/Generic/ORG\u0027","startTime":1509942337385,"endTime":0,"childRecords":[],"interuppted":false},{"testStatus":{"stackTrace":"","statusValue":"PASSED"},"type":"MESSAGE","name":"","message":"Delayed 5 second(s)","startTime":1509942342386,"endTime":0,"childRecords":[],"interuppted":false},{"testStatus":{"stackTrace":"","statusValue":"PASSED"},"type":"MESSAGE","name":"","message":"Keys \u0027??\u0027 sent to object: \u0027Object Repository/Generic/ORG\u0027","startTime":1509942342455,"endTime":0,"childRecords":[],"interuppted":false},{"testStatus":{"stackTrace":"","statusValue":"PASSED"},"type":"MESSAGE","name":"","message":"Delayed 5 second(s)","startTime":1509942347457,"endTime":0,"childRecords":[],"interuppted":false},{"testStatus":{"stackTrace":"","statusValue":"PASSED"},"type":"MESSAGE","name":"","message":"Text \u0027BOFA\u0027 is set on object \u0027Object Repository/Generic/ACC\u0027","startTime":1509942347660,"endTime":0,"childRecords":[],"interuppted":false},{"testStatus":{"stackTrace":"","statusValue":"PASSED"},"type":"MESSAGE","name":"","message":"Delayed 2 second(s)","startTime":1509942349660,"endTime":0,"childRecords":[],"interuppted":false},{"testStatus":{"stackTrace":"","statusValue":"PASSED"},"type":"MESSAGE","name":"","message":"Keys \u0027??\u0027 sent to object: \u0027Object Repository/Generic/ACC\u0027","startTime":1509942349745,"endTime":0,"childRecords":[],"interuppted":false},{"testStatus":{"stackTrace":"","statusValue":"PASSED"},"type":"MESSAGE","name":"","message":"Delayed 5 second(s)","startTime":1509942354747,"endTime":0,"childRecords":[],"interuppted":false},{"testStatus":{"stackTrace":"","statusValue":"PASSED"},"type":"MESSAGE","name":"","message":"Text \u0027AUTOTEST1\u0027 is set on object \u0027Object Repository/Generic/ENG_DESC\u0027","startTime":1509942355016,"endTime":0,"childRecords":[],"interuppted":false},{"testStatus":{"stackTrace":"","statusValue":"PASSED"},"type":"MESSAGE","name":"","message":"Delayed 5 second(s)","startTime":1509942360018,"endTime":0,"childRecords":[],"interuppted":false},{"testStatus":{"stackTrace":"","statusValue":"WARNING"},"type":"MESSAGE","name":"","message":"Timeout \u00270\u0027 is invalid. Using default page load timeout: \u002730\u0027","startTime":1509942360033,"endTime":0,"childRecords":[],"interuppted":false},{"testStatus":{"stackTrace":"","statusValue":"PASSED"},"type":"MESSAGE","name":"","message":"Scroll to object \u0027Object Repository/Generic/SUBMIT\u0027 successfully","startTime":1509942360085,"endTime":0,"childRecords":[],"interuppted":false},{"testStatus":{"stackTrace":"","statusValue":"FAILED"},"attachment":"1509942360153.png","type":"MESSAGE","name":"","message":"Unable to click on object \u0027Object Repository/Generic/SUBMIT\u0027 (Root cause: org.openqa.selenium.WebDriverException: unknown error: Element \u003cbutton data-test-id\u003d\"201502260643470574523\" data-ctl\u003d\"Button\" type\u003d\"button\" data-click\u003d\"[[\u0026quot;setUserStart\u0026quot;,[\u0026quot;FINISHASSIGNMENT\u0026quot;]],[\u0026quot;doFormSubmit\u0026quot;,[\u0026quot;pyActivity\u003dFinishAssignment\u0026quot;,\u0026quot;:this\u0026quot;,\u0026quot;\u0026quot;,\u0026quot;:event\u0026quot;]]]\" title\u003d\"Complete this assignment\" class\u003d\"COE_Strong pzhc\"\u003e...\u003c/button\u003e is not clickable at point (517, 741). Other element would receive the click: \u003cdiv class\u003d\"modal-align-cell\"\u003e...\u003c/div\u003e\n  (Session info: chrome\u003d61.0.3163.100)\n  (Driver info: chromedriver\u003d2.31.488763 (092de99f48a300323ecf8c2a4e2e7cab51de5ba8),platform\u003dWindows NT 10.0.15063 x86_64) (WARNING: The server did not provide any stacktrace information)\nCommand duration or timeout: 52 milliseconds\nBuild info: version: \u00272.53.0\u0027, revision: \u002735ae25b\u0027, time: \u00272016-03-15 17:00:58\u0027\nSystem info: host: \u0027L23017WIN\u0027, ip: \u002710.150.113.10\u0027, os.name: \u0027Windows 10\u0027, os.arch: \u0027x86\u0027, os.version: \u002710.0\u0027, java.version: \u00271.8.0_102\u0027\nDriver info: com.kms.katalon.selenium.driver.CChromeDriver\nCapabilities [{applicationCacheEnabled\u003dfalse, rotatable\u003dfalse, mobileEmulationEnabled\u003dfalse, networkConnectionEnabled\u003dfalse, chrome\u003d{chromedriverVersion\u003d2.31.488763 (092de99f48a300323ecf8c2a4e2e7cab51de5ba8), userDataDir\u003dC:\\Users\\raycp\\AppData\\Local\\Temp\\scoped_dir6724_18689}, takesHeapSnapshot\u003dtrue, pageLoadStrategy\u003dnormal, databaseEnabled\u003dfalse, handlesAlerts\u003dtrue, hasTouchScreen\u003dfalse, version\u003d61.0.3163.100, platform\u003dXP, browserConnectionEnabled\u003dfalse, nativeEvents\u003dtrue, acceptSslCerts\u003dtrue, locationContextEnabled\u003dtrue, webStorageEnabled\u003dtrue, browserName\u003dchrome, takesScreenshot\u003dtrue, javascriptEnabled\u003dtrue, cssSelectorsEnabled\u003dtrue, setWindowRect\u003dtrue, unexpectedAlertBehaviour\u003d}]\nSession ID: ebd3cdbb3559303b1975a910637920b6)","startTime":1509942360457,"endTime":0,"childRecords":[],"interuppted":false},{"testStatus":{"stackTrace":"","statusValue":"FAILED"},"type":"MESSAGE","name":"","message":"Unable to click on object \u0027Object Repository/Generic/SUBMIT\u0027 (Root cause: org.openqa.selenium.WebDriverException: unknown error: Element \u003cbutton data-test-id\u003d\"201502260643470574523\" data-ctl\u003d\"Button\" type\u003d\"button\" data-click\u003d\"[[\u0026quot;setUserStart\u0026quot;,[\u0026quot;FINISHASSIGNMENT\u0026quot;]],[\u0026quot;doFormSubmit\u0026quot;,[\u0026quot;pyActivity\u003dFinishAssignment\u0026quot;,\u0026quot;:this\u0026quot;,\u0026quot;\u0026quot;,\u0026quot;:event\u0026quot;]]]\" title\u003d\"Complete this assignment\" class\u003d\"COE_Strong pzhc\"\u003e...\u003c/button\u003e is not clickable at point (517, 741). Other element would receive the click: \u003cdiv class\u003d\"modal-align-cell\"\u003e...\u003c/div\u003e\n  (Session info: chrome\u003d61.0.3163.100)\n  (Driver info: chromedriver\u003d2.31.488763 (092de99f48a300323ecf8c2a4e2e7cab51de5ba8),platform\u003dWindows NT 10.0.15063 x86_64) (WARNING: The server did not provide any stacktrace information)\nCommand duration or timeout: 52 milliseconds\nBuild info: version: \u00272.53.0\u0027, revision: \u002735ae25b\u0027, time: \u00272016-03-15 17:00:58\u0027\nSystem info: host: \u0027L23017WIN\u0027, ip: \u002710.150.113.10\u0027, os.name: \u0027Windows 10\u0027, os.arch: \u0027x86\u0027, os.version: \u002710.0\u0027, java.version: \u00271.8.0_102\u0027\nDriver info: com.kms.katalon.selenium.driver.CChromeDriver\nCapabilities [{applicationCacheEnabled\u003dfalse, rotatable\u003dfalse, mobileEmulationEnabled\u003dfalse, networkConnectionEnabled\u003dfalse, chrome\u003d{chromedriverVersion\u003d2.31.488763 (092de99f48a300323ecf8c2a4e2e7cab51de5ba8), userDataDir\u003dC:\\Users\\raycp\\AppData\\Local\\Temp\\scoped_dir6724_18689}, takesHeapSnapshot\u003dtrue, pageLoadStrategy\u003dnormal, databaseEnabled\u003dfalse, handlesAlerts\u003dtrue, hasTouchScreen\u003dfalse, version\u003d61.0.3163.100, platform\u003dXP, browserConnectionEnabled\u003dfalse, nativeEvents\u003dtrue, acceptSslCerts\u003dtrue, locationContextEnabled\u003dtrue, webStorageEnabled\u003dtrue, browserName\u003dchrome, takesScreenshot\u003dtrue, javascriptEnabled\u003dtrue, cssSelectorsEnabled\u003dtrue, setWindowRect\u003dtrue, unexpectedAlertBehaviour\u003d}]\nSession ID: ebd3cdbb3559303b1975a910637920b6)","startTime":1509942360457,"endTime":0,"childRecords":[],"interuppted":false}],"interuppted":false},{"testStatus":{"stackTrace":"","statusValue":"FAILED"},"type":"MESSAGE","name":"","message":"Test Cases/ECR/REF/ECR_Lite_ExpertService FAILED because (of) Unable to click on object \u0027Object Repository/Generic/SUBMIT\u0027 (Root cause: org.openqa.selenium.WebDriverException: unknown error: Element \u003cbutton data-test-id\u003d\"201502260643470574523\" data-ctl\u003d\"Button\" type\u003d\"button\" data-click\u003d\"[[\u0026quot;setUserStart\u0026quot;,[\u0026quot;FINISHASSIGNMENT\u0026quot;]],[\u0026quot;doFormSubmit\u0026quot;,[\u0026quot;pyActivity\u003dFinishAssignment\u0026quot;,\u0026quot;:this\u0026quot;,\u0026quot;\u0026quot;,\u0026quot;:event\u0026quot;]]]\" title\u003d\"Complete this assignment\" class\u003d\"COE_Strong pzhc\"\u003e...\u003c/button\u003e is not clickable at point (517, 741). Other element would receive the click: \u003cdiv class\u003d\"modal-align-cell\"\u003e...\u003c/div\u003e\n  (Session info: chrome\u003d61.0.3163.100)\n  (Driver info: chromedriver\u003d2.31.488763 (092de99f48a300323ecf8c2a4e2e7cab51de5ba8),platform\u003dWindows NT 10.0.15063 x86_64) (WARNING: The server did not provide any stacktrace information)\nCommand duration or timeout: 52 milliseconds\nBuild info: version: \u00272.53.0\u0027, revision: \u002735ae25b\u0027, time: \u00272016-03-15 17:00:58\u0027\nSystem info: host: \u0027L23017WIN\u0027, ip: \u002710.150.113.10\u0027, os.name: \u0027Windows 10\u0027, os.arch: \u0027x86\u0027, os.version: \u002710.0\u0027, java.version: \u00271.8.0_102\u0027\nDriver info: com.kms.katalon.selenium.driver.CChromeDriver\nCapabilities [{applicationCacheEnabled\u003dfalse, rotatable\u003dfalse, mobileEmulationEnabled\u003dfalse, networkConnectionEnabled\u003dfalse, chrome\u003d{chromedriverVersion\u003d2.31.488763 (092de99f48a300323ecf8c2a4e2e7cab51de5ba8), userDataDir\u003dC:\\Users\\raycp\\AppData\\Local\\Temp\\scoped_dir6724_18689}, takesHeapSnapshot\u003dtrue, pageLoadStrategy\u003dnormal, databaseEnabled\u003dfalse, handlesAlerts\u003dtrue, hasTouchScreen\u003dfalse, version\u003d61.0.3163.100, platform\u003dXP, browserConnectionEnabled\u003dfalse, nativeEvents\u003dtrue, acceptSslCerts\u003dtrue, locationContextEnabled\u003dtrue, webStorageEnabled\u003dtrue, browserName\u003dchrome, takesScreenshot\u003dtrue, javascriptEnabled\u003dtrue, cssSelectorsEnabled\u003dtrue, setWindowRect\u003dtrue, unexpectedAlertBehaviour\u003d}]\nSession ID: ebd3cdbb3559303b1975a910637920b6)","startTime":1509942360457,"endTime":0,"childRecords":[],"interuppted":false}],"interuppted":false},{"testStatus":{"stackTrace":"","statusValue":"FAILED"},"type":"MESSAGE","name":"","message":"Unable to call Test Case with id \u0027Test Cases/ECR/REF/ECR_Lite_ExpertService\u0027 (Root cause: Call Test Case \u0027Test Cases/ECR/REF/ECR_Lite_ExpertService\u0027 failed)","startTime":1509942360457,"endTime":0,"childRecords":[],"interuppted":false}],"interuppted":false},{"testStatus":{"stackTrace":"","statusValue":"FAILED"},"type":"MESSAGE","name":"","message":"Test Cases/ECR/TC_ECR_Lite_ExpertService_AllReject FAILED because (of) Unable to click on object \u0027Object Repository/Generic/SUBMIT\u0027 (Root cause: org.openqa.selenium.WebDriverException: unknown error: Element \u003cbutton data-test-id\u003d\"201502260643470574523\" data-ctl\u003d\"Button\" type\u003d\"button\" data-click\u003d\"[[\u0026quot;setUserStart\u0026quot;,[\u0026quot;FINISHASSIGNMENT\u0026quot;]],[\u0026quot;doFormSubmit\u0026quot;,[\u0026quot;pyActivity\u003dFinishAssignment\u0026quot;,\u0026quot;:this\u0026quot;,\u0026quot;\u0026quot;,\u0026quot;:event\u0026quot;]]]\" title\u003d\"Complete this assignment\" class\u003d\"COE_Strong pzhc\"\u003e...\u003c/button\u003e is not clickable at point (517, 741). Other element would receive the click: \u003cdiv class\u003d\"modal-align-cell\"\u003e...\u003c/div\u003e\n  (Session info: chrome\u003d61.0.3163.100)\n  (Driver info: chromedriver\u003d2.31.488763 (092de99f48a300323ecf8c2a4e2e7cab51de5ba8),platform\u003dWindows NT 10.0.15063 x86_64) (WARNING: The server did not provide any stacktrace information)\nCommand duration or timeout: 52 milliseconds\nBuild info: version: \u00272.53.0\u0027, revision: \u002735ae25b\u0027, time: \u00272016-03-15 17:00:58\u0027\nSystem info: host: \u0027L23017WIN\u0027, ip: \u002710.150.113.10\u0027, os.name: \u0027Windows 10\u0027, os.arch: \u0027x86\u0027, os.version: \u002710.0\u0027, java.version: \u00271.8.0_102\u0027\nDriver info: com.kms.katalon.selenium.driver.CChromeDriver\nCapabilities [{applicationCacheEnabled\u003dfalse, rotatable\u003dfalse, mobileEmulationEnabled\u003dfalse, networkConnectionEnabled\u003dfalse, chrome\u003d{chromedriverVersion\u003d2.31.488763 (092de99f48a300323ecf8c2a4e2e7cab51de5ba8), userDataDir\u003dC:\\Users\\raycp\\AppData\\Local\\Temp\\scoped_dir6724_18689}, takesHeapSnapshot\u003dtrue, pageLoadStrategy\u003dnormal, databaseEnabled\u003dfalse, handlesAlerts\u003dtrue, hasTouchScreen\u003dfalse, version\u003d61.0.3163.100, platform\u003dXP, browserConnectionEnabled\u003dfalse, nativeEvents\u003dtrue, acceptSslCerts\u003dtrue, locationContextEnabled\u003dtrue, webStorageEnabled\u003dtrue, browserName\u003dchrome, takesScreenshot\u003dtrue, javascriptEnabled\u003dtrue, cssSelectorsEnabled\u003dtrue, setWindowRect\u003dtrue, unexpectedAlertBehaviour\u003d}]\nSession ID: ebd3cdbb3559303b1975a910637920b6)","startTime":1509942360457,"endTime":0,"childRecords":[],"interuppted":false}],"interuppted":false},{"isOptional":false,"type":"TEST_CASE","name":"Test Cases/ECR/TC_ECR_Meeting_ExpertService_AllApproval","id":"Test Cases/ECR/TC_ECR_Meeting_ExpertService_AllApproval","source":"C:\\\\Users\\\\raycp\\\\Desktop\\\\COETest Cases\\\\ECR\\\\TC_ECR_Meeting_ExpertService_AllApproval.tc","message":"Test Cases/ECR/TC_ECR_Meeting_ExpertService_AllApproval FAILED because (of) Unable to click on object \u0027Object Repository/Generic/SUBMIT\u0027 (Root cause: org.openqa.selenium.WebDriverException: unknown error: Element \u003cbutton data-test-id\u003d\"201502260643470574523\" data-ctl\u003d\"Button\" type\u003d\"button\" data-click\u003d\"[[\u0026quot;setUserStart\u0026quot;,[\u0026quot;FINISHASSIGNMENT\u0026quot;]],[\u0026quot;doFormSubmit\u0026quot;,[\u0026quot;pyActivity\u003dFinishAssignment\u0026quot;,\u0026quot;:this\u0026quot;,\u0026quot;\u0026quot;,\u0026quot;:event\u0026quot;]]]\" title\u003d\"Complete this assignment\" class\u003d\"COE_Strong pzhc\"\u003e...\u003c/button\u003e is not clickable at point (517, 741). Other element would receive the click: \u003cdiv class\u003d\"modal-align-cell\"\u003e...\u003c/div\u003e\n  (Session info: chrome\u003d61.0.3163.100)\n  (Driver info: chromedriver\u003d2.31.488763 (092de99f48a300323ecf8c2a4e2e7cab51de5ba8),platform\u003dWindows NT 10.0.15063 x86_64) (WARNING: The server did not provide any stacktrace information)\nCommand duration or timeout: 50 milliseconds\nBuild info: version: \u00272.53.0\u0027, revision: \u002735ae25b\u0027, time: \u00272016-03-15 17:00:58\u0027\nSystem info: host: \u0027L23017WIN\u0027, ip: \u002710.150.113.10\u0027, os.name: \u0027Windows 10\u0027, os.arch: \u0027x86\u0027, os.version: \u002710.0\u0027, java.version: \u00271.8.0_102\u0027\nDriver info: com.kms.katalon.selenium.driver.CChromeDriver\nCapabilities [{applicationCacheEnabled\u003dfalse, rotatable\u003dfalse, mobileEmulationEnabled\u003dfalse, networkConnectionEnabled\u003dfalse, chrome\u003d{chromedriverVersion\u003d2.31.488763 (092de99f48a300323ecf8c2a4e2e7cab51de5ba8), userDataDir\u003dC:\\Users\\raycp\\AppData\\Local\\Temp\\scoped_dir6160_20061}, takesHeapSnapshot\u003dtrue, pageLoadStrategy\u003dnormal, databaseEnabled\u003dfalse, handlesAlerts\u003dtrue, hasTouchScreen\u003dfalse, version\u003d61.0.3163.100, platform\u003dXP, browserConnectionEnabled\u003dfalse, nativeEvents\u003dtrue, acceptSslCerts\u003dtrue, locationContextEnabled\u003dtrue, webStorageEnabled\u003dtrue, browserName\u003dchrome, takesScreenshot\u003dtrue, javascriptEnabled\u003dtrue, cssSelectorsEnabled\u003dtrue, setWindowRect\u003dtrue, unexpectedAlertBehaviour\u003d}]\nSession ID: 226170fa45397dd60b6ef5a6920c7182)","description":"","startTime":1509942360521,"endTime":1509942420665,"childRecords":[{"testStatus":{"stackTrace":"","statusValue":"INFO"},"type":"MESSAGE","name":"","message":"Evaluating variables for test case","startTime":1509942360527,"endTime":0,"childRecords":[],"interuppted":false},{"index":1,"isIgnoredIfFailed":false,"type":"TEST_STEP","name":"callTestCase","message":"Unable to call Test Case with id \u0027Test Cases/ECR/REF/ECR_Meeting_ExpertService\u0027 (Root cause: Call Test Case \u0027Test Cases/ECR/REF/ECR_Meeting_ExpertService\u0027 failed)","description":"","startTime":1509942360637,"endTime":1509942420665,"childRecords":[{"isOptional":false,"type":"TEST_CASE","name":"Test Cases/ECR/REF/ECR_Meeting_ExpertService","id":"Test Cases/ECR/REF/ECR_Meeting_ExpertService","source":"C:\\\\Users\\\\raycp\\\\Desktop\\\\COETest Cases\\\\ECR\\\\REF\\\\ECR_Meeting_ExpertService.tc","message":"Test Cases/ECR/REF/ECR_Meeting_ExpertService FAILED because (of) Unable to click on object \u0027Object Repository/Generic/SUBMIT\u0027 (Root cause: org.openqa.selenium.WebDriverException: unknown error: Element \u003cbutton data-test-id\u003d\"201502260643470574523\" data-ctl\u003d\"Button\" type\u003d\"button\" data-click\u003d\"[[\u0026quot;setUserStart\u0026quot;,[\u0026quot;FINISHASSIGNMENT\u0026quot;]],[\u0026quot;doFormSubmit\u0026quot;,[\u0026quot;pyActivity\u003dFinishAssignment\u0026quot;,\u0026quot;:this\u0026quot;,\u0026quot;\u0026quot;,\u0026quot;:event\u0026quot;]]]\" title\u003d\"Complete this assignment\" class\u003d\"COE_Strong pzhc\"\u003e...\u003c/button\u003e is not clickable at point (517, 741). Other element would receive the click: \u003cdiv class\u003d\"modal-align-cell\"\u003e...\u003c/div\u003e\n  (Session info: chrome\u003d61.0.3163.100)\n  (Driver info: chromedriver\u003d2.31.488763 (092de99f48a300323ecf8c2a4e2e7cab51de5ba8),platform\u003dWindows NT 10.0.15063 x86_64) (WARNING: The server did not provide any stacktrace information)\nCommand duration or timeout: 50 milliseconds\nBuild info: version: \u00272.53.0\u0027, revision: \u002735ae25b\u0027, time: \u00272016-03-15 17:00:58\u0027\nSystem info: host: \u0027L23017WIN\u0027, ip: \u002710.150.113.10\u0027, os.name: \u0027Windows 10\u0027, os.arch: \u0027x86\u0027, os.version: \u002710.0\u0027, java.version: \u00271.8.0_102\u0027\nDriver info: com.kms.katalon.selenium.driver.CChromeDriver\nCapabilities [{applicationCacheEnabled\u003dfalse, rotatable\u003dfalse, mobileEmulationEnabled\u003dfalse, networkConnectionEnabled\u003dfalse, chrome\u003d{chromedriverVersion\u003d2.31.488763 (092de99f48a300323ecf8c2a4e2e7cab51de5ba8), userDataDir\u003dC:\\Users\\raycp\\AppData\\Local\\Temp\\scoped_dir6160_20061}, takesHeapSnapshot\u003dtrue, pageLoadStrategy\u003dnormal, databaseEnabled\u003dfalse, handlesAlerts\u003dtrue, hasTouchScreen\u003dfalse, version\u003d61.0.3163.100, platform\u003dXP, browserConnectionEnabled\u003dfalse, nativeEvents\u003dtrue, acceptSslCerts\u003dtrue, locationContextEnabled\u003dtrue, webStorageEnabled\u003dtrue, browserName\u003dchrome, takesScreenshot\u003dtrue, javascriptEnabled\u003dtrue, cssSelectorsEnabled\u003dtrue, setWindowRect\u003dtrue, unexpectedAlertBehaviour\u003d}]\nSession ID: 226170fa45397dd60b6ef5a6920c7182)","description":"","startTime":1509942360690,"endTime":1509942420664,"childRecords":[{"testStatus":{"stackTrace":"","statusValue":"INFO"},"type":"MESSAGE","name":"","message":"Evaluating variables for test case","startTime":1509942360690,"endTime":0,"childRecords":[],"interuppted":false},{"index":1,"isIgnoredIfFailed":false,"type":"TEST_STEP","name":"com.helper.commonfunct.utilities.login","message":"com.helper.commonfunct.utilities.login is PASSED","description":"","startTime":1509942360805,"endTime":1509942375668,"childRecords":[{"testStatus":{"stackTrace":"","statusValue":"WARNING"},"type":"MESSAGE","name":"","message":"A browser is already opened. Closing browser and opening a new one","startTime":1509942360805,"endTime":0,"childRecords":[],"interuppted":false},{"testStatus":{"stackTrace":"","statusValue":"PASSED"},"type":"MESSAGE","name":"","message":"Browser is opened with url: \u0027\u0027","startTime":1509942364009,"endTime":0,"childRecords":[],"interuppted":false},{"testStatus":{"stackTrace":"","statusValue":"PASSED"},"type":"MESSAGE","name":"","message":"Navigate to \u0027http://vtcpqa2:9685/tcpqa/PRServlet\u0027 successfully","startTime":1509942366110,"endTime":0,"childRecords":[],"interuppted":false},{"testStatus":{"stackTrace":"","statusValue":"PASSED"},"type":"MESSAGE","name":"","message":"Text \u0027pogoa@pegasystems.com\u0027 is set on object \u0027Object Repository/input_UserIdentifier\u0027","startTime":1509942366327,"endTime":0,"childRecords":[],"interuppted":false},{"testStatus":{"stackTrace":"","statusValue":"PASSED"},"type":"MESSAGE","name":"","message":"Text \u0027install\u0027 is set on object \u0027Object Repository/input_Password\u0027","startTime":1509942366474,"endTime":0,"childRecords":[],"interuppted":false},{"testStatus":{"stackTrace":"","statusValue":"PASSED"},"type":"MESSAGE","name":"","message":"Keys \u0027??\u0027 sent to object: \u0027Object Repository/input_Password\u0027","startTime":1509942375667,"endTime":0,"childRecords":[],"interuppted":false},{"testStatus":{"stackTrace":"","statusValue":"PASSED"},"type":"MESSAGE","name":"","message":"com.helper.commonfunct.utilities.login is PASSED","startTime":1509942375667,"endTime":0,"childRecords":[],"interuppted":false}],"interuppted":false},{"attachment":"1509942420350.png","index":2,"isIgnoredIfFailed":false,"type":"TEST_STEP","name":"com.helper.commonfunct.utilities.createECR","message":"Unable to click on object \u0027Object Repository/Generic/SUBMIT\u0027 (Root cause: org.openqa.selenium.WebDriverException: unknown error: Element \u003cbutton data-test-id\u003d\"201502260643470574523\" data-ctl\u003d\"Button\" type\u003d\"button\" data-click\u003d\"[[\u0026quot;setUserStart\u0026quot;,[\u0026quot;FINISHASSIGNMENT\u0026quot;]],[\u0026quot;doFormSubmit\u0026quot;,[\u0026quot;pyActivity\u003dFinishAssignment\u0026quot;,\u0026quot;:this\u0026quot;,\u0026quot;\u0026quot;,\u0026quot;:event\u0026quot;]]]\" title\u003d\"Complete this assignment\" class\u003d\"COE_Strong pzhc\"\u003e...\u003c/button\u003e is not clickable at point (517, 741). Other element would receive the click: \u003cdiv class\u003d\"modal-align-cell\"\u003e...\u003c/div\u003e\n  (Session info: chrome\u003d61.0.3163.100)\n  (Driver info: chromedriver\u003d2.31.488763 (092de99f48a300323ecf8c2a4e2e7cab51de5ba8),platform\u003dWindows NT 10.0.15063 x86_64) (WARNING: The server did not provide any stacktrace information)\nCommand duration or timeout: 50 milliseconds\nBuild info: version: \u00272.53.0\u0027, revision: \u002735ae25b\u0027, time: \u00272016-03-15 17:00:58\u0027\nSystem info: host: \u0027L23017WIN\u0027, ip: \u002710.150.113.10\u0027, os.name: \u0027Windows 10\u0027, os.arch: \u0027x86\u0027, os.version: \u002710.0\u0027, java.version: \u00271.8.0_102\u0027\nDriver info: com.kms.katalon.selenium.driver.CChromeDriver\nCapabilities [{applicationCacheEnabled\u003dfalse, rotatable\u003dfalse, mobileEmulationEnabled\u003dfalse, networkConnectionEnabled\u003dfalse, chrome\u003d{chromedriverVersion\u003d2.31.488763 (092de99f48a300323ecf8c2a4e2e7cab51de5ba8), userDataDir\u003dC:\\Users\\raycp\\AppData\\Local\\Temp\\scoped_dir6160_20061}, takesHeapSnapshot\u003dtrue, pageLoadStrategy\u003dnormal, databaseEnabled\u003dfalse, handlesAlerts\u003dtrue, hasTouchScreen\u003dfalse, version\u003d61.0.3163.100, platform\u003dXP, browserConnectionEnabled\u003dfalse, nativeEvents\u003dtrue, acceptSslCerts\u003dtrue, locationContextEnabled\u003dtrue, webStorageEnabled\u003dtrue, browserName\u003dchrome, takesScreenshot\u003dtrue, javascriptEnabled\u003dtrue, cssSelectorsEnabled\u003dtrue, setWindowRect\u003dtrue, unexpectedAlertBehaviour\u003d}]\nSession ID: 226170fa45397dd60b6ef5a6920c7182)","description":"","startTime":1509942375668,"endTime":1509942420655,"childRecords":[{"testStatus":{"stackTrace":"","statusValue":"PASSED"},"type":"MESSAGE","name":"","message":"Object: \u0027Object Repository/Generic/a_Actions\u0027 is clicked on","startTime":1509942375821,"endTime":0,"childRecords":[],"interuppted":false},{"testStatus":{"stackTrace":"","statusValue":"PASSED"},"type":"MESSAGE","name":"","message":"Object: \u0027Object Repository/span_New\u0027 is focused","startTime":1509942376711,"endTime":0,"childRecords":[],"interuppted":false},{"testStatus":{"stackTrace":"","statusValue":"PASSED"},"type":"MESSAGE","name":"","message":"Object: \u0027Object Repository/span_Bid Process\u0027 is clicked on","startTime":1509942378923,"endTime":0,"childRecords":[],"interuppted":false},{"testStatus":{"stackTrace":"","statusValue":"PASSED"},"type":"MESSAGE","name":"","message":"Object: \u0027Object Repository/ECR/BID_TYPE\u0027 is clicked on","startTime":1509942379142,"endTime":0,"childRecords":[],"interuppted":false},{"testStatus":{"stackTrace":"","statusValue":"PASSED"},"type":"MESSAGE","name":"","message":"Object \u0027Object Repository/button_Import\u0027 is present","startTime":1509942379169,"endTime":0,"childRecords":[],"interuppted":false},{"testStatus":{"stackTrace":"","statusValue":"PASSED"},"type":"MESSAGE","name":"","message":"Delayed 5 second(s)","startTime":1509942384171,"endTime":0,"childRecords":[],"interuppted":false},{"testStatus":{"stackTrace":"","statusValue":"PASSED"},"type":"MESSAGE","name":"","message":"Object: \u0027Object Repository/button_Import\u0027 is clicked on","startTime":1509942384336,"endTime":0,"childRecords":[],"interuppted":false},{"testStatus":{"stackTrace":"","statusValue":"PASSED"},"type":"MESSAGE","name":"","message":"File \u0027C:\\Users\\nipin\\Desktop\\Latest BSW\\ECR_EXPSVC.xlsm\u0027 sent to object: \u0027Object Repository/input_PpyWorkPageppyFilePath\u0027","startTime":1509942384949,"endTime":0,"childRecords":[],"interuppted":false},{"testStatus":{"stackTrace":"","statusValue":"PASSED"},"type":"MESSAGE","name":"","message":"Delayed 2 second(s)","startTime":1509942386951,"endTime":0,"childRecords":[],"interuppted":false},{"testStatus":{"stackTrace":"","statusValue":"WARNING"},"type":"MESSAGE","name":"","message":"Timeout \u00270\u0027 is invalid. Using default page load timeout: \u002730\u0027","startTime":1509942386959,"endTime":0,"childRecords":[],"interuppted":false},{"testStatus":{"stackTrace":"","statusValue":"PASSED"},"type":"MESSAGE","name":"","message":"Scroll to object \u0027Object Repository/button_Submit\u0027 successfully","startTime":1509942387018,"endTime":0,"childRecords":[],"interuppted":false},{"testStatus":{"stackTrace":"","statusValue":"PASSED"},"type":"MESSAGE","name":"","message":"Object: \u0027Object Repository/button_Submit\u0027 is clicked on","startTime":1509942387197,"endTime":0,"childRecords":[],"interuppted":false},{"testStatus":{"stackTrace":"","statusValue":"PASSED"},"type":"MESSAGE","name":"","message":"Object \u0027Object Repository/EngInfo/COID\u0027 is visible","startTime":1509942387340,"endTime":0,"childRecords":[],"interuppted":false},{"testStatus":{"stackTrace":"","statusValue":"PASSED"},"type":"MESSAGE","name":"","message":"Delayed 5 second(s)","startTime":1509942392341,"endTime":0,"childRecords":[],"interuppted":false},{"testStatus":{"stackTrace":"","statusValue":"PASSED"},"type":"MESSAGE","name":"","message":"Delayed 5 second(s)","startTime":1509942397344,"endTime":0,"childRecords":[],"interuppted":false},{"testStatus":{"stackTrace":"","statusValue":"PASSED"},"type":"MESSAGE","name":"","message":"Text \u0027BOFA\u0027 is set on object \u0027Object Repository/Generic/ORG\u0027","startTime":1509942397520,"endTime":0,"childRecords":[],"interuppted":false},{"testStatus":{"stackTrace":"","statusValue":"PASSED"},"type":"MESSAGE","name":"","message":"Delayed 5 second(s)","startTime":1509942402522,"endTime":0,"childRecords":[],"interuppted":false},{"testStatus":{"stackTrace":"","statusValue":"PASSED"},"type":"MESSAGE","name":"","message":"Keys \u0027??\u0027 sent to object: \u0027Object Repository/Generic/ORG\u0027","startTime":1509942402616,"endTime":0,"childRecords":[],"interuppted":false},{"testStatus":{"stackTrace":"","statusValue":"PASSED"},"type":"MESSAGE","name":"","message":"Delayed 5 second(s)","startTime":1509942407617,"endTime":0,"childRecords":[],"interuppted":false},{"testStatus":{"stackTrace":"","statusValue":"PASSED"},"type":"MESSAGE","name":"","message":"Text \u0027BOFA\u0027 is set on object \u0027Object Repository/Generic/ACC\u0027","startTime":1509942407819,"endTime":0,"childRecords":[],"interuppted":false},{"testStatus":{"stackTrace":"","statusValue":"PASSED"},"type":"MESSAGE","name":"","message":"Delayed 2 second(s)","startTime":1509942409821,"endTime":0,"childRecords":[],"interuppted":false},{"testStatus":{"stackTrace":"","statusValue":"PASSED"},"type":"MESSAGE","name":"","message":"Keys \u0027??\u0027 sent to object: \u0027Object Repository/Generic/ACC\u0027","startTime":1509942409928,"endTime":0,"childRecords":[],"interuppted":false},{"testStatus":{"stackTrace":"","statusValue":"PASSED"},"type":"MESSAGE","name":"","message":"Delayed 5 second(s)","startTime":1509942414929,"endTime":0,"childRecords":[],"interuppted":false},{"testStatus":{"stackTrace":"","statusValue":"PASSED"},"type":"MESSAGE","name":"","message":"Text \u0027AUTOTEST1\u0027 is set on object \u0027Object Repository/Generic/ENG_DESC\u0027","startTime":1509942415225,"endTime":0,"childRecords":[],"interuppted":false},{"testStatus":{"stackTrace":"","statusValue":"PASSED"},"type":"MESSAGE","name":"","message":"Delayed 5 second(s)","startTime":1509942420226,"endTime":0,"childRecords":[],"interuppted":false},{"testStatus":{"stackTrace":"","statusValue":"WARNING"},"type":"MESSAGE","name":"","message":"Timeout \u00270\u0027 is invalid. Using default page load timeout: \u002730\u0027","startTime":1509942420228,"endTime":0,"childRecords":[],"interuppted":false},{"testStatus":{"stackTrace":"","statusValue":"PASSED"},"type":"MESSAGE","name":"","message":"Scroll to object \u0027Object Repository/Generic/SUBMIT\u0027 successfully","startTime":1509942420268,"endTime":0,"childRecords":[],"interuppted":false},{"testStatus":{"stackTrace":"","statusValue":"FAILED"},"attachment":"1509942420350.png","type":"MESSAGE","name":"","message":"Unable to click on object \u0027Object Repository/Generic/SUBMIT\u0027 (Root cause: org.openqa.selenium.WebDriverException: unknown error: Element \u003cbutton data-test-id\u003d\"201502260643470574523\" data-ctl\u003d\"Button\" type\u003d\"button\" data-click\u003d\"[[\u0026quot;setUserStart\u0026quot;,[\u0026quot;FINISHASSIGNMENT\u0026quot;]],[\u0026quot;doFormSubmit\u0026quot;,[\u0026quot;pyActivity\u003dFinishAssignment\u0026quot;,\u0026quot;:this\u0026quot;,\u0026quot;\u0026quot;,\u0026quot;:event\u0026quot;]]]\" title\u003d\"Complete this assignment\" class\u003d\"COE_Strong pzhc\"\u003e...\u003c/button\u003e is not clickable at point (517, 741). Other element would receive the click: \u003cdiv class\u003d\"modal-align-cell\"\u003e...\u003c/div\u003e\n  (Session info: chrome\u003d61.0.3163.100)\n  (Driver info: chromedriver\u003d2.31.488763 (092de99f48a300323ecf8c2a4e2e7cab51de5ba8),platform\u003dWindows NT 10.0.15063 x86_64) (WARNING: The server did not provide any stacktrace information)\nCommand duration or timeout: 50 milliseconds\nBuild info: version: \u00272.53.0\u0027, revision: \u002735ae25b\u0027, time: \u00272016-03-15 17:00:58\u0027\nSystem info: host: \u0027L23017WIN\u0027, ip: \u002710.150.113.10\u0027, os.name: \u0027Windows 10\u0027, os.arch: \u0027x86\u0027, os.version: \u002710.0\u0027, java.version: \u00271.8.0_102\u0027\nDriver info: com.kms.katalon.selenium.driver.CChromeDriver\nCapabilities [{applicationCacheEnabled\u003dfalse, rotatable\u003dfalse, mobileEmulationEnabled\u003dfalse, networkConnectionEnabled\u003dfalse, chrome\u003d{chromedriverVersion\u003d2.31.488763 (092de99f48a300323ecf8c2a4e2e7cab51de5ba8), userDataDir\u003dC:\\Users\\raycp\\AppData\\Local\\Temp\\scoped_dir6160_20061}, takesHeapSnapshot\u003dtrue, pageLoadStrategy\u003dnormal, databaseEnabled\u003dfalse, handlesAlerts\u003dtrue, hasTouchScreen\u003dfalse, version\u003d61.0.3163.100, platform\u003dXP, browserConnectionEnabled\u003dfalse, nativeEvents\u003dtrue, acceptSslCerts\u003dtrue, locationContextEnabled\u003dtrue, webStorageEnabled\u003dtrue, browserName\u003dchrome, takesScreenshot\u003dtrue, javascriptEnabled\u003dtrue, cssSelectorsEnabled\u003dtrue, setWindowRect\u003dtrue, unexpectedAlertBehaviour\u003d}]\nSession ID: 226170fa45397dd60b6ef5a6920c7182)","startTime":1509942420655,"endTime":0,"childRecords":[],"interuppted":false},{"testStatus":{"stackTrace":"","statusValue":"FAILED"},"type":"MESSAGE","name":"","message":"Unable to click on object \u0027Object Repository/Generic/SUBMIT\u0027 (Root cause: org.openqa.selenium.WebDriverException: unknown error: Element \u003cbutton data-test-id\u003d\"201502260643470574523\" data-ctl\u003d\"Button\" type\u003d\"button\" data-click\u003d\"[[\u0026quot;setUserStart\u0026quot;,[\u0026quot;FINISHASSIGNMENT\u0026quot;]],[\u0026quot;doFormSubmit\u0026quot;,[\u0026quot;pyActivity\u003dFinishAssignment\u0026quot;,\u0026quot;:this\u0026quot;,\u0026quot;\u0026quot;,\u0026quot;:event\u0026quot;]]]\" title\u003d\"Complete this assignment\" class\u003d\"COE_Strong pzhc\"\u003e...\u003c/button\u003e is not clickable at point (517, 741). Other element would receive the click: \u003cdiv class\u003d\"modal-align-cell\"\u003e...\u003c/div\u003e\n  (Session info: chrome\u003d61.0.3163.100)\n  (Driver info: chromedriver\u003d2.31.488763 (092de99f48a300323ecf8c2a4e2e7cab51de5ba8),platform\u003dWindows NT 10.0.15063 x86_64) (WARNING: The server did not provide any stacktrace information)\nCommand duration or timeout: 50 milliseconds\nBuild info: version: \u00272.53.0\u0027, revision: \u002735ae25b\u0027, time: \u00272016-03-15 17:00:58\u0027\nSystem info: host: \u0027L23017WIN\u0027, ip: \u002710.150.113.10\u0027, os.name: \u0027Windows 10\u0027, os.arch: \u0027x86\u0027, os.version: \u002710.0\u0027, java.version: \u00271.8.0_102\u0027\nDriver info: com.kms.katalon.selenium.driver.CChromeDriver\nCapabilities [{applicationCacheEnabled\u003dfalse, rotatable\u003dfalse, mobileEmulationEnabled\u003dfalse, networkConnectionEnabled\u003dfalse, chrome\u003d{chromedriverVersion\u003d2.31.488763 (092de99f48a300323ecf8c2a4e2e7cab51de5ba8), userDataDir\u003dC:\\Users\\raycp\\AppData\\Local\\Temp\\scoped_dir6160_20061}, takesHeapSnapshot\u003dtrue, pageLoadStrategy\u003dnormal, databaseEnabled\u003dfalse, handlesAlerts\u003dtrue, hasTouchScreen\u003dfalse, version\u003d61.0.3163.100, platform\u003dXP, browserConnectionEnabled\u003dfalse, nativeEvents\u003dtrue, acceptSslCerts\u003dtrue, locationContextEnabled\u003dtrue, webStorageEnabled\u003dtrue, browserName\u003dchrome, takesScreenshot\u003dtrue, javascriptEnabled\u003dtrue, cssSelectorsEnabled\u003dtrue, setWindowRect\u003dtrue, unexpectedAlertBehaviour\u003d}]\nSession ID: 226170fa45397dd60b6ef5a6920c7182)","startTime":1509942420655,"endTime":0,"childRecords":[],"interuppted":false}],"interuppted":false},{"testStatus":{"stackTrace":"","statusValue":"FAILED"},"type":"MESSAGE","name":"","message":"Test Cases/ECR/REF/ECR_Meeting_ExpertService FAILED because (of) Unable to click on object \u0027Object Repository/Generic/SUBMIT\u0027 (Root cause: org.openqa.selenium.WebDriverException: unknown error: Element \u003cbutton data-test-id\u003d\"201502260643470574523\" data-ctl\u003d\"Button\" type\u003d\"button\" data-click\u003d\"[[\u0026quot;setUserStart\u0026quot;,[\u0026quot;FINISHASSIGNMENT\u0026quot;]],[\u0026quot;doFormSubmit\u0026quot;,[\u0026quot;pyActivity\u003dFinishAssignment\u0026quot;,\u0026quot;:this\u0026quot;,\u0026quot;\u0026quot;,\u0026quot;:event\u0026quot;]]]\" title\u003d\"Complete this assignment\" class\u003d\"COE_Strong pzhc\"\u003e...\u003c/button\u003e is not clickable at point (517, 741). Other element would receive the click: \u003cdiv class\u003d\"modal-align-cell\"\u003e...\u003c/div\u003e\n  (Session info: chrome\u003d61.0.3163.100)\n  (Driver info: chromedriver\u003d2.31.488763 (092de99f48a300323ecf8c2a4e2e7cab51de5ba8),platform\u003dWindows NT 10.0.15063 x86_64) (WARNING: The server did not provide any stacktrace information)\nCommand duration or timeout: 50 milliseconds\nBuild info: version: \u00272.53.0\u0027, revision: \u002735ae25b\u0027, time: \u00272016-03-15 17:00:58\u0027\nSystem info: host: \u0027L23017WIN\u0027, ip: \u002710.150.113.10\u0027, os.name: \u0027Windows 10\u0027, os.arch: \u0027x86\u0027, os.version: \u002710.0\u0027, java.version: \u00271.8.0_102\u0027\nDriver info: com.kms.katalon.selenium.driver.CChromeDriver\nCapabilities [{applicationCacheEnabled\u003dfalse, rotatable\u003dfalse, mobileEmulationEnabled\u003dfalse, networkConnectionEnabled\u003dfalse, chrome\u003d{chromedriverVersion\u003d2.31.488763 (092de99f48a300323ecf8c2a4e2e7cab51de5ba8), userDataDir\u003dC:\\Users\\raycp\\AppData\\Local\\Temp\\scoped_dir6160_20061}, takesHeapSnapshot\u003dtrue, pageLoadStrategy\u003dnormal, databaseEnabled\u003dfalse, handlesAlerts\u003dtrue, hasTouchScreen\u003dfalse, version\u003d61.0.3163.100, platform\u003dXP, browserConnectionEnabled\u003dfalse, nativeEvents\u003dtrue, acceptSslCerts\u003dtrue, locationContextEnabled\u003dtrue, webStorageEnabled\u003dtrue, browserName\u003dchrome, takesScreenshot\u003dtrue, javascriptEnabled\u003dtrue, cssSelectorsEnabled\u003dtrue, setWindowRect\u003dtrue, unexpectedAlertBehaviour\u003d}]\nSession ID: 226170fa45397dd60b6ef5a6920c7182)","startTime":1509942420655,"endTime":0,"childRecords":[],"interuppted":false}],"interuppted":false},{"testStatus":{"stackTrace":"","statusValue":"FAILED"},"type":"MESSAGE","name":"","message":"Unable to call Test Case with id \u0027Test Cases/ECR/REF/ECR_Meeting_ExpertService\u0027 (Root cause: Call Test Case \u0027Test Cases/ECR/REF/ECR_Meeting_ExpertService\u0027 failed)","startTime":1509942420665,"endTime":0,"childRecords":[],"interuppted":false}],"interuppted":false},{"testStatus":{"stackTrace":"","statusValue":"FAILED"},"type":"MESSAGE","name":"","message":"Test Cases/ECR/TC_ECR_Meeting_ExpertService_AllApproval FAILED because (of) Unable to click on object \u0027Object Repository/Generic/SUBMIT\u0027 (Root cause: org.openqa.selenium.WebDriverException: unknown error: Element \u003cbutton data-test-id\u003d\"201502260643470574523\" data-ctl\u003d\"Button\" type\u003d\"button\" data-click\u003d\"[[\u0026quot;setUserStart\u0026quot;,[\u0026quot;FINISHASSIGNMENT\u0026quot;]],[\u0026quot;doFormSubmit\u0026quot;,[\u0026quot;pyActivity\u003dFinishAssignment\u0026quot;,\u0026quot;:this\u0026quot;,\u0026quot;\u0026quot;,\u0026quot;:event\u0026quot;]]]\" title\u003d\"Complete this assignment\" class\u003d\"COE_Strong pzhc\"\u003e...\u003c/button\u003e is not clickable at point (517, 741). Other element would receive the click: \u003cdiv class\u003d\"modal-align-cell\"\u003e...\u003c/div\u003e\n  (Session info: chrome\u003d61.0.3163.100)\n  (Driver info: chromedriver\u003d2.31.488763 (092de99f48a300323ecf8c2a4e2e7cab51de5ba8),platform\u003dWindows NT 10.0.15063 x86_64) (WARNING: The server did not provide any stacktrace information)\nCommand duration or timeout: 50 milliseconds\nBuild info: version: \u00272.53.0\u0027, revision: \u002735ae25b\u0027, time: \u00272016-03-15 17:00:58\u0027\nSystem info: host: \u0027L23017WIN\u0027, ip: \u002710.150.113.10\u0027, os.name: \u0027Windows 10\u0027, os.arch: \u0027x86\u0027, os.version: \u002710.0\u0027, java.version: \u00271.8.0_102\u0027\nDriver info: com.kms.katalon.selenium.driver.CChromeDriver\nCapabilities [{applicationCacheEnabled\u003dfalse, rotatable\u003dfalse, mobileEmulationEnabled\u003dfalse, networkConnectionEnabled\u003dfalse, chrome\u003d{chromedriverVersion\u003d2.31.488763 (092de99f48a300323ecf8c2a4e2e7cab51de5ba8), userDataDir\u003dC:\\Users\\raycp\\AppData\\Local\\Temp\\scoped_dir6160_20061}, takesHeapSnapshot\u003dtrue, pageLoadStrategy\u003dnormal, databaseEnabled\u003dfalse, handlesAlerts\u003dtrue, hasTouchScreen\u003dfalse, version\u003d61.0.3163.100, platform\u003dXP, browserConnectionEnabled\u003dfalse, nativeEvents\u003dtrue, acceptSslCerts\u003dtrue, locationContextEnabled\u003dtrue, webStorageEnabled\u003dtrue, browserName\u003dchrome, takesScreenshot\u003dtrue, javascriptEnabled\u003dtrue, cssSelectorsEnabled\u003dtrue, setWindowRect\u003dtrue, unexpectedAlertBehaviour\u003d}]\nSession ID: 226170fa45397dd60b6ef5a6920c7182)","startTime":1509942420665,"endTime":0,"childRecords":[],"interuppted":false}],"interuppted":false},{"isOptional":false,"type":"TEST_CASE","name":"Test Cases/ECR/TC_ECR_Meeting_ExpertService_AllReject","id":"Test Cases/ECR/TC_ECR_Meeting_ExpertService_AllReject","source":"C:\\\\Users\\\\raycp\\\\Desktop\\\\COETest Cases\\\\ECR\\\\TC_ECR_Meeting_ExpertService_AllReject.tc","message":"Test Cases/ECR/TC_ECR_Meeting_ExpertService_AllReject FAILED because (of) Unable to click on object \u0027Object Repository/Generic/SUBMIT\u0027 (Root cause: org.openqa.selenium.WebDriverException: unknown error: Element \u003cbutton data-test-id\u003d\"201502260643470574523\" data-ctl\u003d\"Button\" type\u003d\"button\" data-click\u003d\"[[\u0026quot;setUserStart\u0026quot;,[\u0026quot;FINISHASSIGNMENT\u0026quot;]],[\u0026quot;doFormSubmit\u0026quot;,[\u0026quot;pyActivity\u003dFinishAssignment\u0026quot;,\u0026quot;:this\u0026quot;,\u0026quot;\u0026quot;,\u0026quot;:event\u0026quot;]]]\" title\u003d\"Complete this assignment\" class\u003d\"COE_Strong pzhc\"\u003e...\u003c/button\u003e is not clickable at point (517, 741). Other element would receive the click: \u003cdiv class\u003d\"modal-align-cell\"\u003e...\u003c/div\u003e\n  (Session info: chrome\u003d61.0.3163.100)\n  (Driver info: chromedriver\u003d2.31.488763 (092de99f48a300323ecf8c2a4e2e7cab51de5ba8),platform\u003dWindows NT 10.0.15063 x86_64) (WARNING: The server did not provide any stacktrace information)\nCommand duration or timeout: 45 milliseconds\nBuild info: version: \u00272.53.0\u0027, revision: \u002735ae25b\u0027, time: \u00272016-03-15 17:00:58\u0027\nSystem info: host: \u0027L23017WIN\u0027, ip: \u002710.150.113.10\u0027, os.name: \u0027Windows 10\u0027, os.arch: \u0027x86\u0027, os.version: \u002710.0\u0027, java.version: \u00271.8.0_102\u0027\nDriver info: com.kms.katalon.selenium.driver.CChromeDriver\nCapabilities [{applicationCacheEnabled\u003dfalse, rotatable\u003dfalse, mobileEmulationEnabled\u003dfalse, networkConnectionEnabled\u003dfalse, chrome\u003d{chromedriverVersion\u003d2.31.488763 (092de99f48a300323ecf8c2a4e2e7cab51de5ba8), userDataDir\u003dC:\\Users\\raycp\\AppData\\Local\\Temp\\scoped_dir1976_28468}, takesHeapSnapshot\u003dtrue, pageLoadStrategy\u003dnormal, databaseEnabled\u003dfalse, handlesAlerts\u003dtrue, hasTouchScreen\u003dfalse, version\u003d61.0.3163.100, platform\u003dXP, browserConnectionEnabled\u003dfalse, nativeEvents\u003dtrue, acceptSslCerts\u003dtrue, locationContextEnabled\u003dtrue, webStorageEnabled\u003dtrue, browserName\u003dchrome, takesScreenshot\u003dtrue, javascriptEnabled\u003dtrue, cssSelectorsEnabled\u003dtrue, setWindowRect\u003dtrue, unexpectedAlertBehaviour\u003d}]\nSession ID: c34c0c83544c6472cba93b27ad5b04f3)","description":"","startTime":1509942420719,"endTime":1509942481733,"childRecords":[{"testStatus":{"stackTrace":"","statusValue":"INFO"},"type":"MESSAGE","name":"","message":"Evaluating variables for test case","startTime":1509942420719,"endTime":0,"childRecords":[],"interuppted":false},{"index":1,"isIgnoredIfFailed":false,"type":"TEST_STEP","name":"callTestCase","message":"Unable to call Test Case with id \u0027Test Cases/ECR/REF/ECR_Meeting_ExpertService\u0027 (Root cause: Call Test Case \u0027Test Cases/ECR/REF/ECR_Meeting_ExpertService\u0027 failed)","description":"","startTime":1509942420835,"endTime":1509942481733,"childRecords":[{"isOptional":false,"type":"TEST_CASE","name":"Test Cases/ECR/REF/ECR_Meeting_ExpertService","id":"Test Cases/ECR/REF/ECR_Meeting_ExpertService","source":"C:\\\\Users\\\\raycp\\\\Desktop\\\\COETest Cases\\\\ECR\\\\REF\\\\ECR_Meeting_ExpertService.tc","message":"Test Cases/ECR/REF/ECR_Meeting_ExpertService FAILED because (of) Unable to click on object \u0027Object Repository/Generic/SUBMIT\u0027 (Root cause: org.openqa.selenium.WebDriverException: unknown error: Element \u003cbutton data-test-id\u003d\"201502260643470574523\" data-ctl\u003d\"Button\" type\u003d\"button\" data-click\u003d\"[[\u0026quot;setUserStart\u0026quot;,[\u0026quot;FINISHASSIGNMENT\u0026quot;]],[\u0026quot;doFormSubmit\u0026quot;,[\u0026quot;pyActivity\u003dFinishAssignment\u0026quot;,\u0026quot;:this\u0026quot;,\u0026quot;\u0026quot;,\u0026quot;:event\u0026quot;]]]\" title\u003d\"Complete this assignment\" class\u003d\"COE_Strong pzhc\"\u003e...\u003c/button\u003e is not clickable at point (517, 741). Other element would receive the click: \u003cdiv class\u003d\"modal-align-cell\"\u003e...\u003c/div\u003e\n  (Session info: chrome\u003d61.0.3163.100)\n  (Driver info: chromedriver\u003d2.31.488763 (092de99f48a300323ecf8c2a4e2e7cab51de5ba8),platform\u003dWindows NT 10.0.15063 x86_64) (WARNING: The server did not provide any stacktrace information)\nCommand duration or timeout: 45 milliseconds\nBuild info: version: \u00272.53.0\u0027, revision: \u002735ae25b\u0027, time: \u00272016-03-15 17:00:58\u0027\nSystem info: host: \u0027L23017WIN\u0027, ip: \u002710.150.113.10\u0027, os.name: \u0027Windows 10\u0027, os.arch: \u0027x86\u0027, os.version: \u002710.0\u0027, java.version: \u00271.8.0_102\u0027\nDriver info: com.kms.katalon.selenium.driver.CChromeDriver\nCapabilities [{applicationCacheEnabled\u003dfalse, rotatable\u003dfalse, mobileEmulationEnabled\u003dfalse, networkConnectionEnabled\u003dfalse, chrome\u003d{chromedriverVersion\u003d2.31.488763 (092de99f48a300323ecf8c2a4e2e7cab51de5ba8), userDataDir\u003dC:\\Users\\raycp\\AppData\\Local\\Temp\\scoped_dir1976_28468}, takesHeapSnapshot\u003dtrue, pageLoadStrategy\u003dnormal, databaseEnabled\u003dfalse, handlesAlerts\u003dtrue, hasTouchScreen\u003dfalse, version\u003d61.0.3163.100, platform\u003dXP, browserConnectionEnabled\u003dfalse, nativeEvents\u003dtrue, acceptSslCerts\u003dtrue, locationContextEnabled\u003dtrue, webStorageEnabled\u003dtrue, browserName\u003dchrome, takesScreenshot\u003dtrue, javascriptEnabled\u003dtrue, cssSelectorsEnabled\u003dtrue, setWindowRect\u003dtrue, unexpectedAlertBehaviour\u003d}]\nSession ID: c34c0c83544c6472cba93b27ad5b04f3)","description":"","startTime":1509942420911,"endTime":1509942481733,"childRecords":[{"testStatus":{"stackTrace":"","statusValue":"INFO"},"type":"MESSAGE","name":"","message":"Evaluating variables for test case","startTime":1509942420911,"endTime":0,"childRecords":[],"interuppted":false},{"index":1,"isIgnoredIfFailed":false,"type":"TEST_STEP","name":"com.helper.commonfunct.utilities.login","message":"com.helper.commonfunct.utilities.login is PASSED","description":"","startTime":1509942420911,"endTime":1509942436357,"childRecords":[{"testStatus":{"stackTrace":"","statusValue":"WARNING"},"type":"MESSAGE","name":"","message":"A browser is already opened. Closing browser and opening a new one","startTime":1509942420911,"endTime":0,"childRecords":[],"interuppted":false},{"testStatus":{"stackTrace":"","statusValue":"PASSED"},"type":"MESSAGE","name":"","message":"Browser is opened with url: \u0027\u0027","startTime":1509942423945,"endTime":0,"childRecords":[],"interuppted":false},{"testStatus":{"stackTrace":"","statusValue":"PASSED"},"type":"MESSAGE","name":"","message":"Navigate to \u0027http://vtcpqa2:9685/tcpqa/PRServlet\u0027 successfully","startTime":1509942426023,"endTime":0,"childRecords":[],"interuppted":false},{"testStatus":{"stackTrace":"","statusValue":"PASSED"},"type":"MESSAGE","name":"","message":"Text \u0027pogoa@pegasystems.com\u0027 is set on object \u0027Object Repository/input_UserIdentifier\u0027","startTime":1509942426265,"endTime":0,"childRecords":[],"interuppted":false},{"testStatus":{"stackTrace":"","statusValue":"PASSED"},"type":"MESSAGE","name":"","message":"Text \u0027install\u0027 is set on object \u0027Object Repository/input_Password\u0027","startTime":1509942426444,"endTime":0,"childRecords":[],"interuppted":false},{"testStatus":{"stackTrace":"","statusValue":"PASSED"},"type":"MESSAGE","name":"","message":"Keys \u0027??\u0027 sent to object: \u0027Object Repository/input_Password\u0027","startTime":1509942436355,"endTime":0,"childRecords":[],"interuppted":false},{"testStatus":{"stackTrace":"","statusValue":"PASSED"},"type":"MESSAGE","name":"","message":"com.helper.commonfunct.utilities.login is PASSED","startTime":1509942436356,"endTime":0,"childRecords":[],"interuppted":false}],"interuppted":false},{"attachment":"1509942481407.png","index":2,"isIgnoredIfFailed":false,"type":"TEST_STEP","name":"com.helper.commonfunct.utilities.createECR","message":"Unable to click on object \u0027Object Repository/Generic/SUBMIT\u0027 (Root cause: org.openqa.selenium.WebDriverException: unknown error: Element \u003cbutton data-test-id\u003d\"201502260643470574523\" data-ctl\u003d\"Button\" type\u003d\"button\" data-click\u003d\"[[\u0026quot;setUserStart\u0026quot;,[\u0026quot;FINISHASSIGNMENT\u0026quot;]],[\u0026quot;doFormSubmit\u0026quot;,[\u0026quot;pyActivity\u003dFinishAssignment\u0026quot;,\u0026quot;:this\u0026quot;,\u0026quot;\u0026quot;,\u0026quot;:event\u0026quot;]]]\" title\u003d\"Complete this assignment\" class\u003d\"COE_Strong pzhc\"\u003e...\u003c/button\u003e is not clickable at point (517, 741). Other element would receive the click: \u003cdiv class\u003d\"modal-align-cell\"\u003e...\u003c/div\u003e\n  (Session info: chrome\u003d61.0.3163.100)\n  (Driver info: chromedriver\u003d2.31.488763 (092de99f48a300323ecf8c2a4e2e7cab51de5ba8),platform\u003dWindows NT 10.0.15063 x86_64) (WARNING: The server did not provide any stacktrace information)\nCommand duration or timeout: 45 milliseconds\nBuild info: version: \u00272.53.0\u0027, revision: \u002735ae25b\u0027, time: \u00272016-03-15 17:00:58\u0027\nSystem info: host: \u0027L23017WIN\u0027, ip: \u002710.150.113.10\u0027, os.name: \u0027Windows 10\u0027, os.arch: \u0027x86\u0027, os.version: \u002710.0\u0027, java.version: \u00271.8.0_102\u0027\nDriver info: com.kms.katalon.selenium.driver.CChromeDriver\nCapabilities [{applicationCacheEnabled\u003dfalse, rotatable\u003dfalse, mobileEmulationEnabled\u003dfalse, networkConnectionEnabled\u003dfalse, chrome\u003d{chromedriverVersion\u003d2.31.488763 (092de99f48a300323ecf8c2a4e2e7cab51de5ba8), userDataDir\u003dC:\\Users\\raycp\\AppData\\Local\\Temp\\scoped_dir1976_28468}, takesHeapSnapshot\u003dtrue, pageLoadStrategy\u003dnormal, databaseEnabled\u003dfalse, handlesAlerts\u003dtrue, hasTouchScreen\u003dfalse, version\u003d61.0.3163.100, platform\u003dXP, browserConnectionEnabled\u003dfalse, nativeEvents\u003dtrue, acceptSslCerts\u003dtrue, locationContextEnabled\u003dtrue, webStorageEnabled\u003dtrue, browserName\u003dchrome, takesScreenshot\u003dtrue, javascriptEnabled\u003dtrue, cssSelectorsEnabled\u003dtrue, setWindowRect\u003dtrue, unexpectedAlertBehaviour\u003d}]\nSession ID: c34c0c83544c6472cba93b27ad5b04f3)","description":"","startTime":1509942436357,"endTime":1509942481733,"childRecords":[{"testStatus":{"stackTrace":"","statusValue":"PASSED"},"type":"MESSAGE","name":"","message":"Object: \u0027Object Repository/Generic/a_Actions\u0027 is clicked on","startTime":1509942436509,"endTime":0,"childRecords":[],"interuppted":false},{"testStatus":{"stackTrace":"","statusValue":"PASSED"},"type":"MESSAGE","name":"","message":"Object: \u0027Object Repository/span_New\u0027 is focused","startTime":1509942437396,"endTime":0,"childRecords":[],"interuppted":false},{"testStatus":{"stackTrace":"","statusValue":"PASSED"},"type":"MESSAGE","name":"","message":"Object: \u0027Object Repository/span_Bid Process\u0027 is clicked on","startTime":1509942439977,"endTime":0,"childRecords":[],"interuppted":false},{"testStatus":{"stackTrace":"","statusValue":"PASSED"},"type":"MESSAGE","name":"","message":"Object: \u0027Object Repository/ECR/BID_TYPE\u0027 is clicked on","startTime":1509942440204,"endTime":0,"childRecords":[],"interuppted":false},{"testStatus":{"stackTrace":"","statusValue":"PASSED"},"type":"MESSAGE","name":"","message":"Object \u0027Object Repository/button_Import\u0027 is present","startTime":1509942440233,"endTime":0,"childRecords":[],"interuppted":false},{"testStatus":{"stackTrace":"","statusValue":"PASSED"},"type":"MESSAGE","name":"","message":"Delayed 5 second(s)","startTime":1509942445235,"endTime":0,"childRecords":[],"interuppted":false},{"testStatus":{"stackTrace":"","statusValue":"PASSED"},"type":"MESSAGE","name":"","message":"Object: \u0027Object Repository/button_Import\u0027 is clicked on","startTime":1509942445411,"endTime":0,"childRecords":[],"interuppted":false},{"testStatus":{"stackTrace":"","statusValue":"PASSED"},"type":"MESSAGE","name":"","message":"File \u0027C:\\Users\\nipin\\Desktop\\Latest BSW\\ECR_EXPSVC.xlsm\u0027 sent to object: \u0027Object Repository/input_PpyWorkPageppyFilePath\u0027","startTime":1509942446024,"endTime":0,"childRecords":[],"interuppted":false},{"testStatus":{"stackTrace":"","statusValue":"PASSED"},"type":"MESSAGE","name":"","message":"Delayed 2 second(s)","startTime":1509942448025,"endTime":0,"childRecords":[],"interuppted":false},{"testStatus":{"stackTrace":"","statusValue":"WARNING"},"type":"MESSAGE","name":"","message":"Timeout \u00270\u0027 is invalid. Using default page load timeout: \u002730\u0027","startTime":1509942448034,"endTime":0,"childRecords":[],"interuppted":false},{"testStatus":{"stackTrace":"","statusValue":"PASSED"},"type":"MESSAGE","name":"","message":"Scroll to object \u0027Object Repository/button_Submit\u0027 successfully","startTime":1509942448109,"endTime":0,"childRecords":[],"interuppted":false},{"testStatus":{"stackTrace":"","statusValue":"PASSED"},"type":"MESSAGE","name":"","message":"Object: \u0027Object Repository/button_Submit\u0027 is clicked on","startTime":1509942448285,"endTime":0,"childRecords":[],"interuppted":false},{"testStatus":{"stackTrace":"","statusValue":"PASSED"},"type":"MESSAGE","name":"","message":"Object \u0027Object Repository/EngInfo/COID\u0027 is visible","startTime":1509942448434,"endTime":0,"childRecords":[],"interuppted":false},{"testStatus":{"stackTrace":"","statusValue":"PASSED"},"type":"MESSAGE","name":"","message":"Delayed 5 second(s)","startTime":1509942453434,"endTime":0,"childRecords":[],"interuppted":false},{"testStatus":{"stackTrace":"","statusValue":"PASSED"},"type":"MESSAGE","name":"","message":"Delayed 5 second(s)","startTime":1509942458436,"endTime":0,"childRecords":[],"interuppted":false},{"testStatus":{"stackTrace":"","statusValue":"PASSED"},"type":"MESSAGE","name":"","message":"Text \u0027BOFA\u0027 is set on object \u0027Object Repository/Generic/ORG\u0027","startTime":1509942458634,"endTime":0,"childRecords":[],"interuppted":false},{"testStatus":{"stackTrace":"","statusValue":"PASSED"},"type":"MESSAGE","name":"","message":"Delayed 5 second(s)","startTime":1509942463635,"endTime":0,"childRecords":[],"interuppted":false},{"testStatus":{"stackTrace":"","statusValue":"PASSED"},"type":"MESSAGE","name":"","message":"Keys \u0027??\u0027 sent to object: \u0027Object Repository/Generic/ORG\u0027","startTime":1509942463694,"endTime":0,"childRecords":[],"interuppted":false},{"testStatus":{"stackTrace":"","statusValue":"PASSED"},"type":"MESSAGE","name":"","message":"Delayed 5 second(s)","startTime":1509942468694,"endTime":0,"childRecords":[],"interuppted":false},{"testStatus":{"stackTrace":"","statusValue":"PASSED"},"type":"MESSAGE","name":"","message":"Text \u0027BOFA\u0027 is set on object \u0027Object Repository/Generic/ACC\u0027","startTime":1509942468901,"endTime":0,"childRecords":[],"interuppted":false},{"testStatus":{"stackTrace":"","statusValue":"PASSED"},"type":"MESSAGE","name":"","message":"Delayed 2 second(s)","startTime":1509942470903,"endTime":0,"childRecords":[],"interuppted":false},{"testStatus":{"stackTrace":"","statusValue":"PASSED"},"type":"MESSAGE","name":"","message":"Keys \u0027??\u0027 sent to object: \u0027Object Repository/Generic/ACC\u0027","startTime":1509942470989,"endTime":0,"childRecords":[],"interuppted":false},{"testStatus":{"stackTrace":"","statusValue":"PASSED"},"type":"MESSAGE","name":"","message":"Delayed 5 second(s)","startTime":1509942475991,"endTime":0,"childRecords":[],"interuppted":false},{"testStatus":{"stackTrace":"","statusValue":"PASSED"},"type":"MESSAGE","name":"","message":"Text \u0027AUTOTEST1\u0027 is set on object \u0027Object Repository/Generic/ENG_DESC\u0027","startTime":1509942476279,"endTime":0,"childRecords":[],"interuppted":false},{"testStatus":{"stackTrace":"","statusValue":"PASSED"},"type":"MESSAGE","name":"","message":"Delayed 5 second(s)","startTime":1509942481281,"endTime":0,"childRecords":[],"interuppted":false},{"testStatus":{"stackTrace":"","statusValue":"WARNING"},"type":"MESSAGE","name":"","message":"Timeout \u00270\u0027 is invalid. Using default page load timeout: \u002730\u0027","startTime":1509942481284,"endTime":0,"childRecords":[],"interuppted":false},{"testStatus":{"stackTrace":"","statusValue":"PASSED"},"type":"MESSAGE","name":"","message":"Scroll to object \u0027Object Repository/Generic/SUBMIT\u0027 successfully","startTime":1509942481347,"endTime":0,"childRecords":[],"interuppted":false},{"testStatus":{"stackTrace":"","statusValue":"FAILED"},"attachment":"1509942481407.png","type":"MESSAGE","name":"","message":"Unable to click on object \u0027Object Repository/Generic/SUBMIT\u0027 (Root cause: org.openqa.selenium.WebDriverException: unknown error: Element \u003cbutton data-test-id\u003d\"201502260643470574523\" data-ctl\u003d\"Button\" type\u003d\"button\" data-click\u003d\"[[\u0026quot;setUserStart\u0026quot;,[\u0026quot;FINISHASSIGNMENT\u0026quot;]],[\u0026quot;doFormSubmit\u0026quot;,[\u0026quot;pyActivity\u003dFinishAssignment\u0026quot;,\u0026quot;:this\u0026quot;,\u0026quot;\u0026quot;,\u0026quot;:event\u0026quot;]]]\" title\u003d\"Complete this assignment\" class\u003d\"COE_Strong pzhc\"\u003e...\u003c/button\u003e is not clickable at point (517, 741). Other element would receive the click: \u003cdiv class\u003d\"modal-align-cell\"\u003e...\u003c/div\u003e\n  (Session info: chrome\u003d61.0.3163.100)\n  (Driver info: chromedriver\u003d2.31.488763 (092de99f48a300323ecf8c2a4e2e7cab51de5ba8),platform\u003dWindows NT 10.0.15063 x86_64) (WARNING: The server did not provide any stacktrace information)\nCommand duration or timeout: 45 milliseconds\nBuild info: version: \u00272.53.0\u0027, revision: \u002735ae25b\u0027, time: \u00272016-03-15 17:00:58\u0027\nSystem info: host: \u0027L23017WIN\u0027, ip: \u002710.150.113.10\u0027, os.name: \u0027Windows 10\u0027, os.arch: \u0027x86\u0027, os.version: \u002710.0\u0027, java.version: \u00271.8.0_102\u0027\nDriver info: com.kms.katalon.selenium.driver.CChromeDriver\nCapabilities [{applicationCacheEnabled\u003dfalse, rotatable\u003dfalse, mobileEmulationEnabled\u003dfalse, networkConnectionEnabled\u003dfalse, chrome\u003d{chromedriverVersion\u003d2.31.488763 (092de99f48a300323ecf8c2a4e2e7cab51de5ba8), userDataDir\u003dC:\\Users\\raycp\\AppData\\Local\\Temp\\scoped_dir1976_28468}, takesHeapSnapshot\u003dtrue, pageLoadStrategy\u003dnormal, databaseEnabled\u003dfalse, handlesAlerts\u003dtrue, hasTouchScreen\u003dfalse, version\u003d61.0.3163.100, platform\u003dXP, browserConnectionEnabled\u003dfalse, nativeEvents\u003dtrue, acceptSslCerts\u003dtrue, locationContextEnabled\u003dtrue, webStorageEnabled\u003dtrue, browserName\u003dchrome, takesScreenshot\u003dtrue, javascriptEnabled\u003dtrue, cssSelectorsEnabled\u003dtrue, setWindowRect\u003dtrue, unexpectedAlertBehaviour\u003d}]\nSession ID: c34c0c83544c6472cba93b27ad5b04f3)","startTime":1509942481733,"endTime":0,"childRecords":[],"interuppted":false},{"testStatus":{"stackTrace":"","statusValue":"FAILED"},"type":"MESSAGE","name":"","message":"Unable to click on object \u0027Object Repository/Generic/SUBMIT\u0027 (Root cause: org.openqa.selenium.WebDriverException: unknown error: Element \u003cbutton data-test-id\u003d\"201502260643470574523\" data-ctl\u003d\"Button\" type\u003d\"button\" data-click\u003d\"[[\u0026quot;setUserStart\u0026quot;,[\u0026quot;FINISHASSIGNMENT\u0026quot;]],[\u0026quot;doFormSubmit\u0026quot;,[\u0026quot;pyActivity\u003dFinishAssignment\u0026quot;,\u0026quot;:this\u0026quot;,\u0026quot;\u0026quot;,\u0026quot;:event\u0026quot;]]]\" title\u003d\"Complete this assignment\" class\u003d\"COE_Strong pzhc\"\u003e...\u003c/button\u003e is not clickable at point (517, 741). Other element would receive the click: \u003cdiv class\u003d\"modal-align-cell\"\u003e...\u003c/div\u003e\n  (Session info: chrome\u003d61.0.3163.100)\n  (Driver info: chromedriver\u003d2.31.488763 (092de99f48a300323ecf8c2a4e2e7cab51de5ba8),platform\u003dWindows NT 10.0.15063 x86_64) (WARNING: The server did not provide any stacktrace information)\nCommand duration or timeout: 45 milliseconds\nBuild info: version: \u00272.53.0\u0027, revision: \u002735ae25b\u0027, time: \u00272016-03-15 17:00:58\u0027\nSystem info: host: \u0027L23017WIN\u0027, ip: \u002710.150.113.10\u0027, os.name: \u0027Windows 10\u0027, os.arch: \u0027x86\u0027, os.version: \u002710.0\u0027, java.version: \u00271.8.0_102\u0027\nDriver info: com.kms.katalon.selenium.driver.CChromeDriver\nCapabilities [{applicationCacheEnabled\u003dfalse, rotatable\u003dfalse, mobileEmulationEnabled\u003dfalse, networkConnectionEnabled\u003dfalse, chrome\u003d{chromedriverVersion\u003d2.31.488763 (092de99f48a300323ecf8c2a4e2e7cab51de5ba8), userDataDir\u003dC:\\Users\\raycp\\AppData\\Local\\Temp\\scoped_dir1976_28468}, takesHeapSnapshot\u003dtrue, pageLoadStrategy\u003dnormal, databaseEnabled\u003dfalse, handlesAlerts\u003dtrue, hasTouchScreen\u003dfalse, version\u003d61.0.3163.100, platform\u003dXP, browserConnectionEnabled\u003dfalse, nativeEvents\u003dtrue, acceptSslCerts\u003dtrue, locationContextEnabled\u003dtrue, webStorageEnabled\u003dtrue, browserName\u003dchrome, takesScreenshot\u003dtrue, javascriptEnabled\u003dtrue, cssSelectorsEnabled\u003dtrue, setWindowRect\u003dtrue, unexpectedAlertBehaviour\u003d}]\nSession ID: c34c0c83544c6472cba93b27ad5b04f3)","startTime":1509942481733,"endTime":0,"childRecords":[],"interuppted":false}],"interuppted":false},{"testStatus":{"stackTrace":"","statusValue":"FAILED"},"type":"MESSAGE","name":"","message":"Test Cases/ECR/REF/ECR_Meeting_ExpertService FAILED because (of) Unable to click on object \u0027Object Repository/Generic/SUBMIT\u0027 (Root cause: org.openqa.selenium.WebDriverException: unknown error: Element \u003cbutton data-test-id\u003d\"201502260643470574523\" data-ctl\u003d\"Button\" type\u003d\"button\" data-click\u003d\"[[\u0026quot;setUserStart\u0026quot;,[\u0026quot;FINISHASSIGNMENT\u0026quot;]],[\u0026quot;doFormSubmit\u0026quot;,[\u0026quot;pyActivity\u003dFinishAssignment\u0026quot;,\u0026quot;:this\u0026quot;,\u0026quot;\u0026quot;,\u0026quot;:event\u0026quot;]]]\" title\u003d\"Complete this assignment\" class\u003d\"COE_Strong pzhc\"\u003e...\u003c/button\u003e is not clickable at point (517, 741). Other element would receive the click: \u003cdiv class\u003d\"modal-align-cell\"\u003e...\u003c/div\u003e\n  (Session info: chrome\u003d61.0.3163.100)\n  (Driver info: chromedriver\u003d2.31.488763 (092de99f48a300323ecf8c2a4e2e7cab51de5ba8),platform\u003dWindows NT 10.0.15063 x86_64) (WARNING: The server did not provide any stacktrace information)\nCommand duration or timeout: 45 milliseconds\nBuild info: version: \u00272.53.0\u0027, revision: \u002735ae25b\u0027, time: \u00272016-03-15 17:00:58\u0027\nSystem info: host: \u0027L23017WIN\u0027, ip: \u002710.150.113.10\u0027, os.name: \u0027Windows 10\u0027, os.arch: \u0027x86\u0027, os.version: \u002710.0\u0027, java.version: \u00271.8.0_102\u0027\nDriver info: com.kms.katalon.selenium.driver.CChromeDriver\nCapabilities [{applicationCacheEnabled\u003dfalse, rotatable\u003dfalse, mobileEmulationEnabled\u003dfalse, networkConnectionEnabled\u003dfalse, chrome\u003d{chromedriverVersion\u003d2.31.488763 (092de99f48a300323ecf8c2a4e2e7cab51de5ba8), userDataDir\u003dC:\\Users\\raycp\\AppData\\Local\\Temp\\scoped_dir1976_28468}, takesHeapSnapshot\u003dtrue, pageLoadStrategy\u003dnormal, databaseEnabled\u003dfalse, handlesAlerts\u003dtrue, hasTouchScreen\u003dfalse, version\u003d61.0.3163.100, platform\u003dXP, browserConnectionEnabled\u003dfalse, nativeEvents\u003dtrue, acceptSslCerts\u003dtrue, locationContextEnabled\u003dtrue, webStorageEnabled\u003dtrue, browserName\u003dchrome, takesScreenshot\u003dtrue, javascriptEnabled\u003dtrue, cssSelectorsEnabled\u003dtrue, setWindowRect\u003dtrue, unexpectedAlertBehaviour\u003d}]\nSession ID: c34c0c83544c6472cba93b27ad5b04f3)","startTime":1509942481733,"endTime":0,"childRecords":[],"interuppted":false}],"interuppted":false},{"testStatus":{"stackTrace":"","statusValue":"FAILED"},"type":"MESSAGE","name":"","message":"Unable to call Test Case with id \u0027Test Cases/ECR/REF/ECR_Meeting_ExpertService\u0027 (Root cause: Call Test Case \u0027Test Cases/ECR/REF/ECR_Meeting_ExpertService\u0027 failed)","startTime":1509942481733,"endTime":0,"childRecords":[],"interuppted":false}],"interuppted":false},{"testStatus":{"stackTrace":"","statusValue":"FAILED"},"type":"MESSAGE","name":"","message":"Test Cases/ECR/TC_ECR_Meeting_ExpertService_AllReject FAILED because (of) Unable to click on object \u0027Object Repository/Generic/SUBMIT\u0027 (Root cause: org.openqa.selenium.WebDriverException: unknown error: Element \u003cbutton data-test-id\u003d\"201502260643470574523\" data-ctl\u003d\"Button\" type\u003d\"button\" data-click\u003d\"[[\u0026quot;setUserStart\u0026quot;,[\u0026quot;FINISHASSIGNMENT\u0026quot;]],[\u0026quot;doFormSubmit\u0026quot;,[\u0026quot;pyActivity\u003dFinishAssignment\u0026quot;,\u0026quot;:this\u0026quot;,\u0026quot;\u0026quot;,\u0026quot;:event\u0026quot;]]]\" title\u003d\"Complete this assignment\" class\u003d\"COE_Strong pzhc\"\u003e...\u003c/button\u003e is not clickable at point (517, 741). Other element would receive the click: \u003cdiv class\u003d\"modal-align-cell\"\u003e...\u003c/div\u003e\n  (Session info: chrome\u003d61.0.3163.100)\n  (Driver info: chromedriver\u003d2.31.488763 (092de99f48a300323ecf8c2a4e2e7cab51de5ba8),platform\u003dWindows NT 10.0.15063 x86_64) (WARNING: The server did not provide any stacktrace information)\nCommand duration or timeout: 45 milliseconds\nBuild info: version: \u00272.53.0\u0027, revision: \u002735ae25b\u0027, time: \u00272016-03-15 17:00:58\u0027\nSystem info: host: \u0027L23017WIN\u0027, ip: \u002710.150.113.10\u0027, os.name: \u0027Windows 10\u0027, os.arch: \u0027x86\u0027, os.version: \u002710.0\u0027, java.version: \u00271.8.0_102\u0027\nDriver info: com.kms.katalon.selenium.driver.CChromeDriver\nCapabilities [{applicationCacheEnabled\u003dfalse, rotatable\u003dfalse, mobileEmulationEnabled\u003dfalse, networkConnectionEnabled\u003dfalse, chrome\u003d{chromedriverVersion\u003d2.31.488763 (092de99f48a300323ecf8c2a4e2e7cab51de5ba8), userDataDir\u003dC:\\Users\\raycp\\AppData\\Local\\Temp\\scoped_dir1976_28468}, takesHeapSnapshot\u003dtrue, pageLoadStrategy\u003dnormal, databaseEnabled\u003dfalse, handlesAlerts\u003dtrue, hasTouchScreen\u003dfalse, version\u003d61.0.3163.100, platform\u003dXP, browserConnectionEnabled\u003dfalse, nativeEvents\u003dtrue, acceptSslCerts\u003dtrue, locationContextEnabled\u003dtrue, webStorageEnabled\u003dtrue, browserName\u003dchrome, takesScreenshot\u003dtrue, javascriptEnabled\u003dtrue, cssSelectorsEnabled\u003dtrue, setWindowRect\u003dtrue, unexpectedAlertBehaviour\u003d}]\nSession ID: c34c0c83544c6472cba93b27ad5b04f3)","startTime":1509942481733,"endTime":0,"childRecords":[],"interuppted":false}],"interuppted":false},{"isOptional":false,"type":"TEST_CASE","name":"Test Cases/ECR/TC_ECR_Meeting_NoExpertService_AllApproval","id":"Test Cases/ECR/TC_ECR_Meeting_NoExpertService_AllApproval","source":"C:\\\\Users\\\\raycp\\\\Desktop\\\\COETest Cases\\\\ECR\\\\TC_ECR_Meeting_NoExpertService_AllApproval.tc","message":"Test Cases/ECR/TC_ECR_Meeting_NoExpertService_AllApproval FAILED because (of) Unable to click on object \u0027Object Repository/Generic/SUBMIT\u0027 (Root cause: org.openqa.selenium.WebDriverException: unknown error: Element \u003cbutton data-test-id\u003d\"201502260643470574523\" data-ctl\u003d\"Button\" type\u003d\"button\" data-click\u003d\"[[\u0026quot;setUserStart\u0026quot;,[\u0026quot;FINISHASSIGNMENT\u0026quot;]],[\u0026quot;doFormSubmit\u0026quot;,[\u0026quot;pyActivity\u003dFinishAssignment\u0026quot;,\u0026quot;:this\u0026quot;,\u0026quot;\u0026quot;,\u0026quot;:event\u0026quot;]]]\" title\u003d\"Complete this assignment\" class\u003d\"COE_Strong pzhc\"\u003e...\u003c/button\u003e is not clickable at point (517, 741). Other element would receive the click: \u003cdiv class\u003d\"modal-align-cell\"\u003e...\u003c/div\u003e\n  (Session info: chrome\u003d61.0.3163.100)\n  (Driver info: chromedriver\u003d2.31.488763 (092de99f48a300323ecf8c2a4e2e7cab51de5ba8),platform\u003dWindows NT 10.0.15063 x86_64) (WARNING: The server did not provide any stacktrace information)\nCommand duration or timeout: 108 milliseconds\nBuild info: version: \u00272.53.0\u0027, revision: \u002735ae25b\u0027, time: \u00272016-03-15 17:00:58\u0027\nSystem info: host: \u0027L23017WIN\u0027, ip: \u002710.150.113.10\u0027, os.name: \u0027Windows 10\u0027, os.arch: \u0027x86\u0027, os.version: \u002710.0\u0027, java.version: \u00271.8.0_102\u0027\nDriver info: com.kms.katalon.selenium.driver.CChromeDriver\nCapabilities [{applicationCacheEnabled\u003dfalse, rotatable\u003dfalse, mobileEmulationEnabled\u003dfalse, networkConnectionEnabled\u003dfalse, chrome\u003d{chromedriverVersion\u003d2.31.488763 (092de99f48a300323ecf8c2a4e2e7cab51de5ba8), userDataDir\u003dC:\\Users\\raycp\\AppData\\Local\\Temp\\scoped_dir8328_5018}, takesHeapSnapshot\u003dtrue, pageLoadStrategy\u003dnormal, databaseEnabled\u003dfalse, handlesAlerts\u003dtrue, hasTouchScreen\u003dfalse, version\u003d61.0.3163.100, platform\u003dXP, browserConnectionEnabled\u003dfalse, nativeEvents\u003dtrue, acceptSslCerts\u003dtrue, locationContextEnabled\u003dtrue, webStorageEnabled\u003dtrue, browserName\u003dchrome, takesScreenshot\u003dtrue, javascriptEnabled\u003dtrue, cssSelectorsEnabled\u003dtrue, setWindowRect\u003dtrue, unexpectedAlertBehaviour\u003d}]\nSession ID: c244cabf39147e1df915bfc772b0f29b)","description":"","startTime":1509942481785,"endTime":1509942577784,"childRecords":[{"testStatus":{"stackTrace":"","statusValue":"INFO"},"type":"MESSAGE","name":"","message":"Evaluating variables for test case","startTime":1509942481785,"endTime":0,"childRecords":[],"interuppted":false},{"index":1,"isIgnoredIfFailed":false,"type":"TEST_STEP","name":"callTestCase","message":"Unable to call Test Case with id \u0027Test Cases/ECR/REF/ECR_Meeting_NoExpertService\u0027 (Root cause: Call Test Case \u0027Test Cases/ECR/REF/ECR_Meeting_NoExpertService\u0027 failed)","description":"","startTime":1509942481904,"endTime":1509942577775,"childRecords":[{"isOptional":false,"type":"TEST_CASE","name":"Test Cases/ECR/REF/ECR_Meeting_NoExpertService","id":"Test Cases/ECR/REF/ECR_Meeting_NoExpertService","source":"C:\\\\Users\\\\raycp\\\\Desktop\\\\COETest Cases\\\\ECR\\\\REF\\\\ECR_Meeting_NoExpertService.tc","message":"Test Cases/ECR/REF/ECR_Meeting_NoExpertService FAILED because (of) Unable to click on object \u0027Object Repository/Generic/SUBMIT\u0027 (Root cause: org.openqa.selenium.WebDriverException: unknown error: Element \u003cbutton data-test-id\u003d\"201502260643470574523\" data-ctl\u003d\"Button\" type\u003d\"button\" data-click\u003d\"[[\u0026quot;setUserStart\u0026quot;,[\u0026quot;FINISHASSIGNMENT\u0026quot;]],[\u0026quot;doFormSubmit\u0026quot;,[\u0026quot;pyActivity\u003dFinishAssignment\u0026quot;,\u0026quot;:this\u0026quot;,\u0026quot;\u0026quot;,\u0026quot;:event\u0026quot;]]]\" title\u003d\"Complete this assignment\" class\u003d\"COE_Strong pzhc\"\u003e...\u003c/button\u003e is not clickable at point (517, 741). Other element would receive the click: \u003cdiv class\u003d\"modal-align-cell\"\u003e...\u003c/div\u003e\n  (Session info: chrome\u003d61.0.3163.100)\n  (Driver info: chromedriver\u003d2.31.488763 (092de99f48a300323ecf8c2a4e2e7cab51de5ba8),platform\u003dWindows NT 10.0.15063 x86_64) (WARNING: The server did not provide any stacktrace information)\nCommand duration or timeout: 108 milliseconds\nBuild info: version: \u00272.53.0\u0027, revision: \u002735ae25b\u0027, time: \u00272016-03-15 17:00:58\u0027\nSystem info: host: \u0027L23017WIN\u0027, ip: \u002710.150.113.10\u0027, os.name: \u0027Windows 10\u0027, os.arch: \u0027x86\u0027, os.version: \u002710.0\u0027, java.version: \u00271.8.0_102\u0027\nDriver info: com.kms.katalon.selenium.driver.CChromeDriver\nCapabilities [{applicationCacheEnabled\u003dfalse, rotatable\u003dfalse, mobileEmulationEnabled\u003dfalse, networkConnectionEnabled\u003dfalse, chrome\u003d{chromedriverVersion\u003d2.31.488763 (092de99f48a300323ecf8c2a4e2e7cab51de5ba8), userDataDir\u003dC:\\Users\\raycp\\AppData\\Local\\Temp\\scoped_dir8328_5018}, takesHeapSnapshot\u003dtrue, pageLoadStrategy\u003dnormal, databaseEnabled\u003dfalse, handlesAlerts\u003dtrue, hasTouchScreen\u003dfalse, version\u003d61.0.3163.100, platform\u003dXP, browserConnectionEnabled\u003dfalse, nativeEvents\u003dtrue, acceptSslCerts\u003dtrue, locationContextEnabled\u003dtrue, webStorageEnabled\u003dtrue, browserName\u003dchrome, takesScreenshot\u003dtrue, javascriptEnabled\u003dtrue, cssSelectorsEnabled\u003dtrue, setWindowRect\u003dtrue, unexpectedAlertBehaviour\u003d}]\nSession ID: c244cabf39147e1df915bfc772b0f29b)","description":"","startTime":1509942481985,"endTime":1509942577775,"childRecords":[{"testStatus":{"stackTrace":"","statusValue":"INFO"},"type":"MESSAGE","name":"","message":"Evaluating variables for test case","startTime":1509942481990,"endTime":0,"childRecords":[],"interuppted":false},{"index":1,"isIgnoredIfFailed":false,"type":"TEST_STEP","name":"com.helper.commonfunct.utilities.login","message":"com.helper.commonfunct.utilities.login is PASSED","description":"","startTime":1509942482101,"endTime":1509942500355,"childRecords":[{"testStatus":{"stackTrace":"","statusValue":"WARNING"},"type":"MESSAGE","name":"","message":"A browser is already opened. Closing browser and opening a new one","startTime":1509942482101,"endTime":0,"childRecords":[],"interuppted":false},{"testStatus":{"stackTrace":"","statusValue":"PASSED"},"type":"MESSAGE","name":"","message":"Browser is opened with url: \u0027\u0027","startTime":1509942485101,"endTime":0,"childRecords":[],"interuppted":false},{"testStatus":{"stackTrace":"","statusValue":"PASSED"},"type":"MESSAGE","name":"","message":"Navigate to \u0027http://vtcpqa2:9685/tcpqa/PRServlet\u0027 successfully","startTime":1509942487251,"endTime":0,"childRecords":[],"interuppted":false},{"testStatus":{"stackTrace":"","statusValue":"PASSED"},"type":"MESSAGE","name":"","message":"Text \u0027pogoa@pegasystems.com\u0027 is set on object \u0027Object Repository/input_UserIdentifier\u0027","startTime":1509942487509,"endTime":0,"childRecords":[],"interuppted":false},{"testStatus":{"stackTrace":"","statusValue":"PASSED"},"type":"MESSAGE","name":"","message":"Text \u0027install\u0027 is set on object \u0027Object Repository/input_Password\u0027","startTime":1509942487673,"endTime":0,"childRecords":[],"interuppted":false},{"testStatus":{"stackTrace":"","statusValue":"PASSED"},"type":"MESSAGE","name":"","message":"Keys \u0027??\u0027 sent to object: \u0027Object Repository/input_Password\u0027","startTime":1509942500355,"endTime":0,"childRecords":[],"interuppted":false},{"testStatus":{"stackTrace":"","statusValue":"PASSED"},"type":"MESSAGE","name":"","message":"com.helper.commonfunct.utilities.login is PASSED","startTime":1509942500355,"endTime":0,"childRecords":[],"interuppted":false}],"interuppted":false},{"attachment":"1509942577424.png","index":2,"isIgnoredIfFailed":false,"type":"TEST_STEP","name":"com.helper.commonfunct.utilities.createECR","message":"Unable to click on object \u0027Object Repository/Generic/SUBMIT\u0027 (Root cause: org.openqa.selenium.WebDriverException: unknown error: Element \u003cbutton data-test-id\u003d\"201502260643470574523\" data-ctl\u003d\"Button\" type\u003d\"button\" data-click\u003d\"[[\u0026quot;setUserStart\u0026quot;,[\u0026quot;FINISHASSIGNMENT\u0026quot;]],[\u0026quot;doFormSubmit\u0026quot;,[\u0026quot;pyActivity\u003dFinishAssignment\u0026quot;,\u0026quot;:this\u0026quot;,\u0026quot;\u0026quot;,\u0026quot;:event\u0026quot;]]]\" title\u003d\"Complete this assignment\" class\u003d\"COE_Strong pzhc\"\u003e...\u003c/button\u003e is not clickable at point (517, 741). Other element would receive the click: \u003cdiv class\u003d\"modal-align-cell\"\u003e...\u003c/div\u003e\n  (Session info: chrome\u003d61.0.3163.100)\n  (Driver info: chromedriver\u003d2.31.488763 (092de99f48a300323ecf8c2a4e2e7cab51de5ba8),platform\u003dWindows NT 10.0.15063 x86_64) (WARNING: The server did not provide any stacktrace information)\nCommand duration or timeout: 108 milliseconds\nBuild info: version: \u00272.53.0\u0027, revision: \u002735ae25b\u0027, time: \u00272016-03-15 17:00:58\u0027\nSystem info: host: \u0027L23017WIN\u0027, ip: \u002710.150.113.10\u0027, os.name: \u0027Windows 10\u0027, os.arch: \u0027x86\u0027, os.version: \u002710.0\u0027, java.version: \u00271.8.0_102\u0027\nDriver info: com.kms.katalon.selenium.driver.CChromeDriver\nCapabilities [{applicationCacheEnabled\u003dfalse, rotatable\u003dfalse, mobileEmulationEnabled\u003dfalse, networkConnectionEnabled\u003dfalse, chrome\u003d{chromedriverVersion\u003d2.31.488763 (092de99f48a300323ecf8c2a4e2e7cab51de5ba8), userDataDir\u003dC:\\Users\\raycp\\AppData\\Local\\Temp\\scoped_dir8328_5018}, takesHeapSnapshot\u003dtrue, pageLoadStrategy\u003dnormal, databaseEnabled\u003dfalse, handlesAlerts\u003dtrue, hasTouchScreen\u003dfalse, version\u003d61.0.3163.100, platform\u003dXP, browserConnectionEnabled\u003dfalse, nativeEvents\u003dtrue, acceptSslCerts\u003dtrue, locationContextEnabled\u003dtrue, webStorageEnabled\u003dtrue, browserName\u003dchrome, takesScreenshot\u003dtrue, javascriptEnabled\u003dtrue, cssSelectorsEnabled\u003dtrue, setWindowRect\u003dtrue, unexpectedAlertBehaviour\u003d}]\nSession ID: c244cabf39147e1df915bfc772b0f29b)","description":"","startTime":1509942500356,"endTime":1509942577771,"childRecords":[{"testStatus":{"stackTrace":"","statusValue":"PASSED"},"type":"MESSAGE","name":"","message":"Object: \u0027Object Repository/Generic/a_Actions\u0027 is clicked on","startTime":1509942505510,"endTime":0,"childRecords":[],"interuppted":false},{"testStatus":{"stackTrace":"","statusValue":"PASSED"},"type":"MESSAGE","name":"","message":"Object: \u0027Object Repository/span_New\u0027 is focused","startTime":1509942512094,"endTime":0,"childRecords":[],"interuppted":false},{"testStatus":{"stackTrace":"","statusValue":"PASSED"},"type":"MESSAGE","name":"","message":"Object: \u0027Object Repository/span_Bid Process\u0027 is clicked on","startTime":1509942519595,"endTime":0,"childRecords":[],"interuppted":false},{"testStatus":{"stackTrace":"","statusValue":"PASSED"},"type":"MESSAGE","name":"","message":"Object: \u0027Object Repository/ECR/BID_TYPE\u0027 is clicked on","startTime":1509942524955,"endTime":0,"childRecords":[],"interuppted":false},{"testStatus":{"stackTrace":"","statusValue":"PASSED"},"type":"MESSAGE","name":"","message":"Object \u0027Object Repository/button_Import\u0027 is present","startTime":1509942524986,"endTime":0,"childRecords":[],"interuppted":false},{"testStatus":{"stackTrace":"","statusValue":"PASSED"},"type":"MESSAGE","name":"","message":"Delayed 5 second(s)","startTime":1509942529987,"endTime":0,"childRecords":[],"interuppted":false},{"testStatus":{"stackTrace":"","statusValue":"PASSED"},"type":"MESSAGE","name":"","message":"Object: \u0027Object Repository/button_Import\u0027 is clicked on","startTime":1509942535170,"endTime":0,"childRecords":[],"interuppted":false},{"testStatus":{"stackTrace":"","statusValue":"PASSED"},"type":"MESSAGE","name":"","message":"File \u0027C:\\Users\\nipin\\Desktop\\Latest BSW\\ECR_NOExpSVC.xlsm\u0027 sent to object: \u0027Object Repository/input_PpyWorkPageppyFilePath\u0027","startTime":1509942536307,"endTime":0,"childRecords":[],"interuppted":false},{"testStatus":{"stackTrace":"","statusValue":"PASSED"},"type":"MESSAGE","name":"","message":"Delayed 2 second(s)","startTime":1509942538309,"endTime":0,"childRecords":[],"interuppted":false},{"testStatus":{"stackTrace":"","statusValue":"WARNING"},"type":"MESSAGE","name":"","message":"Timeout \u00270\u0027 is invalid. Using default page load timeout: \u002730\u0027","startTime":1509942538317,"endTime":0,"childRecords":[],"interuppted":false},{"testStatus":{"stackTrace":"","statusValue":"PASSED"},"type":"MESSAGE","name":"","message":"Scroll to object \u0027Object Repository/button_Submit\u0027 successfully","startTime":1509942538418,"endTime":0,"childRecords":[],"interuppted":false},{"testStatus":{"stackTrace":"","statusValue":"PASSED"},"type":"MESSAGE","name":"","message":"Object: \u0027Object Repository/button_Submit\u0027 is clicked on","startTime":1509942543682,"endTime":0,"childRecords":[],"interuppted":false},{"testStatus":{"stackTrace":"","statusValue":"PASSED"},"type":"MESSAGE","name":"","message":"Object \u0027Object Repository/EngInfo/COID\u0027 is visible","startTime":1509942544085,"endTime":0,"childRecords":[],"interuppted":false},{"testStatus":{"stackTrace":"","statusValue":"PASSED"},"type":"MESSAGE","name":"","message":"Delayed 5 second(s)","startTime":1509942549086,"endTime":0,"childRecords":[],"interuppted":false},{"testStatus":{"stackTrace":"","statusValue":"PASSED"},"type":"MESSAGE","name":"","message":"Delayed 5 second(s)","startTime":1509942554088,"endTime":0,"childRecords":[],"interuppted":false},{"testStatus":{"stackTrace":"","statusValue":"PASSED"},"type":"MESSAGE","name":"","message":"Text \u0027BOFA\u0027 is set on object \u0027Object Repository/Generic/ORG\u0027","startTime":1509942554411,"endTime":0,"childRecords":[],"interuppted":false},{"testStatus":{"stackTrace":"","statusValue":"PASSED"},"type":"MESSAGE","name":"","message":"Delayed 5 second(s)","startTime":1509942559413,"endTime":0,"childRecords":[],"interuppted":false},{"testStatus":{"stackTrace":"","statusValue":"PASSED"},"type":"MESSAGE","name":"","message":"Keys \u0027??\u0027 sent to object: \u0027Object Repository/Generic/ORG\u0027","startTime":1509942559499,"endTime":0,"childRecords":[],"interuppted":false},{"testStatus":{"stackTrace":"","statusValue":"PASSED"},"type":"MESSAGE","name":"","message":"Delayed 5 second(s)","startTime":1509942564500,"endTime":0,"childRecords":[],"interuppted":false},{"testStatus":{"stackTrace":"","statusValue":"PASSED"},"type":"MESSAGE","name":"","message":"Text \u0027BOFA\u0027 is set on object \u0027Object Repository/Generic/ACC\u0027","startTime":1509942564793,"endTime":0,"childRecords":[],"interuppted":false},{"testStatus":{"stackTrace":"","statusValue":"PASSED"},"type":"MESSAGE","name":"","message":"Delayed 2 second(s)","startTime":1509942566794,"endTime":0,"childRecords":[],"interuppted":false},{"testStatus":{"stackTrace":"","statusValue":"PASSED"},"type":"MESSAGE","name":"","message":"Keys \u0027??\u0027 sent to object: \u0027Object Repository/Generic/ACC\u0027","startTime":1509942566865,"endTime":0,"childRecords":[],"interuppted":false},{"testStatus":{"stackTrace":"","statusValue":"PASSED"},"type":"MESSAGE","name":"","message":"Delayed 5 second(s)","startTime":1509942571868,"endTime":0,"childRecords":[],"interuppted":false},{"testStatus":{"stackTrace":"","statusValue":"PASSED"},"type":"MESSAGE","name":"","message":"Text \u0027AUTOTEST1\u0027 is set on object \u0027Object Repository/Generic/ENG_DESC\u0027","startTime":1509942572253,"endTime":0,"childRecords":[],"interuppted":false},{"testStatus":{"stackTrace":"","statusValue":"PASSED"},"type":"MESSAGE","name":"","message":"Delayed 5 second(s)","startTime":1509942577255,"endTime":0,"childRecords":[],"interuppted":false},{"testStatus":{"stackTrace":"","statusValue":"WARNING"},"type":"MESSAGE","name":"","message":"Timeout \u00270\u0027 is invalid. Using default page load timeout: \u002730\u0027","startTime":1509942577259,"endTime":0,"childRecords":[],"interuppted":false},{"testStatus":{"stackTrace":"","statusValue":"PASSED"},"type":"MESSAGE","name":"","message":"Scroll to object \u0027Object Repository/Generic/SUBMIT\u0027 successfully","startTime":1509942577295,"endTime":0,"childRecords":[],"interuppted":false},{"testStatus":{"stackTrace":"","statusValue":"FAILED"},"attachment":"1509942577424.png","type":"MESSAGE","name":"","message":"Unable to click on object \u0027Object Repository/Generic/SUBMIT\u0027 (Root cause: org.openqa.selenium.WebDriverException: unknown error: Element \u003cbutton data-test-id\u003d\"201502260643470574523\" data-ctl\u003d\"Button\" type\u003d\"button\" data-click\u003d\"[[\u0026quot;setUserStart\u0026quot;,[\u0026quot;FINISHASSIGNMENT\u0026quot;]],[\u0026quot;doFormSubmit\u0026quot;,[\u0026quot;pyActivity\u003dFinishAssignment\u0026quot;,\u0026quot;:this\u0026quot;,\u0026quot;\u0026quot;,\u0026quot;:event\u0026quot;]]]\" title\u003d\"Complete this assignment\" class\u003d\"COE_Strong pzhc\"\u003e...\u003c/button\u003e is not clickable at point (517, 741). Other element would receive the click: \u003cdiv class\u003d\"modal-align-cell\"\u003e...\u003c/div\u003e\n  (Session info: chrome\u003d61.0.3163.100)\n  (Driver info: chromedriver\u003d2.31.488763 (092de99f48a300323ecf8c2a4e2e7cab51de5ba8),platform\u003dWindows NT 10.0.15063 x86_64) (WARNING: The server did not provide any stacktrace information)\nCommand duration or timeout: 108 milliseconds\nBuild info: version: \u00272.53.0\u0027, revision: \u002735ae25b\u0027, time: \u00272016-03-15 17:00:58\u0027\nSystem info: host: \u0027L23017WIN\u0027, ip: \u002710.150.113.10\u0027, os.name: \u0027Windows 10\u0027, os.arch: \u0027x86\u0027, os.version: \u002710.0\u0027, java.version: \u00271.8.0_102\u0027\nDriver info: com.kms.katalon.selenium.driver.CChromeDriver\nCapabilities [{applicationCacheEnabled\u003dfalse, rotatable\u003dfalse, mobileEmulationEnabled\u003dfalse, networkConnectionEnabled\u003dfalse, chrome\u003d{chromedriverVersion\u003d2.31.488763 (092de99f48a300323ecf8c2a4e2e7cab51de5ba8), userDataDir\u003dC:\\Users\\raycp\\AppData\\Local\\Temp\\scoped_dir8328_5018}, takesHeapSnapshot\u003dtrue, pageLoadStrategy\u003dnormal, databaseEnabled\u003dfalse, handlesAlerts\u003dtrue, hasTouchScreen\u003dfalse, version\u003d61.0.3163.100, platform\u003dXP, browserConnectionEnabled\u003dfalse, nativeEvents\u003dtrue, acceptSslCerts\u003dtrue, locationContextEnabled\u003dtrue, webStorageEnabled\u003dtrue, browserName\u003dchrome, takesScreenshot\u003dtrue, javascriptEnabled\u003dtrue, cssSelectorsEnabled\u003dtrue, setWindowRect\u003dtrue, unexpectedAlertBehaviour\u003d}]\nSession ID: c244cabf39147e1df915bfc772b0f29b)","startTime":1509942577769,"endTime":0,"childRecords":[],"interuppted":false},{"testStatus":{"stackTrace":"","statusValue":"FAILED"},"type":"MESSAGE","name":"","message":"Unable to click on object \u0027Object Repository/Generic/SUBMIT\u0027 (Root cause: org.openqa.selenium.WebDriverException: unknown error: Element \u003cbutton data-test-id\u003d\"201502260643470574523\" data-ctl\u003d\"Button\" type\u003d\"button\" data-click\u003d\"[[\u0026quot;setUserStart\u0026quot;,[\u0026quot;FINISHASSIGNMENT\u0026quot;]],[\u0026quot;doFormSubmit\u0026quot;,[\u0026quot;pyActivity\u003dFinishAssignment\u0026quot;,\u0026quot;:this\u0026quot;,\u0026quot;\u0026quot;,\u0026quot;:event\u0026quot;]]]\" title\u003d\"Complete this assignment\" class\u003d\"COE_Strong pzhc\"\u003e...\u003c/button\u003e is not clickable at point (517, 741). Other element would receive the click: \u003cdiv class\u003d\"modal-align-cell\"\u003e...\u003c/div\u003e\n  (Session info: chrome\u003d61.0.3163.100)\n  (Driver info: chromedriver\u003d2.31.488763 (092de99f48a300323ecf8c2a4e2e7cab51de5ba8),platform\u003dWindows NT 10.0.15063 x86_64) (WARNING: The server did not provide any stacktrace information)\nCommand duration or timeout: 108 milliseconds\nBuild info: version: \u00272.53.0\u0027, revision: \u002735ae25b\u0027, time: \u00272016-03-15 17:00:58\u0027\nSystem info: host: \u0027L23017WIN\u0027, ip: \u002710.150.113.10\u0027, os.name: \u0027Windows 10\u0027, os.arch: \u0027x86\u0027, os.version: \u002710.0\u0027, java.version: \u00271.8.0_102\u0027\nDriver info: com.kms.katalon.selenium.driver.CChromeDriver\nCapabilities [{applicationCacheEnabled\u003dfalse, rotatable\u003dfalse, mobileEmulationEnabled\u003dfalse, networkConnectionEnabled\u003dfalse, chrome\u003d{chromedriverVersion\u003d2.31.488763 (092de99f48a300323ecf8c2a4e2e7cab51de5ba8), userDataDir\u003dC:\\Users\\raycp\\AppData\\Local\\Temp\\scoped_dir8328_5018}, takesHeapSnapshot\u003dtrue, pageLoadStrategy\u003dnormal, databaseEnabled\u003dfalse, handlesAlerts\u003dtrue, hasTouchScreen\u003dfalse, version\u003d61.0.3163.100, platform\u003dXP, browserConnectionEnabled\u003dfalse, nativeEvents\u003dtrue, acceptSslCerts\u003dtrue, locationContextEnabled\u003dtrue, webStorageEnabled\u003dtrue, browserName\u003dchrome, takesScreenshot\u003dtrue, javascriptEnabled\u003dtrue, cssSelectorsEnabled\u003dtrue, setWindowRect\u003dtrue, unexpectedAlertBehaviour\u003d}]\nSession ID: c244cabf39147e1df915bfc772b0f29b)","startTime":1509942577771,"endTime":0,"childRecords":[],"interuppted":false}],"interuppted":false},{"testStatus":{"stackTrace":"","statusValue":"FAILED"},"type":"MESSAGE","name":"","message":"Test Cases/ECR/REF/ECR_Meeting_NoExpertService FAILED because (of) Unable to click on object \u0027Object Repository/Generic/SUBMIT\u0027 (Root cause: org.openqa.selenium.WebDriverException: unknown error: Element \u003cbutton data-test-id\u003d\"201502260643470574523\" data-ctl\u003d\"Button\" type\u003d\"button\" data-click\u003d\"[[\u0026quot;setUserStart\u0026quot;,[\u0026quot;FINISHASSIGNMENT\u0026quot;]],[\u0026quot;doFormSubmit\u0026quot;,[\u0026quot;pyActivity\u003dFinishAssignment\u0026quot;,\u0026quot;:this\u0026quot;,\u0026quot;\u0026quot;,\u0026quot;:event\u0026quot;]]]\" title\u003d\"Complete this assignment\" class\u003d\"COE_Strong pzhc\"\u003e...\u003c/button\u003e is not clickable at point (517, 741). Other element would receive the click: \u003cdiv class\u003d\"modal-align-cell\"\u003e...\u003c/div\u003e\n  (Session info: chrome\u003d61.0.3163.100)\n  (Driver info: chromedriver\u003d2.31.488763 (092de99f48a300323ecf8c2a4e2e7cab51de5ba8),platform\u003dWindows NT 10.0.15063 x86_64) (WARNING: The server did not provide any stacktrace information)\nCommand duration or timeout: 108 milliseconds\nBuild info: version: \u00272.53.0\u0027, revision: \u002735ae25b\u0027, time: \u00272016-03-15 17:00:58\u0027\nSystem info: host: \u0027L23017WIN\u0027, ip: \u002710.150.113.10\u0027, os.name: \u0027Windows 10\u0027, os.arch: \u0027x86\u0027, os.version: \u002710.0\u0027, java.version: \u00271.8.0_102\u0027\nDriver info: com.kms.katalon.selenium.driver.CChromeDriver\nCapabilities [{applicationCacheEnabled\u003dfalse, rotatable\u003dfalse, mobileEmulationEnabled\u003dfalse, networkConnectionEnabled\u003dfalse, chrome\u003d{chromedriverVersion\u003d2.31.488763 (092de99f48a300323ecf8c2a4e2e7cab51de5ba8), userDataDir\u003dC:\\Users\\raycp\\AppData\\Local\\Temp\\scoped_dir8328_5018}, takesHeapSnapshot\u003dtrue, pageLoadStrategy\u003dnormal, databaseEnabled\u003dfalse, handlesAlerts\u003dtrue, hasTouchScreen\u003dfalse, version\u003d61.0.3163.100, platform\u003dXP, browserConnectionEnabled\u003dfalse, nativeEvents\u003dtrue, acceptSslCerts\u003dtrue, locationContextEnabled\u003dtrue, webStorageEnabled\u003dtrue, browserName\u003dchrome, takesScreenshot\u003dtrue, javascriptEnabled\u003dtrue, cssSelectorsEnabled\u003dtrue, setWindowRect\u003dtrue, unexpectedAlertBehaviour\u003d}]\nSession ID: c244cabf39147e1df915bfc772b0f29b)","startTime":1509942577771,"endTime":0,"childRecords":[],"interuppted":false}],"interuppted":false},{"testStatus":{"stackTrace":"","statusValue":"FAILED"},"type":"MESSAGE","name":"","message":"Unable to call Test Case with id \u0027Test Cases/ECR/REF/ECR_Meeting_NoExpertService\u0027 (Root cause: Call Test Case \u0027Test Cases/ECR/REF/ECR_Meeting_NoExpertService\u0027 failed)","startTime":1509942577775,"endTime":0,"childRecords":[],"interuppted":false}],"interuppted":false},{"testStatus":{"stackTrace":"","statusValue":"FAILED"},"type":"MESSAGE","name":"","message":"Test Cases/ECR/TC_ECR_Meeting_NoExpertService_AllApproval FAILED because (of) Unable to click on object \u0027Object Repository/Generic/SUBMIT\u0027 (Root cause: org.openqa.selenium.WebDriverException: unknown error: Element \u003cbutton data-test-id\u003d\"201502260643470574523\" data-ctl\u003d\"Button\" type\u003d\"button\" data-click\u003d\"[[\u0026quot;setUserStart\u0026quot;,[\u0026quot;FINISHASSIGNMENT\u0026quot;]],[\u0026quot;doFormSubmit\u0026quot;,[\u0026quot;pyActivity\u003dFinishAssignment\u0026quot;,\u0026quot;:this\u0026quot;,\u0026quot;\u0026quot;,\u0026quot;:event\u0026quot;]]]\" title\u003d\"Complete this assignment\" class\u003d\"COE_Strong pzhc\"\u003e...\u003c/button\u003e is not clickable at point (517, 741). Other element would receive the click: \u003cdiv class\u003d\"modal-align-cell\"\u003e...\u003c/div\u003e\n  (Session info: chrome\u003d61.0.3163.100)\n  (Driver info: chromedriver\u003d2.31.488763 (092de99f48a300323ecf8c2a4e2e7cab51de5ba8),platform\u003dWindows NT 10.0.15063 x86_64) (WARNING: The server did not provide any stacktrace information)\nCommand duration or timeout: 108 milliseconds\nBuild info: version: \u00272.53.0\u0027, revision: \u002735ae25b\u0027, time: \u00272016-03-15 17:00:58\u0027\nSystem info: host: \u0027L23017WIN\u0027, ip: \u002710.150.113.10\u0027, os.name: \u0027Windows 10\u0027, os.arch: \u0027x86\u0027, os.version: \u002710.0\u0027, java.version: \u00271.8.0_102\u0027\nDriver info: com.kms.katalon.selenium.driver.CChromeDriver\nCapabilities [{applicationCacheEnabled\u003dfalse, rotatable\u003dfalse, mobileEmulationEnabled\u003dfalse, networkConnectionEnabled\u003dfalse, chrome\u003d{chromedriverVersion\u003d2.31.488763 (092de99f48a300323ecf8c2a4e2e7cab51de5ba8), userDataDir\u003dC:\\Users\\raycp\\AppData\\Local\\Temp\\scoped_dir8328_5018}, takesHeapSnapshot\u003dtrue, pageLoadStrategy\u003dnormal, databaseEnabled\u003dfalse, handlesAlerts\u003dtrue, hasTouchScreen\u003dfalse, version\u003d61.0.3163.100, platform\u003dXP, browserConnectionEnabled\u003dfalse, nativeEvents\u003dtrue, acceptSslCerts\u003dtrue, locationContextEnabled\u003dtrue, webStorageEnabled\u003dtrue, browserName\u003dchrome, takesScreenshot\u003dtrue, javascriptEnabled\u003dtrue, cssSelectorsEnabled\u003dtrue, setWindowRect\u003dtrue, unexpectedAlertBehaviour\u003d}]\nSession ID: c244cabf39147e1df915bfc772b0f29b)","startTime":1509942577776,"endTime":0,"childRecords":[],"interuppted":false}],"interuppted":false},{"isOptional":false,"type":"TEST_CASE","name":"Test Cases/ECR/TC_ECR_Meeting_NoExpertService_AllReject","id":"Test Cases/ECR/TC_ECR_Meeting_NoExpertService_AllReject","source":"C:\\\\Users\\\\raycp\\\\Desktop\\\\COETest Cases\\\\ECR\\\\TC_ECR_Meeting_NoExpertService_AllReject.tc","message":"Test Cases/ECR/TC_ECR_Meeting_NoExpertService_AllReject FAILED because (of) Unable to click on object \u0027Object Repository/button_Import\u0027 (Root cause: org.openqa.selenium.WebDriverException: chrome not reachable\n  (Session info: chrome\u003d61.0.3163.100)\n  (Driver info: chromedriver\u003d2.31.488763 (092de99f48a300323ecf8c2a4e2e7cab51de5ba8),platform\u003dWindows NT 10.0.15063 x86_64) (WARNING: The server did not provide any stacktrace information)\nCommand duration or timeout: 4.02 seconds\nBuild info: version: \u00272.53.0\u0027, revision: \u002735ae25b\u0027, time: \u00272016-03-15 17:00:58\u0027\nSystem info: host: \u0027L23017WIN\u0027, ip: \u002710.150.113.10\u0027, os.name: \u0027Windows 10\u0027, os.arch: \u0027x86\u0027, os.version: \u002710.0\u0027, java.version: \u00271.8.0_102\u0027\nDriver info: com.kms.katalon.selenium.driver.CChromeDriver\nCapabilities [{applicationCacheEnabled\u003dfalse, rotatable\u003dfalse, mobileEmulationEnabled\u003dfalse, networkConnectionEnabled\u003dfalse, chrome\u003d{chromedriverVersion\u003d2.31.488763 (092de99f48a300323ecf8c2a4e2e7cab51de5ba8), userDataDir\u003dC:\\Users\\raycp\\AppData\\Local\\Temp\\scoped_dir8872_7337}, takesHeapSnapshot\u003dtrue, pageLoadStrategy\u003dnormal, databaseEnabled\u003dfalse, handlesAlerts\u003dtrue, hasTouchScreen\u003dfalse, version\u003d61.0.3163.100, platform\u003dXP, browserConnectionEnabled\u003dfalse, nativeEvents\u003dtrue, acceptSslCerts\u003dtrue, locationContextEnabled\u003dtrue, webStorageEnabled\u003dtrue, browserName\u003dchrome, takesScreenshot\u003dtrue, javascriptEnabled\u003dtrue, cssSelectorsEnabled\u003dtrue, setWindowRect\u003dtrue, unexpectedAlertBehaviour\u003d}]\nSession ID: 79448246aebc9a0fd968f229be4f998d\n*** Element info: {Using\u003dxpath, value\u003d//button[count(. | //button[contains(.,\u0027Import\u0027)]) \u003d count(//button[contains(.,\u0027Import\u0027)])][count(. | //*[@name \u003d \u0027BIDEngagementInformation_pyWorkPage_38\u0027]) \u003d count(//*[@name \u003d \u0027BIDEngagementInformation_pyWorkPage_38\u0027])][count(. | //*[contains(.,\u0027Import\u0027)]) \u003d count(//*[contains(.,\u0027Import\u0027)])][count(. | //*[@type \u003d \u0027button\u0027]) \u003d count(//*[@type \u003d \u0027button\u0027])][count(. | //*[@class \u003d \u0027COE_Plain pzhc pzbutton\u0027]) \u003d count(//*[@class \u003d \u0027COE_Plain pzhc pzbutton\u0027])]})","description":"","startTime":1509942577841,"endTime":1509942611290,"childRecords":[{"testStatus":{"stackTrace":"","statusValue":"INFO"},"type":"MESSAGE","name":"","message":"Evaluating variables for test case","startTime":1509942577857,"endTime":0,"childRecords":[],"interuppted":false},{"index":1,"isIgnoredIfFailed":false,"type":"TEST_STEP","name":"callTestCase","message":"Unable to call Test Case with id \u0027Test Cases/ECR/REF/ECR_Meeting_NoExpertService\u0027 (Root cause: Call Test Case \u0027Test Cases/ECR/REF/ECR_Meeting_NoExpertService\u0027 failed)","description":"","startTime":1509942578136,"endTime":1509942611287,"childRecords":[{"isOptional":false,"type":"TEST_CASE","name":"Test Cases/ECR/REF/ECR_Meeting_NoExpertService","id":"Test Cases/ECR/REF/ECR_Meeting_NoExpertService","source":"C:\\\\Users\\\\raycp\\\\Desktop\\\\COETest Cases\\\\ECR\\\\REF\\\\ECR_Meeting_NoExpertService.tc","message":"Test Cases/ECR/REF/ECR_Meeting_NoExpertService FAILED because (of) Unable to click on object \u0027Object Repository/button_Import\u0027 (Root cause: org.openqa.selenium.WebDriverException: chrome not reachable\n  (Session info: chrome\u003d61.0.3163.100)\n  (Driver info: chromedriver\u003d2.31.488763 (092de99f48a300323ecf8c2a4e2e7cab51de5ba8),platform\u003dWindows NT 10.0.15063 x86_64) (WARNING: The server did not provide any stacktrace information)\nCommand duration or timeout: 4.02 seconds\nBuild info: version: \u00272.53.0\u0027, revision: \u002735ae25b\u0027, time: \u00272016-03-15 17:00:58\u0027\nSystem info: host: \u0027L23017WIN\u0027, ip: \u002710.150.113.10\u0027, os.name: \u0027Windows 10\u0027, os.arch: \u0027x86\u0027, os.version: \u002710.0\u0027, java.version: \u00271.8.0_102\u0027\nDriver info: com.kms.katalon.selenium.driver.CChromeDriver\nCapabilities [{applicationCacheEnabled\u003dfalse, rotatable\u003dfalse, mobileEmulationEnabled\u003dfalse, networkConnectionEnabled\u003dfalse, chrome\u003d{chromedriverVersion\u003d2.31.488763 (092de99f48a300323ecf8c2a4e2e7cab51de5ba8), userDataDir\u003dC:\\Users\\raycp\\AppData\\Local\\Temp\\scoped_dir8872_7337}, takesHeapSnapshot\u003dtrue, pageLoadStrategy\u003dnormal, databaseEnabled\u003dfalse, handlesAlerts\u003dtrue, hasTouchScreen\u003dfalse, version\u003d61.0.3163.100, platform\u003dXP, browserConnectionEnabled\u003dfalse, nativeEvents\u003dtrue, acceptSslCerts\u003dtrue, locationContextEnabled\u003dtrue, webStorageEnabled\u003dtrue, browserName\u003dchrome, takesScreenshot\u003dtrue, javascriptEnabled\u003dtrue, cssSelectorsEnabled\u003dtrue, setWindowRect\u003dtrue, unexpectedAlertBehaviour\u003d}]\nSession ID: 79448246aebc9a0fd968f229be4f998d\n*** Element info: {Using\u003dxpath, value\u003d//button[count(. | //button[contains(.,\u0027Import\u0027)]) \u003d count(//button[contains(.,\u0027Import\u0027)])][count(. | //*[@name \u003d \u0027BIDEngagementInformation_pyWorkPage_38\u0027]) \u003d count(//*[@name \u003d \u0027BIDEngagementInformation_pyWorkPage_38\u0027])][count(. | //*[contains(.,\u0027Import\u0027)]) \u003d count(//*[contains(.,\u0027Import\u0027)])][count(. | //*[@type \u003d \u0027button\u0027]) \u003d count(//*[@type \u003d \u0027button\u0027])][count(. | //*[@class \u003d \u0027COE_Plain pzhc pzbutton\u0027]) \u003d count(//*[@class \u003d \u0027COE_Plain pzhc pzbutton\u0027])]})","description":"","startTime":1509942578208,"endTime":1509942611286,"childRecords":[{"testStatus":{"stackTrace":"","statusValue":"INFO"},"type":"MESSAGE","name":"","message":"Evaluating variables for test case","startTime":1509942578229,"endTime":0,"childRecords":[],"interuppted":false},{"index":1,"isIgnoredIfFailed":false,"type":"TEST_STEP","name":"com.helper.commonfunct.utilities.login","message":"com.helper.commonfunct.utilities.login is PASSED","description":"","startTime":1509942578232,"endTime":1509942593761,"childRecords":[{"testStatus":{"stackTrace":"","statusValue":"WARNING"},"type":"MESSAGE","name":"","message":"A browser is already opened. Closing browser and opening a new one","startTime":1509942578234,"endTime":0,"childRecords":[],"interuppted":false},{"testStatus":{"stackTrace":"","statusValue":"PASSED"},"type":"MESSAGE","name":"","message":"Browser is opened with url: \u0027\u0027","startTime":1509942582074,"endTime":0,"childRecords":[],"interuppted":false},{"testStatus":{"stackTrace":"","statusValue":"PASSED"},"type":"MESSAGE","name":"","message":"Navigate to \u0027http://vtcpqa2:9685/tcpqa/PRServlet\u0027 successfully","startTime":1509942584193,"endTime":0,"childRecords":[],"interuppted":false},{"testStatus":{"stackTrace":"","statusValue":"PASSED"},"type":"MESSAGE","name":"","message":"Text \u0027pogoa@pegasystems.com\u0027 is set on object \u0027Object Repository/input_UserIdentifier\u0027","startTime":1509942584500,"endTime":0,"childRecords":[],"interuppted":false},{"testStatus":{"stackTrace":"","statusValue":"PASSED"},"type":"MESSAGE","name":"","message":"Text \u0027install\u0027 is set on object \u0027Object Repository/input_Password\u0027","startTime":1509942584713,"endTime":0,"childRecords":[],"interuppted":false},{"testStatus":{"stackTrace":"","statusValue":"PASSED"},"type":"MESSAGE","name":"","message":"Keys \u0027??\u0027 sent to object: \u0027Object Repository/input_Password\u0027","startTime":1509942593760,"endTime":0,"childRecords":[],"interuppted":false},{"testStatus":{"stackTrace":"","statusValue":"PASSED"},"type":"MESSAGE","name":"","message":"com.helper.commonfunct.utilities.login is PASSED","startTime":1509942593761,"endTime":0,"childRecords":[],"interuppted":false}],"interuppted":false},{"index":2,"isIgnoredIfFailed":false,"type":"TEST_STEP","name":"com.helper.commonfunct.utilities.createECR","message":"Unable to click on object \u0027Object Repository/button_Import\u0027 (Root cause: org.openqa.selenium.WebDriverException: chrome not reachable\n  (Session info: chrome\u003d61.0.3163.100)\n  (Driver info: chromedriver\u003d2.31.488763 (092de99f48a300323ecf8c2a4e2e7cab51de5ba8),platform\u003dWindows NT 10.0.15063 x86_64) (WARNING: The server did not provide any stacktrace information)\nCommand duration or timeout: 4.02 seconds\nBuild info: version: \u00272.53.0\u0027, revision: \u002735ae25b\u0027, time: \u00272016-03-15 17:00:58\u0027\nSystem info: host: \u0027L23017WIN\u0027, ip: \u002710.150.113.10\u0027, os.name: \u0027Windows 10\u0027, os.arch: \u0027x86\u0027, os.version: \u002710.0\u0027, java.version: \u00271.8.0_102\u0027\nDriver info: com.kms.katalon.selenium.driver.CChromeDriver\nCapabilities [{applicationCacheEnabled\u003dfalse, rotatable\u003dfalse, mobileEmulationEnabled\u003dfalse, networkConnectionEnabled\u003dfalse, chrome\u003d{chromedriverVersion\u003d2.31.488763 (092de99f48a300323ecf8c2a4e2e7cab51de5ba8), userDataDir\u003dC:\\Users\\raycp\\AppData\\Local\\Temp\\scoped_dir8872_7337}, takesHeapSnapshot\u003dtrue, pageLoadStrategy\u003dnormal, databaseEnabled\u003dfalse, handlesAlerts\u003dtrue, hasTouchScreen\u003dfalse, version\u003d61.0.3163.100, platform\u003dXP, browserConnectionEnabled\u003dfalse, nativeEvents\u003dtrue, acceptSslCerts\u003dtrue, locationContextEnabled\u003dtrue, webStorageEnabled\u003dtrue, browserName\u003dchrome, takesScreenshot\u003dtrue, javascriptEnabled\u003dtrue, cssSelectorsEnabled\u003dtrue, setWindowRect\u003dtrue, unexpectedAlertBehaviour\u003d}]\nSession ID: 79448246aebc9a0fd968f229be4f998d\n*** Element info: {Using\u003dxpath, value\u003d//button[count(. | //button[contains(.,\u0027Import\u0027)]) \u003d count(//button[contains(.,\u0027Import\u0027)])][count(. | //*[@name \u003d \u0027BIDEngagementInformation_pyWorkPage_38\u0027]) \u003d count(//*[@name \u003d \u0027BIDEngagementInformation_pyWorkPage_38\u0027])][count(. | //*[contains(.,\u0027Import\u0027)]) \u003d count(//*[contains(.,\u0027Import\u0027)])][count(. | //*[@type \u003d \u0027button\u0027]) \u003d count(//*[@type \u003d \u0027button\u0027])][count(. | //*[@class \u003d \u0027COE_Plain pzhc pzbutton\u0027]) \u003d count(//*[@class \u003d \u0027COE_Plain pzhc pzbutton\u0027])]})","description":"","startTime":1509942593762,"endTime":1509942611283,"childRecords":[{"testStatus":{"stackTrace":"","statusValue":"PASSED"},"type":"MESSAGE","name":"","message":"Object: \u0027Object Repository/Generic/a_Actions\u0027 is clicked on","startTime":1509942594051,"endTime":0,"childRecords":[],"interuppted":false},{"testStatus":{"stackTrace":"","statusValue":"PASSED"},"type":"MESSAGE","name":"","message":"Object: \u0027Object Repository/span_New\u0027 is focused","startTime":1509942595287,"endTime":0,"childRecords":[],"interuppted":false},{"testStatus":{"stackTrace":"","statusValue":"PASSED"},"type":"MESSAGE","name":"","message":"Object: \u0027Object Repository/span_Bid Process\u0027 is clicked on","startTime":1509942597816,"endTime":0,"childRecords":[],"interuppted":false},{"testStatus":{"stackTrace":"","statusValue":"PASSED"},"type":"MESSAGE","name":"","message":"Object: \u0027Object Repository/ECR/BID_TYPE\u0027 is clicked on","startTime":1509942598193,"endTime":0,"childRecords":[],"interuppted":false},{"testStatus":{"stackTrace":"","statusValue":"PASSED"},"type":"MESSAGE","name":"","message":"Object \u0027Object Repository/button_Import\u0027 is present","startTime":1509942598245,"endTime":0,"childRecords":[],"interuppted":false},{"testStatus":{"stackTrace":"","statusValue":"PASSED"},"type":"MESSAGE","name":"","message":"Delayed 5 second(s)","startTime":1509942603247,"endTime":0,"childRecords":[],"interuppted":false},{"testStatus":{"stackTrace":"","statusValue":"WARNING"},"type":"MESSAGE","name":"","message":"Cannot take screenshot","startTime":1509942611281,"endTime":0,"childRecords":[],"interuppted":false},{"testStatus":{"stackTrace":"","statusValue":"FAILED"},"type":"MESSAGE","name":"","message":"Unable to click on object \u0027Object Repository/button_Import\u0027 (Root cause: org.openqa.selenium.WebDriverException: chrome not reachable\n  (Session info: chrome\u003d61.0.3163.100)\n  (Driver info: chromedriver\u003d2.31.488763 (092de99f48a300323ecf8c2a4e2e7cab51de5ba8),platform\u003dWindows NT 10.0.15063 x86_64) (WARNING: The server did not provide any stacktrace information)\nCommand duration or timeout: 4.02 seconds\nBuild info: version: \u00272.53.0\u0027, revision: \u002735ae25b\u0027, time: \u00272016-03-15 17:00:58\u0027\nSystem info: host: \u0027L23017WIN\u0027, ip: \u002710.150.113.10\u0027, os.name: \u0027Windows 10\u0027, os.arch: \u0027x86\u0027, os.version: \u002710.0\u0027, java.version: \u00271.8.0_102\u0027\nDriver info: com.kms.katalon.selenium.driver.CChromeDriver\nCapabilities [{applicationCacheEnabled\u003dfalse, rotatable\u003dfalse, mobileEmulationEnabled\u003dfalse, networkConnectionEnabled\u003dfalse, chrome\u003d{chromedriverVersion\u003d2.31.488763 (092de99f48a300323ecf8c2a4e2e7cab51de5ba8), userDataDir\u003dC:\\Users\\raycp\\AppData\\Local\\Temp\\scoped_dir8872_7337}, takesHeapSnapshot\u003dtrue, pageLoadStrategy\u003dnormal, databaseEnabled\u003dfalse, handlesAlerts\u003dtrue, hasTouchScreen\u003dfalse, version\u003d61.0.3163.100, platform\u003dXP, browserConnectionEnabled\u003dfalse, nativeEvents\u003dtrue, acceptSslCerts\u003dtrue, locationContextEnabled\u003dtrue, webStorageEnabled\u003dtrue, browserName\u003dchrome, takesScreenshot\u003dtrue, javascriptEnabled\u003dtrue, cssSelectorsEnabled\u003dtrue, setWindowRect\u003dtrue, unexpectedAlertBehaviour\u003d}]\nSession ID: 79448246aebc9a0fd968f229be4f998d\n*** Element info: {Using\u003dxpath, value\u003d//button[count(. | //button[contains(.,\u0027Import\u0027)]) \u003d count(//button[contains(.,\u0027Import\u0027)])][count(. | //*[@name \u003d \u0027BIDEngagementInformation_pyWorkPage_38\u0027]) \u003d count(//*[@name \u003d \u0027BIDEngagementInformation_pyWorkPage_38\u0027])][count(. | //*[contains(.,\u0027Import\u0027)]) \u003d count(//*[contains(.,\u0027Import\u0027)])][count(. | //*[@type \u003d \u0027button\u0027]) \u003d count(//*[@type \u003d \u0027button\u0027])][count(. | //*[@class \u003d \u0027COE_Plain pzhc pzbutton\u0027]) \u003d count(//*[@class \u003d \u0027COE_Plain pzhc pzbutton\u0027])]})","startTime":1509942611281,"endTime":0,"childRecords":[],"interuppted":false},{"testStatus":{"stackTrace":"","statusValue":"FAILED"},"type":"MESSAGE","name":"","message":"Unable to click on object \u0027Object Repository/button_Import\u0027 (Root cause: org.openqa.selenium.WebDriverException: chrome not reachable\n  (Session info: chrome\u003d61.0.3163.100)\n  (Driver info: chromedriver\u003d2.31.488763 (092de99f48a300323ecf8c2a4e2e7cab51de5ba8),platform\u003dWindows NT 10.0.15063 x86_64) (WARNING: The server did not provide any stacktrace information)\nCommand duration or timeout: 4.02 seconds\nBuild info: version: \u00272.53.0\u0027, revision: \u002735ae25b\u0027, time: \u00272016-03-15 17:00:58\u0027\nSystem info: host: \u0027L23017WIN\u0027, ip: \u002710.150.113.10\u0027, os.name: \u0027Windows 10\u0027, os.arch: \u0027x86\u0027, os.version: \u002710.0\u0027, java.version: \u00271.8.0_102\u0027\nDriver info: com.kms.katalon.selenium.driver.CChromeDriver\nCapabilities [{applicationCacheEnabled\u003dfalse, rotatable\u003dfalse, mobileEmulationEnabled\u003dfalse, networkConnectionEnabled\u003dfalse, chrome\u003d{chromedriverVersion\u003d2.31.488763 (092de99f48a300323ecf8c2a4e2e7cab51de5ba8), userDataDir\u003dC:\\Users\\raycp\\AppData\\Local\\Temp\\scoped_dir8872_7337}, takesHeapSnapshot\u003dtrue, pageLoadStrategy\u003dnormal, databaseEnabled\u003dfalse, handlesAlerts\u003dtrue, hasTouchScreen\u003dfalse, version\u003d61.0.3163.100, platform\u003dXP, browserConnectionEnabled\u003dfalse, nativeEvents\u003dtrue, acceptSslCerts\u003dtrue, locationContextEnabled\u003dtrue, webStorageEnabled\u003dtrue, browserName\u003dchrome, takesScreenshot\u003dtrue, javascriptEnabled\u003dtrue, cssSelectorsEnabled\u003dtrue, setWindowRect\u003dtrue, unexpectedAlertBehaviour\u003d}]\nSession ID: 79448246aebc9a0fd968f229be4f998d\n*** Element info: {Using\u003dxpath, value\u003d//button[count(. | //button[contains(.,\u0027Import\u0027)]) \u003d count(//button[contains(.,\u0027Import\u0027)])][count(. | //*[@name \u003d \u0027BIDEngagementInformation_pyWorkPage_38\u0027]) \u003d count(//*[@name \u003d \u0027BIDEngagementInformation_pyWorkPage_38\u0027])][count(. | //*[contains(.,\u0027Import\u0027)]) \u003d count(//*[contains(.,\u0027Import\u0027)])][count(. | //*[@type \u003d \u0027button\u0027]) \u003d count(//*[@type \u003d \u0027button\u0027])][count(. | //*[@class \u003d \u0027COE_Plain pzhc pzbutton\u0027]) \u003d count(//*[@class \u003d \u0027COE_Plain pzhc pzbutton\u0027])]})","startTime":1509942611282,"endTime":0,"childRecords":[],"interuppted":false}],"interuppted":false},{"testStatus":{"stackTrace":"","statusValue":"FAILED"},"type":"MESSAGE","name":"","message":"Test Cases/ECR/REF/ECR_Meeting_NoExpertService FAILED because (of) Unable to click on object \u0027Object Repository/button_Import\u0027 (Root cause: org.openqa.selenium.WebDriverException: chrome not reachable\n  (Session info: chrome\u003d61.0.3163.100)\n  (Driver info: chromedriver\u003d2.31.488763 (092de99f48a300323ecf8c2a4e2e7cab51de5ba8),platform\u003dWindows NT 10.0.15063 x86_64) (WARNING: The server did not provide any stacktrace information)\nCommand duration or timeout: 4.02 seconds\nBuild info: version: \u00272.53.0\u0027, revision: \u002735ae25b\u0027, time: \u00272016-03-15 17:00:58\u0027\nSystem info: host: \u0027L23017WIN\u0027, ip: \u002710.150.113.10\u0027, os.name: \u0027Windows 10\u0027, os.arch: \u0027x86\u0027, os.version: \u002710.0\u0027, java.version: \u00271.8.0_102\u0027\nDriver info: com.kms.katalon.selenium.driver.CChromeDriver\nCapabilities [{applicationCacheEnabled\u003dfalse, rotatable\u003dfalse, mobileEmulationEnabled\u003dfalse, networkConnectionEnabled\u003dfalse, chrome\u003d{chromedriverVersion\u003d2.31.488763 (092de99f48a300323ecf8c2a4e2e7cab51de5ba8), userDataDir\u003dC:\\Users\\raycp\\AppData\\Local\\Temp\\scoped_dir8872_7337}, takesHeapSnapshot\u003dtrue, pageLoadStrategy\u003dnormal, databaseEnabled\u003dfalse, handlesAlerts\u003dtrue, hasTouchScreen\u003dfalse, version\u003d61.0.3163.100, platform\u003dXP, browserConnectionEnabled\u003dfalse, nativeEvents\u003dtrue, acceptSslCerts\u003dtrue, locationContextEnabled\u003dtrue, webStorageEnabled\u003dtrue, browserName\u003dchrome, takesScreenshot\u003dtrue, javascriptEnabled\u003dtrue, cssSelectorsEnabled\u003dtrue, setWindowRect\u003dtrue, unexpectedAlertBehaviour\u003d}]\nSession ID: 79448246aebc9a0fd968f229be4f998d\n*** Element info: {Using\u003dxpath, value\u003d//button[count(. | //button[contains(.,\u0027Import\u0027)]) \u003d count(//button[contains(.,\u0027Import\u0027)])][count(. | //*[@name \u003d \u0027BIDEngagementInformation_pyWorkPage_38\u0027]) \u003d count(//*[@name \u003d \u0027BIDEngagementInformation_pyWorkPage_38\u0027])][count(. | //*[contains(.,\u0027Import\u0027)]) \u003d count(//*[contains(.,\u0027Import\u0027)])][count(. | //*[@type \u003d \u0027button\u0027]) \u003d count(//*[@type \u003d \u0027button\u0027])][count(. | //*[@class \u003d \u0027COE_Plain pzhc pzbutton\u0027]) \u003d count(//*[@class \u003d \u0027COE_Plain pzhc pzbutton\u0027])]})","startTime":1509942611283,"endTime":0,"childRecords":[],"interuppted":false}],"interuppted":false},{"testStatus":{"stackTrace":"","statusValue":"FAILED"},"type":"MESSAGE","name":"","message":"Unable to call Test Case with id \u0027Test Cases/ECR/REF/ECR_Meeting_NoExpertService\u0027 (Root cause: Call Test Case \u0027Test Cases/ECR/REF/ECR_Meeting_NoExpertService\u0027 failed)","startTime":1509942611287,"endTime":0,"childRecords":[],"interuppted":false}],"interuppted":false},{"testStatus":{"stackTrace":"","statusValue":"FAILED"},"type":"MESSAGE","name":"","message":"Test Cases/ECR/TC_ECR_Meeting_NoExpertService_AllReject FAILED because (of) Unable to click on object \u0027Object Repository/button_Import\u0027 (Root cause: org.openqa.selenium.WebDriverException: chrome not reachable\n  (Session info: chrome\u003d61.0.3163.100)\n  (Driver info: chromedriver\u003d2.31.488763 (092de99f48a300323ecf8c2a4e2e7cab51de5ba8),platform\u003dWindows NT 10.0.15063 x86_64) (WARNING: The server did not provide any stacktrace information)\nCommand duration or timeout: 4.02 seconds\nBuild info: version: \u00272.53.0\u0027, revision: \u002735ae25b\u0027, time: \u00272016-03-15 17:00:58\u0027\nSystem info: host: \u0027L23017WIN\u0027, ip: \u002710.150.113.10\u0027, os.name: \u0027Windows 10\u0027, os.arch: \u0027x86\u0027, os.version: \u002710.0\u0027, java.version: \u00271.8.0_102\u0027\nDriver info: com.kms.katalon.selenium.driver.CChromeDriver\nCapabilities [{applicationCacheEnabled\u003dfalse, rotatable\u003dfalse, mobileEmulationEnabled\u003dfalse, networkConnectionEnabled\u003dfalse, chrome\u003d{chromedriverVersion\u003d2.31.488763 (092de99f48a300323ecf8c2a4e2e7cab51de5ba8), userDataDir\u003dC:\\Users\\raycp\\AppData\\Local\\Temp\\scoped_dir8872_7337}, takesHeapSnapshot\u003dtrue, pageLoadStrategy\u003dnormal, databaseEnabled\u003dfalse, handlesAlerts\u003dtrue, hasTouchScreen\u003dfalse, version\u003d61.0.3163.100, platform\u003dXP, browserConnectionEnabled\u003dfalse, nativeEvents\u003dtrue, acceptSslCerts\u003dtrue, locationContextEnabled\u003dtrue, webStorageEnabled\u003dtrue, browserName\u003dchrome, takesScreenshot\u003dtrue, javascriptEnabled\u003dtrue, cssSelectorsEnabled\u003dtrue, setWindowRect\u003dtrue, unexpectedAlertBehaviour\u003d}]\nSession ID: 79448246aebc9a0fd968f229be4f998d\n*** Element info: {Using\u003dxpath, value\u003d//button[count(. | //button[contains(.,\u0027Import\u0027)]) \u003d count(//button[contains(.,\u0027Import\u0027)])][count(. | //*[@name \u003d \u0027BIDEngagementInformation_pyWorkPage_38\u0027]) \u003d count(//*[@name \u003d \u0027BIDEngagementInformation_pyWorkPage_38\u0027])][count(. | //*[contains(.,\u0027Import\u0027)]) \u003d count(//*[contains(.,\u0027Import\u0027)])][count(. | //*[@type \u003d \u0027button\u0027]) \u003d count(//*[@type \u003d \u0027button\u0027])][count(. | //*[@class \u003d \u0027COE_Plain pzhc pzbutton\u0027]) \u003d count(//*[@class \u003d \u0027COE_Plain pzhc pzbutton\u0027])]})","startTime":1509942611287,"endTime":0,"childRecords":[],"interuppted":false}],"interuppted":false},{"isOptional":false,"type":"TEST_CASE","name":"Test Cases/ECR/TC_ECR_NoMeeting_NoRoutingToRL_AllApproval","id":"Test Cases/ECR/TC_ECR_NoMeeting_NoRoutingToRL_AllApproval","source":"C:\\\\Users\\\\raycp\\\\Desktop\\\\COETest Cases\\\\ECR\\\\TC_ECR_NoMeeting_NoRoutingToRL_AllApproval.tc","message":"Test Cases/ECR/TC_ECR_NoMeeting_NoRoutingToRL_AllApproval FAILED because (of) java.lang.IllegalArgumentException: Cannot find test case with id \u0027Test Cases/ECR/Create_ECRLite\u0027","description":"","startTime":1509942611348,"endTime":1509942611590,"childRecords":[{"testStatus":{"stackTrace":"","statusValue":"INFO"},"type":"MESSAGE","name":"","message":"Evaluating variables for test case","startTime":1509942611357,"endTime":0,"childRecords":[],"interuppted":false},{"testStatus":{"stackTrace":"","statusValue":"INFO"},"type":"MESSAGE","name":"","message":"Variable \u0027username\u0027 is set to  as default","startTime":1509942611388,"endTime":0,"childRecords":[],"interuppted":false},{"testStatus":{"stackTrace":"","statusValue":"INFO"},"type":"MESSAGE","name":"","message":"Variable \u0027password\u0027 is set to  as default","startTime":1509942611407,"endTime":0,"childRecords":[],"interuppted":false},{"testStatus":{"stackTrace":"","statusValue":"INFO"},"type":"MESSAGE","name":"","message":"Variable \u0027filename\u0027 is set to  as default","startTime":1509942611411,"endTime":0,"childRecords":[],"interuppted":false},{"testStatus":{"stackTrace":"","statusValue":"INFO"},"type":"MESSAGE","name":"","message":"Variable \u0027ORG\u0027 is set to  as default","startTime":1509942611411,"endTime":0,"childRecords":[],"interuppted":false},{"testStatus":{"stackTrace":"","statusValue":"INFO"},"type":"MESSAGE","name":"","message":"Variable \u0027ACC\u0027 is set to  as default","startTime":1509942611427,"endTime":0,"childRecords":[],"interuppted":false},{"testStatus":{"stackTrace":"","statusValue":"INFO"},"type":"MESSAGE","name":"","message":"Variable \u0027ENG\u0027 is set to  as default","startTime":1509942611427,"endTime":0,"childRecords":[],"interuppted":false},{"index":1,"isIgnoredIfFailed":false,"type":"TEST_STEP","name":"callTestCase","description":"","startTime":1509942611590,"endTime":1509942611590,"childRecords":[],"interuppted":false},{"testStatus":{"stackTrace":"","statusValue":"ERROR"},"type":"MESSAGE","name":"","message":"Test Cases/ECR/TC_ECR_NoMeeting_NoRoutingToRL_AllApproval FAILED because (of) java.lang.IllegalArgumentException: Cannot find test case with id \u0027Test Cases/ECR/Create_ECRLite\u0027","startTime":1509942611590,"endTime":0,"childRecords":[],"interuppted":false}],"interuppted":false}],"interuppted":false}