<?xml version="1.0" encoding="UTF-8"?>
<testsuites name="ECRLite" time="509" tests="0" failures="8" errors="1">
   <testsuite name="ECRLite" tests="0" failures="8" errors="1" time="509" timestamp="2017-11-06 09:51:42" hostname="raycp - L23017WIN.rpega.com" id="Test Suites/BID/Data/ECRLite">
      <properties>
         <property name="deviceName" value=""/>
         <property name="devicePlatform" value=""/>
         <property name="logFolder" value="C:\\Users\\raycp\\Desktop\\COE\\Reports\\BID\\Data\\ECRLite\\20171106_095141"/>
         <property name="logFiles" value="C:\\Users\\raycp\\Desktop\\COE\\Reports\\BID\\Data\\ECRLite\\20171106_095141\\execution0.log"/>
         <property name="attachments" value="C:\\Users\\raycp\\Desktop\\COE\\Reports\\BID\\Data\\ECRLite\\20171106_095141\\1509942166359.png, C:\\Users\\raycp\\Desktop\\COE\\Reports\\BID\\Data\\ECRLite\\20171106_095141\\1509942228399.png, C:\\Users\\raycp\\Desktop\\COE\\Reports\\BID\\Data\\ECRLite\\20171106_095141\\1509942290926.png, C:\\Users\\raycp\\Desktop\\COE\\Reports\\BID\\Data\\ECRLite\\20171106_095141\\1509942360153.png, C:\\Users\\raycp\\Desktop\\COE\\Reports\\BID\\Data\\ECRLite\\20171106_095141\\1509942420350.png, C:\\Users\\raycp\\Desktop\\COE\\Reports\\BID\\Data\\ECRLite\\20171106_095141\\1509942481407.png, C:\\Users\\raycp\\Desktop\\COE\\Reports\\BID\\Data\\ECRLite\\20171106_095141\\1509942577424.png"/>
         <property name="hostName" value="raycp - L23017WIN.rpega.com"/>
         <property name="os" value="Windows 10 32bit"/>
         <property name="katalonVersion" value="4.8.0.2"/>
         <property name="browser" value="Chrome 61.0.3163.100"/>
         <property name="hostAddress" value="10.150.113.10"/>
         <property name="sessionId" value="79448246aebc9a0fd968f229be4f998d"/>
         <property name="seleniumVersion" value="2.53.0"/>
         <property name="proxyInformation" value="ProxyInformation{proxyOption=NO_PROXY, proxyServerType=HTTP, password=, proxyServerAddress=, proxyServerPort=0}"/>
         <property name="platform" value="Windows 10"/>
      </properties>
      <testcase name="Test Cases/ECR/TC_ECRLite_NoExpertService_AllApproval" classname="Test Cases/ECR/TC_ECRLite_NoExpertService_AllApproval" status="FAILED">
         <failure type="FAILED" message="Unable to click on object 'Object Repository/Generic/SUBMIT' (Root cause: org.openqa.selenium.WebDriverException: unknown error: Element &lt;button data-test-id=&quot;201502260643470574523&quot; data-ctl=&quot;Button&quot; type=&quot;button&quot; data-click=&quot;[[&amp;quot;setUserStart&amp;quot;,[&amp;quot;FINISHASSIGNMENT&amp;quot;]],[&amp;quot;doFormSubmit&amp;quot;,[&amp;quot;pyActivity=FinishAssignment&amp;quot;,&amp;quot;:this&amp;quot;,&amp;quot;&amp;quot;,&amp;quot;:event&amp;quot;]]]&quot; title=&quot;Complete this assignment&quot; class=&quot;COE_Strong pzhc&quot;>...&lt;/button> is not clickable at point (517, 734). Other element would receive the click: &lt;div class=&quot;modal-align-cell&quot;>...&lt;/div>
  (Session info: chrome=61.0.3163.100)
  (Driver info: chromedriver=2.31.488763 (092de99f48a300323ecf8c2a4e2e7cab51de5ba8),platform=Windows NT 10.0.15063 x86_64) (WARNING: The server did not provide any stacktrace information)
Command duration or timeout: 59 milliseconds
Build info: version: '2.53.0', revision: '35ae25b', time: '2016-03-15 17:00:58'
System info: host: 'L23017WIN', ip: '10.150.113.10', os.name: 'Windows 10', os.arch: 'x86', os.version: '10.0', java.version: '1.8.0_102'
Driver info: com.kms.katalon.selenium.driver.CChromeDriver
Capabilities [{applicationCacheEnabled=false, rotatable=false, mobileEmulationEnabled=false, networkConnectionEnabled=false, chrome={chromedriverVersion=2.31.488763 (092de99f48a300323ecf8c2a4e2e7cab51de5ba8), userDataDir=C:\Users\raycp\AppData\Local\Temp\scoped_dir5668_11009}, takesHeapSnapshot=true, pageLoadStrategy=normal, databaseEnabled=false, handlesAlerts=true, hasTouchScreen=false, version=61.0.3163.100, platform=XP, browserConnectionEnabled=false, nativeEvents=true, acceptSslCerts=true, locationContextEnabled=true, webStorageEnabled=true, browserName=chrome, takesScreenshot=true, javascriptEnabled=true, cssSelectorsEnabled=true, setWindowRect=true, unexpectedAlertBehaviour=}]
Session ID: 0f39bca4273bff5e71e29373c4211d30)"/>
         <system-out><![CDATA[2017-11-06 09:51:42 - [TEST_CASE][FAILED] - Test Cases/ECR/TC_ECRLite_NoExpertService_AllApproval: Test Cases/ECR/TC_ECRLite_NoExpertService_AllApproval FAILED because (of) Unable to click on object 'Object Repository/Generic/SUBMIT' (Root cause: org.openqa.selenium.WebDriverException: unknown error: Element <button data-test-id="201502260643470574523" data-ctl="Button" type="button" data-click="[[&quot;setUserStart&quot;,[&quot;FINISHASSIGNMENT&quot;]],[&quot;doFormSubmit&quot;,[&quot;pyActivity=FinishAssignment&quot;,&quot;:this&quot;,&quot;&quot;,&quot;:event&quot;]]]" title="Complete this assignment" class="COE_Strong pzhc">...</button> is not clickable at point (517, 734). Other element would receive the click: <div class="modal-align-cell">...</div>
  (Session info: chrome=61.0.3163.100)
  (Driver info: chromedriver=2.31.488763 (092de99f48a300323ecf8c2a4e2e7cab51de5ba8),platform=Windows NT 10.0.15063 x86_64) (WARNING: The server did not provide any stacktrace information)
Command duration or timeout: 59 milliseconds
Build info: version: '2.53.0', revision: '35ae25b', time: '2016-03-15 17:00:58'
System info: host: 'L23017WIN', ip: '10.150.113.10', os.name: 'Windows 10', os.arch: 'x86', os.version: '10.0', java.version: '1.8.0_102'
Driver info: com.kms.katalon.selenium.driver.CChromeDriver
Capabilities [{applicationCacheEnabled=false, rotatable=false, mobileEmulationEnabled=false, networkConnectionEnabled=false, chrome={chromedriverVersion=2.31.488763 (092de99f48a300323ecf8c2a4e2e7cab51de5ba8), userDataDir=C:\Users\raycp\AppData\Local\Temp\scoped_dir5668_11009}, takesHeapSnapshot=true, pageLoadStrategy=normal, databaseEnabled=false, handlesAlerts=true, hasTouchScreen=false, version=61.0.3163.100, platform=XP, browserConnectionEnabled=false, nativeEvents=true, acceptSslCerts=true, locationContextEnabled=true, webStorageEnabled=true, browserName=chrome, takesScreenshot=true, javascriptEnabled=true, cssSelectorsEnabled=true, setWindowRect=true, unexpectedAlertBehaviour=}]
Session ID: 0f39bca4273bff5e71e29373c4211d30)

2017-11-06 09:51:43 - [TEST_STEP][FAILED] - callTestCase: Unable to call Test Case with id 'Test Cases/ECR/REF/ECR_Lite_NoExpertService' (Root cause: Call Test Case 'Test Cases/ECR/REF/ECR_Lite_NoExpertService' failed)

2017-11-06 09:51:43 - [TEST_CASE][FAILED] - Test Cases/ECR/REF/ECR_Lite_NoExpertService: Test Cases/ECR/REF/ECR_Lite_NoExpertService FAILED because (of) Unable to click on object 'Object Repository/Generic/SUBMIT' (Root cause: org.openqa.selenium.WebDriverException: unknown error: Element <button data-test-id="201502260643470574523" data-ctl="Button" type="button" data-click="[[&quot;setUserStart&quot;,[&quot;FINISHASSIGNMENT&quot;]],[&quot;doFormSubmit&quot;,[&quot;pyActivity=FinishAssignment&quot;,&quot;:this&quot;,&quot;&quot;,&quot;:event&quot;]]]" title="Complete this assignment" class="COE_Strong pzhc">...</button> is not clickable at point (517, 734). Other element would receive the click: <div class="modal-align-cell">...</div>
  (Session info: chrome=61.0.3163.100)
  (Driver info: chromedriver=2.31.488763 (092de99f48a300323ecf8c2a4e2e7cab51de5ba8),platform=Windows NT 10.0.15063 x86_64) (WARNING: The server did not provide any stacktrace information)
Command duration or timeout: 59 milliseconds
Build info: version: '2.53.0', revision: '35ae25b', time: '2016-03-15 17:00:58'
System info: host: 'L23017WIN', ip: '10.150.113.10', os.name: 'Windows 10', os.arch: 'x86', os.version: '10.0', java.version: '1.8.0_102'
Driver info: com.kms.katalon.selenium.driver.CChromeDriver
Capabilities [{applicationCacheEnabled=false, rotatable=false, mobileEmulationEnabled=false, networkConnectionEnabled=false, chrome={chromedriverVersion=2.31.488763 (092de99f48a300323ecf8c2a4e2e7cab51de5ba8), userDataDir=C:\Users\raycp\AppData\Local\Temp\scoped_dir5668_11009}, takesHeapSnapshot=true, pageLoadStrategy=normal, databaseEnabled=false, handlesAlerts=true, hasTouchScreen=false, version=61.0.3163.100, platform=XP, browserConnectionEnabled=false, nativeEvents=true, acceptSslCerts=true, locationContextEnabled=true, webStorageEnabled=true, browserName=chrome, takesScreenshot=true, javascriptEnabled=true, cssSelectorsEnabled=true, setWindowRect=true, unexpectedAlertBehaviour=}]
Session ID: 0f39bca4273bff5e71e29373c4211d30)

2017-11-06 09:51:43 - [TEST_STEP][PASSED] - com.helper.commonfunct.utilities.login: com.helper.commonfunct.utilities.login is PASSED

2017-11-06 09:51:46 - [MESSAGE][PASSED] - Browser is opened with url: ''

2017-11-06 09:51:48 - [MESSAGE][PASSED] - Navigate to 'http://vtcpqa2:9685/tcpqa/PRServlet' successfully

2017-11-06 09:51:48 - [MESSAGE][PASSED] - Text 'pogoa@pegasystems.com' is set on object 'Object Repository/input_UserIdentifier'

2017-11-06 09:51:49 - [MESSAGE][PASSED] - Text 'install' is set on object 'Object Repository/input_Password'

2017-11-06 09:52:00 - [MESSAGE][PASSED] - Keys '' sent to object: 'Object Repository/input_Password'

2017-11-06 09:52:00 - [MESSAGE][PASSED] - com.helper.commonfunct.utilities.login is PASSED

2017-11-06 09:52:00 - [TEST_STEP][FAILED] - com.helper.commonfunct.utilities.createECR: Unable to click on object 'Object Repository/Generic/SUBMIT' (Root cause: org.openqa.selenium.WebDriverException: unknown error: Element <button data-test-id="201502260643470574523" data-ctl="Button" type="button" data-click="[[&quot;setUserStart&quot;,[&quot;FINISHASSIGNMENT&quot;]],[&quot;doFormSubmit&quot;,[&quot;pyActivity=FinishAssignment&quot;,&quot;:this&quot;,&quot;&quot;,&quot;:event&quot;]]]" title="Complete this assignment" class="COE_Strong pzhc">...</button> is not clickable at point (517, 734). Other element would receive the click: <div class="modal-align-cell">...</div>
  (Session info: chrome=61.0.3163.100)
  (Driver info: chromedriver=2.31.488763 (092de99f48a300323ecf8c2a4e2e7cab51de5ba8),platform=Windows NT 10.0.15063 x86_64) (WARNING: The server did not provide any stacktrace information)
Command duration or timeout: 59 milliseconds
Build info: version: '2.53.0', revision: '35ae25b', time: '2016-03-15 17:00:58'
System info: host: 'L23017WIN', ip: '10.150.113.10', os.name: 'Windows 10', os.arch: 'x86', os.version: '10.0', java.version: '1.8.0_102'
Driver info: com.kms.katalon.selenium.driver.CChromeDriver
Capabilities [{applicationCacheEnabled=false, rotatable=false, mobileEmulationEnabled=false, networkConnectionEnabled=false, chrome={chromedriverVersion=2.31.488763 (092de99f48a300323ecf8c2a4e2e7cab51de5ba8), userDataDir=C:\Users\raycp\AppData\Local\Temp\scoped_dir5668_11009}, takesHeapSnapshot=true, pageLoadStrategy=normal, databaseEnabled=false, handlesAlerts=true, hasTouchScreen=false, version=61.0.3163.100, platform=XP, browserConnectionEnabled=false, nativeEvents=true, acceptSslCerts=true, locationContextEnabled=true, webStorageEnabled=true, browserName=chrome, takesScreenshot=true, javascriptEnabled=true, cssSelectorsEnabled=true, setWindowRect=true, unexpectedAlertBehaviour=}]
Session ID: 0f39bca4273bff5e71e29373c4211d30)

2017-11-06 09:52:01 - [MESSAGE][PASSED] - Object: 'Object Repository/Generic/a_Actions' is clicked on

2017-11-06 09:52:02 - [MESSAGE][PASSED] - Object: 'Object Repository/span_New' is focused

2017-11-06 09:52:04 - [MESSAGE][PASSED] - Object: 'Object Repository/span_Bid Process' is clicked on

2017-11-06 09:52:04 - [MESSAGE][PASSED] - Object: 'Object Repository/ECR/BID_TYPE' is clicked on

2017-11-06 09:52:04 - [MESSAGE][PASSED] - Object 'Object Repository/button_Import' is present

2017-11-06 09:52:09 - [MESSAGE][PASSED] - Delayed 5 second(s)

2017-11-06 09:52:10 - [MESSAGE][PASSED] - Object: 'Object Repository/button_Import' is clicked on

2017-11-06 09:52:10 - [MESSAGE][PASSED] - File 'C:\LatestBSW\BSW OCT 2017_ECRLite.xlsm' sent to object: 'Object Repository/input_PpyWorkPageppyFilePath'

2017-11-06 09:52:12 - [MESSAGE][PASSED] - Delayed 2 second(s)

2017-11-06 09:52:12 - [MESSAGE][WARNING] - Timeout '0' is invalid. Using default page load timeout: '30'

2017-11-06 09:52:12 - [MESSAGE][PASSED] - Scroll to object 'Object Repository/button_Submit' successfully

2017-11-06 09:52:13 - [MESSAGE][PASSED] - Object: 'Object Repository/button_Submit' is clicked on

2017-11-06 09:52:13 - [MESSAGE][PASSED] - Object 'Object Repository/EngInfo/COID' is visible

2017-11-06 09:52:18 - [MESSAGE][PASSED] - Delayed 5 second(s)

2017-11-06 09:52:23 - [MESSAGE][PASSED] - Delayed 5 second(s)

2017-11-06 09:52:23 - [MESSAGE][PASSED] - Text 'BOFA' is set on object 'Object Repository/Generic/ORG'

2017-11-06 09:52:28 - [MESSAGE][PASSED] - Delayed 5 second(s)

2017-11-06 09:52:28 - [MESSAGE][PASSED] - Keys '' sent to object: 'Object Repository/Generic/ORG'

2017-11-06 09:52:33 - [MESSAGE][PASSED] - Delayed 5 second(s)

2017-11-06 09:52:33 - [MESSAGE][PASSED] - Text 'BOFA' is set on object 'Object Repository/Generic/ACC'

2017-11-06 09:52:35 - [MESSAGE][PASSED] - Delayed 2 second(s)

2017-11-06 09:52:35 - [MESSAGE][PASSED] - Keys '' sent to object: 'Object Repository/Generic/ACC'

2017-11-06 09:52:40 - [MESSAGE][PASSED] - Delayed 5 second(s)

2017-11-06 09:52:41 - [MESSAGE][PASSED] - Text 'AUTOTEST1' is set on object 'Object Repository/Generic/ENG_DESC'

2017-11-06 09:52:46 - [MESSAGE][PASSED] - Delayed 5 second(s)

2017-11-06 09:52:46 - [MESSAGE][WARNING] - Timeout '0' is invalid. Using default page load timeout: '30'

2017-11-06 09:52:46 - [MESSAGE][PASSED] - Scroll to object 'Object Repository/Generic/SUBMIT' successfully

2017-11-06 09:52:46 - [MESSAGE][FAILED] - Unable to click on object 'Object Repository/Generic/SUBMIT' (Root cause: org.openqa.selenium.WebDriverException: unknown error: Element <button data-test-id="201502260643470574523" data-ctl="Button" type="button" data-click="[[&quot;setUserStart&quot;,[&quot;FINISHASSIGNMENT&quot;]],[&quot;doFormSubmit&quot;,[&quot;pyActivity=FinishAssignment&quot;,&quot;:this&quot;,&quot;&quot;,&quot;:event&quot;]]]" title="Complete this assignment" class="COE_Strong pzhc">...</button> is not clickable at point (517, 734). Other element would receive the click: <div class="modal-align-cell">...</div>
  (Session info: chrome=61.0.3163.100)
  (Driver info: chromedriver=2.31.488763 (092de99f48a300323ecf8c2a4e2e7cab51de5ba8),platform=Windows NT 10.0.15063 x86_64) (WARNING: The server did not provide any stacktrace information)
Command duration or timeout: 59 milliseconds
Build info: version: '2.53.0', revision: '35ae25b', time: '2016-03-15 17:00:58'
System info: host: 'L23017WIN', ip: '10.150.113.10', os.name: 'Windows 10', os.arch: 'x86', os.version: '10.0', java.version: '1.8.0_102'
Driver info: com.kms.katalon.selenium.driver.CChromeDriver
Capabilities [{applicationCacheEnabled=false, rotatable=false, mobileEmulationEnabled=false, networkConnectionEnabled=false, chrome={chromedriverVersion=2.31.488763 (092de99f48a300323ecf8c2a4e2e7cab51de5ba8), userDataDir=C:\Users\raycp\AppData\Local\Temp\scoped_dir5668_11009}, takesHeapSnapshot=true, pageLoadStrategy=normal, databaseEnabled=false, handlesAlerts=true, hasTouchScreen=false, version=61.0.3163.100, platform=XP, browserConnectionEnabled=false, nativeEvents=true, acceptSslCerts=true, locationContextEnabled=true, webStorageEnabled=true, browserName=chrome, takesScreenshot=true, javascriptEnabled=true, cssSelectorsEnabled=true, setWindowRect=true, unexpectedAlertBehaviour=}]
Session ID: 0f39bca4273bff5e71e29373c4211d30)
[[ATTACHMENT|C:\\Users\\raycp\\Desktop\\COE\\Reports\\BID\\Data\\ECRLite\\20171106_095141\\1509942166359.png]]

2017-11-06 09:52:46 - [MESSAGE][FAILED] - Unable to click on object 'Object Repository/Generic/SUBMIT' (Root cause: org.openqa.selenium.WebDriverException: unknown error: Element <button data-test-id="201502260643470574523" data-ctl="Button" type="button" data-click="[[&quot;setUserStart&quot;,[&quot;FINISHASSIGNMENT&quot;]],[&quot;doFormSubmit&quot;,[&quot;pyActivity=FinishAssignment&quot;,&quot;:this&quot;,&quot;&quot;,&quot;:event&quot;]]]" title="Complete this assignment" class="COE_Strong pzhc">...</button> is not clickable at point (517, 734). Other element would receive the click: <div class="modal-align-cell">...</div>
  (Session info: chrome=61.0.3163.100)
  (Driver info: chromedriver=2.31.488763 (092de99f48a300323ecf8c2a4e2e7cab51de5ba8),platform=Windows NT 10.0.15063 x86_64) (WARNING: The server did not provide any stacktrace information)
Command duration or timeout: 59 milliseconds
Build info: version: '2.53.0', revision: '35ae25b', time: '2016-03-15 17:00:58'
System info: host: 'L23017WIN', ip: '10.150.113.10', os.name: 'Windows 10', os.arch: 'x86', os.version: '10.0', java.version: '1.8.0_102'
Driver info: com.kms.katalon.selenium.driver.CChromeDriver
Capabilities [{applicationCacheEnabled=false, rotatable=false, mobileEmulationEnabled=false, networkConnectionEnabled=false, chrome={chromedriverVersion=2.31.488763 (092de99f48a300323ecf8c2a4e2e7cab51de5ba8), userDataDir=C:\Users\raycp\AppData\Local\Temp\scoped_dir5668_11009}, takesHeapSnapshot=true, pageLoadStrategy=normal, databaseEnabled=false, handlesAlerts=true, hasTouchScreen=false, version=61.0.3163.100, platform=XP, browserConnectionEnabled=false, nativeEvents=true, acceptSslCerts=true, locationContextEnabled=true, webStorageEnabled=true, browserName=chrome, takesScreenshot=true, javascriptEnabled=true, cssSelectorsEnabled=true, setWindowRect=true, unexpectedAlertBehaviour=}]
Session ID: 0f39bca4273bff5e71e29373c4211d30)

2017-11-06 09:52:46 - [MESSAGE][FAILED] - Unable to call Test Case with id 'Test Cases/ECR/REF/ECR_Lite_NoExpertService' (Root cause: Call Test Case 'Test Cases/ECR/REF/ECR_Lite_NoExpertService' failed)]]></system-out>
         <system-err><![CDATA[2017-11-06 09:51:42 - [TEST_CASE][FAILED] - Test Cases/ECR/TC_ECRLite_NoExpertService_AllApproval: Test Cases/ECR/TC_ECRLite_NoExpertService_AllApproval FAILED because (of) Unable to click on object 'Object Repository/Generic/SUBMIT' (Root cause: org.openqa.selenium.WebDriverException: unknown error: Element <button data-test-id="201502260643470574523" data-ctl="Button" type="button" data-click="[[&quot;setUserStart&quot;,[&quot;FINISHASSIGNMENT&quot;]],[&quot;doFormSubmit&quot;,[&quot;pyActivity=FinishAssignment&quot;,&quot;:this&quot;,&quot;&quot;,&quot;:event&quot;]]]" title="Complete this assignment" class="COE_Strong pzhc">...</button> is not clickable at point (517, 734). Other element would receive the click: <div class="modal-align-cell">...</div>
  (Session info: chrome=61.0.3163.100)
  (Driver info: chromedriver=2.31.488763 (092de99f48a300323ecf8c2a4e2e7cab51de5ba8),platform=Windows NT 10.0.15063 x86_64) (WARNING: The server did not provide any stacktrace information)
Command duration or timeout: 59 milliseconds
Build info: version: '2.53.0', revision: '35ae25b', time: '2016-03-15 17:00:58'
System info: host: 'L23017WIN', ip: '10.150.113.10', os.name: 'Windows 10', os.arch: 'x86', os.version: '10.0', java.version: '1.8.0_102'
Driver info: com.kms.katalon.selenium.driver.CChromeDriver
Capabilities [{applicationCacheEnabled=false, rotatable=false, mobileEmulationEnabled=false, networkConnectionEnabled=false, chrome={chromedriverVersion=2.31.488763 (092de99f48a300323ecf8c2a4e2e7cab51de5ba8), userDataDir=C:\Users\raycp\AppData\Local\Temp\scoped_dir5668_11009}, takesHeapSnapshot=true, pageLoadStrategy=normal, databaseEnabled=false, handlesAlerts=true, hasTouchScreen=false, version=61.0.3163.100, platform=XP, browserConnectionEnabled=false, nativeEvents=true, acceptSslCerts=true, locationContextEnabled=true, webStorageEnabled=true, browserName=chrome, takesScreenshot=true, javascriptEnabled=true, cssSelectorsEnabled=true, setWindowRect=true, unexpectedAlertBehaviour=}]
Session ID: 0f39bca4273bff5e71e29373c4211d30)]]></system-err>
      </testcase>
      <testcase name="Test Cases/ECR/TC_ECRLite_NoExpertService_AllReject" classname="Test Cases/ECR/TC_ECRLite_NoExpertService_AllReject" status="FAILED">
         <failure type="FAILED" message="Unable to click on object 'Object Repository/Generic/SUBMIT' (Root cause: org.openqa.selenium.WebDriverException: unknown error: Element &lt;button data-test-id=&quot;201502260643470574523&quot; data-ctl=&quot;Button&quot; type=&quot;button&quot; data-click=&quot;[[&amp;quot;setUserStart&amp;quot;,[&amp;quot;FINISHASSIGNMENT&amp;quot;]],[&amp;quot;doFormSubmit&amp;quot;,[&amp;quot;pyActivity=FinishAssignment&amp;quot;,&amp;quot;:this&amp;quot;,&amp;quot;&amp;quot;,&amp;quot;:event&amp;quot;]]]&quot; title=&quot;Complete this assignment&quot; class=&quot;COE_Strong pzhc&quot;>...&lt;/button> is not clickable at point (517, 741). Other element would receive the click: &lt;div class=&quot;modal-align-cell&quot;>...&lt;/div>
  (Session info: chrome=61.0.3163.100)
  (Driver info: chromedriver=2.31.488763 (092de99f48a300323ecf8c2a4e2e7cab51de5ba8),platform=Windows NT 10.0.15063 x86_64) (WARNING: The server did not provide any stacktrace information)
Command duration or timeout: 60 milliseconds
Build info: version: '2.53.0', revision: '35ae25b', time: '2016-03-15 17:00:58'
System info: host: 'L23017WIN', ip: '10.150.113.10', os.name: 'Windows 10', os.arch: 'x86', os.version: '10.0', java.version: '1.8.0_102'
Driver info: com.kms.katalon.selenium.driver.CChromeDriver
Capabilities [{applicationCacheEnabled=false, rotatable=false, mobileEmulationEnabled=false, networkConnectionEnabled=false, chrome={chromedriverVersion=2.31.488763 (092de99f48a300323ecf8c2a4e2e7cab51de5ba8), userDataDir=C:\Users\raycp\AppData\Local\Temp\scoped_dir11192_15408}, takesHeapSnapshot=true, pageLoadStrategy=normal, databaseEnabled=false, handlesAlerts=true, hasTouchScreen=false, version=61.0.3163.100, platform=XP, browserConnectionEnabled=false, nativeEvents=true, acceptSslCerts=true, locationContextEnabled=true, webStorageEnabled=true, browserName=chrome, takesScreenshot=true, javascriptEnabled=true, cssSelectorsEnabled=true, setWindowRect=true, unexpectedAlertBehaviour=}]
Session ID: db4e76097c6cb61519c5495d8437857f)"/>
         <system-out><![CDATA[2017-11-06 09:52:46 - [TEST_CASE][FAILED] - Test Cases/ECR/TC_ECRLite_NoExpertService_AllReject: Test Cases/ECR/TC_ECRLite_NoExpertService_AllReject FAILED because (of) Unable to click on object 'Object Repository/Generic/SUBMIT' (Root cause: org.openqa.selenium.WebDriverException: unknown error: Element <button data-test-id="201502260643470574523" data-ctl="Button" type="button" data-click="[[&quot;setUserStart&quot;,[&quot;FINISHASSIGNMENT&quot;]],[&quot;doFormSubmit&quot;,[&quot;pyActivity=FinishAssignment&quot;,&quot;:this&quot;,&quot;&quot;,&quot;:event&quot;]]]" title="Complete this assignment" class="COE_Strong pzhc">...</button> is not clickable at point (517, 741). Other element would receive the click: <div class="modal-align-cell">...</div>
  (Session info: chrome=61.0.3163.100)
  (Driver info: chromedriver=2.31.488763 (092de99f48a300323ecf8c2a4e2e7cab51de5ba8),platform=Windows NT 10.0.15063 x86_64) (WARNING: The server did not provide any stacktrace information)
Command duration or timeout: 60 milliseconds
Build info: version: '2.53.0', revision: '35ae25b', time: '2016-03-15 17:00:58'
System info: host: 'L23017WIN', ip: '10.150.113.10', os.name: 'Windows 10', os.arch: 'x86', os.version: '10.0', java.version: '1.8.0_102'
Driver info: com.kms.katalon.selenium.driver.CChromeDriver
Capabilities [{applicationCacheEnabled=false, rotatable=false, mobileEmulationEnabled=false, networkConnectionEnabled=false, chrome={chromedriverVersion=2.31.488763 (092de99f48a300323ecf8c2a4e2e7cab51de5ba8), userDataDir=C:\Users\raycp\AppData\Local\Temp\scoped_dir11192_15408}, takesHeapSnapshot=true, pageLoadStrategy=normal, databaseEnabled=false, handlesAlerts=true, hasTouchScreen=false, version=61.0.3163.100, platform=XP, browserConnectionEnabled=false, nativeEvents=true, acceptSslCerts=true, locationContextEnabled=true, webStorageEnabled=true, browserName=chrome, takesScreenshot=true, javascriptEnabled=true, cssSelectorsEnabled=true, setWindowRect=true, unexpectedAlertBehaviour=}]
Session ID: db4e76097c6cb61519c5495d8437857f)

2017-11-06 09:52:46 - [TEST_STEP][FAILED] - callTestCase: Unable to call Test Case with id 'Test Cases/ECR/REF/ECR_Lite_NoExpertService' (Root cause: Call Test Case 'Test Cases/ECR/REF/ECR_Lite_NoExpertService' failed)

2017-11-06 09:52:46 - [TEST_CASE][FAILED] - Test Cases/ECR/REF/ECR_Lite_NoExpertService: Test Cases/ECR/REF/ECR_Lite_NoExpertService FAILED because (of) Unable to click on object 'Object Repository/Generic/SUBMIT' (Root cause: org.openqa.selenium.WebDriverException: unknown error: Element <button data-test-id="201502260643470574523" data-ctl="Button" type="button" data-click="[[&quot;setUserStart&quot;,[&quot;FINISHASSIGNMENT&quot;]],[&quot;doFormSubmit&quot;,[&quot;pyActivity=FinishAssignment&quot;,&quot;:this&quot;,&quot;&quot;,&quot;:event&quot;]]]" title="Complete this assignment" class="COE_Strong pzhc">...</button> is not clickable at point (517, 741). Other element would receive the click: <div class="modal-align-cell">...</div>
  (Session info: chrome=61.0.3163.100)
  (Driver info: chromedriver=2.31.488763 (092de99f48a300323ecf8c2a4e2e7cab51de5ba8),platform=Windows NT 10.0.15063 x86_64) (WARNING: The server did not provide any stacktrace information)
Command duration or timeout: 60 milliseconds
Build info: version: '2.53.0', revision: '35ae25b', time: '2016-03-15 17:00:58'
System info: host: 'L23017WIN', ip: '10.150.113.10', os.name: 'Windows 10', os.arch: 'x86', os.version: '10.0', java.version: '1.8.0_102'
Driver info: com.kms.katalon.selenium.driver.CChromeDriver
Capabilities [{applicationCacheEnabled=false, rotatable=false, mobileEmulationEnabled=false, networkConnectionEnabled=false, chrome={chromedriverVersion=2.31.488763 (092de99f48a300323ecf8c2a4e2e7cab51de5ba8), userDataDir=C:\Users\raycp\AppData\Local\Temp\scoped_dir11192_15408}, takesHeapSnapshot=true, pageLoadStrategy=normal, databaseEnabled=false, handlesAlerts=true, hasTouchScreen=false, version=61.0.3163.100, platform=XP, browserConnectionEnabled=false, nativeEvents=true, acceptSslCerts=true, locationContextEnabled=true, webStorageEnabled=true, browserName=chrome, takesScreenshot=true, javascriptEnabled=true, cssSelectorsEnabled=true, setWindowRect=true, unexpectedAlertBehaviour=}]
Session ID: db4e76097c6cb61519c5495d8437857f)

2017-11-06 09:52:46 - [TEST_STEP][PASSED] - com.helper.commonfunct.utilities.login: com.helper.commonfunct.utilities.login is PASSED

2017-11-06 09:52:46 - [MESSAGE][WARNING] - A browser is already opened. Closing browser and opening a new one

2017-11-06 09:52:50 - [MESSAGE][PASSED] - Browser is opened with url: ''

2017-11-06 09:52:52 - [MESSAGE][PASSED] - Navigate to 'http://vtcpqa2:9685/tcpqa/PRServlet' successfully

2017-11-06 09:52:52 - [MESSAGE][PASSED] - Text 'pogoa@pegasystems.com' is set on object 'Object Repository/input_UserIdentifier'

2017-11-06 09:52:52 - [MESSAGE][PASSED] - Text 'install' is set on object 'Object Repository/input_Password'

2017-11-06 09:53:03 - [MESSAGE][PASSED] - Keys '' sent to object: 'Object Repository/input_Password'

2017-11-06 09:53:03 - [MESSAGE][PASSED] - com.helper.commonfunct.utilities.login is PASSED

2017-11-06 09:53:03 - [TEST_STEP][FAILED] - com.helper.commonfunct.utilities.createECR: Unable to click on object 'Object Repository/Generic/SUBMIT' (Root cause: org.openqa.selenium.WebDriverException: unknown error: Element <button data-test-id="201502260643470574523" data-ctl="Button" type="button" data-click="[[&quot;setUserStart&quot;,[&quot;FINISHASSIGNMENT&quot;]],[&quot;doFormSubmit&quot;,[&quot;pyActivity=FinishAssignment&quot;,&quot;:this&quot;,&quot;&quot;,&quot;:event&quot;]]]" title="Complete this assignment" class="COE_Strong pzhc">...</button> is not clickable at point (517, 741). Other element would receive the click: <div class="modal-align-cell">...</div>
  (Session info: chrome=61.0.3163.100)
  (Driver info: chromedriver=2.31.488763 (092de99f48a300323ecf8c2a4e2e7cab51de5ba8),platform=Windows NT 10.0.15063 x86_64) (WARNING: The server did not provide any stacktrace information)
Command duration or timeout: 60 milliseconds
Build info: version: '2.53.0', revision: '35ae25b', time: '2016-03-15 17:00:58'
System info: host: 'L23017WIN', ip: '10.150.113.10', os.name: 'Windows 10', os.arch: 'x86', os.version: '10.0', java.version: '1.8.0_102'
Driver info: com.kms.katalon.selenium.driver.CChromeDriver
Capabilities [{applicationCacheEnabled=false, rotatable=false, mobileEmulationEnabled=false, networkConnectionEnabled=false, chrome={chromedriverVersion=2.31.488763 (092de99f48a300323ecf8c2a4e2e7cab51de5ba8), userDataDir=C:\Users\raycp\AppData\Local\Temp\scoped_dir11192_15408}, takesHeapSnapshot=true, pageLoadStrategy=normal, databaseEnabled=false, handlesAlerts=true, hasTouchScreen=false, version=61.0.3163.100, platform=XP, browserConnectionEnabled=false, nativeEvents=true, acceptSslCerts=true, locationContextEnabled=true, webStorageEnabled=true, browserName=chrome, takesScreenshot=true, javascriptEnabled=true, cssSelectorsEnabled=true, setWindowRect=true, unexpectedAlertBehaviour=}]
Session ID: db4e76097c6cb61519c5495d8437857f)

2017-11-06 09:53:03 - [MESSAGE][PASSED] - Object: 'Object Repository/Generic/a_Actions' is clicked on

2017-11-06 09:53:04 - [MESSAGE][PASSED] - Object: 'Object Repository/span_New' is focused

2017-11-06 09:53:06 - [MESSAGE][PASSED] - Object: 'Object Repository/span_Bid Process' is clicked on

2017-11-06 09:53:07 - [MESSAGE][PASSED] - Object: 'Object Repository/ECR/BID_TYPE' is clicked on

2017-11-06 09:53:07 - [MESSAGE][PASSED] - Object 'Object Repository/button_Import' is present

2017-11-06 09:53:12 - [MESSAGE][PASSED] - Delayed 5 second(s)

2017-11-06 09:53:12 - [MESSAGE][PASSED] - Object: 'Object Repository/button_Import' is clicked on

2017-11-06 09:53:13 - [MESSAGE][PASSED] - File 'C:\LatestBSW\BSW OCT 2017_ECRLite.xlsm' sent to object: 'Object Repository/input_PpyWorkPageppyFilePath'

2017-11-06 09:53:15 - [MESSAGE][PASSED] - Delayed 2 second(s)

2017-11-06 09:53:15 - [MESSAGE][WARNING] - Timeout '0' is invalid. Using default page load timeout: '30'

2017-11-06 09:53:15 - [MESSAGE][PASSED] - Scroll to object 'Object Repository/button_Submit' successfully

2017-11-06 09:53:15 - [MESSAGE][PASSED] - Object: 'Object Repository/button_Submit' is clicked on

2017-11-06 09:53:15 - [MESSAGE][PASSED] - Object 'Object Repository/EngInfo/COID' is visible

2017-11-06 09:53:20 - [MESSAGE][PASSED] - Delayed 5 second(s)

2017-11-06 09:53:25 - [MESSAGE][PASSED] - Delayed 5 second(s)

2017-11-06 09:53:25 - [MESSAGE][PASSED] - Text 'BOFA' is set on object 'Object Repository/Generic/ORG'

2017-11-06 09:53:30 - [MESSAGE][PASSED] - Delayed 5 second(s)

2017-11-06 09:53:30 - [MESSAGE][PASSED] - Keys '' sent to object: 'Object Repository/Generic/ORG'

2017-11-06 09:53:35 - [MESSAGE][PASSED] - Delayed 5 second(s)

2017-11-06 09:53:35 - [MESSAGE][PASSED] - Text 'BOFA' is set on object 'Object Repository/Generic/ACC'

2017-11-06 09:53:37 - [MESSAGE][PASSED] - Delayed 2 second(s)

2017-11-06 09:53:37 - [MESSAGE][PASSED] - Keys '' sent to object: 'Object Repository/Generic/ACC'

2017-11-06 09:53:42 - [MESSAGE][PASSED] - Delayed 5 second(s)

2017-11-06 09:53:43 - [MESSAGE][PASSED] - Text 'AUTOTEST1' is set on object 'Object Repository/Generic/ENG_DESC'

2017-11-06 09:53:48 - [MESSAGE][PASSED] - Delayed 5 second(s)

2017-11-06 09:53:48 - [MESSAGE][WARNING] - Timeout '0' is invalid. Using default page load timeout: '30'

2017-11-06 09:53:48 - [MESSAGE][PASSED] - Scroll to object 'Object Repository/Generic/SUBMIT' successfully

2017-11-06 09:53:48 - [MESSAGE][FAILED] - Unable to click on object 'Object Repository/Generic/SUBMIT' (Root cause: org.openqa.selenium.WebDriverException: unknown error: Element <button data-test-id="201502260643470574523" data-ctl="Button" type="button" data-click="[[&quot;setUserStart&quot;,[&quot;FINISHASSIGNMENT&quot;]],[&quot;doFormSubmit&quot;,[&quot;pyActivity=FinishAssignment&quot;,&quot;:this&quot;,&quot;&quot;,&quot;:event&quot;]]]" title="Complete this assignment" class="COE_Strong pzhc">...</button> is not clickable at point (517, 741). Other element would receive the click: <div class="modal-align-cell">...</div>
  (Session info: chrome=61.0.3163.100)
  (Driver info: chromedriver=2.31.488763 (092de99f48a300323ecf8c2a4e2e7cab51de5ba8),platform=Windows NT 10.0.15063 x86_64) (WARNING: The server did not provide any stacktrace information)
Command duration or timeout: 60 milliseconds
Build info: version: '2.53.0', revision: '35ae25b', time: '2016-03-15 17:00:58'
System info: host: 'L23017WIN', ip: '10.150.113.10', os.name: 'Windows 10', os.arch: 'x86', os.version: '10.0', java.version: '1.8.0_102'
Driver info: com.kms.katalon.selenium.driver.CChromeDriver
Capabilities [{applicationCacheEnabled=false, rotatable=false, mobileEmulationEnabled=false, networkConnectionEnabled=false, chrome={chromedriverVersion=2.31.488763 (092de99f48a300323ecf8c2a4e2e7cab51de5ba8), userDataDir=C:\Users\raycp\AppData\Local\Temp\scoped_dir11192_15408}, takesHeapSnapshot=true, pageLoadStrategy=normal, databaseEnabled=false, handlesAlerts=true, hasTouchScreen=false, version=61.0.3163.100, platform=XP, browserConnectionEnabled=false, nativeEvents=true, acceptSslCerts=true, locationContextEnabled=true, webStorageEnabled=true, browserName=chrome, takesScreenshot=true, javascriptEnabled=true, cssSelectorsEnabled=true, setWindowRect=true, unexpectedAlertBehaviour=}]
Session ID: db4e76097c6cb61519c5495d8437857f)
[[ATTACHMENT|C:\\Users\\raycp\\Desktop\\COE\\Reports\\BID\\Data\\ECRLite\\20171106_095141\\1509942228399.png]]

2017-11-06 09:53:48 - [MESSAGE][FAILED] - Unable to click on object 'Object Repository/Generic/SUBMIT' (Root cause: org.openqa.selenium.WebDriverException: unknown error: Element <button data-test-id="201502260643470574523" data-ctl="Button" type="button" data-click="[[&quot;setUserStart&quot;,[&quot;FINISHASSIGNMENT&quot;]],[&quot;doFormSubmit&quot;,[&quot;pyActivity=FinishAssignment&quot;,&quot;:this&quot;,&quot;&quot;,&quot;:event&quot;]]]" title="Complete this assignment" class="COE_Strong pzhc">...</button> is not clickable at point (517, 741). Other element would receive the click: <div class="modal-align-cell">...</div>
  (Session info: chrome=61.0.3163.100)
  (Driver info: chromedriver=2.31.488763 (092de99f48a300323ecf8c2a4e2e7cab51de5ba8),platform=Windows NT 10.0.15063 x86_64) (WARNING: The server did not provide any stacktrace information)
Command duration or timeout: 60 milliseconds
Build info: version: '2.53.0', revision: '35ae25b', time: '2016-03-15 17:00:58'
System info: host: 'L23017WIN', ip: '10.150.113.10', os.name: 'Windows 10', os.arch: 'x86', os.version: '10.0', java.version: '1.8.0_102'
Driver info: com.kms.katalon.selenium.driver.CChromeDriver
Capabilities [{applicationCacheEnabled=false, rotatable=false, mobileEmulationEnabled=false, networkConnectionEnabled=false, chrome={chromedriverVersion=2.31.488763 (092de99f48a300323ecf8c2a4e2e7cab51de5ba8), userDataDir=C:\Users\raycp\AppData\Local\Temp\scoped_dir11192_15408}, takesHeapSnapshot=true, pageLoadStrategy=normal, databaseEnabled=false, handlesAlerts=true, hasTouchScreen=false, version=61.0.3163.100, platform=XP, browserConnectionEnabled=false, nativeEvents=true, acceptSslCerts=true, locationContextEnabled=true, webStorageEnabled=true, browserName=chrome, takesScreenshot=true, javascriptEnabled=true, cssSelectorsEnabled=true, setWindowRect=true, unexpectedAlertBehaviour=}]
Session ID: db4e76097c6cb61519c5495d8437857f)

2017-11-06 09:53:48 - [MESSAGE][FAILED] - Unable to call Test Case with id 'Test Cases/ECR/REF/ECR_Lite_NoExpertService' (Root cause: Call Test Case 'Test Cases/ECR/REF/ECR_Lite_NoExpertService' failed)]]></system-out>
         <system-err><![CDATA[2017-11-06 09:52:46 - [TEST_CASE][FAILED] - Test Cases/ECR/TC_ECRLite_NoExpertService_AllReject: Test Cases/ECR/TC_ECRLite_NoExpertService_AllReject FAILED because (of) Unable to click on object 'Object Repository/Generic/SUBMIT' (Root cause: org.openqa.selenium.WebDriverException: unknown error: Element <button data-test-id="201502260643470574523" data-ctl="Button" type="button" data-click="[[&quot;setUserStart&quot;,[&quot;FINISHASSIGNMENT&quot;]],[&quot;doFormSubmit&quot;,[&quot;pyActivity=FinishAssignment&quot;,&quot;:this&quot;,&quot;&quot;,&quot;:event&quot;]]]" title="Complete this assignment" class="COE_Strong pzhc">...</button> is not clickable at point (517, 741). Other element would receive the click: <div class="modal-align-cell">...</div>
  (Session info: chrome=61.0.3163.100)
  (Driver info: chromedriver=2.31.488763 (092de99f48a300323ecf8c2a4e2e7cab51de5ba8),platform=Windows NT 10.0.15063 x86_64) (WARNING: The server did not provide any stacktrace information)
Command duration or timeout: 60 milliseconds
Build info: version: '2.53.0', revision: '35ae25b', time: '2016-03-15 17:00:58'
System info: host: 'L23017WIN', ip: '10.150.113.10', os.name: 'Windows 10', os.arch: 'x86', os.version: '10.0', java.version: '1.8.0_102'
Driver info: com.kms.katalon.selenium.driver.CChromeDriver
Capabilities [{applicationCacheEnabled=false, rotatable=false, mobileEmulationEnabled=false, networkConnectionEnabled=false, chrome={chromedriverVersion=2.31.488763 (092de99f48a300323ecf8c2a4e2e7cab51de5ba8), userDataDir=C:\Users\raycp\AppData\Local\Temp\scoped_dir11192_15408}, takesHeapSnapshot=true, pageLoadStrategy=normal, databaseEnabled=false, handlesAlerts=true, hasTouchScreen=false, version=61.0.3163.100, platform=XP, browserConnectionEnabled=false, nativeEvents=true, acceptSslCerts=true, locationContextEnabled=true, webStorageEnabled=true, browserName=chrome, takesScreenshot=true, javascriptEnabled=true, cssSelectorsEnabled=true, setWindowRect=true, unexpectedAlertBehaviour=}]
Session ID: db4e76097c6cb61519c5495d8437857f)]]></system-err>
      </testcase>
      <testcase name="Test Cases/ECR/TC_ECR_Lite_ExpertService_AllApproval" classname="Test Cases/ECR/TC_ECR_Lite_ExpertService_AllApproval" status="FAILED">
         <failure type="FAILED" message="Unable to click on object 'Object Repository/Generic/SUBMIT' (Root cause: org.openqa.selenium.WebDriverException: unknown error: Element &lt;button data-test-id=&quot;201502260643470574523&quot; data-ctl=&quot;Button&quot; type=&quot;button&quot; data-click=&quot;[[&amp;quot;setUserStart&amp;quot;,[&amp;quot;FINISHASSIGNMENT&amp;quot;]],[&amp;quot;doFormSubmit&amp;quot;,[&amp;quot;pyActivity=FinishAssignment&amp;quot;,&amp;quot;:this&amp;quot;,&amp;quot;&amp;quot;,&amp;quot;:event&amp;quot;]]]&quot; title=&quot;Complete this assignment&quot; class=&quot;COE_Strong pzhc&quot;>...&lt;/button> is not clickable at point (517, 741). Other element would receive the click: &lt;div class=&quot;modal-align-cell&quot;>...&lt;/div>
  (Session info: chrome=61.0.3163.100)
  (Driver info: chromedriver=2.31.488763 (092de99f48a300323ecf8c2a4e2e7cab51de5ba8),platform=Windows NT 10.0.15063 x86_64) (WARNING: The server did not provide any stacktrace information)
Command duration or timeout: 62 milliseconds
Build info: version: '2.53.0', revision: '35ae25b', time: '2016-03-15 17:00:58'
System info: host: 'L23017WIN', ip: '10.150.113.10', os.name: 'Windows 10', os.arch: 'x86', os.version: '10.0', java.version: '1.8.0_102'
Driver info: com.kms.katalon.selenium.driver.CChromeDriver
Capabilities [{applicationCacheEnabled=false, rotatable=false, mobileEmulationEnabled=false, networkConnectionEnabled=false, chrome={chromedriverVersion=2.31.488763 (092de99f48a300323ecf8c2a4e2e7cab51de5ba8), userDataDir=C:\Users\raycp\AppData\Local\Temp\scoped_dir10824_4636}, takesHeapSnapshot=true, pageLoadStrategy=normal, databaseEnabled=false, handlesAlerts=true, hasTouchScreen=false, version=61.0.3163.100, platform=XP, browserConnectionEnabled=false, nativeEvents=true, acceptSslCerts=true, locationContextEnabled=true, webStorageEnabled=true, browserName=chrome, takesScreenshot=true, javascriptEnabled=true, cssSelectorsEnabled=true, setWindowRect=true, unexpectedAlertBehaviour=}]
Session ID: 392965e81f29a5bf631570c4f6d1e08e)"/>
         <system-out><![CDATA[2017-11-06 09:53:48 - [TEST_CASE][FAILED] - Test Cases/ECR/TC_ECR_Lite_ExpertService_AllApproval: Test Cases/ECR/TC_ECR_Lite_ExpertService_AllApproval FAILED because (of) Unable to click on object 'Object Repository/Generic/SUBMIT' (Root cause: org.openqa.selenium.WebDriverException: unknown error: Element <button data-test-id="201502260643470574523" data-ctl="Button" type="button" data-click="[[&quot;setUserStart&quot;,[&quot;FINISHASSIGNMENT&quot;]],[&quot;doFormSubmit&quot;,[&quot;pyActivity=FinishAssignment&quot;,&quot;:this&quot;,&quot;&quot;,&quot;:event&quot;]]]" title="Complete this assignment" class="COE_Strong pzhc">...</button> is not clickable at point (517, 741). Other element would receive the click: <div class="modal-align-cell">...</div>
  (Session info: chrome=61.0.3163.100)
  (Driver info: chromedriver=2.31.488763 (092de99f48a300323ecf8c2a4e2e7cab51de5ba8),platform=Windows NT 10.0.15063 x86_64) (WARNING: The server did not provide any stacktrace information)
Command duration or timeout: 62 milliseconds
Build info: version: '2.53.0', revision: '35ae25b', time: '2016-03-15 17:00:58'
System info: host: 'L23017WIN', ip: '10.150.113.10', os.name: 'Windows 10', os.arch: 'x86', os.version: '10.0', java.version: '1.8.0_102'
Driver info: com.kms.katalon.selenium.driver.CChromeDriver
Capabilities [{applicationCacheEnabled=false, rotatable=false, mobileEmulationEnabled=false, networkConnectionEnabled=false, chrome={chromedriverVersion=2.31.488763 (092de99f48a300323ecf8c2a4e2e7cab51de5ba8), userDataDir=C:\Users\raycp\AppData\Local\Temp\scoped_dir10824_4636}, takesHeapSnapshot=true, pageLoadStrategy=normal, databaseEnabled=false, handlesAlerts=true, hasTouchScreen=false, version=61.0.3163.100, platform=XP, browserConnectionEnabled=false, nativeEvents=true, acceptSslCerts=true, locationContextEnabled=true, webStorageEnabled=true, browserName=chrome, takesScreenshot=true, javascriptEnabled=true, cssSelectorsEnabled=true, setWindowRect=true, unexpectedAlertBehaviour=}]
Session ID: 392965e81f29a5bf631570c4f6d1e08e)

2017-11-06 09:53:48 - [TEST_STEP][FAILED] - callTestCase: Unable to call Test Case with id 'Test Cases/ECR/REF/ECR_Lite_ExpertService' (Root cause: Call Test Case 'Test Cases/ECR/REF/ECR_Lite_ExpertService' failed)

2017-11-06 09:53:48 - [TEST_CASE][FAILED] - Test Cases/ECR/REF/ECR_Lite_ExpertService: Test Cases/ECR/REF/ECR_Lite_ExpertService FAILED because (of) Unable to click on object 'Object Repository/Generic/SUBMIT' (Root cause: org.openqa.selenium.WebDriverException: unknown error: Element <button data-test-id="201502260643470574523" data-ctl="Button" type="button" data-click="[[&quot;setUserStart&quot;,[&quot;FINISHASSIGNMENT&quot;]],[&quot;doFormSubmit&quot;,[&quot;pyActivity=FinishAssignment&quot;,&quot;:this&quot;,&quot;&quot;,&quot;:event&quot;]]]" title="Complete this assignment" class="COE_Strong pzhc">...</button> is not clickable at point (517, 741). Other element would receive the click: <div class="modal-align-cell">...</div>
  (Session info: chrome=61.0.3163.100)
  (Driver info: chromedriver=2.31.488763 (092de99f48a300323ecf8c2a4e2e7cab51de5ba8),platform=Windows NT 10.0.15063 x86_64) (WARNING: The server did not provide any stacktrace information)
Command duration or timeout: 62 milliseconds
Build info: version: '2.53.0', revision: '35ae25b', time: '2016-03-15 17:00:58'
System info: host: 'L23017WIN', ip: '10.150.113.10', os.name: 'Windows 10', os.arch: 'x86', os.version: '10.0', java.version: '1.8.0_102'
Driver info: com.kms.katalon.selenium.driver.CChromeDriver
Capabilities [{applicationCacheEnabled=false, rotatable=false, mobileEmulationEnabled=false, networkConnectionEnabled=false, chrome={chromedriverVersion=2.31.488763 (092de99f48a300323ecf8c2a4e2e7cab51de5ba8), userDataDir=C:\Users\raycp\AppData\Local\Temp\scoped_dir10824_4636}, takesHeapSnapshot=true, pageLoadStrategy=normal, databaseEnabled=false, handlesAlerts=true, hasTouchScreen=false, version=61.0.3163.100, platform=XP, browserConnectionEnabled=false, nativeEvents=true, acceptSslCerts=true, locationContextEnabled=true, webStorageEnabled=true, browserName=chrome, takesScreenshot=true, javascriptEnabled=true, cssSelectorsEnabled=true, setWindowRect=true, unexpectedAlertBehaviour=}]
Session ID: 392965e81f29a5bf631570c4f6d1e08e)

2017-11-06 09:53:49 - [TEST_STEP][PASSED] - com.helper.commonfunct.utilities.login: com.helper.commonfunct.utilities.login is PASSED

2017-11-06 09:53:49 - [MESSAGE][WARNING] - A browser is already opened. Closing browser and opening a new one

2017-11-06 09:53:52 - [MESSAGE][PASSED] - Browser is opened with url: ''

2017-11-06 09:53:54 - [MESSAGE][PASSED] - Navigate to 'http://vtcpqa2:9685/tcpqa/PRServlet' successfully

2017-11-06 09:53:54 - [MESSAGE][PASSED] - Text 'pogoa@pegasystems.com' is set on object 'Object Repository/input_UserIdentifier'

2017-11-06 09:53:54 - [MESSAGE][PASSED] - Text 'install' is set on object 'Object Repository/input_Password'

2017-11-06 09:54:05 - [MESSAGE][PASSED] - Keys '' sent to object: 'Object Repository/input_Password'

2017-11-06 09:54:05 - [MESSAGE][PASSED] - com.helper.commonfunct.utilities.login is PASSED

2017-11-06 09:54:05 - [TEST_STEP][FAILED] - com.helper.commonfunct.utilities.createECR: Unable to click on object 'Object Repository/Generic/SUBMIT' (Root cause: org.openqa.selenium.WebDriverException: unknown error: Element <button data-test-id="201502260643470574523" data-ctl="Button" type="button" data-click="[[&quot;setUserStart&quot;,[&quot;FINISHASSIGNMENT&quot;]],[&quot;doFormSubmit&quot;,[&quot;pyActivity=FinishAssignment&quot;,&quot;:this&quot;,&quot;&quot;,&quot;:event&quot;]]]" title="Complete this assignment" class="COE_Strong pzhc">...</button> is not clickable at point (517, 741). Other element would receive the click: <div class="modal-align-cell">...</div>
  (Session info: chrome=61.0.3163.100)
  (Driver info: chromedriver=2.31.488763 (092de99f48a300323ecf8c2a4e2e7cab51de5ba8),platform=Windows NT 10.0.15063 x86_64) (WARNING: The server did not provide any stacktrace information)
Command duration or timeout: 62 milliseconds
Build info: version: '2.53.0', revision: '35ae25b', time: '2016-03-15 17:00:58'
System info: host: 'L23017WIN', ip: '10.150.113.10', os.name: 'Windows 10', os.arch: 'x86', os.version: '10.0', java.version: '1.8.0_102'
Driver info: com.kms.katalon.selenium.driver.CChromeDriver
Capabilities [{applicationCacheEnabled=false, rotatable=false, mobileEmulationEnabled=false, networkConnectionEnabled=false, chrome={chromedriverVersion=2.31.488763 (092de99f48a300323ecf8c2a4e2e7cab51de5ba8), userDataDir=C:\Users\raycp\AppData\Local\Temp\scoped_dir10824_4636}, takesHeapSnapshot=true, pageLoadStrategy=normal, databaseEnabled=false, handlesAlerts=true, hasTouchScreen=false, version=61.0.3163.100, platform=XP, browserConnectionEnabled=false, nativeEvents=true, acceptSslCerts=true, locationContextEnabled=true, webStorageEnabled=true, browserName=chrome, takesScreenshot=true, javascriptEnabled=true, cssSelectorsEnabled=true, setWindowRect=true, unexpectedAlertBehaviour=}]
Session ID: 392965e81f29a5bf631570c4f6d1e08e)

2017-11-06 09:54:05 - [MESSAGE][PASSED] - Object: 'Object Repository/Generic/a_Actions' is clicked on

2017-11-06 09:54:07 - [MESSAGE][PASSED] - Object: 'Object Repository/span_New' is focused

2017-11-06 09:54:09 - [MESSAGE][PASSED] - Object: 'Object Repository/span_Bid Process' is clicked on

2017-11-06 09:54:09 - [MESSAGE][PASSED] - Object: 'Object Repository/ECR/BID_TYPE' is clicked on

2017-11-06 09:54:09 - [MESSAGE][PASSED] - Object 'Object Repository/button_Import' is present

2017-11-06 09:54:14 - [MESSAGE][PASSED] - Delayed 5 second(s)

2017-11-06 09:54:14 - [MESSAGE][PASSED] - Object: 'Object Repository/button_Import' is clicked on

2017-11-06 09:54:15 - [MESSAGE][PASSED] - File 'C:\Users\nipin\Desktop\Latest BSW\ECR_LITE_EXPSVC.xlsm' sent to object: 'Object Repository/input_PpyWorkPageppyFilePath'

2017-11-06 09:54:17 - [MESSAGE][PASSED] - Delayed 2 second(s)

2017-11-06 09:54:17 - [MESSAGE][WARNING] - Timeout '0' is invalid. Using default page load timeout: '30'

2017-11-06 09:54:17 - [MESSAGE][PASSED] - Scroll to object 'Object Repository/button_Submit' successfully

2017-11-06 09:54:17 - [MESSAGE][PASSED] - Object: 'Object Repository/button_Submit' is clicked on

2017-11-06 09:54:17 - [MESSAGE][PASSED] - Object 'Object Repository/EngInfo/COID' is visible

2017-11-06 09:54:22 - [MESSAGE][PASSED] - Delayed 5 second(s)

2017-11-06 09:54:27 - [MESSAGE][PASSED] - Delayed 5 second(s)

2017-11-06 09:54:28 - [MESSAGE][PASSED] - Text 'BOFA' is set on object 'Object Repository/Generic/ORG'

2017-11-06 09:54:33 - [MESSAGE][PASSED] - Delayed 5 second(s)

2017-11-06 09:54:33 - [MESSAGE][PASSED] - Keys '' sent to object: 'Object Repository/Generic/ORG'

2017-11-06 09:54:38 - [MESSAGE][PASSED] - Delayed 5 second(s)

2017-11-06 09:54:38 - [MESSAGE][PASSED] - Text 'BOFA' is set on object 'Object Repository/Generic/ACC'

2017-11-06 09:54:40 - [MESSAGE][PASSED] - Delayed 2 second(s)

2017-11-06 09:54:40 - [MESSAGE][PASSED] - Keys '' sent to object: 'Object Repository/Generic/ACC'

2017-11-06 09:54:45 - [MESSAGE][PASSED] - Delayed 5 second(s)

2017-11-06 09:54:45 - [MESSAGE][PASSED] - Text 'AUTOTEST1' is set on object 'Object Repository/Generic/ENG_DESC'

2017-11-06 09:54:50 - [MESSAGE][PASSED] - Delayed 5 second(s)

2017-11-06 09:54:50 - [MESSAGE][WARNING] - Timeout '0' is invalid. Using default page load timeout: '30'

2017-11-06 09:54:50 - [MESSAGE][PASSED] - Scroll to object 'Object Repository/Generic/SUBMIT' successfully

2017-11-06 09:54:51 - [MESSAGE][FAILED] - Unable to click on object 'Object Repository/Generic/SUBMIT' (Root cause: org.openqa.selenium.WebDriverException: unknown error: Element <button data-test-id="201502260643470574523" data-ctl="Button" type="button" data-click="[[&quot;setUserStart&quot;,[&quot;FINISHASSIGNMENT&quot;]],[&quot;doFormSubmit&quot;,[&quot;pyActivity=FinishAssignment&quot;,&quot;:this&quot;,&quot;&quot;,&quot;:event&quot;]]]" title="Complete this assignment" class="COE_Strong pzhc">...</button> is not clickable at point (517, 741). Other element would receive the click: <div class="modal-align-cell">...</div>
  (Session info: chrome=61.0.3163.100)
  (Driver info: chromedriver=2.31.488763 (092de99f48a300323ecf8c2a4e2e7cab51de5ba8),platform=Windows NT 10.0.15063 x86_64) (WARNING: The server did not provide any stacktrace information)
Command duration or timeout: 62 milliseconds
Build info: version: '2.53.0', revision: '35ae25b', time: '2016-03-15 17:00:58'
System info: host: 'L23017WIN', ip: '10.150.113.10', os.name: 'Windows 10', os.arch: 'x86', os.version: '10.0', java.version: '1.8.0_102'
Driver info: com.kms.katalon.selenium.driver.CChromeDriver
Capabilities [{applicationCacheEnabled=false, rotatable=false, mobileEmulationEnabled=false, networkConnectionEnabled=false, chrome={chromedriverVersion=2.31.488763 (092de99f48a300323ecf8c2a4e2e7cab51de5ba8), userDataDir=C:\Users\raycp\AppData\Local\Temp\scoped_dir10824_4636}, takesHeapSnapshot=true, pageLoadStrategy=normal, databaseEnabled=false, handlesAlerts=true, hasTouchScreen=false, version=61.0.3163.100, platform=XP, browserConnectionEnabled=false, nativeEvents=true, acceptSslCerts=true, locationContextEnabled=true, webStorageEnabled=true, browserName=chrome, takesScreenshot=true, javascriptEnabled=true, cssSelectorsEnabled=true, setWindowRect=true, unexpectedAlertBehaviour=}]
Session ID: 392965e81f29a5bf631570c4f6d1e08e)
[[ATTACHMENT|C:\\Users\\raycp\\Desktop\\COE\\Reports\\BID\\Data\\ECRLite\\20171106_095141\\1509942290926.png]]

2017-11-06 09:54:51 - [MESSAGE][FAILED] - Unable to click on object 'Object Repository/Generic/SUBMIT' (Root cause: org.openqa.selenium.WebDriverException: unknown error: Element <button data-test-id="201502260643470574523" data-ctl="Button" type="button" data-click="[[&quot;setUserStart&quot;,[&quot;FINISHASSIGNMENT&quot;]],[&quot;doFormSubmit&quot;,[&quot;pyActivity=FinishAssignment&quot;,&quot;:this&quot;,&quot;&quot;,&quot;:event&quot;]]]" title="Complete this assignment" class="COE_Strong pzhc">...</button> is not clickable at point (517, 741). Other element would receive the click: <div class="modal-align-cell">...</div>
  (Session info: chrome=61.0.3163.100)
  (Driver info: chromedriver=2.31.488763 (092de99f48a300323ecf8c2a4e2e7cab51de5ba8),platform=Windows NT 10.0.15063 x86_64) (WARNING: The server did not provide any stacktrace information)
Command duration or timeout: 62 milliseconds
Build info: version: '2.53.0', revision: '35ae25b', time: '2016-03-15 17:00:58'
System info: host: 'L23017WIN', ip: '10.150.113.10', os.name: 'Windows 10', os.arch: 'x86', os.version: '10.0', java.version: '1.8.0_102'
Driver info: com.kms.katalon.selenium.driver.CChromeDriver
Capabilities [{applicationCacheEnabled=false, rotatable=false, mobileEmulationEnabled=false, networkConnectionEnabled=false, chrome={chromedriverVersion=2.31.488763 (092de99f48a300323ecf8c2a4e2e7cab51de5ba8), userDataDir=C:\Users\raycp\AppData\Local\Temp\scoped_dir10824_4636}, takesHeapSnapshot=true, pageLoadStrategy=normal, databaseEnabled=false, handlesAlerts=true, hasTouchScreen=false, version=61.0.3163.100, platform=XP, browserConnectionEnabled=false, nativeEvents=true, acceptSslCerts=true, locationContextEnabled=true, webStorageEnabled=true, browserName=chrome, takesScreenshot=true, javascriptEnabled=true, cssSelectorsEnabled=true, setWindowRect=true, unexpectedAlertBehaviour=}]
Session ID: 392965e81f29a5bf631570c4f6d1e08e)

2017-11-06 09:54:51 - [MESSAGE][FAILED] - Unable to call Test Case with id 'Test Cases/ECR/REF/ECR_Lite_ExpertService' (Root cause: Call Test Case 'Test Cases/ECR/REF/ECR_Lite_ExpertService' failed)]]></system-out>
         <system-err><![CDATA[2017-11-06 09:53:48 - [TEST_CASE][FAILED] - Test Cases/ECR/TC_ECR_Lite_ExpertService_AllApproval: Test Cases/ECR/TC_ECR_Lite_ExpertService_AllApproval FAILED because (of) Unable to click on object 'Object Repository/Generic/SUBMIT' (Root cause: org.openqa.selenium.WebDriverException: unknown error: Element <button data-test-id="201502260643470574523" data-ctl="Button" type="button" data-click="[[&quot;setUserStart&quot;,[&quot;FINISHASSIGNMENT&quot;]],[&quot;doFormSubmit&quot;,[&quot;pyActivity=FinishAssignment&quot;,&quot;:this&quot;,&quot;&quot;,&quot;:event&quot;]]]" title="Complete this assignment" class="COE_Strong pzhc">...</button> is not clickable at point (517, 741). Other element would receive the click: <div class="modal-align-cell">...</div>
  (Session info: chrome=61.0.3163.100)
  (Driver info: chromedriver=2.31.488763 (092de99f48a300323ecf8c2a4e2e7cab51de5ba8),platform=Windows NT 10.0.15063 x86_64) (WARNING: The server did not provide any stacktrace information)
Command duration or timeout: 62 milliseconds
Build info: version: '2.53.0', revision: '35ae25b', time: '2016-03-15 17:00:58'
System info: host: 'L23017WIN', ip: '10.150.113.10', os.name: 'Windows 10', os.arch: 'x86', os.version: '10.0', java.version: '1.8.0_102'
Driver info: com.kms.katalon.selenium.driver.CChromeDriver
Capabilities [{applicationCacheEnabled=false, rotatable=false, mobileEmulationEnabled=false, networkConnectionEnabled=false, chrome={chromedriverVersion=2.31.488763 (092de99f48a300323ecf8c2a4e2e7cab51de5ba8), userDataDir=C:\Users\raycp\AppData\Local\Temp\scoped_dir10824_4636}, takesHeapSnapshot=true, pageLoadStrategy=normal, databaseEnabled=false, handlesAlerts=true, hasTouchScreen=false, version=61.0.3163.100, platform=XP, browserConnectionEnabled=false, nativeEvents=true, acceptSslCerts=true, locationContextEnabled=true, webStorageEnabled=true, browserName=chrome, takesScreenshot=true, javascriptEnabled=true, cssSelectorsEnabled=true, setWindowRect=true, unexpectedAlertBehaviour=}]
Session ID: 392965e81f29a5bf631570c4f6d1e08e)]]></system-err>
      </testcase>
      <testcase name="Test Cases/ECR/TC_ECR_Lite_ExpertService_AllReject" classname="Test Cases/ECR/TC_ECR_Lite_ExpertService_AllReject" status="FAILED">
         <failure type="FAILED" message="Unable to click on object 'Object Repository/Generic/SUBMIT' (Root cause: org.openqa.selenium.WebDriverException: unknown error: Element &lt;button data-test-id=&quot;201502260643470574523&quot; data-ctl=&quot;Button&quot; type=&quot;button&quot; data-click=&quot;[[&amp;quot;setUserStart&amp;quot;,[&amp;quot;FINISHASSIGNMENT&amp;quot;]],[&amp;quot;doFormSubmit&amp;quot;,[&amp;quot;pyActivity=FinishAssignment&amp;quot;,&amp;quot;:this&amp;quot;,&amp;quot;&amp;quot;,&amp;quot;:event&amp;quot;]]]&quot; title=&quot;Complete this assignment&quot; class=&quot;COE_Strong pzhc&quot;>...&lt;/button> is not clickable at point (517, 741). Other element would receive the click: &lt;div class=&quot;modal-align-cell&quot;>...&lt;/div>
  (Session info: chrome=61.0.3163.100)
  (Driver info: chromedriver=2.31.488763 (092de99f48a300323ecf8c2a4e2e7cab51de5ba8),platform=Windows NT 10.0.15063 x86_64) (WARNING: The server did not provide any stacktrace information)
Command duration or timeout: 52 milliseconds
Build info: version: '2.53.0', revision: '35ae25b', time: '2016-03-15 17:00:58'
System info: host: 'L23017WIN', ip: '10.150.113.10', os.name: 'Windows 10', os.arch: 'x86', os.version: '10.0', java.version: '1.8.0_102'
Driver info: com.kms.katalon.selenium.driver.CChromeDriver
Capabilities [{applicationCacheEnabled=false, rotatable=false, mobileEmulationEnabled=false, networkConnectionEnabled=false, chrome={chromedriverVersion=2.31.488763 (092de99f48a300323ecf8c2a4e2e7cab51de5ba8), userDataDir=C:\Users\raycp\AppData\Local\Temp\scoped_dir6724_18689}, takesHeapSnapshot=true, pageLoadStrategy=normal, databaseEnabled=false, handlesAlerts=true, hasTouchScreen=false, version=61.0.3163.100, platform=XP, browserConnectionEnabled=false, nativeEvents=true, acceptSslCerts=true, locationContextEnabled=true, webStorageEnabled=true, browserName=chrome, takesScreenshot=true, javascriptEnabled=true, cssSelectorsEnabled=true, setWindowRect=true, unexpectedAlertBehaviour=}]
Session ID: ebd3cdbb3559303b1975a910637920b6)"/>
         <system-out><![CDATA[2017-11-06 09:54:51 - [TEST_CASE][FAILED] - Test Cases/ECR/TC_ECR_Lite_ExpertService_AllReject: Test Cases/ECR/TC_ECR_Lite_ExpertService_AllReject FAILED because (of) Unable to click on object 'Object Repository/Generic/SUBMIT' (Root cause: org.openqa.selenium.WebDriverException: unknown error: Element <button data-test-id="201502260643470574523" data-ctl="Button" type="button" data-click="[[&quot;setUserStart&quot;,[&quot;FINISHASSIGNMENT&quot;]],[&quot;doFormSubmit&quot;,[&quot;pyActivity=FinishAssignment&quot;,&quot;:this&quot;,&quot;&quot;,&quot;:event&quot;]]]" title="Complete this assignment" class="COE_Strong pzhc">...</button> is not clickable at point (517, 741). Other element would receive the click: <div class="modal-align-cell">...</div>
  (Session info: chrome=61.0.3163.100)
  (Driver info: chromedriver=2.31.488763 (092de99f48a300323ecf8c2a4e2e7cab51de5ba8),platform=Windows NT 10.0.15063 x86_64) (WARNING: The server did not provide any stacktrace information)
Command duration or timeout: 52 milliseconds
Build info: version: '2.53.0', revision: '35ae25b', time: '2016-03-15 17:00:58'
System info: host: 'L23017WIN', ip: '10.150.113.10', os.name: 'Windows 10', os.arch: 'x86', os.version: '10.0', java.version: '1.8.0_102'
Driver info: com.kms.katalon.selenium.driver.CChromeDriver
Capabilities [{applicationCacheEnabled=false, rotatable=false, mobileEmulationEnabled=false, networkConnectionEnabled=false, chrome={chromedriverVersion=2.31.488763 (092de99f48a300323ecf8c2a4e2e7cab51de5ba8), userDataDir=C:\Users\raycp\AppData\Local\Temp\scoped_dir6724_18689}, takesHeapSnapshot=true, pageLoadStrategy=normal, databaseEnabled=false, handlesAlerts=true, hasTouchScreen=false, version=61.0.3163.100, platform=XP, browserConnectionEnabled=false, nativeEvents=true, acceptSslCerts=true, locationContextEnabled=true, webStorageEnabled=true, browserName=chrome, takesScreenshot=true, javascriptEnabled=true, cssSelectorsEnabled=true, setWindowRect=true, unexpectedAlertBehaviour=}]
Session ID: ebd3cdbb3559303b1975a910637920b6)

2017-11-06 09:54:51 - [TEST_STEP][FAILED] - callTestCase: Unable to call Test Case with id 'Test Cases/ECR/REF/ECR_Lite_ExpertService' (Root cause: Call Test Case 'Test Cases/ECR/REF/ECR_Lite_ExpertService' failed)

2017-11-06 09:54:51 - [TEST_CASE][FAILED] - Test Cases/ECR/REF/ECR_Lite_ExpertService: Test Cases/ECR/REF/ECR_Lite_ExpertService FAILED because (of) Unable to click on object 'Object Repository/Generic/SUBMIT' (Root cause: org.openqa.selenium.WebDriverException: unknown error: Element <button data-test-id="201502260643470574523" data-ctl="Button" type="button" data-click="[[&quot;setUserStart&quot;,[&quot;FINISHASSIGNMENT&quot;]],[&quot;doFormSubmit&quot;,[&quot;pyActivity=FinishAssignment&quot;,&quot;:this&quot;,&quot;&quot;,&quot;:event&quot;]]]" title="Complete this assignment" class="COE_Strong pzhc">...</button> is not clickable at point (517, 741). Other element would receive the click: <div class="modal-align-cell">...</div>
  (Session info: chrome=61.0.3163.100)
  (Driver info: chromedriver=2.31.488763 (092de99f48a300323ecf8c2a4e2e7cab51de5ba8),platform=Windows NT 10.0.15063 x86_64) (WARNING: The server did not provide any stacktrace information)
Command duration or timeout: 52 milliseconds
Build info: version: '2.53.0', revision: '35ae25b', time: '2016-03-15 17:00:58'
System info: host: 'L23017WIN', ip: '10.150.113.10', os.name: 'Windows 10', os.arch: 'x86', os.version: '10.0', java.version: '1.8.0_102'
Driver info: com.kms.katalon.selenium.driver.CChromeDriver
Capabilities [{applicationCacheEnabled=false, rotatable=false, mobileEmulationEnabled=false, networkConnectionEnabled=false, chrome={chromedriverVersion=2.31.488763 (092de99f48a300323ecf8c2a4e2e7cab51de5ba8), userDataDir=C:\Users\raycp\AppData\Local\Temp\scoped_dir6724_18689}, takesHeapSnapshot=true, pageLoadStrategy=normal, databaseEnabled=false, handlesAlerts=true, hasTouchScreen=false, version=61.0.3163.100, platform=XP, browserConnectionEnabled=false, nativeEvents=true, acceptSslCerts=true, locationContextEnabled=true, webStorageEnabled=true, browserName=chrome, takesScreenshot=true, javascriptEnabled=true, cssSelectorsEnabled=true, setWindowRect=true, unexpectedAlertBehaviour=}]
Session ID: ebd3cdbb3559303b1975a910637920b6)

2017-11-06 09:54:51 - [TEST_STEP][PASSED] - com.helper.commonfunct.utilities.login: com.helper.commonfunct.utilities.login is PASSED

2017-11-06 09:54:51 - [MESSAGE][WARNING] - A browser is already opened. Closing browser and opening a new one

2017-11-06 09:54:54 - [MESSAGE][PASSED] - Browser is opened with url: ''

2017-11-06 09:54:56 - [MESSAGE][PASSED] - Navigate to 'http://vtcpqa2:9685/tcpqa/PRServlet' successfully

2017-11-06 09:54:57 - [MESSAGE][PASSED] - Text 'pogoa@pegasystems.com' is set on object 'Object Repository/input_UserIdentifier'

2017-11-06 09:54:57 - [MESSAGE][PASSED] - Text 'install' is set on object 'Object Repository/input_Password'

2017-11-06 09:55:15 - [MESSAGE][PASSED] - Keys '' sent to object: 'Object Repository/input_Password'

2017-11-06 09:55:15 - [MESSAGE][PASSED] - com.helper.commonfunct.utilities.login is PASSED

2017-11-06 09:55:15 - [TEST_STEP][FAILED] - com.helper.commonfunct.utilities.createECR: Unable to click on object 'Object Repository/Generic/SUBMIT' (Root cause: org.openqa.selenium.WebDriverException: unknown error: Element <button data-test-id="201502260643470574523" data-ctl="Button" type="button" data-click="[[&quot;setUserStart&quot;,[&quot;FINISHASSIGNMENT&quot;]],[&quot;doFormSubmit&quot;,[&quot;pyActivity=FinishAssignment&quot;,&quot;:this&quot;,&quot;&quot;,&quot;:event&quot;]]]" title="Complete this assignment" class="COE_Strong pzhc">...</button> is not clickable at point (517, 741). Other element would receive the click: <div class="modal-align-cell">...</div>
  (Session info: chrome=61.0.3163.100)
  (Driver info: chromedriver=2.31.488763 (092de99f48a300323ecf8c2a4e2e7cab51de5ba8),platform=Windows NT 10.0.15063 x86_64) (WARNING: The server did not provide any stacktrace information)
Command duration or timeout: 52 milliseconds
Build info: version: '2.53.0', revision: '35ae25b', time: '2016-03-15 17:00:58'
System info: host: 'L23017WIN', ip: '10.150.113.10', os.name: 'Windows 10', os.arch: 'x86', os.version: '10.0', java.version: '1.8.0_102'
Driver info: com.kms.katalon.selenium.driver.CChromeDriver
Capabilities [{applicationCacheEnabled=false, rotatable=false, mobileEmulationEnabled=false, networkConnectionEnabled=false, chrome={chromedriverVersion=2.31.488763 (092de99f48a300323ecf8c2a4e2e7cab51de5ba8), userDataDir=C:\Users\raycp\AppData\Local\Temp\scoped_dir6724_18689}, takesHeapSnapshot=true, pageLoadStrategy=normal, databaseEnabled=false, handlesAlerts=true, hasTouchScreen=false, version=61.0.3163.100, platform=XP, browserConnectionEnabled=false, nativeEvents=true, acceptSslCerts=true, locationContextEnabled=true, webStorageEnabled=true, browserName=chrome, takesScreenshot=true, javascriptEnabled=true, cssSelectorsEnabled=true, setWindowRect=true, unexpectedAlertBehaviour=}]
Session ID: ebd3cdbb3559303b1975a910637920b6)

2017-11-06 09:55:15 - [MESSAGE][PASSED] - Object: 'Object Repository/Generic/a_Actions' is clicked on

2017-11-06 09:55:16 - [MESSAGE][PASSED] - Object: 'Object Repository/span_New' is focused

2017-11-06 09:55:18 - [MESSAGE][PASSED] - Object: 'Object Repository/span_Bid Process' is clicked on

2017-11-06 09:55:19 - [MESSAGE][PASSED] - Object: 'Object Repository/ECR/BID_TYPE' is clicked on

2017-11-06 09:55:19 - [MESSAGE][PASSED] - Object 'Object Repository/button_Import' is present

2017-11-06 09:55:24 - [MESSAGE][PASSED] - Delayed 5 second(s)

2017-11-06 09:55:24 - [MESSAGE][PASSED] - Object: 'Object Repository/button_Import' is clicked on

2017-11-06 09:55:24 - [MESSAGE][PASSED] - File 'C:\Users\nipin\Desktop\Latest BSW\ECR_LITE_EXPSVC.xlsm' sent to object: 'Object Repository/input_PpyWorkPageppyFilePath'

2017-11-06 09:55:26 - [MESSAGE][PASSED] - Delayed 2 second(s)

2017-11-06 09:55:26 - [MESSAGE][WARNING] - Timeout '0' is invalid. Using default page load timeout: '30'

2017-11-06 09:55:26 - [MESSAGE][PASSED] - Scroll to object 'Object Repository/button_Submit' successfully

2017-11-06 09:55:27 - [MESSAGE][PASSED] - Object: 'Object Repository/button_Submit' is clicked on

2017-11-06 09:55:27 - [MESSAGE][PASSED] - Object 'Object Repository/EngInfo/COID' is visible

2017-11-06 09:55:32 - [MESSAGE][PASSED] - Delayed 5 second(s)

2017-11-06 09:55:37 - [MESSAGE][PASSED] - Delayed 5 second(s)

2017-11-06 09:55:37 - [MESSAGE][PASSED] - Text 'BOFA' is set on object 'Object Repository/Generic/ORG'

2017-11-06 09:55:42 - [MESSAGE][PASSED] - Delayed 5 second(s)

2017-11-06 09:55:42 - [MESSAGE][PASSED] - Keys '' sent to object: 'Object Repository/Generic/ORG'

2017-11-06 09:55:47 - [MESSAGE][PASSED] - Delayed 5 second(s)

2017-11-06 09:55:47 - [MESSAGE][PASSED] - Text 'BOFA' is set on object 'Object Repository/Generic/ACC'

2017-11-06 09:55:49 - [MESSAGE][PASSED] - Delayed 2 second(s)

2017-11-06 09:55:49 - [MESSAGE][PASSED] - Keys '' sent to object: 'Object Repository/Generic/ACC'

2017-11-06 09:55:54 - [MESSAGE][PASSED] - Delayed 5 second(s)

2017-11-06 09:55:55 - [MESSAGE][PASSED] - Text 'AUTOTEST1' is set on object 'Object Repository/Generic/ENG_DESC'

2017-11-06 09:56:00 - [MESSAGE][PASSED] - Delayed 5 second(s)

2017-11-06 09:56:00 - [MESSAGE][WARNING] - Timeout '0' is invalid. Using default page load timeout: '30'

2017-11-06 09:56:00 - [MESSAGE][PASSED] - Scroll to object 'Object Repository/Generic/SUBMIT' successfully

2017-11-06 09:56:00 - [MESSAGE][FAILED] - Unable to click on object 'Object Repository/Generic/SUBMIT' (Root cause: org.openqa.selenium.WebDriverException: unknown error: Element <button data-test-id="201502260643470574523" data-ctl="Button" type="button" data-click="[[&quot;setUserStart&quot;,[&quot;FINISHASSIGNMENT&quot;]],[&quot;doFormSubmit&quot;,[&quot;pyActivity=FinishAssignment&quot;,&quot;:this&quot;,&quot;&quot;,&quot;:event&quot;]]]" title="Complete this assignment" class="COE_Strong pzhc">...</button> is not clickable at point (517, 741). Other element would receive the click: <div class="modal-align-cell">...</div>
  (Session info: chrome=61.0.3163.100)
  (Driver info: chromedriver=2.31.488763 (092de99f48a300323ecf8c2a4e2e7cab51de5ba8),platform=Windows NT 10.0.15063 x86_64) (WARNING: The server did not provide any stacktrace information)
Command duration or timeout: 52 milliseconds
Build info: version: '2.53.0', revision: '35ae25b', time: '2016-03-15 17:00:58'
System info: host: 'L23017WIN', ip: '10.150.113.10', os.name: 'Windows 10', os.arch: 'x86', os.version: '10.0', java.version: '1.8.0_102'
Driver info: com.kms.katalon.selenium.driver.CChromeDriver
Capabilities [{applicationCacheEnabled=false, rotatable=false, mobileEmulationEnabled=false, networkConnectionEnabled=false, chrome={chromedriverVersion=2.31.488763 (092de99f48a300323ecf8c2a4e2e7cab51de5ba8), userDataDir=C:\Users\raycp\AppData\Local\Temp\scoped_dir6724_18689}, takesHeapSnapshot=true, pageLoadStrategy=normal, databaseEnabled=false, handlesAlerts=true, hasTouchScreen=false, version=61.0.3163.100, platform=XP, browserConnectionEnabled=false, nativeEvents=true, acceptSslCerts=true, locationContextEnabled=true, webStorageEnabled=true, browserName=chrome, takesScreenshot=true, javascriptEnabled=true, cssSelectorsEnabled=true, setWindowRect=true, unexpectedAlertBehaviour=}]
Session ID: ebd3cdbb3559303b1975a910637920b6)
[[ATTACHMENT|C:\\Users\\raycp\\Desktop\\COE\\Reports\\BID\\Data\\ECRLite\\20171106_095141\\1509942360153.png]]

2017-11-06 09:56:00 - [MESSAGE][FAILED] - Unable to click on object 'Object Repository/Generic/SUBMIT' (Root cause: org.openqa.selenium.WebDriverException: unknown error: Element <button data-test-id="201502260643470574523" data-ctl="Button" type="button" data-click="[[&quot;setUserStart&quot;,[&quot;FINISHASSIGNMENT&quot;]],[&quot;doFormSubmit&quot;,[&quot;pyActivity=FinishAssignment&quot;,&quot;:this&quot;,&quot;&quot;,&quot;:event&quot;]]]" title="Complete this assignment" class="COE_Strong pzhc">...</button> is not clickable at point (517, 741). Other element would receive the click: <div class="modal-align-cell">...</div>
  (Session info: chrome=61.0.3163.100)
  (Driver info: chromedriver=2.31.488763 (092de99f48a300323ecf8c2a4e2e7cab51de5ba8),platform=Windows NT 10.0.15063 x86_64) (WARNING: The server did not provide any stacktrace information)
Command duration or timeout: 52 milliseconds
Build info: version: '2.53.0', revision: '35ae25b', time: '2016-03-15 17:00:58'
System info: host: 'L23017WIN', ip: '10.150.113.10', os.name: 'Windows 10', os.arch: 'x86', os.version: '10.0', java.version: '1.8.0_102'
Driver info: com.kms.katalon.selenium.driver.CChromeDriver
Capabilities [{applicationCacheEnabled=false, rotatable=false, mobileEmulationEnabled=false, networkConnectionEnabled=false, chrome={chromedriverVersion=2.31.488763 (092de99f48a300323ecf8c2a4e2e7cab51de5ba8), userDataDir=C:\Users\raycp\AppData\Local\Temp\scoped_dir6724_18689}, takesHeapSnapshot=true, pageLoadStrategy=normal, databaseEnabled=false, handlesAlerts=true, hasTouchScreen=false, version=61.0.3163.100, platform=XP, browserConnectionEnabled=false, nativeEvents=true, acceptSslCerts=true, locationContextEnabled=true, webStorageEnabled=true, browserName=chrome, takesScreenshot=true, javascriptEnabled=true, cssSelectorsEnabled=true, setWindowRect=true, unexpectedAlertBehaviour=}]
Session ID: ebd3cdbb3559303b1975a910637920b6)

2017-11-06 09:56:00 - [MESSAGE][FAILED] - Unable to call Test Case with id 'Test Cases/ECR/REF/ECR_Lite_ExpertService' (Root cause: Call Test Case 'Test Cases/ECR/REF/ECR_Lite_ExpertService' failed)]]></system-out>
         <system-err><![CDATA[2017-11-06 09:54:51 - [TEST_CASE][FAILED] - Test Cases/ECR/TC_ECR_Lite_ExpertService_AllReject: Test Cases/ECR/TC_ECR_Lite_ExpertService_AllReject FAILED because (of) Unable to click on object 'Object Repository/Generic/SUBMIT' (Root cause: org.openqa.selenium.WebDriverException: unknown error: Element <button data-test-id="201502260643470574523" data-ctl="Button" type="button" data-click="[[&quot;setUserStart&quot;,[&quot;FINISHASSIGNMENT&quot;]],[&quot;doFormSubmit&quot;,[&quot;pyActivity=FinishAssignment&quot;,&quot;:this&quot;,&quot;&quot;,&quot;:event&quot;]]]" title="Complete this assignment" class="COE_Strong pzhc">...</button> is not clickable at point (517, 741). Other element would receive the click: <div class="modal-align-cell">...</div>
  (Session info: chrome=61.0.3163.100)
  (Driver info: chromedriver=2.31.488763 (092de99f48a300323ecf8c2a4e2e7cab51de5ba8),platform=Windows NT 10.0.15063 x86_64) (WARNING: The server did not provide any stacktrace information)
Command duration or timeout: 52 milliseconds
Build info: version: '2.53.0', revision: '35ae25b', time: '2016-03-15 17:00:58'
System info: host: 'L23017WIN', ip: '10.150.113.10', os.name: 'Windows 10', os.arch: 'x86', os.version: '10.0', java.version: '1.8.0_102'
Driver info: com.kms.katalon.selenium.driver.CChromeDriver
Capabilities [{applicationCacheEnabled=false, rotatable=false, mobileEmulationEnabled=false, networkConnectionEnabled=false, chrome={chromedriverVersion=2.31.488763 (092de99f48a300323ecf8c2a4e2e7cab51de5ba8), userDataDir=C:\Users\raycp\AppData\Local\Temp\scoped_dir6724_18689}, takesHeapSnapshot=true, pageLoadStrategy=normal, databaseEnabled=false, handlesAlerts=true, hasTouchScreen=false, version=61.0.3163.100, platform=XP, browserConnectionEnabled=false, nativeEvents=true, acceptSslCerts=true, locationContextEnabled=true, webStorageEnabled=true, browserName=chrome, takesScreenshot=true, javascriptEnabled=true, cssSelectorsEnabled=true, setWindowRect=true, unexpectedAlertBehaviour=}]
Session ID: ebd3cdbb3559303b1975a910637920b6)]]></system-err>
      </testcase>
      <testcase name="Test Cases/ECR/TC_ECR_Meeting_ExpertService_AllApproval" classname="Test Cases/ECR/TC_ECR_Meeting_ExpertService_AllApproval" status="FAILED">
         <failure type="FAILED" message="Unable to click on object 'Object Repository/Generic/SUBMIT' (Root cause: org.openqa.selenium.WebDriverException: unknown error: Element &lt;button data-test-id=&quot;201502260643470574523&quot; data-ctl=&quot;Button&quot; type=&quot;button&quot; data-click=&quot;[[&amp;quot;setUserStart&amp;quot;,[&amp;quot;FINISHASSIGNMENT&amp;quot;]],[&amp;quot;doFormSubmit&amp;quot;,[&amp;quot;pyActivity=FinishAssignment&amp;quot;,&amp;quot;:this&amp;quot;,&amp;quot;&amp;quot;,&amp;quot;:event&amp;quot;]]]&quot; title=&quot;Complete this assignment&quot; class=&quot;COE_Strong pzhc&quot;>...&lt;/button> is not clickable at point (517, 741). Other element would receive the click: &lt;div class=&quot;modal-align-cell&quot;>...&lt;/div>
  (Session info: chrome=61.0.3163.100)
  (Driver info: chromedriver=2.31.488763 (092de99f48a300323ecf8c2a4e2e7cab51de5ba8),platform=Windows NT 10.0.15063 x86_64) (WARNING: The server did not provide any stacktrace information)
Command duration or timeout: 50 milliseconds
Build info: version: '2.53.0', revision: '35ae25b', time: '2016-03-15 17:00:58'
System info: host: 'L23017WIN', ip: '10.150.113.10', os.name: 'Windows 10', os.arch: 'x86', os.version: '10.0', java.version: '1.8.0_102'
Driver info: com.kms.katalon.selenium.driver.CChromeDriver
Capabilities [{applicationCacheEnabled=false, rotatable=false, mobileEmulationEnabled=false, networkConnectionEnabled=false, chrome={chromedriverVersion=2.31.488763 (092de99f48a300323ecf8c2a4e2e7cab51de5ba8), userDataDir=C:\Users\raycp\AppData\Local\Temp\scoped_dir6160_20061}, takesHeapSnapshot=true, pageLoadStrategy=normal, databaseEnabled=false, handlesAlerts=true, hasTouchScreen=false, version=61.0.3163.100, platform=XP, browserConnectionEnabled=false, nativeEvents=true, acceptSslCerts=true, locationContextEnabled=true, webStorageEnabled=true, browserName=chrome, takesScreenshot=true, javascriptEnabled=true, cssSelectorsEnabled=true, setWindowRect=true, unexpectedAlertBehaviour=}]
Session ID: 226170fa45397dd60b6ef5a6920c7182)"/>
         <system-out><![CDATA[2017-11-06 09:56:00 - [TEST_CASE][FAILED] - Test Cases/ECR/TC_ECR_Meeting_ExpertService_AllApproval: Test Cases/ECR/TC_ECR_Meeting_ExpertService_AllApproval FAILED because (of) Unable to click on object 'Object Repository/Generic/SUBMIT' (Root cause: org.openqa.selenium.WebDriverException: unknown error: Element <button data-test-id="201502260643470574523" data-ctl="Button" type="button" data-click="[[&quot;setUserStart&quot;,[&quot;FINISHASSIGNMENT&quot;]],[&quot;doFormSubmit&quot;,[&quot;pyActivity=FinishAssignment&quot;,&quot;:this&quot;,&quot;&quot;,&quot;:event&quot;]]]" title="Complete this assignment" class="COE_Strong pzhc">...</button> is not clickable at point (517, 741). Other element would receive the click: <div class="modal-align-cell">...</div>
  (Session info: chrome=61.0.3163.100)
  (Driver info: chromedriver=2.31.488763 (092de99f48a300323ecf8c2a4e2e7cab51de5ba8),platform=Windows NT 10.0.15063 x86_64) (WARNING: The server did not provide any stacktrace information)
Command duration or timeout: 50 milliseconds
Build info: version: '2.53.0', revision: '35ae25b', time: '2016-03-15 17:00:58'
System info: host: 'L23017WIN', ip: '10.150.113.10', os.name: 'Windows 10', os.arch: 'x86', os.version: '10.0', java.version: '1.8.0_102'
Driver info: com.kms.katalon.selenium.driver.CChromeDriver
Capabilities [{applicationCacheEnabled=false, rotatable=false, mobileEmulationEnabled=false, networkConnectionEnabled=false, chrome={chromedriverVersion=2.31.488763 (092de99f48a300323ecf8c2a4e2e7cab51de5ba8), userDataDir=C:\Users\raycp\AppData\Local\Temp\scoped_dir6160_20061}, takesHeapSnapshot=true, pageLoadStrategy=normal, databaseEnabled=false, handlesAlerts=true, hasTouchScreen=false, version=61.0.3163.100, platform=XP, browserConnectionEnabled=false, nativeEvents=true, acceptSslCerts=true, locationContextEnabled=true, webStorageEnabled=true, browserName=chrome, takesScreenshot=true, javascriptEnabled=true, cssSelectorsEnabled=true, setWindowRect=true, unexpectedAlertBehaviour=}]
Session ID: 226170fa45397dd60b6ef5a6920c7182)

2017-11-06 09:56:00 - [TEST_STEP][FAILED] - callTestCase: Unable to call Test Case with id 'Test Cases/ECR/REF/ECR_Meeting_ExpertService' (Root cause: Call Test Case 'Test Cases/ECR/REF/ECR_Meeting_ExpertService' failed)

2017-11-06 09:56:00 - [TEST_CASE][FAILED] - Test Cases/ECR/REF/ECR_Meeting_ExpertService: Test Cases/ECR/REF/ECR_Meeting_ExpertService FAILED because (of) Unable to click on object 'Object Repository/Generic/SUBMIT' (Root cause: org.openqa.selenium.WebDriverException: unknown error: Element <button data-test-id="201502260643470574523" data-ctl="Button" type="button" data-click="[[&quot;setUserStart&quot;,[&quot;FINISHASSIGNMENT&quot;]],[&quot;doFormSubmit&quot;,[&quot;pyActivity=FinishAssignment&quot;,&quot;:this&quot;,&quot;&quot;,&quot;:event&quot;]]]" title="Complete this assignment" class="COE_Strong pzhc">...</button> is not clickable at point (517, 741). Other element would receive the click: <div class="modal-align-cell">...</div>
  (Session info: chrome=61.0.3163.100)
  (Driver info: chromedriver=2.31.488763 (092de99f48a300323ecf8c2a4e2e7cab51de5ba8),platform=Windows NT 10.0.15063 x86_64) (WARNING: The server did not provide any stacktrace information)
Command duration or timeout: 50 milliseconds
Build info: version: '2.53.0', revision: '35ae25b', time: '2016-03-15 17:00:58'
System info: host: 'L23017WIN', ip: '10.150.113.10', os.name: 'Windows 10', os.arch: 'x86', os.version: '10.0', java.version: '1.8.0_102'
Driver info: com.kms.katalon.selenium.driver.CChromeDriver
Capabilities [{applicationCacheEnabled=false, rotatable=false, mobileEmulationEnabled=false, networkConnectionEnabled=false, chrome={chromedriverVersion=2.31.488763 (092de99f48a300323ecf8c2a4e2e7cab51de5ba8), userDataDir=C:\Users\raycp\AppData\Local\Temp\scoped_dir6160_20061}, takesHeapSnapshot=true, pageLoadStrategy=normal, databaseEnabled=false, handlesAlerts=true, hasTouchScreen=false, version=61.0.3163.100, platform=XP, browserConnectionEnabled=false, nativeEvents=true, acceptSslCerts=true, locationContextEnabled=true, webStorageEnabled=true, browserName=chrome, takesScreenshot=true, javascriptEnabled=true, cssSelectorsEnabled=true, setWindowRect=true, unexpectedAlertBehaviour=}]
Session ID: 226170fa45397dd60b6ef5a6920c7182)

2017-11-06 09:56:00 - [TEST_STEP][PASSED] - com.helper.commonfunct.utilities.login: com.helper.commonfunct.utilities.login is PASSED

2017-11-06 09:56:00 - [MESSAGE][WARNING] - A browser is already opened. Closing browser and opening a new one

2017-11-06 09:56:04 - [MESSAGE][PASSED] - Browser is opened with url: ''

2017-11-06 09:56:06 - [MESSAGE][PASSED] - Navigate to 'http://vtcpqa2:9685/tcpqa/PRServlet' successfully

2017-11-06 09:56:06 - [MESSAGE][PASSED] - Text 'pogoa@pegasystems.com' is set on object 'Object Repository/input_UserIdentifier'

2017-11-06 09:56:06 - [MESSAGE][PASSED] - Text 'install' is set on object 'Object Repository/input_Password'

2017-11-06 09:56:15 - [MESSAGE][PASSED] - Keys '' sent to object: 'Object Repository/input_Password'

2017-11-06 09:56:15 - [MESSAGE][PASSED] - com.helper.commonfunct.utilities.login is PASSED

2017-11-06 09:56:15 - [TEST_STEP][FAILED] - com.helper.commonfunct.utilities.createECR: Unable to click on object 'Object Repository/Generic/SUBMIT' (Root cause: org.openqa.selenium.WebDriverException: unknown error: Element <button data-test-id="201502260643470574523" data-ctl="Button" type="button" data-click="[[&quot;setUserStart&quot;,[&quot;FINISHASSIGNMENT&quot;]],[&quot;doFormSubmit&quot;,[&quot;pyActivity=FinishAssignment&quot;,&quot;:this&quot;,&quot;&quot;,&quot;:event&quot;]]]" title="Complete this assignment" class="COE_Strong pzhc">...</button> is not clickable at point (517, 741). Other element would receive the click: <div class="modal-align-cell">...</div>
  (Session info: chrome=61.0.3163.100)
  (Driver info: chromedriver=2.31.488763 (092de99f48a300323ecf8c2a4e2e7cab51de5ba8),platform=Windows NT 10.0.15063 x86_64) (WARNING: The server did not provide any stacktrace information)
Command duration or timeout: 50 milliseconds
Build info: version: '2.53.0', revision: '35ae25b', time: '2016-03-15 17:00:58'
System info: host: 'L23017WIN', ip: '10.150.113.10', os.name: 'Windows 10', os.arch: 'x86', os.version: '10.0', java.version: '1.8.0_102'
Driver info: com.kms.katalon.selenium.driver.CChromeDriver
Capabilities [{applicationCacheEnabled=false, rotatable=false, mobileEmulationEnabled=false, networkConnectionEnabled=false, chrome={chromedriverVersion=2.31.488763 (092de99f48a300323ecf8c2a4e2e7cab51de5ba8), userDataDir=C:\Users\raycp\AppData\Local\Temp\scoped_dir6160_20061}, takesHeapSnapshot=true, pageLoadStrategy=normal, databaseEnabled=false, handlesAlerts=true, hasTouchScreen=false, version=61.0.3163.100, platform=XP, browserConnectionEnabled=false, nativeEvents=true, acceptSslCerts=true, locationContextEnabled=true, webStorageEnabled=true, browserName=chrome, takesScreenshot=true, javascriptEnabled=true, cssSelectorsEnabled=true, setWindowRect=true, unexpectedAlertBehaviour=}]
Session ID: 226170fa45397dd60b6ef5a6920c7182)

2017-11-06 09:56:15 - [MESSAGE][PASSED] - Object: 'Object Repository/Generic/a_Actions' is clicked on

2017-11-06 09:56:16 - [MESSAGE][PASSED] - Object: 'Object Repository/span_New' is focused

2017-11-06 09:56:18 - [MESSAGE][PASSED] - Object: 'Object Repository/span_Bid Process' is clicked on

2017-11-06 09:56:19 - [MESSAGE][PASSED] - Object: 'Object Repository/ECR/BID_TYPE' is clicked on

2017-11-06 09:56:19 - [MESSAGE][PASSED] - Object 'Object Repository/button_Import' is present

2017-11-06 09:56:24 - [MESSAGE][PASSED] - Delayed 5 second(s)

2017-11-06 09:56:24 - [MESSAGE][PASSED] - Object: 'Object Repository/button_Import' is clicked on

2017-11-06 09:56:24 - [MESSAGE][PASSED] - File 'C:\Users\nipin\Desktop\Latest BSW\ECR_EXPSVC.xlsm' sent to object: 'Object Repository/input_PpyWorkPageppyFilePath'

2017-11-06 09:56:26 - [MESSAGE][PASSED] - Delayed 2 second(s)

2017-11-06 09:56:26 - [MESSAGE][WARNING] - Timeout '0' is invalid. Using default page load timeout: '30'

2017-11-06 09:56:27 - [MESSAGE][PASSED] - Scroll to object 'Object Repository/button_Submit' successfully

2017-11-06 09:56:27 - [MESSAGE][PASSED] - Object: 'Object Repository/button_Submit' is clicked on

2017-11-06 09:56:27 - [MESSAGE][PASSED] - Object 'Object Repository/EngInfo/COID' is visible

2017-11-06 09:56:32 - [MESSAGE][PASSED] - Delayed 5 second(s)

2017-11-06 09:56:37 - [MESSAGE][PASSED] - Delayed 5 second(s)

2017-11-06 09:56:37 - [MESSAGE][PASSED] - Text 'BOFA' is set on object 'Object Repository/Generic/ORG'

2017-11-06 09:56:42 - [MESSAGE][PASSED] - Delayed 5 second(s)

2017-11-06 09:56:42 - [MESSAGE][PASSED] - Keys '' sent to object: 'Object Repository/Generic/ORG'

2017-11-06 09:56:47 - [MESSAGE][PASSED] - Delayed 5 second(s)

2017-11-06 09:56:47 - [MESSAGE][PASSED] - Text 'BOFA' is set on object 'Object Repository/Generic/ACC'

2017-11-06 09:56:49 - [MESSAGE][PASSED] - Delayed 2 second(s)

2017-11-06 09:56:49 - [MESSAGE][PASSED] - Keys '' sent to object: 'Object Repository/Generic/ACC'

2017-11-06 09:56:54 - [MESSAGE][PASSED] - Delayed 5 second(s)

2017-11-06 09:56:55 - [MESSAGE][PASSED] - Text 'AUTOTEST1' is set on object 'Object Repository/Generic/ENG_DESC'

2017-11-06 09:57:00 - [MESSAGE][PASSED] - Delayed 5 second(s)

2017-11-06 09:57:00 - [MESSAGE][WARNING] - Timeout '0' is invalid. Using default page load timeout: '30'

2017-11-06 09:57:00 - [MESSAGE][PASSED] - Scroll to object 'Object Repository/Generic/SUBMIT' successfully

2017-11-06 09:57:00 - [MESSAGE][FAILED] - Unable to click on object 'Object Repository/Generic/SUBMIT' (Root cause: org.openqa.selenium.WebDriverException: unknown error: Element <button data-test-id="201502260643470574523" data-ctl="Button" type="button" data-click="[[&quot;setUserStart&quot;,[&quot;FINISHASSIGNMENT&quot;]],[&quot;doFormSubmit&quot;,[&quot;pyActivity=FinishAssignment&quot;,&quot;:this&quot;,&quot;&quot;,&quot;:event&quot;]]]" title="Complete this assignment" class="COE_Strong pzhc">...</button> is not clickable at point (517, 741). Other element would receive the click: <div class="modal-align-cell">...</div>
  (Session info: chrome=61.0.3163.100)
  (Driver info: chromedriver=2.31.488763 (092de99f48a300323ecf8c2a4e2e7cab51de5ba8),platform=Windows NT 10.0.15063 x86_64) (WARNING: The server did not provide any stacktrace information)
Command duration or timeout: 50 milliseconds
Build info: version: '2.53.0', revision: '35ae25b', time: '2016-03-15 17:00:58'
System info: host: 'L23017WIN', ip: '10.150.113.10', os.name: 'Windows 10', os.arch: 'x86', os.version: '10.0', java.version: '1.8.0_102'
Driver info: com.kms.katalon.selenium.driver.CChromeDriver
Capabilities [{applicationCacheEnabled=false, rotatable=false, mobileEmulationEnabled=false, networkConnectionEnabled=false, chrome={chromedriverVersion=2.31.488763 (092de99f48a300323ecf8c2a4e2e7cab51de5ba8), userDataDir=C:\Users\raycp\AppData\Local\Temp\scoped_dir6160_20061}, takesHeapSnapshot=true, pageLoadStrategy=normal, databaseEnabled=false, handlesAlerts=true, hasTouchScreen=false, version=61.0.3163.100, platform=XP, browserConnectionEnabled=false, nativeEvents=true, acceptSslCerts=true, locationContextEnabled=true, webStorageEnabled=true, browserName=chrome, takesScreenshot=true, javascriptEnabled=true, cssSelectorsEnabled=true, setWindowRect=true, unexpectedAlertBehaviour=}]
Session ID: 226170fa45397dd60b6ef5a6920c7182)
[[ATTACHMENT|C:\\Users\\raycp\\Desktop\\COE\\Reports\\BID\\Data\\ECRLite\\20171106_095141\\1509942420350.png]]

2017-11-06 09:57:00 - [MESSAGE][FAILED] - Unable to click on object 'Object Repository/Generic/SUBMIT' (Root cause: org.openqa.selenium.WebDriverException: unknown error: Element <button data-test-id="201502260643470574523" data-ctl="Button" type="button" data-click="[[&quot;setUserStart&quot;,[&quot;FINISHASSIGNMENT&quot;]],[&quot;doFormSubmit&quot;,[&quot;pyActivity=FinishAssignment&quot;,&quot;:this&quot;,&quot;&quot;,&quot;:event&quot;]]]" title="Complete this assignment" class="COE_Strong pzhc">...</button> is not clickable at point (517, 741). Other element would receive the click: <div class="modal-align-cell">...</div>
  (Session info: chrome=61.0.3163.100)
  (Driver info: chromedriver=2.31.488763 (092de99f48a300323ecf8c2a4e2e7cab51de5ba8),platform=Windows NT 10.0.15063 x86_64) (WARNING: The server did not provide any stacktrace information)
Command duration or timeout: 50 milliseconds
Build info: version: '2.53.0', revision: '35ae25b', time: '2016-03-15 17:00:58'
System info: host: 'L23017WIN', ip: '10.150.113.10', os.name: 'Windows 10', os.arch: 'x86', os.version: '10.0', java.version: '1.8.0_102'
Driver info: com.kms.katalon.selenium.driver.CChromeDriver
Capabilities [{applicationCacheEnabled=false, rotatable=false, mobileEmulationEnabled=false, networkConnectionEnabled=false, chrome={chromedriverVersion=2.31.488763 (092de99f48a300323ecf8c2a4e2e7cab51de5ba8), userDataDir=C:\Users\raycp\AppData\Local\Temp\scoped_dir6160_20061}, takesHeapSnapshot=true, pageLoadStrategy=normal, databaseEnabled=false, handlesAlerts=true, hasTouchScreen=false, version=61.0.3163.100, platform=XP, browserConnectionEnabled=false, nativeEvents=true, acceptSslCerts=true, locationContextEnabled=true, webStorageEnabled=true, browserName=chrome, takesScreenshot=true, javascriptEnabled=true, cssSelectorsEnabled=true, setWindowRect=true, unexpectedAlertBehaviour=}]
Session ID: 226170fa45397dd60b6ef5a6920c7182)

2017-11-06 09:57:00 - [MESSAGE][FAILED] - Unable to call Test Case with id 'Test Cases/ECR/REF/ECR_Meeting_ExpertService' (Root cause: Call Test Case 'Test Cases/ECR/REF/ECR_Meeting_ExpertService' failed)]]></system-out>
         <system-err><![CDATA[2017-11-06 09:56:00 - [TEST_CASE][FAILED] - Test Cases/ECR/TC_ECR_Meeting_ExpertService_AllApproval: Test Cases/ECR/TC_ECR_Meeting_ExpertService_AllApproval FAILED because (of) Unable to click on object 'Object Repository/Generic/SUBMIT' (Root cause: org.openqa.selenium.WebDriverException: unknown error: Element <button data-test-id="201502260643470574523" data-ctl="Button" type="button" data-click="[[&quot;setUserStart&quot;,[&quot;FINISHASSIGNMENT&quot;]],[&quot;doFormSubmit&quot;,[&quot;pyActivity=FinishAssignment&quot;,&quot;:this&quot;,&quot;&quot;,&quot;:event&quot;]]]" title="Complete this assignment" class="COE_Strong pzhc">...</button> is not clickable at point (517, 741). Other element would receive the click: <div class="modal-align-cell">...</div>
  (Session info: chrome=61.0.3163.100)
  (Driver info: chromedriver=2.31.488763 (092de99f48a300323ecf8c2a4e2e7cab51de5ba8),platform=Windows NT 10.0.15063 x86_64) (WARNING: The server did not provide any stacktrace information)
Command duration or timeout: 50 milliseconds
Build info: version: '2.53.0', revision: '35ae25b', time: '2016-03-15 17:00:58'
System info: host: 'L23017WIN', ip: '10.150.113.10', os.name: 'Windows 10', os.arch: 'x86', os.version: '10.0', java.version: '1.8.0_102'
Driver info: com.kms.katalon.selenium.driver.CChromeDriver
Capabilities [{applicationCacheEnabled=false, rotatable=false, mobileEmulationEnabled=false, networkConnectionEnabled=false, chrome={chromedriverVersion=2.31.488763 (092de99f48a300323ecf8c2a4e2e7cab51de5ba8), userDataDir=C:\Users\raycp\AppData\Local\Temp\scoped_dir6160_20061}, takesHeapSnapshot=true, pageLoadStrategy=normal, databaseEnabled=false, handlesAlerts=true, hasTouchScreen=false, version=61.0.3163.100, platform=XP, browserConnectionEnabled=false, nativeEvents=true, acceptSslCerts=true, locationContextEnabled=true, webStorageEnabled=true, browserName=chrome, takesScreenshot=true, javascriptEnabled=true, cssSelectorsEnabled=true, setWindowRect=true, unexpectedAlertBehaviour=}]
Session ID: 226170fa45397dd60b6ef5a6920c7182)]]></system-err>
      </testcase>
      <testcase name="Test Cases/ECR/TC_ECR_Meeting_ExpertService_AllReject" classname="Test Cases/ECR/TC_ECR_Meeting_ExpertService_AllReject" status="FAILED">
         <failure type="FAILED" message="Unable to click on object 'Object Repository/Generic/SUBMIT' (Root cause: org.openqa.selenium.WebDriverException: unknown error: Element &lt;button data-test-id=&quot;201502260643470574523&quot; data-ctl=&quot;Button&quot; type=&quot;button&quot; data-click=&quot;[[&amp;quot;setUserStart&amp;quot;,[&amp;quot;FINISHASSIGNMENT&amp;quot;]],[&amp;quot;doFormSubmit&amp;quot;,[&amp;quot;pyActivity=FinishAssignment&amp;quot;,&amp;quot;:this&amp;quot;,&amp;quot;&amp;quot;,&amp;quot;:event&amp;quot;]]]&quot; title=&quot;Complete this assignment&quot; class=&quot;COE_Strong pzhc&quot;>...&lt;/button> is not clickable at point (517, 741). Other element would receive the click: &lt;div class=&quot;modal-align-cell&quot;>...&lt;/div>
  (Session info: chrome=61.0.3163.100)
  (Driver info: chromedriver=2.31.488763 (092de99f48a300323ecf8c2a4e2e7cab51de5ba8),platform=Windows NT 10.0.15063 x86_64) (WARNING: The server did not provide any stacktrace information)
Command duration or timeout: 45 milliseconds
Build info: version: '2.53.0', revision: '35ae25b', time: '2016-03-15 17:00:58'
System info: host: 'L23017WIN', ip: '10.150.113.10', os.name: 'Windows 10', os.arch: 'x86', os.version: '10.0', java.version: '1.8.0_102'
Driver info: com.kms.katalon.selenium.driver.CChromeDriver
Capabilities [{applicationCacheEnabled=false, rotatable=false, mobileEmulationEnabled=false, networkConnectionEnabled=false, chrome={chromedriverVersion=2.31.488763 (092de99f48a300323ecf8c2a4e2e7cab51de5ba8), userDataDir=C:\Users\raycp\AppData\Local\Temp\scoped_dir1976_28468}, takesHeapSnapshot=true, pageLoadStrategy=normal, databaseEnabled=false, handlesAlerts=true, hasTouchScreen=false, version=61.0.3163.100, platform=XP, browserConnectionEnabled=false, nativeEvents=true, acceptSslCerts=true, locationContextEnabled=true, webStorageEnabled=true, browserName=chrome, takesScreenshot=true, javascriptEnabled=true, cssSelectorsEnabled=true, setWindowRect=true, unexpectedAlertBehaviour=}]
Session ID: c34c0c83544c6472cba93b27ad5b04f3)"/>
         <system-out><![CDATA[2017-11-06 09:57:00 - [TEST_CASE][FAILED] - Test Cases/ECR/TC_ECR_Meeting_ExpertService_AllReject: Test Cases/ECR/TC_ECR_Meeting_ExpertService_AllReject FAILED because (of) Unable to click on object 'Object Repository/Generic/SUBMIT' (Root cause: org.openqa.selenium.WebDriverException: unknown error: Element <button data-test-id="201502260643470574523" data-ctl="Button" type="button" data-click="[[&quot;setUserStart&quot;,[&quot;FINISHASSIGNMENT&quot;]],[&quot;doFormSubmit&quot;,[&quot;pyActivity=FinishAssignment&quot;,&quot;:this&quot;,&quot;&quot;,&quot;:event&quot;]]]" title="Complete this assignment" class="COE_Strong pzhc">...</button> is not clickable at point (517, 741). Other element would receive the click: <div class="modal-align-cell">...</div>
  (Session info: chrome=61.0.3163.100)
  (Driver info: chromedriver=2.31.488763 (092de99f48a300323ecf8c2a4e2e7cab51de5ba8),platform=Windows NT 10.0.15063 x86_64) (WARNING: The server did not provide any stacktrace information)
Command duration or timeout: 45 milliseconds
Build info: version: '2.53.0', revision: '35ae25b', time: '2016-03-15 17:00:58'
System info: host: 'L23017WIN', ip: '10.150.113.10', os.name: 'Windows 10', os.arch: 'x86', os.version: '10.0', java.version: '1.8.0_102'
Driver info: com.kms.katalon.selenium.driver.CChromeDriver
Capabilities [{applicationCacheEnabled=false, rotatable=false, mobileEmulationEnabled=false, networkConnectionEnabled=false, chrome={chromedriverVersion=2.31.488763 (092de99f48a300323ecf8c2a4e2e7cab51de5ba8), userDataDir=C:\Users\raycp\AppData\Local\Temp\scoped_dir1976_28468}, takesHeapSnapshot=true, pageLoadStrategy=normal, databaseEnabled=false, handlesAlerts=true, hasTouchScreen=false, version=61.0.3163.100, platform=XP, browserConnectionEnabled=false, nativeEvents=true, acceptSslCerts=true, locationContextEnabled=true, webStorageEnabled=true, browserName=chrome, takesScreenshot=true, javascriptEnabled=true, cssSelectorsEnabled=true, setWindowRect=true, unexpectedAlertBehaviour=}]
Session ID: c34c0c83544c6472cba93b27ad5b04f3)

2017-11-06 09:57:00 - [TEST_STEP][FAILED] - callTestCase: Unable to call Test Case with id 'Test Cases/ECR/REF/ECR_Meeting_ExpertService' (Root cause: Call Test Case 'Test Cases/ECR/REF/ECR_Meeting_ExpertService' failed)

2017-11-06 09:57:00 - [TEST_CASE][FAILED] - Test Cases/ECR/REF/ECR_Meeting_ExpertService: Test Cases/ECR/REF/ECR_Meeting_ExpertService FAILED because (of) Unable to click on object 'Object Repository/Generic/SUBMIT' (Root cause: org.openqa.selenium.WebDriverException: unknown error: Element <button data-test-id="201502260643470574523" data-ctl="Button" type="button" data-click="[[&quot;setUserStart&quot;,[&quot;FINISHASSIGNMENT&quot;]],[&quot;doFormSubmit&quot;,[&quot;pyActivity=FinishAssignment&quot;,&quot;:this&quot;,&quot;&quot;,&quot;:event&quot;]]]" title="Complete this assignment" class="COE_Strong pzhc">...</button> is not clickable at point (517, 741). Other element would receive the click: <div class="modal-align-cell">...</div>
  (Session info: chrome=61.0.3163.100)
  (Driver info: chromedriver=2.31.488763 (092de99f48a300323ecf8c2a4e2e7cab51de5ba8),platform=Windows NT 10.0.15063 x86_64) (WARNING: The server did not provide any stacktrace information)
Command duration or timeout: 45 milliseconds
Build info: version: '2.53.0', revision: '35ae25b', time: '2016-03-15 17:00:58'
System info: host: 'L23017WIN', ip: '10.150.113.10', os.name: 'Windows 10', os.arch: 'x86', os.version: '10.0', java.version: '1.8.0_102'
Driver info: com.kms.katalon.selenium.driver.CChromeDriver
Capabilities [{applicationCacheEnabled=false, rotatable=false, mobileEmulationEnabled=false, networkConnectionEnabled=false, chrome={chromedriverVersion=2.31.488763 (092de99f48a300323ecf8c2a4e2e7cab51de5ba8), userDataDir=C:\Users\raycp\AppData\Local\Temp\scoped_dir1976_28468}, takesHeapSnapshot=true, pageLoadStrategy=normal, databaseEnabled=false, handlesAlerts=true, hasTouchScreen=false, version=61.0.3163.100, platform=XP, browserConnectionEnabled=false, nativeEvents=true, acceptSslCerts=true, locationContextEnabled=true, webStorageEnabled=true, browserName=chrome, takesScreenshot=true, javascriptEnabled=true, cssSelectorsEnabled=true, setWindowRect=true, unexpectedAlertBehaviour=}]
Session ID: c34c0c83544c6472cba93b27ad5b04f3)

2017-11-06 09:57:00 - [TEST_STEP][PASSED] - com.helper.commonfunct.utilities.login: com.helper.commonfunct.utilities.login is PASSED

2017-11-06 09:57:00 - [MESSAGE][WARNING] - A browser is already opened. Closing browser and opening a new one

2017-11-06 09:57:03 - [MESSAGE][PASSED] - Browser is opened with url: ''

2017-11-06 09:57:06 - [MESSAGE][PASSED] - Navigate to 'http://vtcpqa2:9685/tcpqa/PRServlet' successfully

2017-11-06 09:57:06 - [MESSAGE][PASSED] - Text 'pogoa@pegasystems.com' is set on object 'Object Repository/input_UserIdentifier'

2017-11-06 09:57:06 - [MESSAGE][PASSED] - Text 'install' is set on object 'Object Repository/input_Password'

2017-11-06 09:57:16 - [MESSAGE][PASSED] - Keys '' sent to object: 'Object Repository/input_Password'

2017-11-06 09:57:16 - [MESSAGE][PASSED] - com.helper.commonfunct.utilities.login is PASSED

2017-11-06 09:57:16 - [TEST_STEP][FAILED] - com.helper.commonfunct.utilities.createECR: Unable to click on object 'Object Repository/Generic/SUBMIT' (Root cause: org.openqa.selenium.WebDriverException: unknown error: Element <button data-test-id="201502260643470574523" data-ctl="Button" type="button" data-click="[[&quot;setUserStart&quot;,[&quot;FINISHASSIGNMENT&quot;]],[&quot;doFormSubmit&quot;,[&quot;pyActivity=FinishAssignment&quot;,&quot;:this&quot;,&quot;&quot;,&quot;:event&quot;]]]" title="Complete this assignment" class="COE_Strong pzhc">...</button> is not clickable at point (517, 741). Other element would receive the click: <div class="modal-align-cell">...</div>
  (Session info: chrome=61.0.3163.100)
  (Driver info: chromedriver=2.31.488763 (092de99f48a300323ecf8c2a4e2e7cab51de5ba8),platform=Windows NT 10.0.15063 x86_64) (WARNING: The server did not provide any stacktrace information)
Command duration or timeout: 45 milliseconds
Build info: version: '2.53.0', revision: '35ae25b', time: '2016-03-15 17:00:58'
System info: host: 'L23017WIN', ip: '10.150.113.10', os.name: 'Windows 10', os.arch: 'x86', os.version: '10.0', java.version: '1.8.0_102'
Driver info: com.kms.katalon.selenium.driver.CChromeDriver
Capabilities [{applicationCacheEnabled=false, rotatable=false, mobileEmulationEnabled=false, networkConnectionEnabled=false, chrome={chromedriverVersion=2.31.488763 (092de99f48a300323ecf8c2a4e2e7cab51de5ba8), userDataDir=C:\Users\raycp\AppData\Local\Temp\scoped_dir1976_28468}, takesHeapSnapshot=true, pageLoadStrategy=normal, databaseEnabled=false, handlesAlerts=true, hasTouchScreen=false, version=61.0.3163.100, platform=XP, browserConnectionEnabled=false, nativeEvents=true, acceptSslCerts=true, locationContextEnabled=true, webStorageEnabled=true, browserName=chrome, takesScreenshot=true, javascriptEnabled=true, cssSelectorsEnabled=true, setWindowRect=true, unexpectedAlertBehaviour=}]
Session ID: c34c0c83544c6472cba93b27ad5b04f3)

2017-11-06 09:57:16 - [MESSAGE][PASSED] - Object: 'Object Repository/Generic/a_Actions' is clicked on

2017-11-06 09:57:17 - [MESSAGE][PASSED] - Object: 'Object Repository/span_New' is focused

2017-11-06 09:57:19 - [MESSAGE][PASSED] - Object: 'Object Repository/span_Bid Process' is clicked on

2017-11-06 09:57:20 - [MESSAGE][PASSED] - Object: 'Object Repository/ECR/BID_TYPE' is clicked on

2017-11-06 09:57:20 - [MESSAGE][PASSED] - Object 'Object Repository/button_Import' is present

2017-11-06 09:57:25 - [MESSAGE][PASSED] - Delayed 5 second(s)

2017-11-06 09:57:25 - [MESSAGE][PASSED] - Object: 'Object Repository/button_Import' is clicked on

2017-11-06 09:57:26 - [MESSAGE][PASSED] - File 'C:\Users\nipin\Desktop\Latest BSW\ECR_EXPSVC.xlsm' sent to object: 'Object Repository/input_PpyWorkPageppyFilePath'

2017-11-06 09:57:28 - [MESSAGE][PASSED] - Delayed 2 second(s)

2017-11-06 09:57:28 - [MESSAGE][WARNING] - Timeout '0' is invalid. Using default page load timeout: '30'

2017-11-06 09:57:28 - [MESSAGE][PASSED] - Scroll to object 'Object Repository/button_Submit' successfully

2017-11-06 09:57:28 - [MESSAGE][PASSED] - Object: 'Object Repository/button_Submit' is clicked on

2017-11-06 09:57:28 - [MESSAGE][PASSED] - Object 'Object Repository/EngInfo/COID' is visible

2017-11-06 09:57:33 - [MESSAGE][PASSED] - Delayed 5 second(s)

2017-11-06 09:57:38 - [MESSAGE][PASSED] - Delayed 5 second(s)

2017-11-06 09:57:38 - [MESSAGE][PASSED] - Text 'BOFA' is set on object 'Object Repository/Generic/ORG'

2017-11-06 09:57:43 - [MESSAGE][PASSED] - Delayed 5 second(s)

2017-11-06 09:57:43 - [MESSAGE][PASSED] - Keys '' sent to object: 'Object Repository/Generic/ORG'

2017-11-06 09:57:48 - [MESSAGE][PASSED] - Delayed 5 second(s)

2017-11-06 09:57:48 - [MESSAGE][PASSED] - Text 'BOFA' is set on object 'Object Repository/Generic/ACC'

2017-11-06 09:57:50 - [MESSAGE][PASSED] - Delayed 2 second(s)

2017-11-06 09:57:50 - [MESSAGE][PASSED] - Keys '' sent to object: 'Object Repository/Generic/ACC'

2017-11-06 09:57:55 - [MESSAGE][PASSED] - Delayed 5 second(s)

2017-11-06 09:57:56 - [MESSAGE][PASSED] - Text 'AUTOTEST1' is set on object 'Object Repository/Generic/ENG_DESC'

2017-11-06 09:58:01 - [MESSAGE][PASSED] - Delayed 5 second(s)

2017-11-06 09:58:01 - [MESSAGE][WARNING] - Timeout '0' is invalid. Using default page load timeout: '30'

2017-11-06 09:58:01 - [MESSAGE][PASSED] - Scroll to object 'Object Repository/Generic/SUBMIT' successfully

2017-11-06 09:58:01 - [MESSAGE][FAILED] - Unable to click on object 'Object Repository/Generic/SUBMIT' (Root cause: org.openqa.selenium.WebDriverException: unknown error: Element <button data-test-id="201502260643470574523" data-ctl="Button" type="button" data-click="[[&quot;setUserStart&quot;,[&quot;FINISHASSIGNMENT&quot;]],[&quot;doFormSubmit&quot;,[&quot;pyActivity=FinishAssignment&quot;,&quot;:this&quot;,&quot;&quot;,&quot;:event&quot;]]]" title="Complete this assignment" class="COE_Strong pzhc">...</button> is not clickable at point (517, 741). Other element would receive the click: <div class="modal-align-cell">...</div>
  (Session info: chrome=61.0.3163.100)
  (Driver info: chromedriver=2.31.488763 (092de99f48a300323ecf8c2a4e2e7cab51de5ba8),platform=Windows NT 10.0.15063 x86_64) (WARNING: The server did not provide any stacktrace information)
Command duration or timeout: 45 milliseconds
Build info: version: '2.53.0', revision: '35ae25b', time: '2016-03-15 17:00:58'
System info: host: 'L23017WIN', ip: '10.150.113.10', os.name: 'Windows 10', os.arch: 'x86', os.version: '10.0', java.version: '1.8.0_102'
Driver info: com.kms.katalon.selenium.driver.CChromeDriver
Capabilities [{applicationCacheEnabled=false, rotatable=false, mobileEmulationEnabled=false, networkConnectionEnabled=false, chrome={chromedriverVersion=2.31.488763 (092de99f48a300323ecf8c2a4e2e7cab51de5ba8), userDataDir=C:\Users\raycp\AppData\Local\Temp\scoped_dir1976_28468}, takesHeapSnapshot=true, pageLoadStrategy=normal, databaseEnabled=false, handlesAlerts=true, hasTouchScreen=false, version=61.0.3163.100, platform=XP, browserConnectionEnabled=false, nativeEvents=true, acceptSslCerts=true, locationContextEnabled=true, webStorageEnabled=true, browserName=chrome, takesScreenshot=true, javascriptEnabled=true, cssSelectorsEnabled=true, setWindowRect=true, unexpectedAlertBehaviour=}]
Session ID: c34c0c83544c6472cba93b27ad5b04f3)
[[ATTACHMENT|C:\\Users\\raycp\\Desktop\\COE\\Reports\\BID\\Data\\ECRLite\\20171106_095141\\1509942481407.png]]

2017-11-06 09:58:01 - [MESSAGE][FAILED] - Unable to click on object 'Object Repository/Generic/SUBMIT' (Root cause: org.openqa.selenium.WebDriverException: unknown error: Element <button data-test-id="201502260643470574523" data-ctl="Button" type="button" data-click="[[&quot;setUserStart&quot;,[&quot;FINISHASSIGNMENT&quot;]],[&quot;doFormSubmit&quot;,[&quot;pyActivity=FinishAssignment&quot;,&quot;:this&quot;,&quot;&quot;,&quot;:event&quot;]]]" title="Complete this assignment" class="COE_Strong pzhc">...</button> is not clickable at point (517, 741). Other element would receive the click: <div class="modal-align-cell">...</div>
  (Session info: chrome=61.0.3163.100)
  (Driver info: chromedriver=2.31.488763 (092de99f48a300323ecf8c2a4e2e7cab51de5ba8),platform=Windows NT 10.0.15063 x86_64) (WARNING: The server did not provide any stacktrace information)
Command duration or timeout: 45 milliseconds
Build info: version: '2.53.0', revision: '35ae25b', time: '2016-03-15 17:00:58'
System info: host: 'L23017WIN', ip: '10.150.113.10', os.name: 'Windows 10', os.arch: 'x86', os.version: '10.0', java.version: '1.8.0_102'
Driver info: com.kms.katalon.selenium.driver.CChromeDriver
Capabilities [{applicationCacheEnabled=false, rotatable=false, mobileEmulationEnabled=false, networkConnectionEnabled=false, chrome={chromedriverVersion=2.31.488763 (092de99f48a300323ecf8c2a4e2e7cab51de5ba8), userDataDir=C:\Users\raycp\AppData\Local\Temp\scoped_dir1976_28468}, takesHeapSnapshot=true, pageLoadStrategy=normal, databaseEnabled=false, handlesAlerts=true, hasTouchScreen=false, version=61.0.3163.100, platform=XP, browserConnectionEnabled=false, nativeEvents=true, acceptSslCerts=true, locationContextEnabled=true, webStorageEnabled=true, browserName=chrome, takesScreenshot=true, javascriptEnabled=true, cssSelectorsEnabled=true, setWindowRect=true, unexpectedAlertBehaviour=}]
Session ID: c34c0c83544c6472cba93b27ad5b04f3)

2017-11-06 09:58:01 - [MESSAGE][FAILED] - Unable to call Test Case with id 'Test Cases/ECR/REF/ECR_Meeting_ExpertService' (Root cause: Call Test Case 'Test Cases/ECR/REF/ECR_Meeting_ExpertService' failed)]]></system-out>
         <system-err><![CDATA[2017-11-06 09:57:00 - [TEST_CASE][FAILED] - Test Cases/ECR/TC_ECR_Meeting_ExpertService_AllReject: Test Cases/ECR/TC_ECR_Meeting_ExpertService_AllReject FAILED because (of) Unable to click on object 'Object Repository/Generic/SUBMIT' (Root cause: org.openqa.selenium.WebDriverException: unknown error: Element <button data-test-id="201502260643470574523" data-ctl="Button" type="button" data-click="[[&quot;setUserStart&quot;,[&quot;FINISHASSIGNMENT&quot;]],[&quot;doFormSubmit&quot;,[&quot;pyActivity=FinishAssignment&quot;,&quot;:this&quot;,&quot;&quot;,&quot;:event&quot;]]]" title="Complete this assignment" class="COE_Strong pzhc">...</button> is not clickable at point (517, 741). Other element would receive the click: <div class="modal-align-cell">...</div>
  (Session info: chrome=61.0.3163.100)
  (Driver info: chromedriver=2.31.488763 (092de99f48a300323ecf8c2a4e2e7cab51de5ba8),platform=Windows NT 10.0.15063 x86_64) (WARNING: The server did not provide any stacktrace information)
Command duration or timeout: 45 milliseconds
Build info: version: '2.53.0', revision: '35ae25b', time: '2016-03-15 17:00:58'
System info: host: 'L23017WIN', ip: '10.150.113.10', os.name: 'Windows 10', os.arch: 'x86', os.version: '10.0', java.version: '1.8.0_102'
Driver info: com.kms.katalon.selenium.driver.CChromeDriver
Capabilities [{applicationCacheEnabled=false, rotatable=false, mobileEmulationEnabled=false, networkConnectionEnabled=false, chrome={chromedriverVersion=2.31.488763 (092de99f48a300323ecf8c2a4e2e7cab51de5ba8), userDataDir=C:\Users\raycp\AppData\Local\Temp\scoped_dir1976_28468}, takesHeapSnapshot=true, pageLoadStrategy=normal, databaseEnabled=false, handlesAlerts=true, hasTouchScreen=false, version=61.0.3163.100, platform=XP, browserConnectionEnabled=false, nativeEvents=true, acceptSslCerts=true, locationContextEnabled=true, webStorageEnabled=true, browserName=chrome, takesScreenshot=true, javascriptEnabled=true, cssSelectorsEnabled=true, setWindowRect=true, unexpectedAlertBehaviour=}]
Session ID: c34c0c83544c6472cba93b27ad5b04f3)]]></system-err>
      </testcase>
      <testcase name="Test Cases/ECR/TC_ECR_Meeting_NoExpertService_AllApproval" classname="Test Cases/ECR/TC_ECR_Meeting_NoExpertService_AllApproval" status="FAILED">
         <failure type="FAILED" message="Unable to click on object 'Object Repository/Generic/SUBMIT' (Root cause: org.openqa.selenium.WebDriverException: unknown error: Element &lt;button data-test-id=&quot;201502260643470574523&quot; data-ctl=&quot;Button&quot; type=&quot;button&quot; data-click=&quot;[[&amp;quot;setUserStart&amp;quot;,[&amp;quot;FINISHASSIGNMENT&amp;quot;]],[&amp;quot;doFormSubmit&amp;quot;,[&amp;quot;pyActivity=FinishAssignment&amp;quot;,&amp;quot;:this&amp;quot;,&amp;quot;&amp;quot;,&amp;quot;:event&amp;quot;]]]&quot; title=&quot;Complete this assignment&quot; class=&quot;COE_Strong pzhc&quot;>...&lt;/button> is not clickable at point (517, 741). Other element would receive the click: &lt;div class=&quot;modal-align-cell&quot;>...&lt;/div>
  (Session info: chrome=61.0.3163.100)
  (Driver info: chromedriver=2.31.488763 (092de99f48a300323ecf8c2a4e2e7cab51de5ba8),platform=Windows NT 10.0.15063 x86_64) (WARNING: The server did not provide any stacktrace information)
Command duration or timeout: 108 milliseconds
Build info: version: '2.53.0', revision: '35ae25b', time: '2016-03-15 17:00:58'
System info: host: 'L23017WIN', ip: '10.150.113.10', os.name: 'Windows 10', os.arch: 'x86', os.version: '10.0', java.version: '1.8.0_102'
Driver info: com.kms.katalon.selenium.driver.CChromeDriver
Capabilities [{applicationCacheEnabled=false, rotatable=false, mobileEmulationEnabled=false, networkConnectionEnabled=false, chrome={chromedriverVersion=2.31.488763 (092de99f48a300323ecf8c2a4e2e7cab51de5ba8), userDataDir=C:\Users\raycp\AppData\Local\Temp\scoped_dir8328_5018}, takesHeapSnapshot=true, pageLoadStrategy=normal, databaseEnabled=false, handlesAlerts=true, hasTouchScreen=false, version=61.0.3163.100, platform=XP, browserConnectionEnabled=false, nativeEvents=true, acceptSslCerts=true, locationContextEnabled=true, webStorageEnabled=true, browserName=chrome, takesScreenshot=true, javascriptEnabled=true, cssSelectorsEnabled=true, setWindowRect=true, unexpectedAlertBehaviour=}]
Session ID: c244cabf39147e1df915bfc772b0f29b)"/>
         <system-out><![CDATA[2017-11-06 09:58:01 - [TEST_CASE][FAILED] - Test Cases/ECR/TC_ECR_Meeting_NoExpertService_AllApproval: Test Cases/ECR/TC_ECR_Meeting_NoExpertService_AllApproval FAILED because (of) Unable to click on object 'Object Repository/Generic/SUBMIT' (Root cause: org.openqa.selenium.WebDriverException: unknown error: Element <button data-test-id="201502260643470574523" data-ctl="Button" type="button" data-click="[[&quot;setUserStart&quot;,[&quot;FINISHASSIGNMENT&quot;]],[&quot;doFormSubmit&quot;,[&quot;pyActivity=FinishAssignment&quot;,&quot;:this&quot;,&quot;&quot;,&quot;:event&quot;]]]" title="Complete this assignment" class="COE_Strong pzhc">...</button> is not clickable at point (517, 741). Other element would receive the click: <div class="modal-align-cell">...</div>
  (Session info: chrome=61.0.3163.100)
  (Driver info: chromedriver=2.31.488763 (092de99f48a300323ecf8c2a4e2e7cab51de5ba8),platform=Windows NT 10.0.15063 x86_64) (WARNING: The server did not provide any stacktrace information)
Command duration or timeout: 108 milliseconds
Build info: version: '2.53.0', revision: '35ae25b', time: '2016-03-15 17:00:58'
System info: host: 'L23017WIN', ip: '10.150.113.10', os.name: 'Windows 10', os.arch: 'x86', os.version: '10.0', java.version: '1.8.0_102'
Driver info: com.kms.katalon.selenium.driver.CChromeDriver
Capabilities [{applicationCacheEnabled=false, rotatable=false, mobileEmulationEnabled=false, networkConnectionEnabled=false, chrome={chromedriverVersion=2.31.488763 (092de99f48a300323ecf8c2a4e2e7cab51de5ba8), userDataDir=C:\Users\raycp\AppData\Local\Temp\scoped_dir8328_5018}, takesHeapSnapshot=true, pageLoadStrategy=normal, databaseEnabled=false, handlesAlerts=true, hasTouchScreen=false, version=61.0.3163.100, platform=XP, browserConnectionEnabled=false, nativeEvents=true, acceptSslCerts=true, locationContextEnabled=true, webStorageEnabled=true, browserName=chrome, takesScreenshot=true, javascriptEnabled=true, cssSelectorsEnabled=true, setWindowRect=true, unexpectedAlertBehaviour=}]
Session ID: c244cabf39147e1df915bfc772b0f29b)

2017-11-06 09:58:01 - [TEST_STEP][FAILED] - callTestCase: Unable to call Test Case with id 'Test Cases/ECR/REF/ECR_Meeting_NoExpertService' (Root cause: Call Test Case 'Test Cases/ECR/REF/ECR_Meeting_NoExpertService' failed)

2017-11-06 09:58:01 - [TEST_CASE][FAILED] - Test Cases/ECR/REF/ECR_Meeting_NoExpertService: Test Cases/ECR/REF/ECR_Meeting_NoExpertService FAILED because (of) Unable to click on object 'Object Repository/Generic/SUBMIT' (Root cause: org.openqa.selenium.WebDriverException: unknown error: Element <button data-test-id="201502260643470574523" data-ctl="Button" type="button" data-click="[[&quot;setUserStart&quot;,[&quot;FINISHASSIGNMENT&quot;]],[&quot;doFormSubmit&quot;,[&quot;pyActivity=FinishAssignment&quot;,&quot;:this&quot;,&quot;&quot;,&quot;:event&quot;]]]" title="Complete this assignment" class="COE_Strong pzhc">...</button> is not clickable at point (517, 741). Other element would receive the click: <div class="modal-align-cell">...</div>
  (Session info: chrome=61.0.3163.100)
  (Driver info: chromedriver=2.31.488763 (092de99f48a300323ecf8c2a4e2e7cab51de5ba8),platform=Windows NT 10.0.15063 x86_64) (WARNING: The server did not provide any stacktrace information)
Command duration or timeout: 108 milliseconds
Build info: version: '2.53.0', revision: '35ae25b', time: '2016-03-15 17:00:58'
System info: host: 'L23017WIN', ip: '10.150.113.10', os.name: 'Windows 10', os.arch: 'x86', os.version: '10.0', java.version: '1.8.0_102'
Driver info: com.kms.katalon.selenium.driver.CChromeDriver
Capabilities [{applicationCacheEnabled=false, rotatable=false, mobileEmulationEnabled=false, networkConnectionEnabled=false, chrome={chromedriverVersion=2.31.488763 (092de99f48a300323ecf8c2a4e2e7cab51de5ba8), userDataDir=C:\Users\raycp\AppData\Local\Temp\scoped_dir8328_5018}, takesHeapSnapshot=true, pageLoadStrategy=normal, databaseEnabled=false, handlesAlerts=true, hasTouchScreen=false, version=61.0.3163.100, platform=XP, browserConnectionEnabled=false, nativeEvents=true, acceptSslCerts=true, locationContextEnabled=true, webStorageEnabled=true, browserName=chrome, takesScreenshot=true, javascriptEnabled=true, cssSelectorsEnabled=true, setWindowRect=true, unexpectedAlertBehaviour=}]
Session ID: c244cabf39147e1df915bfc772b0f29b)

2017-11-06 09:58:02 - [TEST_STEP][PASSED] - com.helper.commonfunct.utilities.login: com.helper.commonfunct.utilities.login is PASSED

2017-11-06 09:58:02 - [MESSAGE][WARNING] - A browser is already opened. Closing browser and opening a new one

2017-11-06 09:58:05 - [MESSAGE][PASSED] - Browser is opened with url: ''

2017-11-06 09:58:07 - [MESSAGE][PASSED] - Navigate to 'http://vtcpqa2:9685/tcpqa/PRServlet' successfully

2017-11-06 09:58:07 - [MESSAGE][PASSED] - Text 'pogoa@pegasystems.com' is set on object 'Object Repository/input_UserIdentifier'

2017-11-06 09:58:07 - [MESSAGE][PASSED] - Text 'install' is set on object 'Object Repository/input_Password'

2017-11-06 09:58:20 - [MESSAGE][PASSED] - Keys '' sent to object: 'Object Repository/input_Password'

2017-11-06 09:58:20 - [MESSAGE][PASSED] - com.helper.commonfunct.utilities.login is PASSED

2017-11-06 09:58:20 - [TEST_STEP][FAILED] - com.helper.commonfunct.utilities.createECR: Unable to click on object 'Object Repository/Generic/SUBMIT' (Root cause: org.openqa.selenium.WebDriverException: unknown error: Element <button data-test-id="201502260643470574523" data-ctl="Button" type="button" data-click="[[&quot;setUserStart&quot;,[&quot;FINISHASSIGNMENT&quot;]],[&quot;doFormSubmit&quot;,[&quot;pyActivity=FinishAssignment&quot;,&quot;:this&quot;,&quot;&quot;,&quot;:event&quot;]]]" title="Complete this assignment" class="COE_Strong pzhc">...</button> is not clickable at point (517, 741). Other element would receive the click: <div class="modal-align-cell">...</div>
  (Session info: chrome=61.0.3163.100)
  (Driver info: chromedriver=2.31.488763 (092de99f48a300323ecf8c2a4e2e7cab51de5ba8),platform=Windows NT 10.0.15063 x86_64) (WARNING: The server did not provide any stacktrace information)
Command duration or timeout: 108 milliseconds
Build info: version: '2.53.0', revision: '35ae25b', time: '2016-03-15 17:00:58'
System info: host: 'L23017WIN', ip: '10.150.113.10', os.name: 'Windows 10', os.arch: 'x86', os.version: '10.0', java.version: '1.8.0_102'
Driver info: com.kms.katalon.selenium.driver.CChromeDriver
Capabilities [{applicationCacheEnabled=false, rotatable=false, mobileEmulationEnabled=false, networkConnectionEnabled=false, chrome={chromedriverVersion=2.31.488763 (092de99f48a300323ecf8c2a4e2e7cab51de5ba8), userDataDir=C:\Users\raycp\AppData\Local\Temp\scoped_dir8328_5018}, takesHeapSnapshot=true, pageLoadStrategy=normal, databaseEnabled=false, handlesAlerts=true, hasTouchScreen=false, version=61.0.3163.100, platform=XP, browserConnectionEnabled=false, nativeEvents=true, acceptSslCerts=true, locationContextEnabled=true, webStorageEnabled=true, browserName=chrome, takesScreenshot=true, javascriptEnabled=true, cssSelectorsEnabled=true, setWindowRect=true, unexpectedAlertBehaviour=}]
Session ID: c244cabf39147e1df915bfc772b0f29b)

2017-11-06 09:58:25 - [MESSAGE][PASSED] - Object: 'Object Repository/Generic/a_Actions' is clicked on

2017-11-06 09:58:32 - [MESSAGE][PASSED] - Object: 'Object Repository/span_New' is focused

2017-11-06 09:58:39 - [MESSAGE][PASSED] - Object: 'Object Repository/span_Bid Process' is clicked on

2017-11-06 09:58:44 - [MESSAGE][PASSED] - Object: 'Object Repository/ECR/BID_TYPE' is clicked on

2017-11-06 09:58:44 - [MESSAGE][PASSED] - Object 'Object Repository/button_Import' is present

2017-11-06 09:58:49 - [MESSAGE][PASSED] - Delayed 5 second(s)

2017-11-06 09:58:55 - [MESSAGE][PASSED] - Object: 'Object Repository/button_Import' is clicked on

2017-11-06 09:58:56 - [MESSAGE][PASSED] - File 'C:\Users\nipin\Desktop\Latest BSW\ECR_NOExpSVC.xlsm' sent to object: 'Object Repository/input_PpyWorkPageppyFilePath'

2017-11-06 09:58:58 - [MESSAGE][PASSED] - Delayed 2 second(s)

2017-11-06 09:58:58 - [MESSAGE][WARNING] - Timeout '0' is invalid. Using default page load timeout: '30'

2017-11-06 09:58:58 - [MESSAGE][PASSED] - Scroll to object 'Object Repository/button_Submit' successfully

2017-11-06 09:59:03 - [MESSAGE][PASSED] - Object: 'Object Repository/button_Submit' is clicked on

2017-11-06 09:59:04 - [MESSAGE][PASSED] - Object 'Object Repository/EngInfo/COID' is visible

2017-11-06 09:59:09 - [MESSAGE][PASSED] - Delayed 5 second(s)

2017-11-06 09:59:14 - [MESSAGE][PASSED] - Delayed 5 second(s)

2017-11-06 09:59:14 - [MESSAGE][PASSED] - Text 'BOFA' is set on object 'Object Repository/Generic/ORG'

2017-11-06 09:59:19 - [MESSAGE][PASSED] - Delayed 5 second(s)

2017-11-06 09:59:19 - [MESSAGE][PASSED] - Keys '' sent to object: 'Object Repository/Generic/ORG'

2017-11-06 09:59:24 - [MESSAGE][PASSED] - Delayed 5 second(s)

2017-11-06 09:59:24 - [MESSAGE][PASSED] - Text 'BOFA' is set on object 'Object Repository/Generic/ACC'

2017-11-06 09:59:26 - [MESSAGE][PASSED] - Delayed 2 second(s)

2017-11-06 09:59:26 - [MESSAGE][PASSED] - Keys '' sent to object: 'Object Repository/Generic/ACC'

2017-11-06 09:59:31 - [MESSAGE][PASSED] - Delayed 5 second(s)

2017-11-06 09:59:32 - [MESSAGE][PASSED] - Text 'AUTOTEST1' is set on object 'Object Repository/Generic/ENG_DESC'

2017-11-06 09:59:37 - [MESSAGE][PASSED] - Delayed 5 second(s)

2017-11-06 09:59:37 - [MESSAGE][WARNING] - Timeout '0' is invalid. Using default page load timeout: '30'

2017-11-06 09:59:37 - [MESSAGE][PASSED] - Scroll to object 'Object Repository/Generic/SUBMIT' successfully

2017-11-06 09:59:37 - [MESSAGE][FAILED] - Unable to click on object 'Object Repository/Generic/SUBMIT' (Root cause: org.openqa.selenium.WebDriverException: unknown error: Element <button data-test-id="201502260643470574523" data-ctl="Button" type="button" data-click="[[&quot;setUserStart&quot;,[&quot;FINISHASSIGNMENT&quot;]],[&quot;doFormSubmit&quot;,[&quot;pyActivity=FinishAssignment&quot;,&quot;:this&quot;,&quot;&quot;,&quot;:event&quot;]]]" title="Complete this assignment" class="COE_Strong pzhc">...</button> is not clickable at point (517, 741). Other element would receive the click: <div class="modal-align-cell">...</div>
  (Session info: chrome=61.0.3163.100)
  (Driver info: chromedriver=2.31.488763 (092de99f48a300323ecf8c2a4e2e7cab51de5ba8),platform=Windows NT 10.0.15063 x86_64) (WARNING: The server did not provide any stacktrace information)
Command duration or timeout: 108 milliseconds
Build info: version: '2.53.0', revision: '35ae25b', time: '2016-03-15 17:00:58'
System info: host: 'L23017WIN', ip: '10.150.113.10', os.name: 'Windows 10', os.arch: 'x86', os.version: '10.0', java.version: '1.8.0_102'
Driver info: com.kms.katalon.selenium.driver.CChromeDriver
Capabilities [{applicationCacheEnabled=false, rotatable=false, mobileEmulationEnabled=false, networkConnectionEnabled=false, chrome={chromedriverVersion=2.31.488763 (092de99f48a300323ecf8c2a4e2e7cab51de5ba8), userDataDir=C:\Users\raycp\AppData\Local\Temp\scoped_dir8328_5018}, takesHeapSnapshot=true, pageLoadStrategy=normal, databaseEnabled=false, handlesAlerts=true, hasTouchScreen=false, version=61.0.3163.100, platform=XP, browserConnectionEnabled=false, nativeEvents=true, acceptSslCerts=true, locationContextEnabled=true, webStorageEnabled=true, browserName=chrome, takesScreenshot=true, javascriptEnabled=true, cssSelectorsEnabled=true, setWindowRect=true, unexpectedAlertBehaviour=}]
Session ID: c244cabf39147e1df915bfc772b0f29b)
[[ATTACHMENT|C:\\Users\\raycp\\Desktop\\COE\\Reports\\BID\\Data\\ECRLite\\20171106_095141\\1509942577424.png]]

2017-11-06 09:59:37 - [MESSAGE][FAILED] - Unable to click on object 'Object Repository/Generic/SUBMIT' (Root cause: org.openqa.selenium.WebDriverException: unknown error: Element <button data-test-id="201502260643470574523" data-ctl="Button" type="button" data-click="[[&quot;setUserStart&quot;,[&quot;FINISHASSIGNMENT&quot;]],[&quot;doFormSubmit&quot;,[&quot;pyActivity=FinishAssignment&quot;,&quot;:this&quot;,&quot;&quot;,&quot;:event&quot;]]]" title="Complete this assignment" class="COE_Strong pzhc">...</button> is not clickable at point (517, 741). Other element would receive the click: <div class="modal-align-cell">...</div>
  (Session info: chrome=61.0.3163.100)
  (Driver info: chromedriver=2.31.488763 (092de99f48a300323ecf8c2a4e2e7cab51de5ba8),platform=Windows NT 10.0.15063 x86_64) (WARNING: The server did not provide any stacktrace information)
Command duration or timeout: 108 milliseconds
Build info: version: '2.53.0', revision: '35ae25b', time: '2016-03-15 17:00:58'
System info: host: 'L23017WIN', ip: '10.150.113.10', os.name: 'Windows 10', os.arch: 'x86', os.version: '10.0', java.version: '1.8.0_102'
Driver info: com.kms.katalon.selenium.driver.CChromeDriver
Capabilities [{applicationCacheEnabled=false, rotatable=false, mobileEmulationEnabled=false, networkConnectionEnabled=false, chrome={chromedriverVersion=2.31.488763 (092de99f48a300323ecf8c2a4e2e7cab51de5ba8), userDataDir=C:\Users\raycp\AppData\Local\Temp\scoped_dir8328_5018}, takesHeapSnapshot=true, pageLoadStrategy=normal, databaseEnabled=false, handlesAlerts=true, hasTouchScreen=false, version=61.0.3163.100, platform=XP, browserConnectionEnabled=false, nativeEvents=true, acceptSslCerts=true, locationContextEnabled=true, webStorageEnabled=true, browserName=chrome, takesScreenshot=true, javascriptEnabled=true, cssSelectorsEnabled=true, setWindowRect=true, unexpectedAlertBehaviour=}]
Session ID: c244cabf39147e1df915bfc772b0f29b)

2017-11-06 09:59:37 - [MESSAGE][FAILED] - Unable to call Test Case with id 'Test Cases/ECR/REF/ECR_Meeting_NoExpertService' (Root cause: Call Test Case 'Test Cases/ECR/REF/ECR_Meeting_NoExpertService' failed)]]></system-out>
         <system-err><![CDATA[2017-11-06 09:58:01 - [TEST_CASE][FAILED] - Test Cases/ECR/TC_ECR_Meeting_NoExpertService_AllApproval: Test Cases/ECR/TC_ECR_Meeting_NoExpertService_AllApproval FAILED because (of) Unable to click on object 'Object Repository/Generic/SUBMIT' (Root cause: org.openqa.selenium.WebDriverException: unknown error: Element <button data-test-id="201502260643470574523" data-ctl="Button" type="button" data-click="[[&quot;setUserStart&quot;,[&quot;FINISHASSIGNMENT&quot;]],[&quot;doFormSubmit&quot;,[&quot;pyActivity=FinishAssignment&quot;,&quot;:this&quot;,&quot;&quot;,&quot;:event&quot;]]]" title="Complete this assignment" class="COE_Strong pzhc">...</button> is not clickable at point (517, 741). Other element would receive the click: <div class="modal-align-cell">...</div>
  (Session info: chrome=61.0.3163.100)
  (Driver info: chromedriver=2.31.488763 (092de99f48a300323ecf8c2a4e2e7cab51de5ba8),platform=Windows NT 10.0.15063 x86_64) (WARNING: The server did not provide any stacktrace information)
Command duration or timeout: 108 milliseconds
Build info: version: '2.53.0', revision: '35ae25b', time: '2016-03-15 17:00:58'
System info: host: 'L23017WIN', ip: '10.150.113.10', os.name: 'Windows 10', os.arch: 'x86', os.version: '10.0', java.version: '1.8.0_102'
Driver info: com.kms.katalon.selenium.driver.CChromeDriver
Capabilities [{applicationCacheEnabled=false, rotatable=false, mobileEmulationEnabled=false, networkConnectionEnabled=false, chrome={chromedriverVersion=2.31.488763 (092de99f48a300323ecf8c2a4e2e7cab51de5ba8), userDataDir=C:\Users\raycp\AppData\Local\Temp\scoped_dir8328_5018}, takesHeapSnapshot=true, pageLoadStrategy=normal, databaseEnabled=false, handlesAlerts=true, hasTouchScreen=false, version=61.0.3163.100, platform=XP, browserConnectionEnabled=false, nativeEvents=true, acceptSslCerts=true, locationContextEnabled=true, webStorageEnabled=true, browserName=chrome, takesScreenshot=true, javascriptEnabled=true, cssSelectorsEnabled=true, setWindowRect=true, unexpectedAlertBehaviour=}]
Session ID: c244cabf39147e1df915bfc772b0f29b)]]></system-err>
      </testcase>
      <testcase name="Test Cases/ECR/TC_ECR_Meeting_NoExpertService_AllReject" classname="Test Cases/ECR/TC_ECR_Meeting_NoExpertService_AllReject" status="FAILED">
         <failure type="FAILED" message="Unable to click on object 'Object Repository/button_Import' (Root cause: org.openqa.selenium.WebDriverException: chrome not reachable
  (Session info: chrome=61.0.3163.100)
  (Driver info: chromedriver=2.31.488763 (092de99f48a300323ecf8c2a4e2e7cab51de5ba8),platform=Windows NT 10.0.15063 x86_64) (WARNING: The server did not provide any stacktrace information)
Command duration or timeout: 4.02 seconds
Build info: version: '2.53.0', revision: '35ae25b', time: '2016-03-15 17:00:58'
System info: host: 'L23017WIN', ip: '10.150.113.10', os.name: 'Windows 10', os.arch: 'x86', os.version: '10.0', java.version: '1.8.0_102'
Driver info: com.kms.katalon.selenium.driver.CChromeDriver
Capabilities [{applicationCacheEnabled=false, rotatable=false, mobileEmulationEnabled=false, networkConnectionEnabled=false, chrome={chromedriverVersion=2.31.488763 (092de99f48a300323ecf8c2a4e2e7cab51de5ba8), userDataDir=C:\Users\raycp\AppData\Local\Temp\scoped_dir8872_7337}, takesHeapSnapshot=true, pageLoadStrategy=normal, databaseEnabled=false, handlesAlerts=true, hasTouchScreen=false, version=61.0.3163.100, platform=XP, browserConnectionEnabled=false, nativeEvents=true, acceptSslCerts=true, locationContextEnabled=true, webStorageEnabled=true, browserName=chrome, takesScreenshot=true, javascriptEnabled=true, cssSelectorsEnabled=true, setWindowRect=true, unexpectedAlertBehaviour=}]
Session ID: 79448246aebc9a0fd968f229be4f998d
*** Element info: {Using=xpath, value=//button[count(. | //button[contains(.,'Import')]) = count(//button[contains(.,'Import')])][count(. | //*[@name = 'BIDEngagementInformation_pyWorkPage_38']) = count(//*[@name = 'BIDEngagementInformation_pyWorkPage_38'])][count(. | //*[contains(.,'Import')]) = count(//*[contains(.,'Import')])][count(. | //*[@type = 'button']) = count(//*[@type = 'button'])][count(. | //*[@class = 'COE_Plain pzhc pzbutton']) = count(//*[@class = 'COE_Plain pzhc pzbutton'])]})"/>
         <system-out><![CDATA[2017-11-06 09:59:37 - [TEST_CASE][FAILED] - Test Cases/ECR/TC_ECR_Meeting_NoExpertService_AllReject: Test Cases/ECR/TC_ECR_Meeting_NoExpertService_AllReject FAILED because (of) Unable to click on object 'Object Repository/button_Import' (Root cause: org.openqa.selenium.WebDriverException: chrome not reachable
  (Session info: chrome=61.0.3163.100)
  (Driver info: chromedriver=2.31.488763 (092de99f48a300323ecf8c2a4e2e7cab51de5ba8),platform=Windows NT 10.0.15063 x86_64) (WARNING: The server did not provide any stacktrace information)
Command duration or timeout: 4.02 seconds
Build info: version: '2.53.0', revision: '35ae25b', time: '2016-03-15 17:00:58'
System info: host: 'L23017WIN', ip: '10.150.113.10', os.name: 'Windows 10', os.arch: 'x86', os.version: '10.0', java.version: '1.8.0_102'
Driver info: com.kms.katalon.selenium.driver.CChromeDriver
Capabilities [{applicationCacheEnabled=false, rotatable=false, mobileEmulationEnabled=false, networkConnectionEnabled=false, chrome={chromedriverVersion=2.31.488763 (092de99f48a300323ecf8c2a4e2e7cab51de5ba8), userDataDir=C:\Users\raycp\AppData\Local\Temp\scoped_dir8872_7337}, takesHeapSnapshot=true, pageLoadStrategy=normal, databaseEnabled=false, handlesAlerts=true, hasTouchScreen=false, version=61.0.3163.100, platform=XP, browserConnectionEnabled=false, nativeEvents=true, acceptSslCerts=true, locationContextEnabled=true, webStorageEnabled=true, browserName=chrome, takesScreenshot=true, javascriptEnabled=true, cssSelectorsEnabled=true, setWindowRect=true, unexpectedAlertBehaviour=}]
Session ID: 79448246aebc9a0fd968f229be4f998d
*** Element info: {Using=xpath, value=//button[count(. | //button[contains(.,'Import')]) = count(//button[contains(.,'Import')])][count(. | //*[@name = 'BIDEngagementInformation_pyWorkPage_38']) = count(//*[@name = 'BIDEngagementInformation_pyWorkPage_38'])][count(. | //*[contains(.,'Import')]) = count(//*[contains(.,'Import')])][count(. | //*[@type = 'button']) = count(//*[@type = 'button'])][count(. | //*[@class = 'COE_Plain pzhc pzbutton']) = count(//*[@class = 'COE_Plain pzhc pzbutton'])]})

2017-11-06 09:59:38 - [TEST_STEP][FAILED] - callTestCase: Unable to call Test Case with id 'Test Cases/ECR/REF/ECR_Meeting_NoExpertService' (Root cause: Call Test Case 'Test Cases/ECR/REF/ECR_Meeting_NoExpertService' failed)

2017-11-06 09:59:38 - [TEST_CASE][FAILED] - Test Cases/ECR/REF/ECR_Meeting_NoExpertService: Test Cases/ECR/REF/ECR_Meeting_NoExpertService FAILED because (of) Unable to click on object 'Object Repository/button_Import' (Root cause: org.openqa.selenium.WebDriverException: chrome not reachable
  (Session info: chrome=61.0.3163.100)
  (Driver info: chromedriver=2.31.488763 (092de99f48a300323ecf8c2a4e2e7cab51de5ba8),platform=Windows NT 10.0.15063 x86_64) (WARNING: The server did not provide any stacktrace information)
Command duration or timeout: 4.02 seconds
Build info: version: '2.53.0', revision: '35ae25b', time: '2016-03-15 17:00:58'
System info: host: 'L23017WIN', ip: '10.150.113.10', os.name: 'Windows 10', os.arch: 'x86', os.version: '10.0', java.version: '1.8.0_102'
Driver info: com.kms.katalon.selenium.driver.CChromeDriver
Capabilities [{applicationCacheEnabled=false, rotatable=false, mobileEmulationEnabled=false, networkConnectionEnabled=false, chrome={chromedriverVersion=2.31.488763 (092de99f48a300323ecf8c2a4e2e7cab51de5ba8), userDataDir=C:\Users\raycp\AppData\Local\Temp\scoped_dir8872_7337}, takesHeapSnapshot=true, pageLoadStrategy=normal, databaseEnabled=false, handlesAlerts=true, hasTouchScreen=false, version=61.0.3163.100, platform=XP, browserConnectionEnabled=false, nativeEvents=true, acceptSslCerts=true, locationContextEnabled=true, webStorageEnabled=true, browserName=chrome, takesScreenshot=true, javascriptEnabled=true, cssSelectorsEnabled=true, setWindowRect=true, unexpectedAlertBehaviour=}]
Session ID: 79448246aebc9a0fd968f229be4f998d
*** Element info: {Using=xpath, value=//button[count(. | //button[contains(.,'Import')]) = count(//button[contains(.,'Import')])][count(. | //*[@name = 'BIDEngagementInformation_pyWorkPage_38']) = count(//*[@name = 'BIDEngagementInformation_pyWorkPage_38'])][count(. | //*[contains(.,'Import')]) = count(//*[contains(.,'Import')])][count(. | //*[@type = 'button']) = count(//*[@type = 'button'])][count(. | //*[@class = 'COE_Plain pzhc pzbutton']) = count(//*[@class = 'COE_Plain pzhc pzbutton'])]})

2017-11-06 09:59:38 - [TEST_STEP][PASSED] - com.helper.commonfunct.utilities.login: com.helper.commonfunct.utilities.login is PASSED

2017-11-06 09:59:38 - [MESSAGE][WARNING] - A browser is already opened. Closing browser and opening a new one

2017-11-06 09:59:42 - [MESSAGE][PASSED] - Browser is opened with url: ''

2017-11-06 09:59:44 - [MESSAGE][PASSED] - Navigate to 'http://vtcpqa2:9685/tcpqa/PRServlet' successfully

2017-11-06 09:59:44 - [MESSAGE][PASSED] - Text 'pogoa@pegasystems.com' is set on object 'Object Repository/input_UserIdentifier'

2017-11-06 09:59:44 - [MESSAGE][PASSED] - Text 'install' is set on object 'Object Repository/input_Password'

2017-11-06 09:59:53 - [MESSAGE][PASSED] - Keys '' sent to object: 'Object Repository/input_Password'

2017-11-06 09:59:53 - [MESSAGE][PASSED] - com.helper.commonfunct.utilities.login is PASSED

2017-11-06 09:59:53 - [TEST_STEP][FAILED] - com.helper.commonfunct.utilities.createECR: Unable to click on object 'Object Repository/button_Import' (Root cause: org.openqa.selenium.WebDriverException: chrome not reachable
  (Session info: chrome=61.0.3163.100)
  (Driver info: chromedriver=2.31.488763 (092de99f48a300323ecf8c2a4e2e7cab51de5ba8),platform=Windows NT 10.0.15063 x86_64) (WARNING: The server did not provide any stacktrace information)
Command duration or timeout: 4.02 seconds
Build info: version: '2.53.0', revision: '35ae25b', time: '2016-03-15 17:00:58'
System info: host: 'L23017WIN', ip: '10.150.113.10', os.name: 'Windows 10', os.arch: 'x86', os.version: '10.0', java.version: '1.8.0_102'
Driver info: com.kms.katalon.selenium.driver.CChromeDriver
Capabilities [{applicationCacheEnabled=false, rotatable=false, mobileEmulationEnabled=false, networkConnectionEnabled=false, chrome={chromedriverVersion=2.31.488763 (092de99f48a300323ecf8c2a4e2e7cab51de5ba8), userDataDir=C:\Users\raycp\AppData\Local\Temp\scoped_dir8872_7337}, takesHeapSnapshot=true, pageLoadStrategy=normal, databaseEnabled=false, handlesAlerts=true, hasTouchScreen=false, version=61.0.3163.100, platform=XP, browserConnectionEnabled=false, nativeEvents=true, acceptSslCerts=true, locationContextEnabled=true, webStorageEnabled=true, browserName=chrome, takesScreenshot=true, javascriptEnabled=true, cssSelectorsEnabled=true, setWindowRect=true, unexpectedAlertBehaviour=}]
Session ID: 79448246aebc9a0fd968f229be4f998d
*** Element info: {Using=xpath, value=//button[count(. | //button[contains(.,'Import')]) = count(//button[contains(.,'Import')])][count(. | //*[@name = 'BIDEngagementInformation_pyWorkPage_38']) = count(//*[@name = 'BIDEngagementInformation_pyWorkPage_38'])][count(. | //*[contains(.,'Import')]) = count(//*[contains(.,'Import')])][count(. | //*[@type = 'button']) = count(//*[@type = 'button'])][count(. | //*[@class = 'COE_Plain pzhc pzbutton']) = count(//*[@class = 'COE_Plain pzhc pzbutton'])]})

2017-11-06 09:59:54 - [MESSAGE][PASSED] - Object: 'Object Repository/Generic/a_Actions' is clicked on

2017-11-06 09:59:55 - [MESSAGE][PASSED] - Object: 'Object Repository/span_New' is focused

2017-11-06 09:59:57 - [MESSAGE][PASSED] - Object: 'Object Repository/span_Bid Process' is clicked on

2017-11-06 09:59:58 - [MESSAGE][PASSED] - Object: 'Object Repository/ECR/BID_TYPE' is clicked on

2017-11-06 09:59:58 - [MESSAGE][PASSED] - Object 'Object Repository/button_Import' is present

2017-11-06 10:00:03 - [MESSAGE][PASSED] - Delayed 5 second(s)

2017-11-06 10:00:11 - [MESSAGE][WARNING] - Cannot take screenshot

2017-11-06 10:00:11 - [MESSAGE][FAILED] - Unable to click on object 'Object Repository/button_Import' (Root cause: org.openqa.selenium.WebDriverException: chrome not reachable
  (Session info: chrome=61.0.3163.100)
  (Driver info: chromedriver=2.31.488763 (092de99f48a300323ecf8c2a4e2e7cab51de5ba8),platform=Windows NT 10.0.15063 x86_64) (WARNING: The server did not provide any stacktrace information)
Command duration or timeout: 4.02 seconds
Build info: version: '2.53.0', revision: '35ae25b', time: '2016-03-15 17:00:58'
System info: host: 'L23017WIN', ip: '10.150.113.10', os.name: 'Windows 10', os.arch: 'x86', os.version: '10.0', java.version: '1.8.0_102'
Driver info: com.kms.katalon.selenium.driver.CChromeDriver
Capabilities [{applicationCacheEnabled=false, rotatable=false, mobileEmulationEnabled=false, networkConnectionEnabled=false, chrome={chromedriverVersion=2.31.488763 (092de99f48a300323ecf8c2a4e2e7cab51de5ba8), userDataDir=C:\Users\raycp\AppData\Local\Temp\scoped_dir8872_7337}, takesHeapSnapshot=true, pageLoadStrategy=normal, databaseEnabled=false, handlesAlerts=true, hasTouchScreen=false, version=61.0.3163.100, platform=XP, browserConnectionEnabled=false, nativeEvents=true, acceptSslCerts=true, locationContextEnabled=true, webStorageEnabled=true, browserName=chrome, takesScreenshot=true, javascriptEnabled=true, cssSelectorsEnabled=true, setWindowRect=true, unexpectedAlertBehaviour=}]
Session ID: 79448246aebc9a0fd968f229be4f998d
*** Element info: {Using=xpath, value=//button[count(. | //button[contains(.,'Import')]) = count(//button[contains(.,'Import')])][count(. | //*[@name = 'BIDEngagementInformation_pyWorkPage_38']) = count(//*[@name = 'BIDEngagementInformation_pyWorkPage_38'])][count(. | //*[contains(.,'Import')]) = count(//*[contains(.,'Import')])][count(. | //*[@type = 'button']) = count(//*[@type = 'button'])][count(. | //*[@class = 'COE_Plain pzhc pzbutton']) = count(//*[@class = 'COE_Plain pzhc pzbutton'])]})

2017-11-06 10:00:11 - [MESSAGE][FAILED] - Unable to click on object 'Object Repository/button_Import' (Root cause: org.openqa.selenium.WebDriverException: chrome not reachable
  (Session info: chrome=61.0.3163.100)
  (Driver info: chromedriver=2.31.488763 (092de99f48a300323ecf8c2a4e2e7cab51de5ba8),platform=Windows NT 10.0.15063 x86_64) (WARNING: The server did not provide any stacktrace information)
Command duration or timeout: 4.02 seconds
Build info: version: '2.53.0', revision: '35ae25b', time: '2016-03-15 17:00:58'
System info: host: 'L23017WIN', ip: '10.150.113.10', os.name: 'Windows 10', os.arch: 'x86', os.version: '10.0', java.version: '1.8.0_102'
Driver info: com.kms.katalon.selenium.driver.CChromeDriver
Capabilities [{applicationCacheEnabled=false, rotatable=false, mobileEmulationEnabled=false, networkConnectionEnabled=false, chrome={chromedriverVersion=2.31.488763 (092de99f48a300323ecf8c2a4e2e7cab51de5ba8), userDataDir=C:\Users\raycp\AppData\Local\Temp\scoped_dir8872_7337}, takesHeapSnapshot=true, pageLoadStrategy=normal, databaseEnabled=false, handlesAlerts=true, hasTouchScreen=false, version=61.0.3163.100, platform=XP, browserConnectionEnabled=false, nativeEvents=true, acceptSslCerts=true, locationContextEnabled=true, webStorageEnabled=true, browserName=chrome, takesScreenshot=true, javascriptEnabled=true, cssSelectorsEnabled=true, setWindowRect=true, unexpectedAlertBehaviour=}]
Session ID: 79448246aebc9a0fd968f229be4f998d
*** Element info: {Using=xpath, value=//button[count(. | //button[contains(.,'Import')]) = count(//button[contains(.,'Import')])][count(. | //*[@name = 'BIDEngagementInformation_pyWorkPage_38']) = count(//*[@name = 'BIDEngagementInformation_pyWorkPage_38'])][count(. | //*[contains(.,'Import')]) = count(//*[contains(.,'Import')])][count(. | //*[@type = 'button']) = count(//*[@type = 'button'])][count(. | //*[@class = 'COE_Plain pzhc pzbutton']) = count(//*[@class = 'COE_Plain pzhc pzbutton'])]})

2017-11-06 10:00:11 - [MESSAGE][FAILED] - Unable to call Test Case with id 'Test Cases/ECR/REF/ECR_Meeting_NoExpertService' (Root cause: Call Test Case 'Test Cases/ECR/REF/ECR_Meeting_NoExpertService' failed)]]></system-out>
         <system-err><![CDATA[2017-11-06 09:59:37 - [TEST_CASE][FAILED] - Test Cases/ECR/TC_ECR_Meeting_NoExpertService_AllReject: Test Cases/ECR/TC_ECR_Meeting_NoExpertService_AllReject FAILED because (of) Unable to click on object 'Object Repository/button_Import' (Root cause: org.openqa.selenium.WebDriverException: chrome not reachable
  (Session info: chrome=61.0.3163.100)
  (Driver info: chromedriver=2.31.488763 (092de99f48a300323ecf8c2a4e2e7cab51de5ba8),platform=Windows NT 10.0.15063 x86_64) (WARNING: The server did not provide any stacktrace information)
Command duration or timeout: 4.02 seconds
Build info: version: '2.53.0', revision: '35ae25b', time: '2016-03-15 17:00:58'
System info: host: 'L23017WIN', ip: '10.150.113.10', os.name: 'Windows 10', os.arch: 'x86', os.version: '10.0', java.version: '1.8.0_102'
Driver info: com.kms.katalon.selenium.driver.CChromeDriver
Capabilities [{applicationCacheEnabled=false, rotatable=false, mobileEmulationEnabled=false, networkConnectionEnabled=false, chrome={chromedriverVersion=2.31.488763 (092de99f48a300323ecf8c2a4e2e7cab51de5ba8), userDataDir=C:\Users\raycp\AppData\Local\Temp\scoped_dir8872_7337}, takesHeapSnapshot=true, pageLoadStrategy=normal, databaseEnabled=false, handlesAlerts=true, hasTouchScreen=false, version=61.0.3163.100, platform=XP, browserConnectionEnabled=false, nativeEvents=true, acceptSslCerts=true, locationContextEnabled=true, webStorageEnabled=true, browserName=chrome, takesScreenshot=true, javascriptEnabled=true, cssSelectorsEnabled=true, setWindowRect=true, unexpectedAlertBehaviour=}]
Session ID: 79448246aebc9a0fd968f229be4f998d
*** Element info: {Using=xpath, value=//button[count(. | //button[contains(.,'Import')]) = count(//button[contains(.,'Import')])][count(. | //*[@name = 'BIDEngagementInformation_pyWorkPage_38']) = count(//*[@name = 'BIDEngagementInformation_pyWorkPage_38'])][count(. | //*[contains(.,'Import')]) = count(//*[contains(.,'Import')])][count(. | //*[@type = 'button']) = count(//*[@type = 'button'])][count(. | //*[@class = 'COE_Plain pzhc pzbutton']) = count(//*[@class = 'COE_Plain pzhc pzbutton'])]})]]></system-err>
      </testcase>
      <testcase name="Test Cases/ECR/TC_ECR_NoMeeting_NoRoutingToRL_AllApproval" classname="Test Cases/ECR/TC_ECR_NoMeeting_NoRoutingToRL_AllApproval" status="ERROR">
         <error type="ERROR" message="Test Cases/ECR/TC_ECR_NoMeeting_NoRoutingToRL_AllApproval FAILED because (of) java.lang.IllegalArgumentException: Cannot find test case with id 'Test Cases/ECR/Create_ECRLite'"/>
         <system-out><![CDATA[2017-11-06 10:00:11 - [TEST_CASE][ERROR] - Test Cases/ECR/TC_ECR_NoMeeting_NoRoutingToRL_AllApproval: Test Cases/ECR/TC_ECR_NoMeeting_NoRoutingToRL_AllApproval FAILED because (of) java.lang.IllegalArgumentException: Cannot find test case with id 'Test Cases/ECR/Create_ECRLite'

2017-11-06 10:00:11 - [TEST_STEP][PASSED] - callTestCase: null]]></system-out>
         <system-err><![CDATA[2017-11-06 10:00:11 - [TEST_CASE][ERROR] - Test Cases/ECR/TC_ECR_NoMeeting_NoRoutingToRL_AllApproval: Test Cases/ECR/TC_ECR_NoMeeting_NoRoutingToRL_AllApproval FAILED because (of) java.lang.IllegalArgumentException: Cannot find test case with id 'Test Cases/ECR/Create_ECRLite']]></system-err>
      </testcase>
      <system-out><![CDATA[2017-11-06 09:51:42 - [TEST_SUITE][FAILED] - ECRLite: Test Cases/ECR/TC_ECRLite_NoExpertService_AllApproval FAILED because (of) Unable to click on object 'Object Repository/Generic/SUBMIT' (Root cause: org.openqa.selenium.WebDriverException: unknown error: Element <button data-test-id="201502260643470574523" data-ctl="Button" type="button" data-click="[[&quot;setUserStart&quot;,[&quot;FINISHASSIGNMENT&quot;]],[&quot;doFormSubmit&quot;,[&quot;pyActivity=FinishAssignment&quot;,&quot;:this&quot;,&quot;&quot;,&quot;:event&quot;]]]" title="Complete this assignment" class="COE_Strong pzhc">...</button> is not clickable at point (517, 734). Other element would receive the click: <div class="modal-align-cell">...</div>
  (Session info: chrome=61.0.3163.100)
  (Driver info: chromedriver=2.31.488763 (092de99f48a300323ecf8c2a4e2e7cab51de5ba8),platform=Windows NT 10.0.15063 x86_64) (WARNING: The server did not provide any stacktrace information)
Command duration or timeout: 59 milliseconds
Build info: version: '2.53.0', revision: '35ae25b', time: '2016-03-15 17:00:58'
System info: host: 'L23017WIN', ip: '10.150.113.10', os.name: 'Windows 10', os.arch: 'x86', os.version: '10.0', java.version: '1.8.0_102'
Driver info: com.kms.katalon.selenium.driver.CChromeDriver
Capabilities [{applicationCacheEnabled=false, rotatable=false, mobileEmulationEnabled=false, networkConnectionEnabled=false, chrome={chromedriverVersion=2.31.488763 (092de99f48a300323ecf8c2a4e2e7cab51de5ba8), userDataDir=C:\Users\raycp\AppData\Local\Temp\scoped_dir5668_11009}, takesHeapSnapshot=true, pageLoadStrategy=normal, databaseEnabled=false, handlesAlerts=true, hasTouchScreen=false, version=61.0.3163.100, platform=XP, browserConnectionEnabled=false, nativeEvents=true, acceptSslCerts=true, locationContextEnabled=true, webStorageEnabled=true, browserName=chrome, takesScreenshot=true, javascriptEnabled=true, cssSelectorsEnabled=true, setWindowRect=true, unexpectedAlertBehaviour=}]
Session ID: 0f39bca4273bff5e71e29373c4211d30)]]></system-out>
      <system-err><![CDATA[2017-11-06 09:51:42 - [TEST_SUITE][FAILED] - ECRLite: Test Cases/ECR/TC_ECRLite_NoExpertService_AllApproval FAILED because (of) Unable to click on object 'Object Repository/Generic/SUBMIT' (Root cause: org.openqa.selenium.WebDriverException: unknown error: Element <button data-test-id="201502260643470574523" data-ctl="Button" type="button" data-click="[[&quot;setUserStart&quot;,[&quot;FINISHASSIGNMENT&quot;]],[&quot;doFormSubmit&quot;,[&quot;pyActivity=FinishAssignment&quot;,&quot;:this&quot;,&quot;&quot;,&quot;:event&quot;]]]" title="Complete this assignment" class="COE_Strong pzhc">...</button> is not clickable at point (517, 734). Other element would receive the click: <div class="modal-align-cell">...</div>
  (Session info: chrome=61.0.3163.100)
  (Driver info: chromedriver=2.31.488763 (092de99f48a300323ecf8c2a4e2e7cab51de5ba8),platform=Windows NT 10.0.15063 x86_64) (WARNING: The server did not provide any stacktrace information)
Command duration or timeout: 59 milliseconds
Build info: version: '2.53.0', revision: '35ae25b', time: '2016-03-15 17:00:58'
System info: host: 'L23017WIN', ip: '10.150.113.10', os.name: 'Windows 10', os.arch: 'x86', os.version: '10.0', java.version: '1.8.0_102'
Driver info: com.kms.katalon.selenium.driver.CChromeDriver
Capabilities [{applicationCacheEnabled=false, rotatable=false, mobileEmulationEnabled=false, networkConnectionEnabled=false, chrome={chromedriverVersion=2.31.488763 (092de99f48a300323ecf8c2a4e2e7cab51de5ba8), userDataDir=C:\Users\raycp\AppData\Local\Temp\scoped_dir5668_11009}, takesHeapSnapshot=true, pageLoadStrategy=normal, databaseEnabled=false, handlesAlerts=true, hasTouchScreen=false, version=61.0.3163.100, platform=XP, browserConnectionEnabled=false, nativeEvents=true, acceptSslCerts=true, locationContextEnabled=true, webStorageEnabled=true, browserName=chrome, takesScreenshot=true, javascriptEnabled=true, cssSelectorsEnabled=true, setWindowRect=true, unexpectedAlertBehaviour=}]
Session ID: 0f39bca4273bff5e71e29373c4211d30)]]></system-err>
   </testsuite>
</testsuites>
