<?xml version="1.0" encoding="UTF-8"?>
<testsuites name="User Story" time="100" tests="1" failures="2" errors="0">
   <testsuite name="User Story" tests="1" failures="2" errors="0" time="100" timestamp="2017-11-06 18:23:58" hostname="raycp - L23017WIN.rpega.com" id="Test Suites/Pooja/User Story">
      <properties>
         <property name="deviceName" value=""/>
         <property name="devicePlatform" value=""/>
         <property name="logFolder" value="C:\\Users\\raycp\\Desktop\\COE\\Reports\\Pooja\\User Story\\20171106_182356"/>
         <property name="logFiles" value="C:\\Users\\raycp\\Desktop\\COE\\Reports\\Pooja\\User Story\\20171106_182356\\execution0.log"/>
         <property name="attachments" value="C:\\Users\\raycp\\Desktop\\COE\\Reports\\Pooja\\User Story\\20171106_182356\\1509972904363.png"/>
         <property name="hostName" value="raycp - L23017WIN.rpega.com"/>
         <property name="os" value="Windows 10 32bit"/>
         <property name="katalonVersion" value="4.8.0.2"/>
         <property name="browser" value="Chrome 61.0.3163.100"/>
         <property name="hostAddress" value="10.150.250.164"/>
         <property name="sessionId" value="3e426a59076e3f1f06874582a6b98849"/>
         <property name="seleniumVersion" value="2.53.0"/>
         <property name="proxyInformation" value="ProxyInformation{proxyOption=NO_PROXY, proxyServerType=HTTP, password=, proxyServerAddress=, proxyServerPort=0}"/>
         <property name="platform" value="Windows 10"/>
      </properties>
      <testcase name="Test Cases/Sprint-9/US-193833" classname="Test Cases/Sprint-9/US-193833" status="FAILED">
         <failure type="FAILED" message="Unable to click on object 'Object Repository/Methods_Pooja/Page_The Consulting Portal (TCP) (1)/a_1' (Root cause: com.kms.katalon.core.webui.exception.WebElementNotFoundException: Web element with id: 'Object Repository/Methods_Pooja/Page_The Consulting Portal (TCP) (1)/a_1' located by 'By.xpath: //a[count(. | //*[@href = 'javascript:void(0);']) = count(//*[@href = 'javascript:void(0);'])][count(. | //*[contains(.,'1')]) = count(//*[contains(.,'1')])]' not found)"/>
         <system-out><![CDATA[2017-11-06 18:23:58 - [TEST_CASE][FAILED] - Test Cases/Sprint-9/US-193833: Test Cases/Sprint-9/US-193833 FAILED because (of) Unable to click on object 'Object Repository/Methods_Pooja/Page_The Consulting Portal (TCP) (1)/a_1' (Root cause: com.kms.katalon.core.webui.exception.WebElementNotFoundException: Web element with id: 'Object Repository/Methods_Pooja/Page_The Consulting Portal (TCP) (1)/a_1' located by 'By.xpath: //a[count(. | //*[@href = 'javascript:void(0);']) = count(//*[@href = 'javascript:void(0);'])][count(. | //*[contains(.,'1')]) = count(//*[contains(.,'1')])]' not found)

2017-11-06 18:23:59 - [TEST_STEP][PASSED] - callTestCase: Call Test Case 'Test Cases/ECR/Login_Pooja' successfully

2017-11-06 18:23:59 - [TEST_CASE][PASSED] - Test Cases/ECR/Login_Pooja: Test Cases/ECR/Login_Pooja

2017-11-06 18:23:59 - [TEST_STEP][PASSED] - openBrowser: Browser is opened with url: ''

2017-11-06 18:24:02 - [MESSAGE][PASSED] - Browser is opened with url: ''

2017-11-06 18:24:02 - [TEST_STEP][PASSED] - navigateToUrl: Navigate to 'http://vtcpqa2:9685/tcpqa/PRServlet/beEBp4uRVTogorRwSwWqbOtn9IL2fwdI*/!STANDARD?pzPostData=2056462535' successfully

2017-11-06 18:24:04 - [MESSAGE][PASSED] - Navigate to 'http://vtcpqa2:9685/tcpqa/PRServlet/beEBp4uRVTogorRwSwWqbOtn9IL2fwdI*/!STANDARD?pzPostData=2056462535' successfully

2017-11-06 18:24:04 - [TEST_STEP][PASSED] - setText: Text 'ellia@pegasystems.com' is set on object 'Object Repository/Methods_Pooja/Page_Pega 7/input_UserIdentifier'

2017-11-06 18:24:04 - [MESSAGE][PASSED] - Text 'ellia@pegasystems.com' is set on object 'Object Repository/Methods_Pooja/Page_Pega 7/input_UserIdentifier'

2017-11-06 18:24:04 - [TEST_STEP][PASSED] - setText: Text 'install' is set on object 'Object Repository/Methods_Pooja/Page_Pega 7/input_Password'

2017-11-06 18:24:04 - [MESSAGE][PASSED] - Text 'install' is set on object 'Object Repository/Methods_Pooja/Page_Pega 7/input_Password'

2017-11-06 18:24:04 - [TEST_STEP][PASSED] - click: Object: 'Object Repository/Methods_Pooja/Page_Pega 7/button_pyActivityCode-Security' is clicked on

2017-11-06 18:24:24 - [MESSAGE][PASSED] - Object: 'Object Repository/Methods_Pooja/Page_Pega 7/button_pyActivityCode-Security' is clicked on

2017-11-06 18:24:24 - [TEST_STEP][PASSED] - maximizeWindow: Current window maximized

2017-11-06 18:24:25 - [MESSAGE][PASSED] - Current window maximized

2017-11-06 18:24:25 - [MESSAGE][PASSED] - Call Test Case 'Test Cases/ECR/Login_Pooja' successfully

2017-11-06 18:24:25 - [TEST_STEP][FAILED] - callTestCase: Unable to call Test Case with id 'Test Cases/Sprint-9/Find Quote WO' (Root cause: Call Test Case 'Test Cases/Sprint-9/Find Quote WO' failed)

2017-11-06 18:24:25 - [TEST_CASE][FAILED] - Test Cases/Sprint-9/Find Quote WO: Test Cases/Sprint-9/Find Quote WO FAILED because (of) Unable to click on object 'Object Repository/Methods_Pooja/Page_The Consulting Portal (TCP) (1)/a_1' (Root cause: com.kms.katalon.core.webui.exception.WebElementNotFoundException: Web element with id: 'Object Repository/Methods_Pooja/Page_The Consulting Portal (TCP) (1)/a_1' located by 'By.xpath: //a[count(. | //*[@href = 'javascript:void(0);']) = count(//*[@href = 'javascript:void(0);'])][count(. | //*[contains(.,'1')]) = count(//*[contains(.,'1')])]' not found)

2017-11-06 18:24:26 - [TEST_STEP][PASSED] - click: Object: 'Object Repository/Methods_Pooja/Page_The Consulting Portal (TCP) (1)/span_Advanced Search (1)' is clicked on

2017-11-06 18:24:28 - [MESSAGE][PASSED] - Object: 'Object Repository/Methods_Pooja/Page_The Consulting Portal (TCP) (1)/span_Advanced Search (1)' is clicked on

2017-11-06 18:24:28 - [TEST_STEP][PASSED] - selectOptionByValue: All options with value 'Clinic Request' are selected in object 'Object Repository/Methods_Pooja/Page_The Consulting Portal (TCP) (1)/select_PpyWorkPagepSrchCaseTyp'  using regular expression

2017-11-06 18:24:29 - [MESSAGE][PASSED] - All options with value 'Clinic Request' are selected in object 'Object Repository/Methods_Pooja/Page_The Consulting Portal (TCP) (1)/select_PpyWorkPagepSrchCaseTyp'  using regular expression

2017-11-06 18:24:29 - [TEST_STEP][PASSED] - selectOptionByValue: All options with value 'Pending-Clinic' are selected in object 'Object Repository/Methods_Pooja/Page_The Consulting Portal (TCP) (1)/select_PpyWorkPagepSrchStatus'  using regular expression

2017-11-06 18:24:30 - [MESSAGE][PASSED] - All options with value 'Pending-Clinic' are selected in object 'Object Repository/Methods_Pooja/Page_The Consulting Portal (TCP) (1)/select_PpyWorkPagepSrchStatus'  using regular expression

2017-11-06 18:24:30 - [TEST_STEP][PASSED] - click: Object: 'Object Repository/Methods_Pooja/Page_The Consulting Portal (TCP) (1)/img_inactvIcon icnHvr' is clicked on

2017-11-06 18:24:30 - [MESSAGE][PASSED] - Object: 'Object Repository/Methods_Pooja/Page_The Consulting Portal (TCP) (1)/img_inactvIcon icnHvr' is clicked on

2017-11-06 18:24:30 - [TEST_STEP][FAILED] - click: Unable to click on object 'Object Repository/Methods_Pooja/Page_The Consulting Portal (TCP) (1)/a_1' (Root cause: com.kms.katalon.core.webui.exception.WebElementNotFoundException: Web element with id: 'Object Repository/Methods_Pooja/Page_The Consulting Portal (TCP) (1)/a_1' located by 'By.xpath: //a[count(. | //*[@href = 'javascript:void(0);']) = count(//*[@href = 'javascript:void(0);'])][count(. | //*[contains(.,'1')]) = count(//*[contains(.,'1')])]' not found)

2017-11-06 18:25:04 - [MESSAGE][FAILED] - Unable to click on object 'Object Repository/Methods_Pooja/Page_The Consulting Portal (TCP) (1)/a_1' (Root cause: com.kms.katalon.core.webui.exception.WebElementNotFoundException: Web element with id: 'Object Repository/Methods_Pooja/Page_The Consulting Portal (TCP) (1)/a_1' located by 'By.xpath: //a[count(. | //*[@href = 'javascript:void(0);']) = count(//*[@href = 'javascript:void(0);'])][count(. | //*[contains(.,'1')]) = count(//*[contains(.,'1')])]' not found)
[[ATTACHMENT|C:\\Users\\raycp\\Desktop\\COE\\Reports\\Pooja\\User Story\\20171106_182356\\1509972904363.png]]

2017-11-06 18:25:04 - [MESSAGE][FAILED] - Unable to call Test Case with id 'Test Cases/Sprint-9/Find Quote WO' (Root cause: Call Test Case 'Test Cases/Sprint-9/Find Quote WO' failed)]]></system-out>
         <system-err><![CDATA[2017-11-06 18:23:58 - [TEST_CASE][FAILED] - Test Cases/Sprint-9/US-193833: Test Cases/Sprint-9/US-193833 FAILED because (of) Unable to click on object 'Object Repository/Methods_Pooja/Page_The Consulting Portal (TCP) (1)/a_1' (Root cause: com.kms.katalon.core.webui.exception.WebElementNotFoundException: Web element with id: 'Object Repository/Methods_Pooja/Page_The Consulting Portal (TCP) (1)/a_1' located by 'By.xpath: //a[count(. | //*[@href = 'javascript:void(0);']) = count(//*[@href = 'javascript:void(0);'])][count(. | //*[contains(.,'1')]) = count(//*[contains(.,'1')])]' not found)]]></system-err>
      </testcase>
      <testcase name="Test Cases/Sprint-9/Find Quote WO" classname="Test Cases/Sprint-9/Find Quote WO" status="PASSED">
         <system-out><![CDATA[2017-11-06 18:25:04 - [TEST_CASE][PASSED] - Test Cases/Sprint-9/Find Quote WO: Test Cases/Sprint-9/Find Quote WO

2017-11-06 18:25:04 - [TEST_STEP][PASSED] - click: Object: 'Object Repository/Methods_Pooja/Page_The Consulting Portal (TCP) (1)/span_Advanced Search (1)' is clicked on

2017-11-06 18:25:04 - [MESSAGE][PASSED] - Object: 'Object Repository/Methods_Pooja/Page_The Consulting Portal (TCP) (1)/span_Advanced Search (1)' is clicked on

2017-11-06 18:25:04 - [TEST_STEP][PASSED] - selectOptionByValue: All options with value 'Clinic Request' are selected in object 'Object Repository/Methods_Pooja/Page_The Consulting Portal (TCP) (1)/select_PpyWorkPagepSrchCaseTyp'  using regular expression

2017-11-06 18:25:05 - [MESSAGE][PASSED] - All options with value 'Clinic Request' are selected in object 'Object Repository/Methods_Pooja/Page_The Consulting Portal (TCP) (1)/select_PpyWorkPagepSrchCaseTyp'  using regular expression

2017-11-06 18:25:05 - [TEST_STEP][PASSED] - selectOptionByValue: All options with value 'Pending-Clinic' are selected in object 'Object Repository/Methods_Pooja/Page_The Consulting Portal (TCP) (1)/select_PpyWorkPagepSrchStatus'  using regular expression

2017-11-06 18:25:05 - [MESSAGE][PASSED] - All options with value 'Pending-Clinic' are selected in object 'Object Repository/Methods_Pooja/Page_The Consulting Portal (TCP) (1)/select_PpyWorkPagepSrchStatus'  using regular expression

2017-11-06 18:25:05 - [TEST_STEP][PASSED] - click: Object: 'Object Repository/Methods_Pooja/Page_The Consulting Portal (TCP) (1)/img_inactvIcon icnHvr' is clicked on

2017-11-06 18:25:06 - [MESSAGE][PASSED] - Object: 'Object Repository/Methods_Pooja/Page_The Consulting Portal (TCP) (1)/img_inactvIcon icnHvr' is clicked on

2017-11-06 18:25:06 - [TEST_STEP][PASSED] - click: Object: 'Object Repository/Methods_Pooja/Page_The Consulting Portal (TCP) (1)/a_1' is clicked on

2017-11-06 18:25:06 - [MESSAGE][PASSED] - Object: 'Object Repository/Methods_Pooja/Page_The Consulting Portal (TCP) (1)/a_1' is clicked on

2017-11-06 18:25:06 - [TEST_STEP][PASSED] - click: Object: 'Object Repository/Methods_Pooja/Page_The Consulting Portal (TCP) (1)/button_Search' is clicked on

2017-11-06 18:25:06 - [MESSAGE][PASSED] - Object: 'Object Repository/Methods_Pooja/Page_The Consulting Portal (TCP) (1)/button_Search' is clicked on

2017-11-06 18:25:06 - [TEST_STEP][PASSED] - doubleClick: Object: 'Object Repository/Methods_Pooja/Page_The Consulting Portal (TCP) (1)/div_ECR-03Nov2017-1 (2)' is double clicked on

2017-11-06 18:25:12 - [MESSAGE][PASSED] - Object: 'Object Repository/Methods_Pooja/Page_The Consulting Portal (TCP) (1)/div_ECR-03Nov2017-1 (2)' is double clicked on]]></system-out>
         <system-err><![CDATA[]]></system-err>
      </testcase>
      <testcase name="Test Cases/Sprint-9/OpenWO" classname="Test Cases/Sprint-9/OpenWO" status="FAILED">
         <failure type="FAILED" message="Unable to click on object 'Object Repository/Methods_Pooja/Page_The Consulting Portal (TCP) (2)/button_Other actions' (Root cause: java.lang.NullPointerException)"/>
         <system-out><![CDATA[2017-11-06 18:25:12 - [TEST_CASE][FAILED] - Test Cases/Sprint-9/OpenWO: Test Cases/Sprint-9/OpenWO FAILED because (of) Unable to click on object 'Object Repository/Methods_Pooja/Page_The Consulting Portal (TCP) (2)/button_Other actions' (Root cause: java.lang.NullPointerException)

2017-11-06 18:25:12 - [TEST_STEP][PASSED] - doubleClick: Object: 'Object Repository/Methods_Pooja/Page_The Consulting Portal (TCP) (2)/div_ECR-03Nov2017-1 (1)' is double clicked on

2017-11-06 18:25:13 - [MESSAGE][PASSED] - Object: 'Object Repository/Methods_Pooja/Page_The Consulting Portal (TCP) (2)/div_ECR-03Nov2017-1 (1)' is double clicked on

2017-11-06 18:25:20 - [TEST_STEP][PASSED] - click: Object: 'Object Repository/Methods_Pooja/Page_The Consulting Portal (TCP) (2)/a_Hold clinic meeting and prov' is clicked on

2017-11-06 18:25:22 - [MESSAGE][PASSED] - Object: 'Object Repository/Methods_Pooja/Page_The Consulting Portal (TCP) (2)/a_Hold clinic meeting and prov' is clicked on

2017-11-06 18:25:22 - [TEST_STEP][FAILED] - click: Unable to click on object 'Object Repository/Methods_Pooja/Page_The Consulting Portal (TCP) (2)/button_Other actions' (Root cause: java.lang.NullPointerException)

2017-11-06 18:25:37 - [MESSAGE][WARNING] - Switching to default content failed because of: org.openqa.selenium.WebDriverException: chrome not reachable
  (Session info: chrome=61.0.3163.100)
  (Driver info: chromedriver=2.31.488763 (092de99f48a300323ecf8c2a4e2e7cab51de5ba8),platform=Windows NT 10.0.15063 x86_64) (WARNING: The server did not provide any stacktrace information)
Command duration or timeout: 2.02 seconds
Build info: version: '2.53.0', revision: '35ae25b', time: '2016-03-15 17:00:58'
System info: host: 'L23017WIN', ip: '10.150.250.164', os.name: 'Windows 10', os.arch: 'x86', os.version: '10.0', java.version: '1.8.0_102'
Driver info: com.kms.katalon.selenium.driver.CChromeDriver
Capabilities [{applicationCacheEnabled=false, rotatable=false, mobileEmulationEnabled=false, networkConnectionEnabled=false, chrome={chromedriverVersion=2.31.488763 (092de99f48a300323ecf8c2a4e2e7cab51de5ba8), userDataDir=C:\Users\raycp\AppData\Local\Temp\scoped_dir6768_24520}, takesHeapSnapshot=true, pageLoadStrategy=normal, databaseEnabled=false, handlesAlerts=true, hasTouchScreen=false, version=61.0.3163.100, platform=XP, browserConnectionEnabled=false, nativeEvents=true, acceptSslCerts=true, locationContextEnabled=true, webStorageEnabled=true, browserName=chrome, takesScreenshot=true, javascriptEnabled=true, cssSelectorsEnabled=true, setWindowRect=true, unexpectedAlertBehaviour=}]
Session ID: 3e426a59076e3f1f06874582a6b98849

2017-11-06 18:25:37 - [MESSAGE][WARNING] - Cannot take screenshot

2017-11-06 18:25:37 - [MESSAGE][FAILED] - Unable to click on object 'Object Repository/Methods_Pooja/Page_The Consulting Portal (TCP) (2)/button_Other actions' (Root cause: java.lang.NullPointerException)]]></system-out>
         <system-err><![CDATA[2017-11-06 18:25:12 - [TEST_CASE][FAILED] - Test Cases/Sprint-9/OpenWO: Test Cases/Sprint-9/OpenWO FAILED because (of) Unable to click on object 'Object Repository/Methods_Pooja/Page_The Consulting Portal (TCP) (2)/button_Other actions' (Root cause: java.lang.NullPointerException)]]></system-err>
      </testcase>
      <system-out><![CDATA[2017-11-06 18:23:58 - [TEST_SUITE][FAILED] - User Story: Test Cases/Sprint-9/US-193833 FAILED because (of) Unable to click on object 'Object Repository/Methods_Pooja/Page_The Consulting Portal (TCP) (1)/a_1' (Root cause: com.kms.katalon.core.webui.exception.WebElementNotFoundException: Web element with id: 'Object Repository/Methods_Pooja/Page_The Consulting Portal (TCP) (1)/a_1' located by 'By.xpath: //a[count(. | //*[@href = 'javascript:void(0);']) = count(//*[@href = 'javascript:void(0);'])][count(. | //*[contains(.,'1')]) = count(//*[contains(.,'1')])]' not found)]]></system-out>
      <system-err><![CDATA[2017-11-06 18:23:58 - [TEST_SUITE][FAILED] - User Story: Test Cases/Sprint-9/US-193833 FAILED because (of) Unable to click on object 'Object Repository/Methods_Pooja/Page_The Consulting Portal (TCP) (1)/a_1' (Root cause: com.kms.katalon.core.webui.exception.WebElementNotFoundException: Web element with id: 'Object Repository/Methods_Pooja/Page_The Consulting Portal (TCP) (1)/a_1' located by 'By.xpath: //a[count(. | //*[@href = 'javascript:void(0);']) = count(//*[@href = 'javascript:void(0);'])][count(. | //*[contains(.,'1')]) = count(//*[contains(.,'1')])]' not found)]]></system-err>
   </testsuite>
</testsuites>
